

================================================================
== Vivado HLS Report for 'myproject'
================================================================
* Date:           Sat Sep 17 03:45:30 2022

* Version:        2019.2 (Build 2704478 on Wed Nov 06 22:10:23 MST 2019)
* Project:        alveo_hls4ml
* Solution:       solution
* Product family: virtexuplus
* Target device:  xcu50-fsvh2104-2L-e


================================================================
== Performance Estimates
================================================================
+ Timing: 
    * Summary: 
    +--------+---------+----------+------------+
    |  Clock |  Target | Estimated| Uncertainty|
    +--------+---------+----------+------------+
    |ap_clk  | 4.00 ns | 3.098 ns |   0.90 ns  |
    +--------+---------+----------+------------+

+ Latency: 
    * Summary: 
    +---------+---------+----------+----------+--------+--------+----------+
    |  Latency (cycles) |  Latency (absolute) |     Interval    | Pipeline |
    |   min   |   max   |    min   |    max   |   min  |   max  |   Type   |
    +---------+---------+----------+----------+--------+--------+----------+
    |  1514034|  1514034| 6.056 ms | 6.056 ms |  590086|  590086| dataflow |
    +---------+---------+----------+----------+--------+--------+----------+

    + Detail: 
        * Instance: 
        +-----------------------------------------------------------------------+----------------------------------------------------------------------+---------+---------+-----------+-----------+--------+--------+----------+
        |                                                                       |                                                                      |  Latency (cycles) |   Latency (absolute)  |     Interval    | Pipeline |
        |                                Instance                               |                                Module                                |   min   |   max   |    min    |    max    |   min  |   max  |   Type   |
        +-----------------------------------------------------------------------+----------------------------------------------------------------------+---------+---------+-----------+-----------+--------+--------+----------+
        |dense_ss_ap_fixed_16_6_5_3_0_ap_fixed_16_6_5_3_0_config30_U0           |dense_ss_ap_fixed_16_6_5_3_0_ap_fixed_16_6_5_3_0_config30_s           |     4096|     4096| 16.384 us | 16.384 us |    4096|    4096|   none   |
        |dense_ss_ap_fixed_16_6_5_3_0_ap_fixed_16_6_5_3_0_config38_U0           |dense_ss_ap_fixed_16_6_5_3_0_ap_fixed_16_6_5_3_0_config38_s           |     7136|     7136| 28.544 us | 28.544 us |    7136|    7136|   none   |
        |pointwise_conv_1d_cl_ss_ap_fixed_128ul_ap_fixed_128ul_config118_U0     |pointwise_conv_1d_cl_ss_ap_fixed_128ul_ap_fixed_128ul_config118_s     |   137143|   137143|  0.549 ms |  0.549 ms |  137143|  137143|   none   |
        |dense_ss_ap_fixed_16_6_5_3_0_ap_fixed_16_6_5_3_0_config25_U0           |dense_ss_ap_fixed_16_6_5_3_0_ap_fixed_16_6_5_3_0_config25_s           |     2816|     2816| 11.264 us | 11.264 us |    2816|    2816|   none   |
        |conv_2d_cl_ss_ap_fixed_16_6_5_3_0_ap_fixed_16_6_5_3_0_config87_U0      |conv_2d_cl_ss_ap_fixed_16_6_5_3_0_ap_fixed_16_6_5_3_0_config87_s      |     6426|    70501| 25.704 us |  0.282 ms |    6426|   70501|   none   |
        |conv_2d_cl_ss_ap_fixed_16_6_5_3_0_ap_fixed_16_6_5_3_0_config81_U0      |conv_2d_cl_ss_ap_fixed_16_6_5_3_0_ap_fixed_16_6_5_3_0_config81_s      |     3226|    38501| 12.904 us |  0.154 ms |    3226|   38501|   none   |
        |conv_2d_cl_ss_ap_fixed_16_6_5_3_0_ap_fixed_16_6_5_3_0_config76_U0      |conv_2d_cl_ss_ap_fixed_16_6_5_3_0_ap_fixed_16_6_5_3_0_config76_s      |     9289|   101665| 37.156 us |  0.407 ms |    9289|  101665|   none   |
        |conv_2d_cl_ss_ap_fixed_16_6_5_3_0_ap_fixed_16_6_5_3_0_config69_U0      |conv_2d_cl_ss_ap_fixed_16_6_5_3_0_ap_fixed_16_6_5_3_0_config69_s      |     4681|    55585| 18.724 us |  0.222 ms |    4681|   55585|   none   |
        |conv_2d_cl_ss_ap_fixed_16_6_5_3_0_ap_fixed_16_6_5_3_0_config64_U0      |conv_2d_cl_ss_ap_fixed_16_6_5_3_0_ap_fixed_16_6_5_3_0_config64_s      |    15601|   169921| 62.404 us |  0.680 ms |   15601|  169921|   none   |
        |pointwise_conv_1d_cl_ss_ap_fixed_6ul_ap_fixed_128ul_config117_U0       |pointwise_conv_1d_cl_ss_ap_fixed_6ul_ap_fixed_128ul_config117_s       |    53638|    53638|  0.215 ms |  0.215 ms |   53638|   53638|   none   |
        |conv_2d_cl_ss_ap_fixed_16_6_5_3_0_ap_fixed_16_6_5_3_0_config57_U0      |conv_2d_cl_ss_ap_fixed_16_6_5_3_0_ap_fixed_16_6_5_3_0_config57_s      |     7921|    93121| 31.684 us |  0.372 ms |    7921|   93121|   none   |
        |dense_ss_ap_fixed_16_6_5_3_0_ap_fixed_16_6_5_3_0_config92_U0           |dense_ss_ap_fixed_16_6_5_3_0_ap_fixed_16_6_5_3_0_config92_s           |   590085|   590085|  2.360 ms |  2.360 ms |  590085|  590085|   none   |
        |dense_ss_ap_fixed_16_6_5_3_0_ap_fixed_16_6_5_3_0_config96_U0           |dense_ss_ap_fixed_16_6_5_3_0_ap_fixed_16_6_5_3_0_config96_s           |    65797|    65797|  0.263 ms |  0.263 ms |   65797|   65797|   none   |
        |dense_ss_ap_fixed_16_6_5_3_0_ap_fixed_16_6_5_3_0_config16_U0           |dense_ss_ap_fixed_16_6_5_3_0_ap_fixed_16_6_5_3_0_config16_s           |     4101|     4101| 16.404 us | 16.404 us |    4101|    4101|   none   |
        |conv_2d_cl_ss_ap_fixed_16_6_5_3_0_ap_fixed_16_6_5_3_0_config52_U0      |conv_2d_cl_ss_ap_fixed_16_6_5_3_0_ap_fixed_16_6_5_3_0_config52_s      |    28711|   309721|  0.115 ms |  1.239 ms |   28711|  309721|   none   |
        |pooling_ss_ap_fixed_16_6_5_3_0_ap_fixed_16_6_5_3_0_config80_U0         |pooling_ss_ap_fixed_16_6_5_3_0_ap_fixed_16_6_5_3_0_config80_s         |   151704|   151704|  0.607 ms |  0.607 ms |  151704|  151704|   none   |
        |conv_2d_cl_ss_ap_fixed_16_6_5_3_0_ap_fixed_16_6_5_3_0_config45_U0      |conv_2d_cl_ss_ap_fixed_16_6_5_3_0_ap_fixed_16_6_5_3_0_config45_s      |    14791|   170521| 59.164 us |  0.682 ms |   14791|  170521|   none   |
        |pointwise_conv_1d_cl_ss_ap_fixed_1ul_ap_fixed_128ul_config119_U0       |pointwise_conv_1d_cl_ss_ap_fixed_1ul_ap_fixed_128ul_config119_s       |    14878|    14878| 59.512 us | 59.512 us |   14878|   14878|   none   |
        |dense_ss_ap_fixed_16_6_5_3_0_ap_fixed_16_6_5_3_0_config14_U0           |dense_ss_ap_fixed_16_6_5_3_0_ap_fixed_16_6_5_3_0_config14_s           |    16517|    16517| 66.068 us | 66.068 us |   16517|   16517|   none   |
        |dense_ss_ap_fixed_16_6_5_3_0_ap_fixed_16_6_5_3_0_config20_U0           |dense_ss_ap_fixed_16_6_5_3_0_ap_fixed_16_6_5_3_0_config20_s           |    16517|    16517| 66.068 us | 66.068 us |   16517|   16517|   none   |
        |pooling_ss_ap_fixed_16_6_5_3_0_ap_fixed_16_6_5_3_0_config68_U0         |pooling_ss_ap_fixed_16_6_5_3_0_ap_fixed_16_6_5_3_0_config68_s         |    11719|    11719| 46.876 us | 46.876 us |   11719|   11719|   none   |
        |conv_2d_cl_ss_ap_fixed_16_6_5_3_0_ap_fixed_16_6_5_3_0_config36_U0      |conv_2d_cl_ss_ap_fixed_16_6_5_3_0_ap_fixed_16_6_5_3_0_config36_s      |    21241|   442501| 84.964 us |  1.770 ms |   21241|  442501|   none   |
        |pooling_ss_ap_fixed_16_6_5_3_0_ap_fixed_16_6_5_3_0_config56_U0         |pooling_ss_ap_fixed_16_6_5_3_0_ap_fixed_16_6_5_3_0_config56_s         |    24333|    24333| 97.332 us | 97.332 us |   24333|   24333|   none   |
        |normalize_ss_ap_fixed_16_6_5_3_0_ap_fixed_16_6_5_3_0_config33_U0       |normalize_ss_ap_fixed_16_6_5_3_0_ap_fixed_16_6_5_3_0_config33_s       |     1028|     1028|  4.112 us |  4.112 us |    1028|    1028|   none   |
        |normalize_ss_ap_fixed_16_6_5_3_0_ap_fixed_16_6_5_3_0_config27_U0       |normalize_ss_ap_fixed_16_6_5_3_0_ap_fixed_16_6_5_3_0_config27_s       |      516|      516|  2.064 us |  2.064 us |     516|     516|   none   |
        |normalize_ss_ap_fixed_16_6_5_3_0_ap_fixed_16_6_5_3_0_config83_U0       |normalize_ss_ap_fixed_16_6_5_3_0_ap_fixed_16_6_5_3_0_config83_s       |     2308|     2308|  9.232 us |  9.232 us |    2308|    2308|   none   |
        |normalize_ss_ap_fixed_16_6_5_3_0_ap_fixed_16_6_5_3_0_config89_U0       |normalize_ss_ap_fixed_16_6_5_3_0_ap_fixed_16_6_5_3_0_config89_s       |     2308|     2308|  9.232 us |  9.232 us |    2308|    2308|   none   |
        |normalize_ss_ap_fixed_16_6_5_3_0_ap_fixed_16_6_5_3_0_config19_U0       |normalize_ss_ap_fixed_16_6_5_3_0_ap_fixed_16_6_5_3_0_config19_s       |      260|      260|  1.040 us |  1.040 us |     260|     260|   none   |
        |normalize_ss_ap_fixed_16_6_5_3_0_ap_fixed_16_6_5_3_0_config94_U0       |normalize_ss_ap_fixed_16_6_5_3_0_ap_fixed_16_6_5_3_0_config94_s       |      260|      260|  1.040 us |  1.040 us |     260|     260|   none   |
        |normalize_ss_ap_fixed_16_6_5_3_0_ap_fixed_16_6_5_3_0_config98_U0       |normalize_ss_ap_fixed_16_6_5_3_0_ap_fixed_16_6_5_3_0_config98_s       |      260|      260|  1.040 us |  1.040 us |     260|     260|   none   |
        |normalize_ss_ap_fixed_16_6_5_3_0_ap_fixed_16_6_5_3_0_config72_U0       |normalize_ss_ap_fixed_16_6_5_3_0_ap_fixed_16_6_5_3_0_config72_s       |     5380|     5380| 21.520 us | 21.520 us |    5380|    5380|   none   |
        |normalize_ss_ap_fixed_16_6_5_3_0_ap_fixed_16_6_5_3_0_config78_U0       |normalize_ss_ap_fixed_16_6_5_3_0_ap_fixed_16_6_5_3_0_config78_s       |     5380|     5380| 21.520 us | 21.520 us |    5380|    5380|   none   |
        |normalize_ss_ap_fixed_16_6_5_3_0_ap_fixed_16_6_5_3_0_config60_U0       |normalize_ss_ap_fixed_16_6_5_3_0_ap_fixed_16_6_5_3_0_config60_s       |    11652|    11652| 46.608 us | 46.608 us |   11652|   11652|   none   |
        |normalize_ss_ap_fixed_16_6_5_3_0_ap_fixed_16_6_5_3_0_config66_U0       |normalize_ss_ap_fixed_16_6_5_3_0_ap_fixed_16_6_5_3_0_config66_s       |    11652|    11652| 46.608 us | 46.608 us |   11652|   11652|   none   |
        |normalize_ss_ap_fixed_16_6_5_3_0_ap_fixed_16_6_5_3_0_config48_U0       |normalize_ss_ap_fixed_16_6_5_3_0_ap_fixed_16_6_5_3_0_config48_s       |    24196|    24196| 96.784 us | 96.784 us |   24196|   24196|   none   |
        |normalize_ss_ap_fixed_16_6_5_3_0_ap_fixed_16_6_5_3_0_config54_U0       |normalize_ss_ap_fixed_16_6_5_3_0_ap_fixed_16_6_5_3_0_config54_s       |    24196|    24196| 96.784 us | 96.784 us |   24196|   24196|   none   |
        |normalize_ss_ap_fixed_16_6_5_3_0_ap_fixed_16_6_5_3_0_config40_U0       |normalize_ss_ap_fixed_16_6_5_3_0_ap_fixed_16_6_5_3_0_config40_s       |    49284|    49284|  0.197 ms |  0.197 ms |   49284|   49284|   none   |
        |normalize_ss_ap_fixed_16_6_5_3_0_ap_fixed_16_6_5_3_0_config34_U0       |normalize_ss_ap_fixed_16_6_5_3_0_ap_fixed_16_6_5_3_0_config34_s       |    12324|    12324| 49.296 us | 49.296 us |   12324|   12324|   none   |
        |pooling_ss_ap_fixed_16_6_5_3_0_ap_fixed_16_6_5_3_0_config44_U0         |pooling_ss_ap_fixed_16_6_5_3_0_ap_fixed_16_6_5_3_0_config44_s         |    49561|    49561|  0.198 ms |  0.198 ms |   49561|   49561|   none   |
        |resize_nearest_ss_ap_fixed_16_6_5_3_0_config32_U0                      |resize_nearest_ss_ap_fixed_16_6_5_3_0_config32_s                      |    12322|    12322| 49.288 us | 49.288 us |   12322|   12322|   none   |
        |film_ss_ap_fixed_256ul_ap_fixed_512ul_ap_fixed_16_6_5_3_0_config85_U0  |film_ss_ap_fixed_256ul_ap_fixed_512ul_ap_fixed_16_6_5_3_0_config85_s  |     2823|     2823| 11.292 us | 11.292 us |    2823|    2823|   none   |
        |film_ss_ap_fixed_128ul_ap_fixed_256ul_ap_fixed_16_6_5_3_0_config74_U0  |film_ss_ap_fixed_128ul_ap_fixed_256ul_ap_fixed_16_6_5_3_0_config74_s  |     5639|     5639| 22.556 us | 22.556 us |    5639|    5639|   none   |
        |film_ss_ap_fixed_64ul_ap_fixed_128ul_ap_fixed_16_6_5_3_0_config62_U0   |film_ss_ap_fixed_64ul_ap_fixed_128ul_ap_fixed_16_6_5_3_0_config62_s   |    11783|    11783| 47.132 us | 47.132 us |   11783|   11783|   none   |
        |film_ss_ap_fixed_32ul_ap_fixed_64ul_ap_fixed_16_6_5_3_0_config50_U0    |film_ss_ap_fixed_32ul_ap_fixed_64ul_ap_fixed_16_6_5_3_0_config50_s    |    24263|    24263| 97.052 us | 97.052 us |   24263|   24263|   none   |
        |film_ss_ap_fixed_16ul_ap_fixed_32ul_ap_fixed_16_6_5_3_0_config42_U0    |film_ss_ap_fixed_16ul_ap_fixed_32ul_ap_fixed_16_6_5_3_0_config42_s    |    49319|    49319|  0.197 ms |  0.197 ms |   49319|   49319|   none   |
        |sum1d_ss_ap_fixed_128ul_ap_fixed_16_6_5_3_0_128ul_config12_U0          |sum1d_ss_ap_fixed_128ul_ap_fixed_16_6_5_3_0_128ul_config12_s          |     7559|     7559| 30.236 us | 30.236 us |    7559|    7559|   none   |
        |dense_ss_ap_fixed_16_6_5_3_0_ap_fixed_16_6_5_3_0_config100_U0          |dense_ss_ap_fixed_16_6_5_3_0_ap_fixed_16_6_5_3_0_config100_s          |      262|      262|  1.048 us |  1.048 us |     262|     262|   none   |
        |zeropad2d_cl_ss_ap_fixed_16_6_5_3_0_ap_fixed_16_6_5_3_0_config108_U0   |zeropad2d_cl_ss_ap_fixed_16_6_5_3_0_ap_fixed_16_6_5_3_0_config108_s   |    14395|    14395| 57.580 us | 57.580 us |   14395|   14395|   none   |
        |concatenate1d_ss_ap_fixed_ap_fixed_ap_fixed_16_6_5_3_0_config24_U0     |concatenate1d_ss_ap_fixed_ap_fixed_ap_fixed_16_6_5_3_0_config24_s     |      774|      774|  3.096 us |  3.096 us |     774|     774|   none   |
        |leaky_relu_ss_ap_fixed_ap_fixed_16_6_5_3_0_LeakyReLU_config43_900_U0   |leaky_relu_ss_ap_fixed_ap_fixed_16_6_5_3_0_LeakyReLU_config43_900     |    49285|    49285|  0.197 ms |  0.197 ms |   49285|   49285|   none   |
        |leaky_relu_ss_ap_fixed_ap_fixed_16_6_5_3_0_LeakyReLU_config51_901_U0   |leaky_relu_ss_ap_fixed_ap_fixed_16_6_5_3_0_LeakyReLU_config51_901     |    24197|    24197| 96.788 us | 96.788 us |   24197|   24197|   none   |
        |leaky_relu_ss_ap_fixed_ap_fixed_16_6_5_3_0_LeakyReLU_config55_902_U0   |leaky_relu_ss_ap_fixed_ap_fixed_16_6_5_3_0_LeakyReLU_config55_902     |    24197|    24197| 96.788 us | 96.788 us |   24197|   24197|   none   |
        |leaky_relu_ss_ap_fixed_ap_fixed_16_6_5_3_0_LeakyReLU_config63_903_U0   |leaky_relu_ss_ap_fixed_ap_fixed_16_6_5_3_0_LeakyReLU_config63_903     |    11653|    11653| 46.612 us | 46.612 us |   11653|   11653|   none   |
        |leaky_relu_ss_ap_fixed_ap_fixed_16_6_5_3_0_LeakyReLU_config67_904_U0   |leaky_relu_ss_ap_fixed_ap_fixed_16_6_5_3_0_LeakyReLU_config67_904     |    11653|    11653| 46.612 us | 46.612 us |   11653|   11653|   none   |
        |leaky_relu_ss_ap_fixed_ap_fixed_16_6_5_3_0_LeakyReLU_config4_893_U0    |leaky_relu_ss_ap_fixed_ap_fixed_16_6_5_3_0_LeakyReLU_config4_893      |     7301|     7301| 29.204 us | 29.204 us |    7301|    7301|   none   |
        |leaky_relu_ss_ap_fixed_ap_fixed_16_6_5_3_0_LeakyReLU_config10_894_U0   |leaky_relu_ss_ap_fixed_ap_fixed_16_6_5_3_0_LeakyReLU_config10_894     |     7301|     7301| 29.204 us | 29.204 us |    7301|    7301|   none   |
        |leaky_relu_ss_ap_fixed_ap_fixed_16_6_5_3_0_LeakyReLU_config75_905_U0   |leaky_relu_ss_ap_fixed_ap_fixed_16_6_5_3_0_LeakyReLU_config75_905     |     5381|     5381| 21.524 us | 21.524 us |    5381|    5381|   none   |
        |leaky_relu_ss_ap_fixed_ap_fixed_16_6_5_3_0_LeakyReLU_config79_906_U0   |leaky_relu_ss_ap_fixed_ap_fixed_16_6_5_3_0_LeakyReLU_config79_906     |     5381|     5381| 21.524 us | 21.524 us |    5381|    5381|   none   |
        |leaky_relu_ss_ap_fixed_ap_fixed_16_6_5_3_0_LeakyReLU_config86_907_U0   |leaky_relu_ss_ap_fixed_ap_fixed_16_6_5_3_0_LeakyReLU_config86_907     |     2309|     2309|  9.236 us |  9.236 us |    2309|    2309|   none   |
        |leaky_relu_ss_ap_fixed_ap_fixed_16_6_5_3_0_LeakyReLU_config90_908_U0   |leaky_relu_ss_ap_fixed_ap_fixed_16_6_5_3_0_LeakyReLU_config90_908     |     2309|     2309|  9.236 us |  9.236 us |    2309|    2309|   none   |
        |leaky_relu_ss_ap_fixed_ap_fixed_16_6_5_3_0_LeakyReLU_config35_899_U0   |leaky_relu_ss_ap_fixed_ap_fixed_16_6_5_3_0_LeakyReLU_config35_899     |     1029|     1029|  4.116 us |  4.116 us |    1029|    1029|   none   |
        |leaky_relu_ss_ap_fixed_ap_fixed_16_6_5_3_0_LeakyReLU_config28_898_U0   |leaky_relu_ss_ap_fixed_ap_fixed_16_6_5_3_0_LeakyReLU_config28_898     |      517|      517|  2.068 us |  2.068 us |     517|     517|   none   |
        |multiply_ss_ap_fixed_ap_fixed_ap_fixed_16_6_5_3_0_config11_U0          |multiply_ss_ap_fixed_ap_fixed_ap_fixed_16_6_5_3_0_config11_s          |     7301|     7301| 29.204 us | 29.204 us |    7301|    7301|   none   |
        |leaky_relu_ss_ap_fixed_ap_fixed_16_6_5_3_0_LeakyReLU_config22_896_U0   |leaky_relu_ss_ap_fixed_ap_fixed_16_6_5_3_0_LeakyReLU_config22_896     |      261|      261|  1.044 us |  1.044 us |     261|     261|   none   |
        |leaky_relu_ss_ap_fixed_ap_fixed_16_6_5_3_0_LeakyReLU_config95_909_U0   |leaky_relu_ss_ap_fixed_ap_fixed_16_6_5_3_0_LeakyReLU_config95_909     |      261|      261|  1.044 us |  1.044 us |     261|     261|   none   |
        |leaky_relu_ss_ap_fixed_ap_fixed_16_6_5_3_0_LeakyReLU_config99_910_U0   |leaky_relu_ss_ap_fixed_ap_fixed_16_6_5_3_0_LeakyReLU_config99_910     |      261|      261|  1.044 us |  1.044 us |     261|     261|   none   |
        |zeropad2d_cl_ss_ap_fixed_16_6_5_3_0_ap_fixed_16_6_5_3_0_config109_U0   |zeropad2d_cl_ss_ap_fixed_16_6_5_3_0_ap_fixed_16_6_5_3_0_config109_s   |    13923|    13923| 55.692 us | 55.692 us |   13923|   13923|   none   |
        |zeropad2d_cl_ss_ap_fixed_16_6_5_3_0_ap_fixed_16_6_5_3_0_config110_U0   |zeropad2d_cl_ss_ap_fixed_16_6_5_3_0_ap_fixed_16_6_5_3_0_config110_s   |    27843|    27843|  0.111 ms |  0.111 ms |   27843|   27843|   none   |
        |leaky_relu_ss_ap_fixed_ap_fixed_16_6_5_3_0_LeakyReLU_config18_895_U0   |leaky_relu_ss_ap_fixed_ap_fixed_16_6_5_3_0_LeakyReLU_config18_895     |      133|      133|  0.532 us |  0.532 us |     133|     133|   none   |
        |leaky_relu_ss_ap_fixed_ap_fixed_16_6_5_3_0_LeakyReLU_config23_897_U0   |leaky_relu_ss_ap_fixed_ap_fixed_16_6_5_3_0_LeakyReLU_config23_897     |      133|      133|  0.532 us |  0.532 us |     133|     133|   none   |
        |zeropad2d_cl_ss_ap_fixed_16_6_5_3_0_ap_fixed_16_6_5_3_0_config111_U0   |zeropad2d_cl_ss_ap_fixed_16_6_5_3_0_ap_fixed_16_6_5_3_0_config111_s   |     7683|     7683| 30.732 us | 30.732 us |    7683|    7683|   none   |
        |zeropad2d_cl_ss_ap_fixed_16_6_5_3_0_ap_fixed_16_6_5_3_0_config112_U0   |zeropad2d_cl_ss_ap_fixed_16_6_5_3_0_ap_fixed_16_6_5_3_0_config112_s   |    15363|    15363| 61.452 us | 61.452 us |   15363|   15363|   none   |
        |zeropad2d_cl_ss_ap_fixed_16_6_5_3_0_ap_fixed_16_6_5_3_0_config113_U0   |zeropad2d_cl_ss_ap_fixed_16_6_5_3_0_ap_fixed_16_6_5_3_0_config113_s   |     4611|     4611| 18.444 us | 18.444 us |    4611|    4611|   none   |
        |zeropad2d_cl_ss_ap_fixed_16_6_5_3_0_ap_fixed_16_6_5_3_0_config114_U0   |zeropad2d_cl_ss_ap_fixed_16_6_5_3_0_ap_fixed_16_6_5_3_0_config114_s   |     9219|     9219| 36.876 us | 36.876 us |    9219|    9219|   none   |
        |zeropad2d_cl_ss_ap_fixed_16_6_5_3_0_ap_fixed_16_6_5_3_0_config115_U0   |zeropad2d_cl_ss_ap_fixed_16_6_5_3_0_ap_fixed_16_6_5_3_0_config115_s   |     3203|     3203| 12.812 us | 12.812 us |    3203|    3203|   none   |
        |zeropad2d_cl_ss_ap_fixed_16_6_5_3_0_ap_fixed_16_6_5_3_0_config116_U0   |zeropad2d_cl_ss_ap_fixed_16_6_5_3_0_ap_fixed_16_6_5_3_0_config116_s   |     6403|     6403| 25.612 us | 25.612 us |    6403|    6403|   none   |
        |mask_track_ss_ap_fixed_16_6_5_3_0_ap_fixed_16_6_5_3_0_config5_U0       |mask_track_ss_ap_fixed_16_6_5_3_0_ap_fixed_16_6_5_3_0_config5_s       |      345|      345|  1.380 us |  1.380 us |     345|     345|   none   |
        |slice_tensor1d_ss_ap_fixed_16_6_5_3_0_ap_fixed_16_6_5_3_0_config41_U0  |slice_tensor1d_ss_ap_fixed_16_6_5_3_0_ap_fixed_16_6_5_3_0_config41_s  |      994|      994|  3.976 us |  3.976 us |     994|     994|   none   |
        |slice_tensor1d_ss_ap_fixed_16_6_5_3_0_ap_fixed_16_6_5_3_0_config47_U0  |slice_tensor1d_ss_ap_fixed_16_6_5_3_0_ap_fixed_16_6_5_3_0_config47_s  |      994|      994|  3.976 us |  3.976 us |     994|     994|   none   |
        |slice_tensor1d_ss_ap_fixed_16_6_5_3_0_ap_fixed_16_6_5_3_0_config49_U0  |slice_tensor1d_ss_ap_fixed_16_6_5_3_0_ap_fixed_16_6_5_3_0_config49_s  |      962|      962|  3.848 us |  3.848 us |     962|     962|   none   |
        |slice_tensor1d_ss_ap_fixed_16_6_5_3_0_ap_fixed_16_6_5_3_0_config59_U0  |slice_tensor1d_ss_ap_fixed_16_6_5_3_0_ap_fixed_16_6_5_3_0_config59_s  |      962|      962|  3.848 us |  3.848 us |     962|     962|   none   |
        |slice_tensor1d_ss_ap_fixed_16_6_5_3_0_ap_fixed_16_6_5_3_0_config61_U0  |slice_tensor1d_ss_ap_fixed_16_6_5_3_0_ap_fixed_16_6_5_3_0_config61_s  |      898|      898|  3.592 us |  3.592 us |     898|     898|   none   |
        |slice_tensor1d_ss_ap_fixed_16_6_5_3_0_ap_fixed_16_6_5_3_0_config71_U0  |slice_tensor1d_ss_ap_fixed_16_6_5_3_0_ap_fixed_16_6_5_3_0_config71_s  |      898|      898|  3.592 us |  3.592 us |     898|     898|   none   |
        |slice_tensor1d_ss_ap_fixed_16_6_5_3_0_ap_fixed_16_6_5_3_0_config73_U0  |slice_tensor1d_ss_ap_fixed_16_6_5_3_0_ap_fixed_16_6_5_3_0_config73_s  |      770|      770|  3.080 us |  3.080 us |     770|     770|   none   |
        |slice_tensor1d_ss_ap_fixed_16_6_5_3_0_ap_fixed_16_6_5_3_0_config84_U0  |slice_tensor1d_ss_ap_fixed_16_6_5_3_0_ap_fixed_16_6_5_3_0_config84_s  |      770|      770|  3.080 us |  3.080 us |     770|     770|   none   |
        |clone_stream_ss_ap_fixed_16_6_5_3_0_ap_fixed_16_6_5_3_0_992_U0         |clone_stream_ss_ap_fixed_16_6_5_3_0_ap_fixed_16_6_5_3_0_992_s         |      994|      994|  3.976 us |  3.976 us |     994|     994|   none   |
        |clone_stream_ss_ap_fixed_16_6_5_3_0_ap_fixed_16_6_5_3_0_960_U0         |clone_stream_ss_ap_fixed_16_6_5_3_0_ap_fixed_16_6_5_3_0_960_s         |      962|      962|  3.848 us |  3.848 us |     962|     962|   none   |
        |clone_stream_ss_ap_fixed_16_6_5_3_0_ap_fixed_16_6_5_3_0_896_U0         |clone_stream_ss_ap_fixed_16_6_5_3_0_ap_fixed_16_6_5_3_0_896_s         |      898|      898|  3.592 us |  3.592 us |     898|     898|   none   |
        |clone_stream_ss_ap_fixed_16_6_5_3_0_ap_fixed_16_6_5_3_0_768_U0         |clone_stream_ss_ap_fixed_16_6_5_3_0_ap_fixed_16_6_5_3_0_768_s         |      770|      770|  3.080 us |  3.080 us |     770|     770|   none   |
        |relu_ss_ap_fixed_16_6_5_3_0_ap_fixed_16_6_5_3_0_relu_config102_U0      |relu_ss_ap_fixed_16_6_5_3_0_ap_fixed_16_6_5_3_0_relu_config102_s      |        1|        1|  4.000 ns |  4.000 ns |       1|       1| function |
        |clone_stream_ss_ap_fixed_16_6_5_3_0_ap_fixed_16_6_5_3_0_342_U0         |clone_stream_ss_ap_fixed_16_6_5_3_0_ap_fixed_16_6_5_3_0_342_s         |      344|      344|  1.376 us |  1.376 us |     344|     344|   none   |
        +-----------------------------------------------------------------------+----------------------------------------------------------------------+---------+---------+-----------+-----------+--------+--------+----------+

        * Loop: 
        N/A



================================================================
== Utilization Estimates
================================================================
* Summary: 
+---------------------+---------+-------+---------+--------+-----+
|         Name        | BRAM_18K| DSP48E|    FF   |   LUT  | URAM|
+---------------------+---------+-------+---------+--------+-----+
|DSP                  |        -|      -|        -|       -|    -|
|Expression           |        -|      -|        0|      35|    -|
|FIFO                 |       67|      -|     2534|    4747|    -|
|Instance             |     2993|   3550|   590887|  595209|    0|
|Memory               |        -|      -|        -|       -|    -|
|Multiplexer          |        -|      -|        -|      54|    -|
|Register             |        -|      -|        9|       -|    -|
+---------------------+---------+-------+---------+--------+-----+
|Total                |     3060|   3550|   593430|  600045|    0|
+---------------------+---------+-------+---------+--------+-----+
|Available SLR        |     1344|   2976|   871680|  435840|  320|
+---------------------+---------+-------+---------+--------+-----+
|Utilization SLR (%)  |      227|    119|       68|     137|    0|
+---------------------+---------+-------+---------+--------+-----+
|Available            |     2688|   5952|  1743360|  871680|  640|
+---------------------+---------+-------+---------+--------+-----+
|Utilization (%)      |      113|     59|       34|      68|    0|
+---------------------+---------+-------+---------+--------+-----+

+ Detail: 
    * Instance: 
    +-----------------------------------------------------------------------+----------------------------------------------------------------------+---------+-------+--------+--------+-----+
    |                                Instance                               |                                Module                                | BRAM_18K| DSP48E|   FF   |   LUT  | URAM|
    +-----------------------------------------------------------------------+----------------------------------------------------------------------+---------+-------+--------+--------+-----+
    |clone_stream_ss_ap_fixed_16_6_5_3_0_ap_fixed_16_6_5_3_0_342_U0         |clone_stream_ss_ap_fixed_16_6_5_3_0_ap_fixed_16_6_5_3_0_342_s         |        0|      0|      17|     122|    0|
    |clone_stream_ss_ap_fixed_16_6_5_3_0_ap_fixed_16_6_5_3_0_768_U0         |clone_stream_ss_ap_fixed_16_6_5_3_0_ap_fixed_16_6_5_3_0_768_s         |        0|      0|      18|     123|    0|
    |clone_stream_ss_ap_fixed_16_6_5_3_0_ap_fixed_16_6_5_3_0_896_U0         |clone_stream_ss_ap_fixed_16_6_5_3_0_ap_fixed_16_6_5_3_0_896_s         |        0|      0|      18|     123|    0|
    |clone_stream_ss_ap_fixed_16_6_5_3_0_ap_fixed_16_6_5_3_0_960_U0         |clone_stream_ss_ap_fixed_16_6_5_3_0_ap_fixed_16_6_5_3_0_960_s         |        0|      0|      18|     123|    0|
    |clone_stream_ss_ap_fixed_16_6_5_3_0_ap_fixed_16_6_5_3_0_992_U0         |clone_stream_ss_ap_fixed_16_6_5_3_0_ap_fixed_16_6_5_3_0_992_s         |        0|      0|      18|     123|    0|
    |concatenate1d_ss_ap_fixed_ap_fixed_ap_fixed_16_6_5_3_0_config24_U0     |concatenate1d_ss_ap_fixed_ap_fixed_ap_fixed_16_6_5_3_0_config24_s     |        1|      0|      61|     294|    0|
    |conv_2d_cl_ss_ap_fixed_16_6_5_3_0_ap_fixed_16_6_5_3_0_config36_U0      |conv_2d_cl_ss_ap_fixed_16_6_5_3_0_ap_fixed_16_6_5_3_0_config36_s      |        3|     16|    4978|    9979|    0|
    |conv_2d_cl_ss_ap_fixed_16_6_5_3_0_ap_fixed_16_6_5_3_0_config45_U0      |conv_2d_cl_ss_ap_fixed_16_6_5_3_0_ap_fixed_16_6_5_3_0_config45_s      |        6|     31|    7865|   11773|    0|
    |conv_2d_cl_ss_ap_fixed_16_6_5_3_0_ap_fixed_16_6_5_3_0_config52_U0      |conv_2d_cl_ss_ap_fixed_16_6_5_3_0_ap_fixed_16_6_5_3_0_config52_s      |        6|     31|   14811|   16473|    0|
    |conv_2d_cl_ss_ap_fixed_16_6_5_3_0_ap_fixed_16_6_5_3_0_config57_U0      |conv_2d_cl_ss_ap_fixed_16_6_5_3_0_ap_fixed_16_6_5_3_0_config57_s      |       11|     63|   15351|   17549|    0|
    |conv_2d_cl_ss_ap_fixed_16_6_5_3_0_ap_fixed_16_6_5_3_0_config64_U0      |conv_2d_cl_ss_ap_fixed_16_6_5_3_0_ap_fixed_16_6_5_3_0_config64_s      |       22|     63|   29211|   19757|    0|
    |conv_2d_cl_ss_ap_fixed_16_6_5_3_0_ap_fixed_16_6_5_3_0_config69_U0      |conv_2d_cl_ss_ap_fixed_16_6_5_3_0_ap_fixed_16_6_5_3_0_config69_s      |       43|    127|   30297|   21900|    0|
    |conv_2d_cl_ss_ap_fixed_16_6_5_3_0_ap_fixed_16_6_5_3_0_config76_U0      |conv_2d_cl_ss_ap_fixed_16_6_5_3_0_ap_fixed_16_6_5_3_0_config76_s      |       65|    127|   58013|   26340|    0|
    |conv_2d_cl_ss_ap_fixed_16_6_5_3_0_ap_fixed_16_6_5_3_0_config81_U0      |conv_2d_cl_ss_ap_fixed_16_6_5_3_0_ap_fixed_16_6_5_3_0_config81_s      |      129|    255|   60185|   30643|    0|
    |conv_2d_cl_ss_ap_fixed_16_6_5_3_0_ap_fixed_16_6_5_3_0_config87_U0      |conv_2d_cl_ss_ap_fixed_16_6_5_3_0_ap_fixed_16_6_5_3_0_config87_s      |      215|    255|  115612|   39343|    0|
    |dense_ss_ap_fixed_16_6_5_3_0_ap_fixed_16_6_5_3_0_config100_U0          |dense_ss_ap_fixed_16_6_5_3_0_ap_fixed_16_6_5_3_0_config100_s          |        1|      1|     150|     182|    0|
    |dense_ss_ap_fixed_16_6_5_3_0_ap_fixed_16_6_5_3_0_config14_U0           |dense_ss_ap_fixed_16_6_5_3_0_ap_fixed_16_6_5_3_0_config14_s           |       57|      1|    6446|    5911|    0|
    |dense_ss_ap_fixed_16_6_5_3_0_ap_fixed_16_6_5_3_0_config16_U0           |dense_ss_ap_fixed_16_6_5_3_0_ap_fixed_16_6_5_3_0_config16_s           |      114|      1|   12837|   11561|    0|
    |dense_ss_ap_fixed_16_6_5_3_0_ap_fixed_16_6_5_3_0_config20_U0           |dense_ss_ap_fixed_16_6_5_3_0_ap_fixed_16_6_5_3_0_config20_s           |       57|      1|    6446|    5911|    0|
    |dense_ss_ap_fixed_16_6_5_3_0_ap_fixed_16_6_5_3_0_config25_U0           |dense_ss_ap_fixed_16_6_5_3_0_ap_fixed_16_6_5_3_0_config25_s           |      228|    512|   33818|   21865|    0|
    |dense_ss_ap_fixed_16_6_5_3_0_ap_fixed_16_6_5_3_0_config30_U0           |dense_ss_ap_fixed_16_6_5_3_0_ap_fixed_16_6_5_3_0_config30_s           |      455|   1024|   67612|   39274|    0|
    |dense_ss_ap_fixed_16_6_5_3_0_ap_fixed_16_6_5_3_0_config38_U0           |dense_ss_ap_fixed_16_6_5_3_0_ap_fixed_16_6_5_3_0_config38_s           |      882|    992|   65502|   38187|    0|
    |dense_ss_ap_fixed_16_6_5_3_0_ap_fixed_16_6_5_3_0_config92_U0           |dense_ss_ap_fixed_16_6_5_3_0_ap_fixed_16_6_5_3_0_config92_s           |      570|      1|   12852|   11571|    0|
    |dense_ss_ap_fixed_16_6_5_3_0_ap_fixed_16_6_5_3_0_config96_U0           |dense_ss_ap_fixed_16_6_5_3_0_ap_fixed_16_6_5_3_0_config96_s           |      114|      1|   12847|   11568|    0|
    |film_ss_ap_fixed_128ul_ap_fixed_256ul_ap_fixed_16_6_5_3_0_config74_U0  |film_ss_ap_fixed_128ul_ap_fixed_256ul_ap_fixed_16_6_5_3_0_config74_s  |        1|      1|     135|     317|    0|
    |film_ss_ap_fixed_16ul_ap_fixed_32ul_ap_fixed_16_6_5_3_0_config42_U0    |film_ss_ap_fixed_16ul_ap_fixed_32ul_ap_fixed_16_6_5_3_0_config42_s    |        0|      1|     155|     313|    0|
    |film_ss_ap_fixed_256ul_ap_fixed_512ul_ap_fixed_16_6_5_3_0_config85_U0  |film_ss_ap_fixed_256ul_ap_fixed_512ul_ap_fixed_16_6_5_3_0_config85_s  |        1|      1|     139|     320|    0|
    |film_ss_ap_fixed_32ul_ap_fixed_64ul_ap_fixed_16_6_5_3_0_config50_U0    |film_ss_ap_fixed_32ul_ap_fixed_64ul_ap_fixed_16_6_5_3_0_config50_s    |        1|      1|     127|     307|    0|
    |film_ss_ap_fixed_64ul_ap_fixed_128ul_ap_fixed_16_6_5_3_0_config62_U0   |film_ss_ap_fixed_64ul_ap_fixed_128ul_ap_fixed_16_6_5_3_0_config62_s   |        1|      1|     131|     312|    0|
    |leaky_relu_ss_ap_fixed_ap_fixed_16_6_5_3_0_LeakyReLU_config10_894_U0   |leaky_relu_ss_ap_fixed_ap_fixed_16_6_5_3_0_LeakyReLU_config10_894     |        0|      1|     167|     206|    0|
    |leaky_relu_ss_ap_fixed_ap_fixed_16_6_5_3_0_LeakyReLU_config18_895_U0   |leaky_relu_ss_ap_fixed_ap_fixed_16_6_5_3_0_LeakyReLU_config18_895     |        0|      1|     163|     210|    0|
    |leaky_relu_ss_ap_fixed_ap_fixed_16_6_5_3_0_LeakyReLU_config22_896_U0   |leaky_relu_ss_ap_fixed_ap_fixed_16_6_5_3_0_LeakyReLU_config22_896     |        0|      1|     164|     211|    0|
    |leaky_relu_ss_ap_fixed_ap_fixed_16_6_5_3_0_LeakyReLU_config23_897_U0   |leaky_relu_ss_ap_fixed_ap_fixed_16_6_5_3_0_LeakyReLU_config23_897     |        0|      1|     162|     201|    0|
    |leaky_relu_ss_ap_fixed_ap_fixed_16_6_5_3_0_LeakyReLU_config28_898_U0   |leaky_relu_ss_ap_fixed_ap_fixed_16_6_5_3_0_LeakyReLU_config28_898     |        0|      1|     165|     212|    0|
    |leaky_relu_ss_ap_fixed_ap_fixed_16_6_5_3_0_LeakyReLU_config35_899_U0   |leaky_relu_ss_ap_fixed_ap_fixed_16_6_5_3_0_LeakyReLU_config35_899     |        0|      1|     166|     213|    0|
    |leaky_relu_ss_ap_fixed_ap_fixed_16_6_5_3_0_LeakyReLU_config43_900_U0   |leaky_relu_ss_ap_fixed_ap_fixed_16_6_5_3_0_LeakyReLU_config43_900     |        0|      1|     171|     218|    0|
    |leaky_relu_ss_ap_fixed_ap_fixed_16_6_5_3_0_LeakyReLU_config4_893_U0    |leaky_relu_ss_ap_fixed_ap_fixed_16_6_5_3_0_LeakyReLU_config4_893      |        0|      1|     168|     215|    0|
    |leaky_relu_ss_ap_fixed_ap_fixed_16_6_5_3_0_LeakyReLU_config51_901_U0   |leaky_relu_ss_ap_fixed_ap_fixed_16_6_5_3_0_LeakyReLU_config51_901     |        0|      1|     170|     217|    0|
    |leaky_relu_ss_ap_fixed_ap_fixed_16_6_5_3_0_LeakyReLU_config55_902_U0   |leaky_relu_ss_ap_fixed_ap_fixed_16_6_5_3_0_LeakyReLU_config55_902     |        0|      1|     170|     217|    0|
    |leaky_relu_ss_ap_fixed_ap_fixed_16_6_5_3_0_LeakyReLU_config63_903_U0   |leaky_relu_ss_ap_fixed_ap_fixed_16_6_5_3_0_LeakyReLU_config63_903     |        0|      1|     169|     216|    0|
    |leaky_relu_ss_ap_fixed_ap_fixed_16_6_5_3_0_LeakyReLU_config67_904_U0   |leaky_relu_ss_ap_fixed_ap_fixed_16_6_5_3_0_LeakyReLU_config67_904     |        0|      1|     169|     216|    0|
    |leaky_relu_ss_ap_fixed_ap_fixed_16_6_5_3_0_LeakyReLU_config75_905_U0   |leaky_relu_ss_ap_fixed_ap_fixed_16_6_5_3_0_LeakyReLU_config75_905     |        0|      1|     168|     215|    0|
    |leaky_relu_ss_ap_fixed_ap_fixed_16_6_5_3_0_LeakyReLU_config79_906_U0   |leaky_relu_ss_ap_fixed_ap_fixed_16_6_5_3_0_LeakyReLU_config79_906     |        0|      1|     168|     215|    0|
    |leaky_relu_ss_ap_fixed_ap_fixed_16_6_5_3_0_LeakyReLU_config86_907_U0   |leaky_relu_ss_ap_fixed_ap_fixed_16_6_5_3_0_LeakyReLU_config86_907     |        0|      1|     167|     214|    0|
    |leaky_relu_ss_ap_fixed_ap_fixed_16_6_5_3_0_LeakyReLU_config90_908_U0   |leaky_relu_ss_ap_fixed_ap_fixed_16_6_5_3_0_LeakyReLU_config90_908     |        0|      1|     167|     214|    0|
    |leaky_relu_ss_ap_fixed_ap_fixed_16_6_5_3_0_LeakyReLU_config95_909_U0   |leaky_relu_ss_ap_fixed_ap_fixed_16_6_5_3_0_LeakyReLU_config95_909     |        0|      1|     164|     211|    0|
    |leaky_relu_ss_ap_fixed_ap_fixed_16_6_5_3_0_LeakyReLU_config99_910_U0   |leaky_relu_ss_ap_fixed_ap_fixed_16_6_5_3_0_LeakyReLU_config99_910     |        0|      1|     164|     211|    0|
    |mask_track_ss_ap_fixed_16_6_5_3_0_ap_fixed_16_6_5_3_0_config5_U0       |mask_track_ss_ap_fixed_16_6_5_3_0_ap_fixed_16_6_5_3_0_config5_s       |        0|      0|      42|     162|    0|
    |multiply_ss_ap_fixed_ap_fixed_ap_fixed_16_6_5_3_0_config11_U0          |multiply_ss_ap_fixed_ap_fixed_ap_fixed_16_6_5_3_0_config11_s          |        0|      1|      88|     163|    0|
    |normalize_ss_ap_fixed_16_6_5_3_0_ap_fixed_16_6_5_3_0_config19_U0       |normalize_ss_ap_fixed_16_6_5_3_0_ap_fixed_16_6_5_3_0_config19_s       |        0|      1|     147|    2905|    0|
    |normalize_ss_ap_fixed_16_6_5_3_0_ap_fixed_16_6_5_3_0_config27_U0       |normalize_ss_ap_fixed_16_6_5_3_0_ap_fixed_16_6_5_3_0_config27_s       |        0|      1|     215|    2938|    0|
    |normalize_ss_ap_fixed_16_6_5_3_0_ap_fixed_16_6_5_3_0_config33_U0       |normalize_ss_ap_fixed_16_6_5_3_0_ap_fixed_16_6_5_3_0_config33_s       |        0|      1|     217|    2939|    0|
    |normalize_ss_ap_fixed_16_6_5_3_0_ap_fixed_16_6_5_3_0_config34_U0       |normalize_ss_ap_fixed_16_6_5_3_0_ap_fixed_16_6_5_3_0_config34_s       |        0|      1|     124|    2910|    0|
    |normalize_ss_ap_fixed_16_6_5_3_0_ap_fixed_16_6_5_3_0_config40_U0       |normalize_ss_ap_fixed_16_6_5_3_0_ap_fixed_16_6_5_3_0_config40_s       |        0|      1|     130|    2912|    0|
    |normalize_ss_ap_fixed_16_6_5_3_0_ap_fixed_16_6_5_3_0_config48_U0       |normalize_ss_ap_fixed_16_6_5_3_0_ap_fixed_16_6_5_3_0_config48_s       |        0|      1|     200|    2943|    0|
    |normalize_ss_ap_fixed_16_6_5_3_0_ap_fixed_16_6_5_3_0_config54_U0       |normalize_ss_ap_fixed_16_6_5_3_0_ap_fixed_16_6_5_3_0_config54_s       |        0|      1|     200|    2943|    0|
    |normalize_ss_ap_fixed_16_6_5_3_0_ap_fixed_16_6_5_3_0_config60_U0       |normalize_ss_ap_fixed_16_6_5_3_0_ap_fixed_16_6_5_3_0_config60_s       |        0|      1|     199|    2933|    0|
    |normalize_ss_ap_fixed_16_6_5_3_0_ap_fixed_16_6_5_3_0_config66_U0       |normalize_ss_ap_fixed_16_6_5_3_0_ap_fixed_16_6_5_3_0_config66_s       |        0|      1|     200|    2942|    0|
    |normalize_ss_ap_fixed_16_6_5_3_0_ap_fixed_16_6_5_3_0_config72_U0       |normalize_ss_ap_fixed_16_6_5_3_0_ap_fixed_16_6_5_3_0_config72_s       |        0|      1|     148|    2900|    0|
    |normalize_ss_ap_fixed_16_6_5_3_0_ap_fixed_16_6_5_3_0_config78_U0       |normalize_ss_ap_fixed_16_6_5_3_0_ap_fixed_16_6_5_3_0_config78_s       |        0|      1|     149|    2909|    0|
    |normalize_ss_ap_fixed_16_6_5_3_0_ap_fixed_16_6_5_3_0_config83_U0       |normalize_ss_ap_fixed_16_6_5_3_0_ap_fixed_16_6_5_3_0_config83_s       |        0|      1|     149|    2899|    0|
    |normalize_ss_ap_fixed_16_6_5_3_0_ap_fixed_16_6_5_3_0_config89_U0       |normalize_ss_ap_fixed_16_6_5_3_0_ap_fixed_16_6_5_3_0_config89_s       |        0|      1|     150|    2908|    0|
    |normalize_ss_ap_fixed_16_6_5_3_0_ap_fixed_16_6_5_3_0_config94_U0       |normalize_ss_ap_fixed_16_6_5_3_0_ap_fixed_16_6_5_3_0_config94_s       |        0|      1|     147|    2905|    0|
    |normalize_ss_ap_fixed_16_6_5_3_0_ap_fixed_16_6_5_3_0_config98_U0       |normalize_ss_ap_fixed_16_6_5_3_0_ap_fixed_16_6_5_3_0_config98_s       |        0|      1|     147|    2905|    0|
    |pointwise_conv_1d_cl_ss_ap_fixed_128ul_ap_fixed_128ul_config118_U0     |pointwise_conv_1d_cl_ss_ap_fixed_128ul_ap_fixed_128ul_config118_s     |        0|      8|    9471|  139471|    0|
    |pointwise_conv_1d_cl_ss_ap_fixed_1ul_ap_fixed_128ul_config119_U0       |pointwise_conv_1d_cl_ss_ap_fixed_1ul_ap_fixed_128ul_config119_s       |        0|      0|    2124|    6025|    0|
    |pointwise_conv_1d_cl_ss_ap_fixed_6ul_ap_fixed_128ul_config117_U0       |pointwise_conv_1d_cl_ss_ap_fixed_6ul_ap_fixed_128ul_config117_s       |        0|      1|    2694|   19979|    0|
    |pooling_ss_ap_fixed_16_6_5_3_0_ap_fixed_16_6_5_3_0_config44_U0         |pooling_ss_ap_fixed_16_6_5_3_0_ap_fixed_16_6_5_3_0_config44_s         |        2|      0|     897|    1921|    0|
    |pooling_ss_ap_fixed_16_6_5_3_0_ap_fixed_16_6_5_3_0_config56_U0         |pooling_ss_ap_fixed_16_6_5_3_0_ap_fixed_16_6_5_3_0_config56_s         |        2|      0|    1693|    3363|    0|
    |pooling_ss_ap_fixed_16_6_5_3_0_ap_fixed_16_6_5_3_0_config68_U0         |pooling_ss_ap_fixed_16_6_5_3_0_ap_fixed_16_6_5_3_0_config68_s         |        2|      0|    3289|    6194|    0|
    |pooling_ss_ap_fixed_16_6_5_3_0_ap_fixed_16_6_5_3_0_config80_U0         |pooling_ss_ap_fixed_16_6_5_3_0_ap_fixed_16_6_5_3_0_config80_s         |        3|      0|    4390|   12642|    0|
    |relu_ss_ap_fixed_16_6_5_3_0_ap_fixed_16_6_5_3_0_relu_config102_U0      |relu_ss_ap_fixed_16_6_5_3_0_ap_fixed_16_6_5_3_0_relu_config102_s      |        0|      0|      18|      61|    0|
    |resize_nearest_ss_ap_fixed_16_6_5_3_0_config32_U0                      |resize_nearest_ss_ap_fixed_16_6_5_3_0_config32_s                      |        0|      0|     815|    1220|    0|
    |slice_tensor1d_ss_ap_fixed_16_6_5_3_0_ap_fixed_16_6_5_3_0_config41_U0  |slice_tensor1d_ss_ap_fixed_16_6_5_3_0_ap_fixed_16_6_5_3_0_config41_s  |        0|      0|      17|     116|    0|
    |slice_tensor1d_ss_ap_fixed_16_6_5_3_0_ap_fixed_16_6_5_3_0_config47_U0  |slice_tensor1d_ss_ap_fixed_16_6_5_3_0_ap_fixed_16_6_5_3_0_config47_s  |        0|      0|      18|     125|    0|
    |slice_tensor1d_ss_ap_fixed_16_6_5_3_0_ap_fixed_16_6_5_3_0_config49_U0  |slice_tensor1d_ss_ap_fixed_16_6_5_3_0_ap_fixed_16_6_5_3_0_config49_s  |        0|      0|      17|     114|    0|
    |slice_tensor1d_ss_ap_fixed_16_6_5_3_0_ap_fixed_16_6_5_3_0_config59_U0  |slice_tensor1d_ss_ap_fixed_16_6_5_3_0_ap_fixed_16_6_5_3_0_config59_s  |        0|      0|      18|     123|    0|
    |slice_tensor1d_ss_ap_fixed_16_6_5_3_0_ap_fixed_16_6_5_3_0_config61_U0  |slice_tensor1d_ss_ap_fixed_16_6_5_3_0_ap_fixed_16_6_5_3_0_config61_s  |        0|      0|      18|     123|    0|
    |slice_tensor1d_ss_ap_fixed_16_6_5_3_0_ap_fixed_16_6_5_3_0_config71_U0  |slice_tensor1d_ss_ap_fixed_16_6_5_3_0_ap_fixed_16_6_5_3_0_config71_s  |        0|      0|      18|     123|    0|
    |slice_tensor1d_ss_ap_fixed_16_6_5_3_0_ap_fixed_16_6_5_3_0_config73_U0  |slice_tensor1d_ss_ap_fixed_16_6_5_3_0_ap_fixed_16_6_5_3_0_config73_s  |        0|      0|      18|     122|    0|
    |slice_tensor1d_ss_ap_fixed_16_6_5_3_0_ap_fixed_16_6_5_3_0_config84_U0  |slice_tensor1d_ss_ap_fixed_16_6_5_3_0_ap_fixed_16_6_5_3_0_config84_s  |        0|      0|      18|     122|    0|
    |sum1d_ss_ap_fixed_128ul_ap_fixed_16_6_5_3_0_128ul_config12_U0          |sum1d_ss_ap_fixed_128ul_ap_fixed_16_6_5_3_0_128ul_config12_s          |        1|      0|      84|     307|    0|
    |zeropad2d_cl_ss_ap_fixed_16_6_5_3_0_ap_fixed_16_6_5_3_0_config108_U0   |zeropad2d_cl_ss_ap_fixed_16_6_5_3_0_ap_fixed_16_6_5_3_0_config108_s   |        0|      0|      90|     370|    0|
    |zeropad2d_cl_ss_ap_fixed_16_6_5_3_0_ap_fixed_16_6_5_3_0_config109_U0   |zeropad2d_cl_ss_ap_fixed_16_6_5_3_0_ap_fixed_16_6_5_3_0_config109_s   |        0|      0|     122|     524|    0|
    |zeropad2d_cl_ss_ap_fixed_16_6_5_3_0_ap_fixed_16_6_5_3_0_config110_U0   |zeropad2d_cl_ss_ap_fixed_16_6_5_3_0_ap_fixed_16_6_5_3_0_config110_s   |        0|      0|     202|     876|    0|
    |zeropad2d_cl_ss_ap_fixed_16_6_5_3_0_ap_fixed_16_6_5_3_0_config111_U0   |zeropad2d_cl_ss_ap_fixed_16_6_5_3_0_ap_fixed_16_6_5_3_0_config111_s   |        0|      0|     194|     868|    0|
    |zeropad2d_cl_ss_ap_fixed_16_6_5_3_0_ap_fixed_16_6_5_3_0_config112_U0   |zeropad2d_cl_ss_ap_fixed_16_6_5_3_0_ap_fixed_16_6_5_3_0_config112_s   |        0|      0|     354|    1588|    0|
    |zeropad2d_cl_ss_ap_fixed_16_6_5_3_0_ap_fixed_16_6_5_3_0_config113_U0   |zeropad2d_cl_ss_ap_fixed_16_6_5_3_0_ap_fixed_16_6_5_3_0_config113_s   |        0|      0|     350|    1588|    0|
    |zeropad2d_cl_ss_ap_fixed_16_6_5_3_0_ap_fixed_16_6_5_3_0_config114_U0   |zeropad2d_cl_ss_ap_fixed_16_6_5_3_0_ap_fixed_16_6_5_3_0_config114_s   |        0|      0|     670|    2352|    0|
    |zeropad2d_cl_ss_ap_fixed_16_6_5_3_0_ap_fixed_16_6_5_3_0_config115_U0   |zeropad2d_cl_ss_ap_fixed_16_6_5_3_0_ap_fixed_16_6_5_3_0_config115_s   |        0|      0|     662|    2340|    0|
    |zeropad2d_cl_ss_ap_fixed_16_6_5_3_0_ap_fixed_16_6_5_3_0_config116_U0   |zeropad2d_cl_ss_ap_fixed_16_6_5_3_0_ap_fixed_16_6_5_3_0_config116_s   |        0|      0|    1302|    2340|    0|
    +-----------------------------------------------------------------------+----------------------------------------------------------------------+---------+-------+--------+--------+-----+
    |Total                                                                  |                                                                      |     2993|   3550|  590887|  595209|    0|
    +-----------------------------------------------------------------------+----------------------------------------------------------------------+---------+-------+--------+--------+-----+

    * DSP48E: 
    N/A

    * Memory: 
    N/A

    * FIFO: 
    +---------------------+---------+-----+----+-----+------+-----+---------+
    |         Name        | BRAM_18K|  FF | LUT| URAM| Depth| Bits| Size:D*B|
    +---------------------+---------+-----+----+-----+------+-----+---------+
    |layer100_out_V_V_U   |        0|    5|   0|    -|     1|   16|       16|
    |layer103_cpy1_V_V_U  |        1|   35|   0|    -|    57|   16|      912|
    |layer103_cpy2_V_V_U  |        1|   35|   0|    -|    57|   16|      912|
    |layer104_cpy1_V_V_U  |        0|    5|   0|    -|     1|   16|       16|
    |layer104_cpy2_V_V_U  |        0|    5|   0|    -|     1|   16|       16|
    |layer105_cpy1_V_V_U  |        0|    5|   0|    -|     1|   16|       16|
    |layer105_cpy2_V_V_U  |        0|    5|   0|    -|     1|   16|       16|
    |layer106_cpy1_V_V_U  |        0|    5|   0|    -|     1|   16|       16|
    |layer106_cpy2_V_V_U  |        0|    5|   0|    -|     1|   16|       16|
    |layer107_cpy1_V_V_U  |        0|    5|   0|    -|     1|   16|       16|
    |layer107_cpy2_V_V_U  |        0|    5|   0|    -|     1|   16|       16|
    |layer108_out_V_V_U   |        4|   84|   0|    -|  3540|   16|    56640|
    |layer109_out_V_V_U   |        1|   49|   0|    -|   870|   16|    13920|
    |layer10_out_V_V_U    |        1|   35|   0|    -|    57|   16|      912|
    |layer110_out_V_V_U   |        1|   49|   0|    -|   870|   16|    13920|
    |layer111_out_V_V_U   |        1|   41|   0|    -|   240|   16|     3840|
    |layer112_out_V_V_U   |        1|   41|   0|    -|   240|   16|     3840|
    |layer113_out_V_V_U   |        1|   35|   0|    -|    72|   16|     1152|
    |layer114_out_V_V_U   |        1|   35|   0|    -|    72|   16|     1152|
    |layer115_out_V_V_U   |        0|  103|   0|    -|    25|   16|      400|
    |layer116_out_V_V_U   |        0|  103|   0|    -|    25|   16|      400|
    |layer117_out_V_V_U   |        1|   35|   0|    -|    57|   16|      912|
    |layer118_out_V_V_U   |        1|   35|   0|    -|    57|   16|      912|
    |layer119_out_V_V_U   |        1|   35|   0|    -|    57|   16|      912|
    |layer11_out_V_V_U    |        1|   35|   0|    -|    57|   16|      912|
    |layer12_out_V_V_U    |        0|    5|   0|    -|     1|   16|       16|
    |layer14_out_V_V_U    |        0|    5|   0|    -|     1|   16|       16|
    |layer16_out_V_V_U    |        0|    5|   0|    -|     1|   16|       16|
    |layer18_out_V_V_U    |        0|    5|   0|    -|     1|   16|       16|
    |layer19_out_V_V_U    |        0|    5|   0|    -|     1|   16|       16|
    |layer20_out_V_V_U    |        0|    5|   0|    -|     1|   16|       16|
    |layer22_out_V_V_U    |        0|    5|   0|    -|     1|   16|       16|
    |layer23_out_V_V_U    |        0|    5|   0|    -|     1|   16|       16|
    |layer24_out_V_V_U    |        0|    5|   0|    -|     1|   16|       16|
    |layer25_out_V_V_U    |        0|    5|   0|    -|     1|   16|       16|
    |layer27_out_V_V_U    |        0|    5|   0|    -|     1|   16|       16|
    |layer28_out_V_V_U    |        0|    5|   0|    -|     1|   16|       16|
    |layer30_out_V_V_U    |        0|    5|   0|    -|     1|   16|       16|
    |layer32_out_V_V_U    |        4|   78|   0|    -|  3080|   16|    49280|
    |layer33_out_V_V_U    |        0|    5|   0|    -|     1|   16|       16|
    |layer34_out_V_V_U    |        4|   78|   0|    -|  3080|   16|    49280|
    |layer35_out_V_V_U    |        0|    5|   0|    -|     1|   16|       16|
    |layer36_out_V_V_U    |        4|   78|   0|    -|  3080|   16|    49280|
    |layer38_out_V_V_U    |        0|    5|   0|    -|     1|   16|       16|
    |layer40_out_V_V_U    |        4|   78|   0|    -|  3080|   16|    49280|
    |layer41_out_V_V_U    |        0|    5|   0|    -|     1|   16|       16|
    |layer42_out_V_V_U    |        4|   78|   0|    -|  3080|   16|    49280|
    |layer43_out_V_V_U    |        4|   78|   0|    -|  3080|   16|    49280|
    |layer44_out_V_V_U    |        1|   48|   0|    -|   756|   16|    12096|
    |layer45_out_V_V_U    |        1|   48|   0|    -|   756|   16|    12096|
    |layer47_out_V_V_U    |        0|    5|   0|    -|     1|   16|       16|
    |layer48_out_V_V_U    |        1|   48|   0|    -|   756|   16|    12096|
    |layer49_out_V_V_U    |        0|    5|   0|    -|     1|   16|       16|
    |layer4_out_V_V_U     |        1|   35|   0|    -|    57|   16|      912|
    |layer50_out_V_V_U    |        1|   48|   0|    -|   756|   16|    12096|
    |layer51_out_V_V_U    |        1|   48|   0|    -|   756|   16|    12096|
    |layer52_out_V_V_U    |        1|   48|   0|    -|   756|   16|    12096|
    |layer54_out_V_V_U    |        1|   48|   0|    -|   756|   16|    12096|
    |layer55_out_V_V_U    |        1|   48|   0|    -|   756|   16|    12096|
    |layer56_out_V_V_U    |        1|   39|   0|    -|   182|   16|     2912|
    |layer57_out_V_V_U    |        1|   39|   0|    -|   182|   16|     2912|
    |layer59_out_V_V_U    |        0|    5|   0|    -|     1|   16|       16|
    |layer5_out_V_V_U     |        1|   35|   0|    -|    57|   16|      912|
    |layer60_out_V_V_U    |        1|   39|   0|    -|   182|   16|     2912|
    |layer61_out_V_V_U    |        0|    5|   0|    -|     1|   16|       16|
    |layer62_out_V_V_U    |        1|   39|   0|    -|   182|   16|     2912|
    |layer63_out_V_V_U    |        1|   39|   0|    -|   182|   16|     2912|
    |layer64_out_V_V_U    |        1|   39|   0|    -|   182|   16|     2912|
    |layer66_out_V_V_U    |        1|   39|   0|    -|   182|   16|     2912|
    |layer67_out_V_V_U    |        1|   39|   0|    -|   182|   16|     2912|
    |layer68_out_V_V_U    |        1|   34|   0|    -|    42|   16|      672|
    |layer69_out_V_V_U    |        1|   34|   0|    -|    42|   16|      672|
    |layer71_out_V_V_U    |        0|    5|   0|    -|     1|   16|       16|
    |layer72_out_V_V_U    |        1|   34|   0|    -|    42|   16|      672|
    |layer73_out_V_V_U    |        0|    5|   0|    -|     1|   16|       16|
    |layer74_out_V_V_U    |        1|   34|   0|    -|    42|   16|      672|
    |layer75_out_V_V_U    |        1|   34|   0|    -|    42|   16|      672|
    |layer76_out_V_V_U    |        1|   34|   0|    -|    42|   16|      672|
    |layer78_out_V_V_U    |        1|   34|   0|    -|    42|   16|      672|
    |layer79_out_V_V_U    |        1|   34|   0|    -|    42|   16|      672|
    |layer80_out_V_V_U    |        0|    6|   0|    -|     9|   16|      144|
    |layer81_out_V_V_U    |        0|    6|   0|    -|     9|   16|      144|
    |layer83_out_V_V_U    |        0|    6|   0|    -|     9|   16|      144|
    |layer84_out_V_V_U    |        0|    5|   0|    -|     1|   16|       16|
    |layer85_out_V_V_U    |        0|    6|   0|    -|     9|   16|      144|
    |layer86_out_V_V_U    |        0|    6|   0|    -|     9|   16|      144|
    |layer87_out_V_V_U    |        0|    6|   0|    -|     9|   16|      144|
    |layer89_out_V_V_U    |        0|    6|   0|    -|     9|   16|      144|
    |layer90_out_V_V_U    |        0|    6|   0|    -|     9|   16|      144|
    |layer92_out_V_V_U    |        0|    5|   0|    -|     1|   16|       16|
    |layer94_out_V_V_U    |        0|    5|   0|    -|     1|   16|       16|
    |layer95_out_V_V_U    |        0|    5|   0|    -|     1|   16|       16|
    |layer96_out_V_V_U    |        0|    5|   0|    -|     1|   16|       16|
    |layer98_out_V_V_U    |        0|    5|   0|    -|     1|   16|       16|
    |layer99_out_V_V_U    |        0|    5|   0|    -|     1|   16|       16|
    +---------------------+---------+-----+----+-----+------+-----+---------+
    |Total                |       67| 2534|   0|    0| 32898| 1520|   526368|
    +---------------------+---------+-----+----+-----+------+-----+---------+

    * Expression: 
    +---------------------------------------------------------------------------------+----------+-------+---+----+------------+------------+
    |                                  Variable Name                                  | Operation| DSP48E| FF| LUT| Bitwidth P0| Bitwidth P1|
    +---------------------------------------------------------------------------------+----------+-------+---+----+------------+------------+
    |clone_stream_ss_ap_fixed_16_6_5_3_0_ap_fixed_16_6_5_3_0_342_U0_ap_ready_count    |     +    |      0|  0|   3|           2|           1|
    |dense_ss_ap_fixed_16_6_5_3_0_ap_fixed_16_6_5_3_0_config16_U0_ap_ready_count      |     +    |      0|  0|   3|           2|           1|
    |resize_nearest_ss_ap_fixed_16_6_5_3_0_config32_U0_ap_ready_count                 |     +    |      0|  0|   3|           2|           1|
    |ap_idle                                                                          |    and   |      0|  0|   2|           1|           1|
    |ap_sync_ready                                                                    |    and   |      0|  0|   2|           1|           1|
    |clone_stream_ss_ap_fixed_16_6_5_3_0_ap_fixed_16_6_5_3_0_342_U0_ap_start          |    and   |      0|  0|   2|           1|           1|
    |clone_stream_ss_ap_fixed_16_6_5_3_0_ap_fixed_16_6_5_3_0_342_U0_start_full_n      |    and   |      0|  0|   2|           1|           1|
    |clone_stream_ss_ap_fixed_16_6_5_3_0_ap_fixed_16_6_5_3_0_768_U0_start_full_n      |    and   |      0|  0|   2|           1|           1|
    |clone_stream_ss_ap_fixed_16_6_5_3_0_ap_fixed_16_6_5_3_0_896_U0_start_full_n      |    and   |      0|  0|   2|           1|           1|
    |clone_stream_ss_ap_fixed_16_6_5_3_0_ap_fixed_16_6_5_3_0_960_U0_start_full_n      |    and   |      0|  0|   2|           1|           1|
    |clone_stream_ss_ap_fixed_16_6_5_3_0_ap_fixed_16_6_5_3_0_992_U0_start_full_n      |    and   |      0|  0|   2|           1|           1|
    |dense_ss_ap_fixed_16_6_5_3_0_ap_fixed_16_6_5_3_0_config16_U0_ap_start            |    and   |      0|  0|   2|           1|           1|
    |resize_nearest_ss_ap_fixed_16_6_5_3_0_config32_U0_ap_start                       |    and   |      0|  0|   2|           1|           1|
    |ap_sync_clone_stream_ss_ap_fixed_16_6_5_3_0_ap_fixed_16_6_5_3_0_342_U0_ap_ready  |    or    |      0|  0|   2|           1|           1|
    |ap_sync_dense_ss_ap_fixed_16_6_5_3_0_ap_fixed_16_6_5_3_0_config16_U0_ap_ready    |    or    |      0|  0|   2|           1|           1|
    |ap_sync_resize_nearest_ss_ap_fixed_16_6_5_3_0_config32_U0_ap_ready               |    or    |      0|  0|   2|           1|           1|
    +---------------------------------------------------------------------------------+----------+-------+---+----+------------+------------+
    |Total                                                                            |          |      0|  0|  35|          19|          16|
    +---------------------------------------------------------------------------------+----------+-------+---+----+------------+------------+

    * Multiplexer: 
    +-------------------------------------------------------------------------------------+----+-----------+-----+-----------+
    |                                         Name                                        | LUT| Input Size| Bits| Total Bits|
    +-------------------------------------------------------------------------------------+----+-----------+-----+-----------+
    |ap_sync_reg_clone_stream_ss_ap_fixed_16_6_5_3_0_ap_fixed_16_6_5_3_0_342_U0_ap_ready  |   9|          2|    1|          2|
    |ap_sync_reg_dense_ss_ap_fixed_16_6_5_3_0_ap_fixed_16_6_5_3_0_config16_U0_ap_ready    |   9|          2|    1|          2|
    |ap_sync_reg_resize_nearest_ss_ap_fixed_16_6_5_3_0_config32_U0_ap_ready               |   9|          2|    1|          2|
    |clone_stream_ss_ap_fixed_16_6_5_3_0_ap_fixed_16_6_5_3_0_342_U0_ap_ready_count        |   9|          2|    2|          4|
    |dense_ss_ap_fixed_16_6_5_3_0_ap_fixed_16_6_5_3_0_config16_U0_ap_ready_count          |   9|          2|    2|          4|
    |resize_nearest_ss_ap_fixed_16_6_5_3_0_config32_U0_ap_ready_count                     |   9|          2|    2|          4|
    +-------------------------------------------------------------------------------------+----+-----------+-----+-----------+
    |Total                                                                                |  54|         12|    9|         18|
    +-------------------------------------------------------------------------------------+----+-----------+-----+-----------+

    * Register: 
    +-------------------------------------------------------------------------------------+---+----+-----+-----------+
    |                                         Name                                        | FF| LUT| Bits| Const Bits|
    +-------------------------------------------------------------------------------------+---+----+-----+-----------+
    |ap_sync_reg_clone_stream_ss_ap_fixed_16_6_5_3_0_ap_fixed_16_6_5_3_0_342_U0_ap_ready  |  1|   0|    1|          0|
    |ap_sync_reg_dense_ss_ap_fixed_16_6_5_3_0_ap_fixed_16_6_5_3_0_config16_U0_ap_ready    |  1|   0|    1|          0|
    |ap_sync_reg_resize_nearest_ss_ap_fixed_16_6_5_3_0_config32_U0_ap_ready               |  1|   0|    1|          0|
    |clone_stream_ss_ap_fixed_16_6_5_3_0_ap_fixed_16_6_5_3_0_342_U0_ap_ready_count        |  2|   0|    2|          0|
    |dense_ss_ap_fixed_16_6_5_3_0_ap_fixed_16_6_5_3_0_config16_U0_ap_ready_count          |  2|   0|    2|          0|
    |resize_nearest_ss_ap_fixed_16_6_5_3_0_config32_U0_ap_ready_count                     |  2|   0|    2|          0|
    +-------------------------------------------------------------------------------------+---+----+-----+-----------+
    |Total                                                                                |  9|   0|    9|          0|
    +-------------------------------------------------------------------------------------+---+----+-----+-----------+



================================================================
== Interface
================================================================
* Summary: 
+-------------------------+-----+-----+------------+------------------+--------------+
|        RTL Ports        | Dir | Bits|  Protocol  |   Source Object  |    C Type    |
+-------------------------+-----+-----+------------+------------------+--------------+
|em_barrel_V_V_dout       |  in |   16|   ap_fifo  |   em_barrel_V_V  |    pointer   |
|em_barrel_V_V_empty_n    |  in |    1|   ap_fifo  |   em_barrel_V_V  |    pointer   |
|em_barrel_V_V_read       | out |    1|   ap_fifo  |   em_barrel_V_V  |    pointer   |
|scalars_V_V_dout         |  in |   16|   ap_fifo  |    scalars_V_V   |    pointer   |
|scalars_V_V_empty_n      |  in |    1|   ap_fifo  |    scalars_V_V   |    pointer   |
|scalars_V_V_read         | out |    1|   ap_fifo  |    scalars_V_V   |    pointer   |
|tracks_V_V_dout          |  in |   16|   ap_fifo  |    tracks_V_V    |    pointer   |
|tracks_V_V_empty_n       |  in |    1|   ap_fifo  |    tracks_V_V    |    pointer   |
|tracks_V_V_read          | out |    1|   ap_fifo  |    tracks_V_V    |    pointer   |
|layer102_out_V_V_din     | out |   16|   ap_fifo  | layer102_out_V_V |    pointer   |
|layer102_out_V_V_full_n  |  in |    1|   ap_fifo  | layer102_out_V_V |    pointer   |
|layer102_out_V_V_write   | out |    1|   ap_fifo  | layer102_out_V_V |    pointer   |
|ap_clk                   |  in |    1| ap_ctrl_hs |     myproject    | return value |
|ap_rst                   |  in |    1| ap_ctrl_hs |     myproject    | return value |
|ap_start                 |  in |    1| ap_ctrl_hs |     myproject    | return value |
|ap_done                  | out |    1| ap_ctrl_hs |     myproject    | return value |
|ap_ready                 | out |    1| ap_ctrl_hs |     myproject    | return value |
|ap_idle                  | out |    1| ap_ctrl_hs |     myproject    | return value |
|ap_continue              |  in |    1| ap_ctrl_hs |     myproject    | return value |
+-------------------------+-----+-----+------------+------------------+--------------+

