INFO: [v++ 60-1306] Additional information associated with this v++ link can be found at:
	Reports: /home/YL_HUANG/2_3/alveo_full_model_5_sets/all_single/build_dir.hw.xilinx_u50_xdma_201920_1/reports/link
	Log files: /home/YL_HUANG/2_3/alveo_full_model_5_sets/all_single/build_dir.hw.xilinx_u50_xdma_201920_1/logs/link
INFO: [v++ 60-1548] Creating build summary session with primary output /home/YL_HUANG/2_3/alveo_full_model_5_sets/all_single/build_dir.hw.xilinx_u50_xdma_201920_1/alveo_hls4ml.xclbin.link_summary, at Fri Feb  3 03:13:03 2023
INFO: [v++ 60-1316] Initiating connection to rulecheck server, at Fri Feb  3 03:13:03 2023
INFO: [v++ 60-1315] Creating rulecheck session with output '/home/YL_HUANG/2_3/alveo_full_model_5_sets/all_single/build_dir.hw.xilinx_u50_xdma_201920_1/reports/link/v++_link_alveo_hls4ml_guidance.html', at Fri Feb  3 03:13:04 2023
INFO: [v++ 60-895]   Target platform: /opt/xilinx/platforms/xilinx_u50_xdma_201920_1/xilinx_u50_xdma_201920_1.xpfm
INFO: [v++ 60-1578]   This platform contains Device Support Archive '/opt/xilinx/platforms/xilinx_u50_xdma_201920_1/hw/xilinx_u50_xdma_201920_1.dsa'
INFO: [v++ 60-629] Linking for hardware target
INFO: [v++ 60-423]   Target device: xilinx_u50_xdma_201920_1
INFO: [v++ 60-1332] Run 'run_link' status: Not started
INFO: [v++ 60-1443] [03:13:11] Run run_link: Step system_link: Started
INFO: [v++ 60-1453] Command Line: system_link --xo /home/YL_HUANG/2_3/alveo_full_model_5_sets/all_single/_x.hw.xilinx_u50_xdma_201920_1/alveo_hls4ml.xo -keep --config /home/YL_HUANG/2_3/alveo_full_model_5_sets/all_single/build_dir.hw.xilinx_u50_xdma_201920_1/link/int/syslinkConfig.ini --xpfm /opt/xilinx/platforms/xilinx_u50_xdma_201920_1/xilinx_u50_xdma_201920_1.xpfm --target hw --output_dir /home/YL_HUANG/2_3/alveo_full_model_5_sets/all_single/build_dir.hw.xilinx_u50_xdma_201920_1/link/int --temp_dir /home/YL_HUANG/2_3/alveo_full_model_5_sets/all_single/build_dir.hw.xilinx_u50_xdma_201920_1/link/sys_link
INFO: [v++ 60-1454] Run Directory: /home/YL_HUANG/2_3/alveo_full_model_5_sets/all_single/build_dir.hw.xilinx_u50_xdma_201920_1/link/run_link
INFO: [SYSTEM_LINK 82-76] Reading emulation BD and HPFM information
INFO: [SYSTEM_LINK 60-1316] Initiating connection to rulecheck server, at Fri Feb  3 03:13:14 2023
INFO: [SYSTEM_LINK 82-70] Extracting xo v3 file /home/YL_HUANG/2_3/alveo_full_model_5_sets/all_single/_x.hw.xilinx_u50_xdma_201920_1/alveo_hls4ml.xo
INFO: [KernelCheck 83-118] 'alveo_hls4ml' kernel.xml and component.xml caseness discrepency is being corrected, S_AXI_CONTROL is being replaced by s_axi_control
INFO: [KernelCheck 83-118] 'em_barrel' kernel.xml and component.xml caseness discrepency is being corrected, S_AXI_CONTROL is being replaced by s_axi_control
INFO: [KernelCheck 83-118] 'scalars' kernel.xml and component.xml caseness discrepency is being corrected, S_AXI_CONTROL is being replaced by s_axi_control
INFO: [KernelCheck 83-118] 'tracks' kernel.xml and component.xml caseness discrepency is being corrected, S_AXI_CONTROL is being replaced by s_axi_control
INFO: [KernelCheck 83-118] 'out' kernel.xml and component.xml caseness discrepency is being corrected, S_AXI_CONTROL is being replaced by s_axi_control
INFO: [SYSTEM_LINK 82-53] Creating IP database /home/YL_HUANG/2_3/alveo_full_model_5_sets/all_single/build_dir.hw.xilinx_u50_xdma_201920_1/link/sys_link/_sysl/.cdb/xd_ip_db.xml
INFO: [SYSTEM_LINK 82-38] [03:13:14] build_xd_ip_db started: /opt/Xilinx/Vitis/2019.2/bin/build_xd_ip_db -ip_search 0  -sds-pf /home/YL_HUANG/2_3/alveo_full_model_5_sets/all_single/build_dir.hw.xilinx_u50_xdma_201920_1/link/sys_link/xilinx_u50_xdma_201920_1.hpfm -clkid 0 -ip /home/YL_HUANG/2_3/alveo_full_model_5_sets/all_single/build_dir.hw.xilinx_u50_xdma_201920_1/link/sys_link/iprepo/xilinx_com_hls_alveo_hls4ml_1_0,alveo_hls4ml -o /home/YL_HUANG/2_3/alveo_full_model_5_sets/all_single/build_dir.hw.xilinx_u50_xdma_201920_1/link/sys_link/_sysl/.cdb/xd_ip_db.xml
INFO: [SYSTEM_LINK 82-37] [03:13:17] build_xd_ip_db finished successfully
Time (s): cpu = 00:00:02 ; elapsed = 00:00:02 . Memory (MB): peak = 279.879 ; gain = 0.000 ; free physical = 15626 ; free virtual = 94946
INFO: [SYSTEM_LINK 82-51] Create system connectivity graph
INFO: [SYSTEM_LINK 82-102] Applying explicit connections to the system connectivity graph: /home/YL_HUANG/2_3/alveo_full_model_5_sets/all_single/build_dir.hw.xilinx_u50_xdma_201920_1/link/sys_link/cfgraph/cfgen_cfgraph.xml
INFO: [SYSTEM_LINK 82-38] [03:13:17] cfgen started: /opt/Xilinx/Vitis/2019.2/bin/cfgen  -sp alveo_hls4ml_1.em_barrel:HBM[0] -sp alveo_hls4ml_1.scalars:HBM[1] -sp alveo_hls4ml_1.tracks:HBM[2] -sp alveo_hls4ml_1.out:HBM[3] -dmclkid 0 -r /home/YL_HUANG/2_3/alveo_full_model_5_sets/all_single/build_dir.hw.xilinx_u50_xdma_201920_1/link/sys_link/_sysl/.cdb/xd_ip_db.xml -o /home/YL_HUANG/2_3/alveo_full_model_5_sets/all_single/build_dir.hw.xilinx_u50_xdma_201920_1/link/sys_link/cfgraph/cfgen_cfgraph.xml
INFO: [CFGEN 83-0] Kernel Specs: 
INFO: [CFGEN 83-0]   kernel: alveo_hls4ml, num: 1  {alveo_hls4ml_1}
INFO: [CFGEN 83-0] Port Specs: 
INFO: [CFGEN 83-0]   kernel: alveo_hls4ml_1, k_port: em_barrel, sptag: HBM[0]
INFO: [CFGEN 83-0]   kernel: alveo_hls4ml_1, k_port: scalars, sptag: HBM[1]
INFO: [CFGEN 83-0]   kernel: alveo_hls4ml_1, k_port: tracks, sptag: HBM[2]
INFO: [CFGEN 83-0]   kernel: alveo_hls4ml_1, k_port: out, sptag: HBM[3]
INFO: [CFGEN 83-2228] Creating mapping for argument alveo_hls4ml_1.em_barrel to HBM[0] for directive alveo_hls4ml_1.em_barrel:HBM[0]
INFO: [CFGEN 83-2228] Creating mapping for argument alveo_hls4ml_1.scalars to HBM[1] for directive alveo_hls4ml_1.scalars:HBM[1]
INFO: [CFGEN 83-2228] Creating mapping for argument alveo_hls4ml_1.tracks to HBM[2] for directive alveo_hls4ml_1.tracks:HBM[2]
INFO: [CFGEN 83-2228] Creating mapping for argument alveo_hls4ml_1.out to HBM[3] for directive alveo_hls4ml_1.out:HBM[3]
INFO: [SYSTEM_LINK 82-37] [03:13:19] cfgen finished successfully
Time (s): cpu = 00:00:02 ; elapsed = 00:00:02 . Memory (MB): peak = 287.691 ; gain = 0.000 ; free physical = 15623 ; free virtual = 94944
INFO: [SYSTEM_LINK 82-52] Create top-level block diagram
INFO: [SYSTEM_LINK 82-38] [03:13:19] cf2bd started: /opt/Xilinx/Vitis/2019.2/bin/cf2bd  --linux --trace_buffer 1024 --input_file /home/YL_HUANG/2_3/alveo_full_model_5_sets/all_single/build_dir.hw.xilinx_u50_xdma_201920_1/link/sys_link/cfgraph/cfgen_cfgraph.xml --ip_db /home/YL_HUANG/2_3/alveo_full_model_5_sets/all_single/build_dir.hw.xilinx_u50_xdma_201920_1/link/sys_link/_sysl/.cdb/xd_ip_db.xml --cf_name dr --working_dir /home/YL_HUANG/2_3/alveo_full_model_5_sets/all_single/build_dir.hw.xilinx_u50_xdma_201920_1/link/sys_link/_sysl/.xsd --temp_dir /home/YL_HUANG/2_3/alveo_full_model_5_sets/all_single/build_dir.hw.xilinx_u50_xdma_201920_1/link/sys_link --output_dir /home/YL_HUANG/2_3/alveo_full_model_5_sets/all_single/build_dir.hw.xilinx_u50_xdma_201920_1/link/int --target_bd pfm_dynamic.bd
INFO: [CF2BD 82-31] Launching cf2xd: cf2xd -linux -trace-buffer 1024 -i /home/YL_HUANG/2_3/alveo_full_model_5_sets/all_single/build_dir.hw.xilinx_u50_xdma_201920_1/link/sys_link/cfgraph/cfgen_cfgraph.xml -r /home/YL_HUANG/2_3/alveo_full_model_5_sets/all_single/build_dir.hw.xilinx_u50_xdma_201920_1/link/sys_link/_sysl/.cdb/xd_ip_db.xml -o dr.xml
INFO: [CF2BD 82-28] cf2xd finished successfully
INFO: [CF2BD 82-31] Launching cf_xsd: cf_xsd -disable-address-gen -bd pfm_dynamic.bd -dn dr -dp /home/YL_HUANG/2_3/alveo_full_model_5_sets/all_single/build_dir.hw.xilinx_u50_xdma_201920_1/link/sys_link/_sysl/.xsd
INFO: [CF2BD 82-28] cf_xsd finished successfully
INFO: [SYSTEM_LINK 82-37] [03:13:21] cf2bd finished successfully
Time (s): cpu = 00:00:02 ; elapsed = 00:00:02 . Memory (MB): peak = 287.691 ; gain = 0.000 ; free physical = 15613 ; free virtual = 94941
INFO: [v++ 60-1441] [03:13:21] Run run_link: Step system_link: Completed
Time (s): cpu = 00:00:08 ; elapsed = 00:00:10 . Memory (MB): peak = 687.352 ; gain = 0.000 ; free physical = 15631 ; free virtual = 94958
INFO: [v++ 60-1443] [03:13:21] Run run_link: Step cf2sw: Started
INFO: [v++ 60-1453] Command Line: cf2sw -sdsl /home/YL_HUANG/2_3/alveo_full_model_5_sets/all_single/build_dir.hw.xilinx_u50_xdma_201920_1/link/int/sdsl.dat -rtd /home/YL_HUANG/2_3/alveo_full_model_5_sets/all_single/build_dir.hw.xilinx_u50_xdma_201920_1/link/int/cf2sw.rtd -xclbin /home/YL_HUANG/2_3/alveo_full_model_5_sets/all_single/build_dir.hw.xilinx_u50_xdma_201920_1/link/int/xclbin_orig.xml -o /home/YL_HUANG/2_3/alveo_full_model_5_sets/all_single/build_dir.hw.xilinx_u50_xdma_201920_1/link/int/xclbin_orig.1.xml
INFO: [v++ 60-1454] Run Directory: /home/YL_HUANG/2_3/alveo_full_model_5_sets/all_single/build_dir.hw.xilinx_u50_xdma_201920_1/link/run_link
INFO: [v++ 60-1441] [03:13:22] Run run_link: Step cf2sw: Completed
Time (s): cpu = 00:00:01 ; elapsed = 00:00:01 . Memory (MB): peak = 687.352 ; gain = 0.000 ; free physical = 15630 ; free virtual = 94960
INFO: [v++ 60-1443] [03:13:22] Run run_link: Step rtd2_system_diagram: Started
INFO: [v++ 60-1453] Command Line: rtd2SystemDiagram --rtdJsonFileName /home/YL_HUANG/2_3/alveo_full_model_5_sets/all_single/build_dir.hw.xilinx_u50_xdma_201920_1/link/int/cf2sw.rtd --diagramJsonFileName /home/YL_HUANG/2_3/alveo_full_model_5_sets/all_single/build_dir.hw.xilinx_u50_xdma_201920_1/link/int/systemDiagramModel.json --platformFilePath /opt/xilinx/platforms/xilinx_u50_xdma_201920_1/xilinx_u50_xdma_201920_1.xpfm --generatedByName v++ --generatedByVersion 2019.2 --generatedByChangeList 2708876 --generatedByTimeStamp Wed Nov  6 21:39:14 MST 2019 --generatedByOptions /opt/Xilinx/Vitis/2019.2/bin/unwrapped/lnx64.o/v++ -t hw --platform xilinx_u50_xdma_201920_1 --save-temps --temp_dir ./build_dir.hw.xilinx_u50_xdma_201920_1 -l -obuild_dir.hw.xilinx_u50_xdma_201920_1/alveo_hls4ml.xclbin _x.hw.xilinx_u50_xdma_201920_1/alveo_hls4ml.xo --config config.ini --kernel_frequency 200  --generatedByXclbinName alveo_hls4ml --kernelInfoDataFileName /home/YL_HUANG/2_3/alveo_full_model_5_sets/all_single/build_dir.hw.xilinx_u50_xdma_201920_1/link/int/kernel_info.dat
INFO: [v++ 60-1454] Run Directory: /home/YL_HUANG/2_3/alveo_full_model_5_sets/all_single/build_dir.hw.xilinx_u50_xdma_201920_1/link/run_link
INFO: [v++ 60-839] Read in kernel information from file '/home/YL_HUANG/2_3/alveo_full_model_5_sets/all_single/build_dir.hw.xilinx_u50_xdma_201920_1/link/int/kernel_info.dat'.
WARNING: [v++ 82-157] Unable to populate kernel available resources BRAM entry.
WARNING: [v++ 82-158] Unable to populate kernel available resources DSP entry.
INFO: [v++ 60-1441] [03:13:24] Run run_link: Step rtd2_system_diagram: Completed
Time (s): cpu = 00:00:02 ; elapsed = 00:00:02 . Memory (MB): peak = 687.352 ; gain = 0.000 ; free physical = 15630 ; free virtual = 94962
INFO: [v++ 60-1443] [03:13:24] Run run_link: Step vpl: Started
INFO: [v++ 60-1453] Command Line: vpl -t hw -f xilinx_u50_xdma_201920_1 --kernel_frequency 200 -s --output_dir /home/YL_HUANG/2_3/alveo_full_model_5_sets/all_single/build_dir.hw.xilinx_u50_xdma_201920_1/link/int --log_dir /home/YL_HUANG/2_3/alveo_full_model_5_sets/all_single/build_dir.hw.xilinx_u50_xdma_201920_1/logs/link --report_dir /home/YL_HUANG/2_3/alveo_full_model_5_sets/all_single/build_dir.hw.xilinx_u50_xdma_201920_1/reports/link --config /home/YL_HUANG/2_3/alveo_full_model_5_sets/all_single/build_dir.hw.xilinx_u50_xdma_201920_1/link/int/vplConfig.ini -k /home/YL_HUANG/2_3/alveo_full_model_5_sets/all_single/build_dir.hw.xilinx_u50_xdma_201920_1/link/int/kernel_info.dat --webtalk_flag Vitis --temp_dir /home/YL_HUANG/2_3/alveo_full_model_5_sets/all_single/build_dir.hw.xilinx_u50_xdma_201920_1/link --no-info --tlog_dir /home/YL_HUANG/2_3/alveo_full_model_5_sets/all_single/build_dir.hw.xilinx_u50_xdma_201920_1/.tlog/v++_link_alveo_hls4ml --iprepo /home/YL_HUANG/2_3/alveo_full_model_5_sets/all_single/build_dir.hw.xilinx_u50_xdma_201920_1/link/int/xo/ip_repo/xilinx_com_hls_alveo_hls4ml_1_0 --messageDb /home/YL_HUANG/2_3/alveo_full_model_5_sets/all_single/build_dir.hw.xilinx_u50_xdma_201920_1/link/run_link/vpl.pb /home/YL_HUANG/2_3/alveo_full_model_5_sets/all_single/build_dir.hw.xilinx_u50_xdma_201920_1/link/int/dr.bd.tcl
INFO: [v++ 60-1454] Run Directory: /home/YL_HUANG/2_3/alveo_full_model_5_sets/all_single/build_dir.hw.xilinx_u50_xdma_201920_1/link/run_link

****** vpl v2019.2 (64-bit)
  **** SW Build 2708876 on Wed Nov  6 21:39:14 MST 2019
    ** Copyright 1986-2019 Xilinx, Inc. All Rights Reserved.

INFO: [VPL 60-839] Read in kernel information from file '/home/YL_HUANG/2_3/alveo_full_model_5_sets/all_single/build_dir.hw.xilinx_u50_xdma_201920_1/link/int/kernel_info.dat'.
INFO: [VPL 60-423]   Target device: xilinx_u50_xdma_201920_1
INFO: [VPL 60-1032] Extracting hardware platform to /home/YL_HUANG/2_3/alveo_full_model_5_sets/all_single/build_dir.hw.xilinx_u50_xdma_201920_1/link/vivado/vpl/.local/hw_platform
[03:13:48] Run vpl: Step create_project: Started
Creating Vivado project.
[03:13:53] Run vpl: Step create_project: Completed
[03:13:53] Run vpl: Step create_bd: Started
[03:15:09] Run vpl: Step create_bd: RUNNING...
[03:15:20] Run vpl: Step create_bd: Completed
[03:15:20] Run vpl: Step update_bd: Started
[03:15:22] Run vpl: Step update_bd: Completed
[03:15:22] Run vpl: Step generate_target: Started
[03:16:24] Run vpl: Step generate_target: Completed
[03:16:24] Run vpl: Step config_hw_runs: Started
[03:16:34] Run vpl: Step config_hw_runs: Completed
[03:16:34] Run vpl: Step synth: Started
[03:17:05] Block-level synthesis in progress, 0 of 64 jobs complete, 8 jobs running.
[03:17:35] Block-level synthesis in progress, 0 of 64 jobs complete, 8 jobs running.
[03:18:06] Block-level synthesis in progress, 0 of 64 jobs complete, 8 jobs running.
[03:18:36] Block-level synthesis in progress, 0 of 64 jobs complete, 8 jobs running.
[03:19:06] Block-level synthesis in progress, 0 of 64 jobs complete, 8 jobs running.
[03:19:37] Block-level synthesis in progress, 6 of 64 jobs complete, 2 jobs running.
[03:20:07] Block-level synthesis in progress, 7 of 64 jobs complete, 8 jobs running.
[03:20:38] Block-level synthesis in progress, 8 of 64 jobs complete, 8 jobs running.
[03:21:08] Block-level synthesis in progress, 8 of 64 jobs complete, 8 jobs running.
[03:21:38] Block-level synthesis in progress, 8 of 64 jobs complete, 8 jobs running.
[03:22:08] Block-level synthesis in progress, 8 of 64 jobs complete, 8 jobs running.
[03:22:39] Block-level synthesis in progress, 14 of 64 jobs complete, 2 jobs running.
[03:23:09] Block-level synthesis in progress, 17 of 64 jobs complete, 7 jobs running.
[03:23:40] Block-level synthesis in progress, 18 of 64 jobs complete, 7 jobs running.
[03:24:10] Block-level synthesis in progress, 20 of 64 jobs complete, 7 jobs running.
[03:24:40] Block-level synthesis in progress, 21 of 64 jobs complete, 7 jobs running.
[03:25:11] Block-level synthesis in progress, 21 of 64 jobs complete, 8 jobs running.
[03:25:41] Block-level synthesis in progress, 26 of 64 jobs complete, 6 jobs running.
[03:26:12] Block-level synthesis in progress, 29 of 64 jobs complete, 5 jobs running.
[03:26:42] Block-level synthesis in progress, 31 of 64 jobs complete, 7 jobs running.
[03:27:12] Block-level synthesis in progress, 32 of 64 jobs complete, 7 jobs running.
[03:27:43] Block-level synthesis in progress, 32 of 64 jobs complete, 8 jobs running.
[03:28:13] Block-level synthesis in progress, 35 of 64 jobs complete, 5 jobs running.
[03:28:44] Block-level synthesis in progress, 35 of 64 jobs complete, 8 jobs running.
[03:29:15] Block-level synthesis in progress, 39 of 64 jobs complete, 5 jobs running.
[03:29:45] Block-level synthesis in progress, 41 of 64 jobs complete, 6 jobs running.
[03:30:16] Block-level synthesis in progress, 44 of 64 jobs complete, 7 jobs running.
[03:30:46] Block-level synthesis in progress, 44 of 64 jobs complete, 8 jobs running.
[03:31:17] Block-level synthesis in progress, 47 of 64 jobs complete, 6 jobs running.
[03:31:47] Block-level synthesis in progress, 47 of 64 jobs complete, 8 jobs running.
[03:32:18] Block-level synthesis in progress, 47 of 64 jobs complete, 8 jobs running.
[03:32:49] Block-level synthesis in progress, 49 of 64 jobs complete, 6 jobs running.
[03:33:19] Block-level synthesis in progress, 53 of 64 jobs complete, 7 jobs running.
[03:33:50] Block-level synthesis in progress, 53 of 64 jobs complete, 8 jobs running.
[03:34:21] Block-level synthesis in progress, 56 of 64 jobs complete, 7 jobs running.
[03:34:51] Block-level synthesis in progress, 56 of 64 jobs complete, 7 jobs running.
[03:35:22] Block-level synthesis in progress, 56 of 64 jobs complete, 7 jobs running.
[03:35:53] Block-level synthesis in progress, 58 of 64 jobs complete, 6 jobs running.
[03:36:23] Block-level synthesis in progress, 61 of 64 jobs complete, 3 jobs running.
[03:36:54] Block-level synthesis in progress, 62 of 64 jobs complete, 2 jobs running.
[03:37:24] Block-level synthesis in progress, 63 of 64 jobs complete, 1 job running.
[03:37:55] Block-level synthesis in progress, 63 of 64 jobs complete, 1 job running.
[03:38:26] Block-level synthesis in progress, 63 of 64 jobs complete, 1 job running.
[03:38:56] Block-level synthesis in progress, 63 of 64 jobs complete, 1 job running.
[03:39:27] Block-level synthesis in progress, 63 of 64 jobs complete, 1 job running.
[03:39:57] Block-level synthesis in progress, 63 of 64 jobs complete, 1 job running.
[03:40:28] Block-level synthesis in progress, 63 of 64 jobs complete, 1 job running.
[03:40:59] Block-level synthesis in progress, 63 of 64 jobs complete, 1 job running.
[03:41:29] Block-level synthesis in progress, 63 of 64 jobs complete, 1 job running.
[03:42:00] Block-level synthesis in progress, 63 of 64 jobs complete, 1 job running.
[03:42:30] Block-level synthesis in progress, 63 of 64 jobs complete, 1 job running.
[03:43:01] Block-level synthesis in progress, 63 of 64 jobs complete, 1 job running.
[03:43:32] Block-level synthesis in progress, 63 of 64 jobs complete, 1 job running.
[03:44:03] Block-level synthesis in progress, 63 of 64 jobs complete, 1 job running.
[03:44:34] Block-level synthesis in progress, 63 of 64 jobs complete, 1 job running.
[03:45:06] Block-level synthesis in progress, 63 of 64 jobs complete, 1 job running.
[03:45:37] Block-level synthesis in progress, 63 of 64 jobs complete, 1 job running.
[03:46:08] Block-level synthesis in progress, 63 of 64 jobs complete, 1 job running.
[03:46:39] Block-level synthesis in progress, 63 of 64 jobs complete, 1 job running.
[03:47:10] Block-level synthesis in progress, 63 of 64 jobs complete, 1 job running.
[03:47:42] Block-level synthesis in progress, 63 of 64 jobs complete, 1 job running.
[03:48:13] Block-level synthesis in progress, 63 of 64 jobs complete, 1 job running.
[03:48:44] Block-level synthesis in progress, 63 of 64 jobs complete, 1 job running.
[03:49:15] Block-level synthesis in progress, 63 of 64 jobs complete, 1 job running.
[03:49:46] Block-level synthesis in progress, 63 of 64 jobs complete, 1 job running.
[03:50:18] Block-level synthesis in progress, 63 of 64 jobs complete, 1 job running.
[03:50:49] Block-level synthesis in progress, 63 of 64 jobs complete, 1 job running.
[03:51:20] Block-level synthesis in progress, 63 of 64 jobs complete, 1 job running.
[03:51:51] Block-level synthesis in progress, 63 of 64 jobs complete, 1 job running.
[03:52:22] Block-level synthesis in progress, 63 of 64 jobs complete, 1 job running.
[03:52:54] Block-level synthesis in progress, 63 of 64 jobs complete, 1 job running.
[03:53:25] Block-level synthesis in progress, 63 of 64 jobs complete, 1 job running.
[03:53:56] Block-level synthesis in progress, 63 of 64 jobs complete, 1 job running.
[03:54:27] Block-level synthesis in progress, 63 of 64 jobs complete, 1 job running.
[03:54:58] Block-level synthesis in progress, 63 of 64 jobs complete, 1 job running.
[03:55:29] Block-level synthesis in progress, 63 of 64 jobs complete, 1 job running.
[03:56:01] Block-level synthesis in progress, 63 of 64 jobs complete, 1 job running.
[03:56:32] Block-level synthesis in progress, 63 of 64 jobs complete, 1 job running.
[03:57:03] Block-level synthesis in progress, 63 of 64 jobs complete, 1 job running.
[03:57:34] Block-level synthesis in progress, 63 of 64 jobs complete, 1 job running.
[03:58:05] Block-level synthesis in progress, 63 of 64 jobs complete, 1 job running.
[03:58:37] Block-level synthesis in progress, 63 of 64 jobs complete, 1 job running.
[03:59:08] Block-level synthesis in progress, 63 of 64 jobs complete, 1 job running.
[03:59:39] Block-level synthesis in progress, 63 of 64 jobs complete, 1 job running.
[04:00:10] Block-level synthesis in progress, 63 of 64 jobs complete, 1 job running.
[04:00:41] Block-level synthesis in progress, 63 of 64 jobs complete, 1 job running.
[04:01:13] Block-level synthesis in progress, 63 of 64 jobs complete, 1 job running.
[04:01:44] Block-level synthesis in progress, 63 of 64 jobs complete, 1 job running.
[04:02:15] Block-level synthesis in progress, 63 of 64 jobs complete, 1 job running.
[04:02:46] Block-level synthesis in progress, 63 of 64 jobs complete, 1 job running.
[04:03:17] Block-level synthesis in progress, 63 of 64 jobs complete, 1 job running.
[04:03:49] Block-level synthesis in progress, 63 of 64 jobs complete, 1 job running.
[04:04:20] Block-level synthesis in progress, 63 of 64 jobs complete, 1 job running.
[04:04:51] Block-level synthesis in progress, 63 of 64 jobs complete, 1 job running.
[04:05:22] Block-level synthesis in progress, 63 of 64 jobs complete, 1 job running.
[04:05:53] Block-level synthesis in progress, 63 of 64 jobs complete, 1 job running.
[04:06:24] Block-level synthesis in progress, 63 of 64 jobs complete, 1 job running.
[04:06:56] Block-level synthesis in progress, 63 of 64 jobs complete, 1 job running.
[04:07:27] Block-level synthesis in progress, 63 of 64 jobs complete, 1 job running.
[04:07:58] Block-level synthesis in progress, 63 of 64 jobs complete, 1 job running.
[04:08:29] Block-level synthesis in progress, 63 of 64 jobs complete, 1 job running.
[04:09:00] Block-level synthesis in progress, 63 of 64 jobs complete, 1 job running.
[04:09:32] Block-level synthesis in progress, 63 of 64 jobs complete, 1 job running.
[04:10:03] Block-level synthesis in progress, 63 of 64 jobs complete, 1 job running.
[04:10:34] Block-level synthesis in progress, 63 of 64 jobs complete, 1 job running.
[04:11:05] Block-level synthesis in progress, 63 of 64 jobs complete, 1 job running.
[04:11:36] Block-level synthesis in progress, 63 of 64 jobs complete, 1 job running.
[04:12:08] Block-level synthesis in progress, 63 of 64 jobs complete, 1 job running.
[04:12:39] Block-level synthesis in progress, 63 of 64 jobs complete, 1 job running.
[04:13:10] Block-level synthesis in progress, 63 of 64 jobs complete, 1 job running.
[04:13:41] Block-level synthesis in progress, 63 of 64 jobs complete, 1 job running.
[04:14:12] Block-level synthesis in progress, 63 of 64 jobs complete, 1 job running.
[04:14:43] Block-level synthesis in progress, 63 of 64 jobs complete, 1 job running.
[04:15:15] Block-level synthesis in progress, 63 of 64 jobs complete, 1 job running.
[04:15:46] Block-level synthesis in progress, 63 of 64 jobs complete, 1 job running.
[04:16:17] Block-level synthesis in progress, 63 of 64 jobs complete, 1 job running.
[04:16:48] Block-level synthesis in progress, 63 of 64 jobs complete, 1 job running.
[04:17:19] Block-level synthesis in progress, 63 of 64 jobs complete, 1 job running.
[04:17:51] Block-level synthesis in progress, 63 of 64 jobs complete, 1 job running.
[04:18:22] Block-level synthesis in progress, 63 of 64 jobs complete, 1 job running.
[04:18:53] Block-level synthesis in progress, 63 of 64 jobs complete, 1 job running.
[04:19:24] Block-level synthesis in progress, 63 of 64 jobs complete, 1 job running.
[04:19:55] Block-level synthesis in progress, 63 of 64 jobs complete, 1 job running.
[04:20:27] Block-level synthesis in progress, 63 of 64 jobs complete, 1 job running.
[04:20:58] Block-level synthesis in progress, 63 of 64 jobs complete, 1 job running.
[04:21:29] Block-level synthesis in progress, 63 of 64 jobs complete, 1 job running.
[04:22:00] Block-level synthesis in progress, 63 of 64 jobs complete, 1 job running.
[04:22:31] Block-level synthesis in progress, 63 of 64 jobs complete, 1 job running.
[04:23:02] Block-level synthesis in progress, 63 of 64 jobs complete, 1 job running.
[04:23:34] Block-level synthesis in progress, 63 of 64 jobs complete, 1 job running.
[04:24:05] Block-level synthesis in progress, 63 of 64 jobs complete, 1 job running.
[04:24:36] Block-level synthesis in progress, 63 of 64 jobs complete, 1 job running.
[04:25:07] Block-level synthesis in progress, 63 of 64 jobs complete, 1 job running.
[04:25:38] Block-level synthesis in progress, 63 of 64 jobs complete, 1 job running.
[04:26:10] Block-level synthesis in progress, 63 of 64 jobs complete, 1 job running.
[04:26:41] Block-level synthesis in progress, 63 of 64 jobs complete, 1 job running.
[04:27:12] Block-level synthesis in progress, 63 of 64 jobs complete, 1 job running.
[04:27:43] Block-level synthesis in progress, 63 of 64 jobs complete, 1 job running.
[04:28:15] Block-level synthesis in progress, 63 of 64 jobs complete, 1 job running.
[04:28:46] Block-level synthesis in progress, 63 of 64 jobs complete, 1 job running.
[04:29:17] Block-level synthesis in progress, 63 of 64 jobs complete, 1 job running.
[04:29:49] Block-level synthesis in progress, 63 of 64 jobs complete, 1 job running.
[04:30:20] Block-level synthesis in progress, 63 of 64 jobs complete, 1 job running.
[04:30:51] Block-level synthesis in progress, 63 of 64 jobs complete, 1 job running.
[04:31:23] Block-level synthesis in progress, 63 of 64 jobs complete, 1 job running.
[04:31:54] Block-level synthesis in progress, 63 of 64 jobs complete, 1 job running.
[04:32:26] Block-level synthesis in progress, 63 of 64 jobs complete, 1 job running.
[04:32:57] Block-level synthesis in progress, 63 of 64 jobs complete, 1 job running.
[04:33:28] Block-level synthesis in progress, 63 of 64 jobs complete, 1 job running.
[04:34:00] Block-level synthesis in progress, 63 of 64 jobs complete, 1 job running.
[04:34:31] Block-level synthesis in progress, 63 of 64 jobs complete, 1 job running.
[04:35:03] Block-level synthesis in progress, 63 of 64 jobs complete, 1 job running.
[04:35:34] Block-level synthesis in progress, 63 of 64 jobs complete, 1 job running.
[04:36:06] Block-level synthesis in progress, 63 of 64 jobs complete, 1 job running.
[04:36:37] Block-level synthesis in progress, 63 of 64 jobs complete, 1 job running.
[04:37:09] Block-level synthesis in progress, 63 of 64 jobs complete, 1 job running.
[04:37:41] Block-level synthesis in progress, 63 of 64 jobs complete, 1 job running.
[04:38:13] Block-level synthesis in progress, 63 of 64 jobs complete, 1 job running.
[04:38:44] Block-level synthesis in progress, 63 of 64 jobs complete, 1 job running.
[04:39:16] Block-level synthesis in progress, 63 of 64 jobs complete, 1 job running.
[04:39:48] Block-level synthesis in progress, 63 of 64 jobs complete, 1 job running.
[04:40:20] Block-level synthesis in progress, 63 of 64 jobs complete, 1 job running.
[04:40:51] Block-level synthesis in progress, 63 of 64 jobs complete, 1 job running.
[04:41:23] Block-level synthesis in progress, 63 of 64 jobs complete, 1 job running.
[04:41:55] Block-level synthesis in progress, 63 of 64 jobs complete, 1 job running.
[04:42:27] Block-level synthesis in progress, 63 of 64 jobs complete, 1 job running.
[04:42:58] Block-level synthesis in progress, 63 of 64 jobs complete, 1 job running.
[04:43:30] Block-level synthesis in progress, 63 of 64 jobs complete, 1 job running.
[04:44:02] Block-level synthesis in progress, 63 of 64 jobs complete, 1 job running.
[04:44:34] Block-level synthesis in progress, 63 of 64 jobs complete, 1 job running.
[04:45:05] Block-level synthesis in progress, 63 of 64 jobs complete, 1 job running.
[04:45:37] Block-level synthesis in progress, 63 of 64 jobs complete, 1 job running.
[04:46:09] Block-level synthesis in progress, 63 of 64 jobs complete, 1 job running.
[04:46:41] Block-level synthesis in progress, 63 of 64 jobs complete, 1 job running.
[04:47:12] Block-level synthesis in progress, 63 of 64 jobs complete, 1 job running.
[04:47:44] Block-level synthesis in progress, 63 of 64 jobs complete, 1 job running.
[04:48:16] Block-level synthesis in progress, 63 of 64 jobs complete, 1 job running.
[04:48:47] Block-level synthesis in progress, 63 of 64 jobs complete, 1 job running.
[04:49:19] Block-level synthesis in progress, 63 of 64 jobs complete, 1 job running.
[04:49:50] Block-level synthesis in progress, 63 of 64 jobs complete, 1 job running.
[04:50:22] Block-level synthesis in progress, 63 of 64 jobs complete, 1 job running.
[04:50:53] Block-level synthesis in progress, 63 of 64 jobs complete, 1 job running.
[04:51:25] Block-level synthesis in progress, 63 of 64 jobs complete, 1 job running.
[04:51:56] Block-level synthesis in progress, 63 of 64 jobs complete, 1 job running.
[04:52:28] Block-level synthesis in progress, 63 of 64 jobs complete, 1 job running.
[04:52:59] Block-level synthesis in progress, 63 of 64 jobs complete, 1 job running.
[04:53:31] Block-level synthesis in progress, 63 of 64 jobs complete, 1 job running.
[04:54:02] Block-level synthesis in progress, 63 of 64 jobs complete, 1 job running.
[04:54:34] Block-level synthesis in progress, 63 of 64 jobs complete, 1 job running.
[04:55:05] Block-level synthesis in progress, 63 of 64 jobs complete, 1 job running.
[04:55:37] Block-level synthesis in progress, 63 of 64 jobs complete, 1 job running.
[04:56:08] Block-level synthesis in progress, 63 of 64 jobs complete, 1 job running.
[04:56:40] Block-level synthesis in progress, 63 of 64 jobs complete, 1 job running.
[04:57:11] Block-level synthesis in progress, 63 of 64 jobs complete, 1 job running.
[04:57:43] Block-level synthesis in progress, 63 of 64 jobs complete, 1 job running.
[04:58:14] Block-level synthesis in progress, 63 of 64 jobs complete, 1 job running.
[04:58:46] Block-level synthesis in progress, 63 of 64 jobs complete, 1 job running.
[04:59:17] Block-level synthesis in progress, 63 of 64 jobs complete, 1 job running.
[04:59:49] Block-level synthesis in progress, 63 of 64 jobs complete, 1 job running.
[05:00:20] Block-level synthesis in progress, 63 of 64 jobs complete, 1 job running.
[05:00:52] Block-level synthesis in progress, 63 of 64 jobs complete, 1 job running.
[05:01:23] Block-level synthesis in progress, 63 of 64 jobs complete, 1 job running.
[05:01:55] Block-level synthesis in progress, 63 of 64 jobs complete, 1 job running.
[05:02:26] Block-level synthesis in progress, 63 of 64 jobs complete, 1 job running.
[05:02:58] Block-level synthesis in progress, 63 of 64 jobs complete, 1 job running.
[05:03:29] Block-level synthesis in progress, 63 of 64 jobs complete, 1 job running.
[05:04:01] Block-level synthesis in progress, 63 of 64 jobs complete, 1 job running.
[05:04:32] Block-level synthesis in progress, 63 of 64 jobs complete, 1 job running.
[05:05:04] Block-level synthesis in progress, 63 of 64 jobs complete, 1 job running.
[05:05:35] Block-level synthesis in progress, 63 of 64 jobs complete, 1 job running.
[05:06:07] Block-level synthesis in progress, 63 of 64 jobs complete, 1 job running.
[05:06:38] Block-level synthesis in progress, 63 of 64 jobs complete, 1 job running.
[05:07:10] Block-level synthesis in progress, 63 of 64 jobs complete, 1 job running.
[05:07:41] Block-level synthesis in progress, 63 of 64 jobs complete, 1 job running.
[05:08:13] Block-level synthesis in progress, 63 of 64 jobs complete, 1 job running.
[05:08:44] Block-level synthesis in progress, 63 of 64 jobs complete, 1 job running.
[05:09:16] Block-level synthesis in progress, 63 of 64 jobs complete, 1 job running.
[05:09:47] Block-level synthesis in progress, 63 of 64 jobs complete, 1 job running.
[05:10:19] Block-level synthesis in progress, 63 of 64 jobs complete, 1 job running.
[05:10:50] Block-level synthesis in progress, 63 of 64 jobs complete, 1 job running.
[05:11:22] Block-level synthesis in progress, 63 of 64 jobs complete, 1 job running.
[05:11:53] Block-level synthesis in progress, 63 of 64 jobs complete, 1 job running.
[05:12:25] Block-level synthesis in progress, 63 of 64 jobs complete, 1 job running.
[05:12:56] Block-level synthesis in progress, 63 of 64 jobs complete, 1 job running.
[05:13:28] Block-level synthesis in progress, 63 of 64 jobs complete, 1 job running.
[05:13:59] Block-level synthesis in progress, 63 of 64 jobs complete, 1 job running.
[05:14:31] Block-level synthesis in progress, 63 of 64 jobs complete, 1 job running.
[05:15:02] Block-level synthesis in progress, 63 of 64 jobs complete, 1 job running.
[05:15:34] Block-level synthesis in progress, 63 of 64 jobs complete, 1 job running.
[05:16:05] Block-level synthesis in progress, 63 of 64 jobs complete, 1 job running.
[05:16:37] Block-level synthesis in progress, 63 of 64 jobs complete, 1 job running.
[05:17:08] Block-level synthesis in progress, 63 of 64 jobs complete, 1 job running.
[05:17:40] Block-level synthesis in progress, 63 of 64 jobs complete, 1 job running.
[05:18:11] Block-level synthesis in progress, 63 of 64 jobs complete, 1 job running.
[05:18:43] Block-level synthesis in progress, 63 of 64 jobs complete, 1 job running.
[05:19:14] Block-level synthesis in progress, 63 of 64 jobs complete, 1 job running.
[05:19:46] Block-level synthesis in progress, 63 of 64 jobs complete, 1 job running.
[05:20:17] Block-level synthesis in progress, 63 of 64 jobs complete, 1 job running.
[05:20:49] Block-level synthesis in progress, 63 of 64 jobs complete, 1 job running.
[05:21:20] Block-level synthesis in progress, 63 of 64 jobs complete, 1 job running.
[05:21:52] Block-level synthesis in progress, 63 of 64 jobs complete, 1 job running.
[05:22:23] Block-level synthesis in progress, 63 of 64 jobs complete, 1 job running.
[05:22:55] Block-level synthesis in progress, 63 of 64 jobs complete, 1 job running.
[05:23:26] Block-level synthesis in progress, 63 of 64 jobs complete, 1 job running.
[05:23:58] Block-level synthesis in progress, 63 of 64 jobs complete, 1 job running.
[05:24:29] Block-level synthesis in progress, 63 of 64 jobs complete, 1 job running.
[05:25:01] Block-level synthesis in progress, 63 of 64 jobs complete, 1 job running.
[05:25:32] Block-level synthesis in progress, 63 of 64 jobs complete, 1 job running.
[05:26:04] Block-level synthesis in progress, 63 of 64 jobs complete, 1 job running.
[05:26:35] Block-level synthesis in progress, 63 of 64 jobs complete, 1 job running.
[05:27:07] Block-level synthesis in progress, 63 of 64 jobs complete, 1 job running.
[05:27:38] Block-level synthesis in progress, 63 of 64 jobs complete, 1 job running.
[05:28:10] Block-level synthesis in progress, 63 of 64 jobs complete, 1 job running.
[05:28:41] Block-level synthesis in progress, 63 of 64 jobs complete, 1 job running.
[05:29:13] Block-level synthesis in progress, 63 of 64 jobs complete, 1 job running.
[05:29:45] Block-level synthesis in progress, 63 of 64 jobs complete, 1 job running.
[05:30:17] Block-level synthesis in progress, 63 of 64 jobs complete, 1 job running.
[05:30:48] Block-level synthesis in progress, 63 of 64 jobs complete, 1 job running.
[05:31:20] Block-level synthesis in progress, 63 of 64 jobs complete, 1 job running.
[05:31:52] Block-level synthesis in progress, 63 of 64 jobs complete, 1 job running.
[05:32:23] Block-level synthesis in progress, 63 of 64 jobs complete, 1 job running.
[05:32:55] Block-level synthesis in progress, 63 of 64 jobs complete, 1 job running.
[05:33:27] Block-level synthesis in progress, 63 of 64 jobs complete, 1 job running.
[05:33:58] Block-level synthesis in progress, 63 of 64 jobs complete, 1 job running.
[05:34:30] Block-level synthesis in progress, 63 of 64 jobs complete, 1 job running.
[05:35:02] Block-level synthesis in progress, 63 of 64 jobs complete, 1 job running.
[05:35:34] Block-level synthesis in progress, 63 of 64 jobs complete, 1 job running.
[05:36:05] Block-level synthesis in progress, 63 of 64 jobs complete, 1 job running.
[05:36:37] Block-level synthesis in progress, 63 of 64 jobs complete, 1 job running.
[05:37:09] Block-level synthesis in progress, 63 of 64 jobs complete, 1 job running.
[05:37:40] Block-level synthesis in progress, 63 of 64 jobs complete, 1 job running.
[05:38:12] Block-level synthesis in progress, 63 of 64 jobs complete, 1 job running.
[05:38:44] Block-level synthesis in progress, 63 of 64 jobs complete, 1 job running.
[05:39:15] Block-level synthesis in progress, 63 of 64 jobs complete, 1 job running.
[05:39:47] Block-level synthesis in progress, 63 of 64 jobs complete, 1 job running.
[05:40:19] Block-level synthesis in progress, 63 of 64 jobs complete, 1 job running.
[05:40:51] Block-level synthesis in progress, 63 of 64 jobs complete, 1 job running.
[05:41:22] Block-level synthesis in progress, 63 of 64 jobs complete, 1 job running.
[05:41:54] Block-level synthesis in progress, 63 of 64 jobs complete, 1 job running.
[05:42:26] Block-level synthesis in progress, 63 of 64 jobs complete, 1 job running.
[05:42:57] Block-level synthesis in progress, 63 of 64 jobs complete, 1 job running.
[05:43:29] Block-level synthesis in progress, 64 of 64 jobs complete, 0 jobs running.
[05:44:01] Top-level synthesis in progress.
[05:44:32] Top-level synthesis in progress.
[05:45:04] Top-level synthesis in progress.
[05:45:36] Top-level synthesis in progress.
[05:46:07] Top-level synthesis in progress.
[05:46:23] Run vpl: Step synth: Completed
[05:46:23] Run vpl: Step impl: Started
[06:05:55] Finished 2nd of 6 tasks (FPGA linking synthesized kernels to platform). Elapsed time: 02h 52m 29s 

[06:05:55] Starting logic optimization..
[06:06:27] Phase 1 Generate And Synthesize Debug Cores
[06:11:12] Phase 2 Retarget
[06:11:44] Phase 3 Constant propagation
[06:12:15] Phase 4 Sweep
[06:13:50] Phase 5 BUFG optimization
[06:14:53] Phase 6 Shift Register Optimization
[06:15:25] Phase 7 Post Processing Netlist
[06:17:31] Finished 3rd of 6 tasks (FPGA logic optimization). Elapsed time: 00h 11m 36s 

[06:17:31] Starting logic placement..
[06:19:06] Phase 1 Placer Initialization
[06:19:06] Phase 1.1 Placer Initialization Netlist Sorting
[06:21:12] Phase 1.2 IO Placement/ Clock Placement/ Build Placer Device
[06:24:22] Phase 1.3 Build Placer Netlist Model
[06:29:40] Phase 1.4 Constrain Clocks/Macros
[06:30:11] Phase 2 Global Placement
[06:30:43] Phase 2.1 Floorplanning
[06:38:07] Phase 2.2 Global Placement Core
[06:52:58] Phase 2.2.1 Physical Synthesis In Placer
[07:07:17] Phase 3 Detail Placement
[07:07:17] Phase 3.1 Commit Multi Column Macros
[07:07:49] Phase 3.2 Commit Most Macros & LUTRAMs
[07:09:24] Phase 3.3 Area Swap Optimization
[07:10:28] Phase 3.4 Pipeline Register Optimization
[07:10:28] Phase 3.5 IO Cut Optimizer
[07:10:28] Phase 3.6 Fast Optimization
[07:13:07] Phase 3.7 Small Shape DP
[07:13:07] Phase 3.7.1 Small Shape Clustering
[07:14:11] Phase 3.7.2 Flow Legalize Slice Clusters
[07:14:11] Phase 3.7.3 Slice Area Swap
[07:15:47] Phase 3.7.4 Commit Slice Clusters
[07:16:19] Phase 3.8 Place Remaining
[07:16:50] Phase 3.9 Re-assign LUT pins
[07:18:27] Phase 3.10 Pipeline Register Optimization
[07:18:27] Phase 3.11 Fast Optimization
[07:21:39] Phase 4 Post Placement Optimization and Clean-Up
[07:21:39] Phase 4.1 Post Commit Optimization
[07:25:23] Phase 4.1.1 Post Placement Optimization
[07:25:55] Phase 4.1.1.1 BUFG Insertion
[07:30:10] Phase 4.1.1.2 BUFG Replication
[07:31:46] Phase 4.1.1.3 Replication
[07:33:22] Phase 4.2 Post Placement Cleanup
[07:34:57] Phase 4.3 Placer Reporting
[07:35:29] Phase 4.4 Final Placement Cleanup
[07:46:39] Finished 4th of 6 tasks (FPGA logic placement). Elapsed time: 01h 29m 08s 

[07:46:39] Starting logic routing..
[07:48:15] Phase 1 Build RT Design
[07:53:33] Phase 2 Router Initialization
[07:53:33] Phase 2.1 Fix Topology Constraints
[07:53:33] Phase 2.2 Pre Route Cleanup
[07:54:05] Phase 2.3 Global Clock Net Routing
[07:55:40] Phase 2.4 Update Timing
[08:03:08] Phase 2.5 Update Timing for Bus Skew
[08:03:08] Phase 2.5.1 Update Timing
[08:06:20] Phase 3 Initial Routing
[08:06:20] Phase 3.1 Global Routing
[08:11:38] Phase 4 Rip-up And Reroute
[08:11:38] Phase 4.1 Global Iteration 0
[09:19:44] Phase 4.2 Global Iteration 1
[09:35:10] Phase 4.3 Global Iteration 2
[09:53:13] Phase 4.4 Global Iteration 3
[10:05:58] Phase 4.5 Global Iteration 4
[10:15:31] Phase 4.6 Global Iteration 5
[10:28:16] Phase 5 Delay and Skew Optimization
[10:28:16] Phase 5.1 Delay CleanUp
[10:28:48] Phase 5.2 Clock Skew Optimization
[10:29:20] Phase 6 Post Hold Fix
[10:29:20] Phase 6.1 Hold Fix Iter
[10:29:20] Phase 6.1.1 Update Timing
[10:32:31] Phase 7 Leaf Clock Prog Delay Opt
[10:35:11] Phase 8 Route finalize
[10:35:11] Phase 9 Verifying routed nets
[10:35:43] Phase 10 Depositing Routes
[10:37:18] Phase 11 Post Router Timing
[10:37:50] Finished 5th of 6 tasks (FPGA routing). Elapsed time: 02h 51m 10s 

[10:37:50] Starting bitstream generation..
[10:59:36] Creating bitmap...
[11:07:34] Writing bitstream ./pfm_top_i_L1_L1_URP_my_rm_partial.bit...
[11:07:34] Finished 6th of 6 tasks (FPGA bitstream generation). Elapsed time: 00h 29m 43s 
[11:08:16] Run vpl: Step impl: Completed
[11:08:18] Run vpl: FINISHED. Run Status: impl Complete!
INFO: [v++ 60-1441] [11:08:19] Run run_link: Step vpl: Completed
Time (s): cpu = 03:27:06 ; elapsed = 07:54:55 . Memory (MB): peak = 687.352 ; gain = 0.000 ; free physical = 29285 ; free virtual = 87477
INFO: [v++ 60-1443] [11:08:19] Run run_link: Step rtdgen: Started
INFO: [v++ 60-1453] Command Line: rtdgen
INFO: [v++ 60-1454] Run Directory: /home/YL_HUANG/2_3/alveo_full_model_5_sets/all_single/build_dir.hw.xilinx_u50_xdma_201920_1/link/run_link
INFO: [v++ 60-991] clock name 'clkwiz_kernel2_clk_out1' (clock ID '1') is being mapped to clock name 'KERNEL_CLK' in the xclbin
INFO: [v++ 60-991] clock name 'clkwiz_kernel_clk_out1' (clock ID '0') is being mapped to clock name 'DATA_CLK' in the xclbin
INFO: [v++ 60-1230] The compiler selected the following frequencies for the runtime controllable kernel clock(s) and scalable system clock(s): Kernel (KERNEL) clock: clkwiz_kernel2_clk_out1 = 500, Kernel (DATA) clock: clkwiz_kernel_clk_out1 = 200
INFO: [v++ 60-1453] Command Line: cf2sw -a /home/YL_HUANG/2_3/alveo_full_model_5_sets/all_single/build_dir.hw.xilinx_u50_xdma_201920_1/link/int/address_map.xml -sdsl /home/YL_HUANG/2_3/alveo_full_model_5_sets/all_single/build_dir.hw.xilinx_u50_xdma_201920_1/link/int/sdsl.dat -xclbin /home/YL_HUANG/2_3/alveo_full_model_5_sets/all_single/build_dir.hw.xilinx_u50_xdma_201920_1/link/int/xclbin_orig.xml -rtd /home/YL_HUANG/2_3/alveo_full_model_5_sets/all_single/build_dir.hw.xilinx_u50_xdma_201920_1/link/int/alveo_hls4ml.rtd -o /home/YL_HUANG/2_3/alveo_full_model_5_sets/all_single/build_dir.hw.xilinx_u50_xdma_201920_1/link/int/alveo_hls4ml.xml
INFO: [v++ 60-1618] Launching 
INFO: [v++ 60-1441] [11:08:21] Run run_link: Step rtdgen: Completed
Time (s): cpu = 00:00:03 ; elapsed = 00:00:03 . Memory (MB): peak = 687.352 ; gain = 0.000 ; free physical = 29299 ; free virtual = 87492
INFO: [v++ 60-1443] [11:08:21] Run run_link: Step xclbinutil: Started
INFO: [v++ 60-1453] Command Line: xclbinutil --add-section BITSTREAM:RAW:/home/YL_HUANG/2_3/alveo_full_model_5_sets/all_single/build_dir.hw.xilinx_u50_xdma_201920_1/link/int/partial.bit --force --key-value SYS:mode:hw_pr --add-section :JSON:/home/YL_HUANG/2_3/alveo_full_model_5_sets/all_single/build_dir.hw.xilinx_u50_xdma_201920_1/link/int/alveo_hls4ml.rtd --append-section :JSON:/home/YL_HUANG/2_3/alveo_full_model_5_sets/all_single/build_dir.hw.xilinx_u50_xdma_201920_1/link/int/appendSection.rtd --add-section CLOCK_FREQ_TOPOLOGY:JSON:/home/YL_HUANG/2_3/alveo_full_model_5_sets/all_single/build_dir.hw.xilinx_u50_xdma_201920_1/link/int/alveo_hls4ml_xml.rtd --add-section BUILD_METADATA:JSON:/home/YL_HUANG/2_3/alveo_full_model_5_sets/all_single/build_dir.hw.xilinx_u50_xdma_201920_1/link/int/alveo_hls4ml_build.rtd --add-section EMBEDDED_METADATA:RAW:/home/YL_HUANG/2_3/alveo_full_model_5_sets/all_single/build_dir.hw.xilinx_u50_xdma_201920_1/link/int/alveo_hls4ml.xml --add-section SYSTEM_METADATA:RAW:/home/YL_HUANG/2_3/alveo_full_model_5_sets/all_single/build_dir.hw.xilinx_u50_xdma_201920_1/link/int/systemDiagramModelSlrBaseAddress.json --output /home/YL_HUANG/2_3/alveo_full_model_5_sets/all_single/build_dir.hw.xilinx_u50_xdma_201920_1/link/int/alveo_hls4ml.xclbin
INFO: [v++ 60-1454] Run Directory: /home/YL_HUANG/2_3/alveo_full_model_5_sets/all_single/build_dir.hw.xilinx_u50_xdma_201920_1/link/run_link
XRT Build Version: 2.3.1301
       Build Date: 2019-10-25 03:04:42
          Hash ID: 192e706aea53163a04c574f9b3fe9ed76b6ca471
Creating a default 'in-memory' xclbin image.

Section: 'BITSTREAM'(0) was successfully added.
Size   : 56159182 bytes
Format : RAW
File   : '/home/YL_HUANG/2_3/alveo_full_model_5_sets/all_single/build_dir.hw.xilinx_u50_xdma_201920_1/link/int/partial.bit'

Section: 'MEM_TOPOLOGY'(6) was successfully added.
Format : JSON
File   : 'mem_topology'

Section: 'IP_LAYOUT'(8) was successfully added.
Format : JSON
File   : 'ip_layout'

Section: 'CONNECTIVITY'(7) was successfully added.
Format : JSON
File   : 'connectivity'

Section: 'CLOCK_FREQ_TOPOLOGY'(11) was successfully added.
Size   : 274 bytes
Format : JSON
File   : '/home/YL_HUANG/2_3/alveo_full_model_5_sets/all_single/build_dir.hw.xilinx_u50_xdma_201920_1/link/int/alveo_hls4ml_xml.rtd'

Section: 'BUILD_METADATA'(14) was successfully added.
Size   : 3421 bytes
Format : JSON
File   : '/home/YL_HUANG/2_3/alveo_full_model_5_sets/all_single/build_dir.hw.xilinx_u50_xdma_201920_1/link/int/alveo_hls4ml_build.rtd'

Section: 'EMBEDDED_METADATA'(2) was successfully added.
Size   : 1746140 bytes
Format : RAW
File   : '/home/YL_HUANG/2_3/alveo_full_model_5_sets/all_single/build_dir.hw.xilinx_u50_xdma_201920_1/link/int/alveo_hls4ml.xml'

Section: 'SYSTEM_METADATA'(22) was successfully added.
Size   : 11965 bytes
Format : RAW
File   : '/home/YL_HUANG/2_3/alveo_full_model_5_sets/all_single/build_dir.hw.xilinx_u50_xdma_201920_1/link/int/systemDiagramModelSlrBaseAddress.json'

Section: 'IP_LAYOUT'(8) was successfully appended to.
Format : JSON
File   : 'ip_layout'
Successfully wrote (57938741 bytes) to the output file: /home/YL_HUANG/2_3/alveo_full_model_5_sets/all_single/build_dir.hw.xilinx_u50_xdma_201920_1/link/int/alveo_hls4ml.xclbin
Leaving xclbinutil.
INFO: [v++ 60-1441] [11:08:22] Run run_link: Step xclbinutil: Completed
Time (s): cpu = 00:00:00.01 ; elapsed = 00:00:00.15 . Memory (MB): peak = 687.352 ; gain = 0.000 ; free physical = 29244 ; free virtual = 87492
INFO: [v++ 60-1443] [11:08:22] Run run_link: Step xclbinutilinfo: Started
INFO: [v++ 60-1453] Command Line: xclbinutil --quiet --info /home/YL_HUANG/2_3/alveo_full_model_5_sets/all_single/build_dir.hw.xilinx_u50_xdma_201920_1/link/int/alveo_hls4ml.xclbin.info --input /home/YL_HUANG/2_3/alveo_full_model_5_sets/all_single/build_dir.hw.xilinx_u50_xdma_201920_1/link/int/alveo_hls4ml.xclbin
INFO: [v++ 60-1454] Run Directory: /home/YL_HUANG/2_3/alveo_full_model_5_sets/all_single/build_dir.hw.xilinx_u50_xdma_201920_1/link/run_link
INFO: [v++ 60-1441] [11:08:22] Run run_link: Step xclbinutilinfo: Completed
Time (s): cpu = 00:00:00.41 ; elapsed = 00:00:00.47 . Memory (MB): peak = 687.352 ; gain = 0.000 ; free physical = 29244 ; free virtual = 87492
INFO: [v++ 60-244] Generating system estimate report...
INFO: [v++ 60-1092] Generated system estimate report: /home/YL_HUANG/2_3/alveo_full_model_5_sets/all_single/build_dir.hw.xilinx_u50_xdma_201920_1/reports/link/system_estimate_alveo_hls4ml.xtxt
INFO: [v++ 60-586] Created /home/YL_HUANG/2_3/alveo_full_model_5_sets/all_single/build_dir.hw.xilinx_u50_xdma_201920_1/alveo_hls4ml.ltx
INFO: [v++ 60-586] Created build_dir.hw.xilinx_u50_xdma_201920_1/alveo_hls4ml.xclbin
INFO: [v++ 60-1307] Run completed. Additional information can be found in:
	Guidance: /home/YL_HUANG/2_3/alveo_full_model_5_sets/all_single/build_dir.hw.xilinx_u50_xdma_201920_1/reports/link/v++_link_alveo_hls4ml_guidance.html
	Timing Report: /home/YL_HUANG/2_3/alveo_full_model_5_sets/all_single/build_dir.hw.xilinx_u50_xdma_201920_1/reports/link/imp/xilinx_u50_xdma_201920_1_bb_locked_timing_summary_routed.rpt
	Utilizations Report: /home/YL_HUANG/2_3/alveo_full_model_5_sets/all_single/build_dir.hw.xilinx_u50_xdma_201920_1/reports/link/imp/kernel_util_routed.rpt
	Vivado Log: /home/YL_HUANG/2_3/alveo_full_model_5_sets/all_single/build_dir.hw.xilinx_u50_xdma_201920_1/logs/link/vivado.log
	Steps Log File: /home/YL_HUANG/2_3/alveo_full_model_5_sets/all_single/build_dir.hw.xilinx_u50_xdma_201920_1/logs/link/link.steps.log

INFO: [v++ 60-791] Total elapsed time: 7h 55m 20s
