

================================================================
== Vivado HLS Report for 'Block_entry_proc_proc'
================================================================
* Date:           Fri Feb  3 04:17:01 2023

* Version:        2019.2 (Build 2704478 on Wed Nov 06 22:10:23 MST 2019)
* Project:        alveo_hls4ml
* Solution:       solution
* Product family: virtexuplus
* Target device:  xcu50-fsvh2104-2L-e


================================================================
== Performance Estimates
================================================================
+ Timing: 
    * Summary: 
    +--------+---------+----------+------------+
    |  Clock |  Target | Estimated| Uncertainty|
    +--------+---------+----------+------------+
    |ap_clk  | 4.00 ns | 1.458 ns |   0.90 ns  |
    +--------+---------+----------+------------+

+ Latency: 
    * Summary: 
    +---------+---------+----------+----------+-----+-----+---------+
    |  Latency (cycles) |  Latency (absolute) |  Interval | Pipeline|
    |   min   |   max   |    min   |    max   | min | max |   Type  |
    +---------+---------+----------+----------+-----+-----+---------+
    |        0|        0|   0 ns   |   0 ns   |    0|    0|   none  |
    +---------+---------+----------+----------+-----+-----+---------+

    + Detail: 
        * Instance: 
        N/A

        * Loop: 
        N/A



================================================================
== Utilization Estimates
================================================================
* Summary: 
+---------------------+---------+-------+---------+--------+-----+
|         Name        | BRAM_18K| DSP48E|    FF   |   LUT  | URAM|
+---------------------+---------+-------+---------+--------+-----+
|DSP                  |        -|      -|        -|       -|    -|
|Expression           |        -|      -|        0|       2|    -|
|FIFO                 |        -|      -|        -|       -|    -|
|Instance             |        -|      -|        -|       -|    -|
|Memory               |        -|      -|        -|       -|    -|
|Multiplexer          |        -|      -|        -|      27|    -|
|Register             |        -|      -|       34|       -|    -|
+---------------------+---------+-------+---------+--------+-----+
|Total                |        0|      0|       34|      29|    0|
+---------------------+---------+-------+---------+--------+-----+
|Available SLR        |     1344|   2976|   871680|  435840|  320|
+---------------------+---------+-------+---------+--------+-----+
|Utilization SLR (%)  |        0|      0|    ~0   |   ~0   |    0|
+---------------------+---------+-------+---------+--------+-----+
|Available            |     2688|   5952|  1743360|  871680|  640|
+---------------------+---------+-------+---------+--------+-----+
|Utilization (%)      |        0|      0|    ~0   |   ~0   |    0|
+---------------------+---------+-------+---------+--------+-----+

+ Detail: 
    * Instance: 
    N/A

    * DSP48E: 
    N/A

    * Memory: 
    N/A

    * FIFO: 
    N/A

    * Expression: 
    +-----------------+----------+-------+---+----+------------+------------+
    |  Variable Name  | Operation| DSP48E| FF| LUT| Bitwidth P0| Bitwidth P1|
    +-----------------+----------+-------+---+----+------------+------------+
    |ap_block_state1  |    or    |      0|  0|   2|           1|           1|
    +-----------------+----------+-------+---+----+------------+------------+
    |Total            |          |      0|  0|   2|           1|           1|
    +-----------------+----------+-------+---+----+------------+------------+

    * Multiplexer: 
    +--------------------------+----+-----------+-----+-----------+
    |           Name           | LUT| Input Size| Bits| Total Bits|
    +--------------------------+----+-----------+-----+-----------+
    |ap_done                   |   9|          2|    1|          2|
    |out_stream_0_V_V13_blk_n  |   9|          2|    1|          2|
    |tmp_V_140814              |   9|          2|   32|         64|
    +--------------------------+----+-----------+-----+-----------+
    |Total                     |  27|          6|   34|         68|
    +--------------------------+----+-----------+-----+-----------+

    * Register: 
    +-------------------+----+----+-----+-----------+
    |        Name       | FF | LUT| Bits| Const Bits|
    +-------------------+----+----+-----+-----------+
    |ap_CS_fsm          |   1|   0|    1|          0|
    |ap_done_reg        |   1|   0|    1|          0|
    |tmp_V_140814_preg  |  32|   0|   32|          0|
    +-------------------+----+----+-----+-----------+
    |Total              |  34|   0|   34|          0|
    +-------------------+----+----+-----+-----------+



================================================================
== Interface
================================================================
* Summary: 
+----------------------------+-----+-----+------------+-----------------------+--------------+
|          RTL Ports         | Dir | Bits|  Protocol  |     Source Object     |    C Type    |
+----------------------------+-----+-----+------------+-----------------------+--------------+
|ap_clk                      |  in |    1| ap_ctrl_hs | Block_entry_proc_proc | return value |
|ap_rst                      |  in |    1| ap_ctrl_hs | Block_entry_proc_proc | return value |
|ap_start                    |  in |    1| ap_ctrl_hs | Block_entry_proc_proc | return value |
|ap_done                     | out |    1| ap_ctrl_hs | Block_entry_proc_proc | return value |
|ap_continue                 |  in |    1| ap_ctrl_hs | Block_entry_proc_proc | return value |
|ap_idle                     | out |    1| ap_ctrl_hs | Block_entry_proc_proc | return value |
|ap_ready                    | out |    1| ap_ctrl_hs | Block_entry_proc_proc | return value |
|out_stream_0_V_V13_dout     |  in |   32|   ap_fifo  |   out_stream_0_V_V13  |    pointer   |
|out_stream_0_V_V13_empty_n  |  in |    1|   ap_fifo  |   out_stream_0_V_V13  |    pointer   |
|out_stream_0_V_V13_read     | out |    1|   ap_fifo  |   out_stream_0_V_V13  |    pointer   |
|tmp_V_140814                | out |   32|   ap_vld   |      tmp_V_140814     |    pointer   |
|tmp_V_140814_ap_vld         | out |    1|   ap_vld   |      tmp_V_140814     |    pointer   |
+----------------------------+-----+-----+------------+-----------------------+--------------+

