

================================================================
== Vivado HLS Report for 'cnnshift_arr_ap_fixed_8_2_5_3_0_ap_fixed_8_2_4_0_0_config70_s'
================================================================
* Date:           Sat Jan 21 04:36:05 2023

* Version:        2019.2 (Build 2704478 on Wed Nov 06 22:10:23 MST 2019)
* Project:        alveo_hls4ml
* Solution:       solution
* Product family: virtexuplus
* Target device:  xcu50-fsvh2104-2L-e


================================================================
== Performance Estimates
================================================================
+ Timing: 
    * Summary: 
    +--------+---------+----------+------------+
    |  Clock |  Target | Estimated| Uncertainty|
    +--------+---------+----------+------------+
    |ap_clk  | 4.00 ns | 2.380 ns |   0.90 ns  |
    +--------+---------+----------+------------+

+ Latency: 
    * Summary: 
    +---------+---------+-----------+-----------+-----+-----+----------+
    |  Latency (cycles) |   Latency (absolute)  |  Interval | Pipeline |
    |   min   |   max   |    min    |    max    | min | max |   Type   |
    +---------+---------+-----------+-----------+-----+-----+----------+
    |        8|        8| 32.000 ns | 32.000 ns |    9|    9| function |
    +---------+---------+-----------+-----------+-----+-----+----------+

    + Detail: 
        * Instance: 
        N/A

        * Loop: 
        N/A



================================================================
== Utilization Estimates
================================================================
* Summary: 
+---------------------+---------+-------+---------+--------+-----+
|         Name        | BRAM_18K| DSP48E|    FF   |   LUT  | URAM|
+---------------------+---------+-------+---------+--------+-----+
|DSP                  |        -|      -|        -|       -|    -|
|Expression           |        -|      -|        -|       -|    -|
|FIFO                 |        -|      -|        -|       -|    -|
|Instance             |        -|      -|        -|       -|    -|
|Memory               |        0|      -|    16384|    8192|    -|
|Multiplexer          |        -|      -|        -|     201|    -|
|Register             |        -|      -|     9225|       -|    -|
+---------------------+---------+-------+---------+--------+-----+
|Total                |        0|      0|    25609|    8393|    0|
+---------------------+---------+-------+---------+--------+-----+
|Available SLR        |     1344|   2976|   871680|  435840|  320|
+---------------------+---------+-------+---------+--------+-----+
|Utilization SLR (%)  |        0|      0|        2|       1|    0|
+---------------------+---------+-------+---------+--------+-----+
|Available            |     2688|   5952|  1743360|  871680|  640|
+---------------------+---------+-------+---------+--------+-----+
|Utilization (%)      |        0|      0|        1|   ~0   |    0|
+---------------------+---------+-------+---------+--------+-----+

+ Detail: 
    * Instance: 
    N/A

    * DSP48E: 
    N/A

    * Memory: 
    +------------------------------+----------------------------------------------------------------------------------+---------+-----+----+-----+------+-----+------+-------------+
    |            Memory            |                                      Module                                      | BRAM_18K|  FF | LUT| URAM| Words| Bits| Banks| W*Bits*Banks|
    +------------------------------+----------------------------------------------------------------------------------+---------+-----+----+-----+------+-----+------+-------------+
    |linebuffer_Array_V_7_0_0_U    |cnnshift_arr_ap_fixed_8_2_5_3_0_ap_fixed_8_2_4_0_0_config70_s_linebuffer_Arralmb  |        0|   64|  32|    0|     5|    8|     1|           40|
    |linebuffer_Array_V_7_1_0_U    |cnnshift_arr_ap_fixed_8_2_5_3_0_ap_fixed_8_2_4_0_0_config70_s_linebuffer_Arralmb  |        0|   64|  32|    0|     5|    8|     1|           40|
    |linebuffer_Array_V_7_0_1_U    |cnnshift_arr_ap_fixed_8_2_5_3_0_ap_fixed_8_2_4_0_0_config70_s_linebuffer_Arralmb  |        0|   64|  32|    0|     5|    8|     1|           40|
    |linebuffer_Array_V_7_1_1_U    |cnnshift_arr_ap_fixed_8_2_5_3_0_ap_fixed_8_2_4_0_0_config70_s_linebuffer_Arralmb  |        0|   64|  32|    0|     5|    8|     1|           40|
    |linebuffer_Array_V_7_0_2_U    |cnnshift_arr_ap_fixed_8_2_5_3_0_ap_fixed_8_2_4_0_0_config70_s_linebuffer_Arralmb  |        0|   64|  32|    0|     5|    8|     1|           40|
    |linebuffer_Array_V_7_1_2_U    |cnnshift_arr_ap_fixed_8_2_5_3_0_ap_fixed_8_2_4_0_0_config70_s_linebuffer_Arralmb  |        0|   64|  32|    0|     5|    8|     1|           40|
    |linebuffer_Array_V_7_0_3_U    |cnnshift_arr_ap_fixed_8_2_5_3_0_ap_fixed_8_2_4_0_0_config70_s_linebuffer_Arralmb  |        0|   64|  32|    0|     5|    8|     1|           40|
    |linebuffer_Array_V_7_1_3_U    |cnnshift_arr_ap_fixed_8_2_5_3_0_ap_fixed_8_2_4_0_0_config70_s_linebuffer_Arralmb  |        0|   64|  32|    0|     5|    8|     1|           40|
    |linebuffer_Array_V_7_0_4_U    |cnnshift_arr_ap_fixed_8_2_5_3_0_ap_fixed_8_2_4_0_0_config70_s_linebuffer_Arralmb  |        0|   64|  32|    0|     5|    8|     1|           40|
    |linebuffer_Array_V_7_1_4_U    |cnnshift_arr_ap_fixed_8_2_5_3_0_ap_fixed_8_2_4_0_0_config70_s_linebuffer_Arralmb  |        0|   64|  32|    0|     5|    8|     1|           40|
    |linebuffer_Array_V_7_0_5_U    |cnnshift_arr_ap_fixed_8_2_5_3_0_ap_fixed_8_2_4_0_0_config70_s_linebuffer_Arralmb  |        0|   64|  32|    0|     5|    8|     1|           40|
    |linebuffer_Array_V_7_1_5_U    |cnnshift_arr_ap_fixed_8_2_5_3_0_ap_fixed_8_2_4_0_0_config70_s_linebuffer_Arralmb  |        0|   64|  32|    0|     5|    8|     1|           40|
    |linebuffer_Array_V_7_0_6_U    |cnnshift_arr_ap_fixed_8_2_5_3_0_ap_fixed_8_2_4_0_0_config70_s_linebuffer_Arralmb  |        0|   64|  32|    0|     5|    8|     1|           40|
    |linebuffer_Array_V_7_1_6_U    |cnnshift_arr_ap_fixed_8_2_5_3_0_ap_fixed_8_2_4_0_0_config70_s_linebuffer_Arralmb  |        0|   64|  32|    0|     5|    8|     1|           40|
    |linebuffer_Array_V_7_0_7_U    |cnnshift_arr_ap_fixed_8_2_5_3_0_ap_fixed_8_2_4_0_0_config70_s_linebuffer_Arralmb  |        0|   64|  32|    0|     5|    8|     1|           40|
    |linebuffer_Array_V_7_1_7_U    |cnnshift_arr_ap_fixed_8_2_5_3_0_ap_fixed_8_2_4_0_0_config70_s_linebuffer_Arralmb  |        0|   64|  32|    0|     5|    8|     1|           40|
    |linebuffer_Array_V_7_0_8_U    |cnnshift_arr_ap_fixed_8_2_5_3_0_ap_fixed_8_2_4_0_0_config70_s_linebuffer_Arralmb  |        0|   64|  32|    0|     5|    8|     1|           40|
    |linebuffer_Array_V_7_1_8_U    |cnnshift_arr_ap_fixed_8_2_5_3_0_ap_fixed_8_2_4_0_0_config70_s_linebuffer_Arralmb  |        0|   64|  32|    0|     5|    8|     1|           40|
    |linebuffer_Array_V_7_0_9_U    |cnnshift_arr_ap_fixed_8_2_5_3_0_ap_fixed_8_2_4_0_0_config70_s_linebuffer_Arralmb  |        0|   64|  32|    0|     5|    8|     1|           40|
    |linebuffer_Array_V_7_1_9_U    |cnnshift_arr_ap_fixed_8_2_5_3_0_ap_fixed_8_2_4_0_0_config70_s_linebuffer_Arralmb  |        0|   64|  32|    0|     5|    8|     1|           40|
    |linebuffer_Array_V_7_0_10_U   |cnnshift_arr_ap_fixed_8_2_5_3_0_ap_fixed_8_2_4_0_0_config70_s_linebuffer_Arralmb  |        0|   64|  32|    0|     5|    8|     1|           40|
    |linebuffer_Array_V_7_1_10_U   |cnnshift_arr_ap_fixed_8_2_5_3_0_ap_fixed_8_2_4_0_0_config70_s_linebuffer_Arralmb  |        0|   64|  32|    0|     5|    8|     1|           40|
    |linebuffer_Array_V_7_0_11_U   |cnnshift_arr_ap_fixed_8_2_5_3_0_ap_fixed_8_2_4_0_0_config70_s_linebuffer_Arralmb  |        0|   64|  32|    0|     5|    8|     1|           40|
    |linebuffer_Array_V_7_1_11_U   |cnnshift_arr_ap_fixed_8_2_5_3_0_ap_fixed_8_2_4_0_0_config70_s_linebuffer_Arralmb  |        0|   64|  32|    0|     5|    8|     1|           40|
    |linebuffer_Array_V_7_0_12_U   |cnnshift_arr_ap_fixed_8_2_5_3_0_ap_fixed_8_2_4_0_0_config70_s_linebuffer_Arralmb  |        0|   64|  32|    0|     5|    8|     1|           40|
    |linebuffer_Array_V_7_1_12_U   |cnnshift_arr_ap_fixed_8_2_5_3_0_ap_fixed_8_2_4_0_0_config70_s_linebuffer_Arralmb  |        0|   64|  32|    0|     5|    8|     1|           40|
    |linebuffer_Array_V_7_0_13_U   |cnnshift_arr_ap_fixed_8_2_5_3_0_ap_fixed_8_2_4_0_0_config70_s_linebuffer_Arralmb  |        0|   64|  32|    0|     5|    8|     1|           40|
    |linebuffer_Array_V_7_1_13_U   |cnnshift_arr_ap_fixed_8_2_5_3_0_ap_fixed_8_2_4_0_0_config70_s_linebuffer_Arralmb  |        0|   64|  32|    0|     5|    8|     1|           40|
    |linebuffer_Array_V_7_0_14_U   |cnnshift_arr_ap_fixed_8_2_5_3_0_ap_fixed_8_2_4_0_0_config70_s_linebuffer_Arralmb  |        0|   64|  32|    0|     5|    8|     1|           40|
    |linebuffer_Array_V_7_1_14_U   |cnnshift_arr_ap_fixed_8_2_5_3_0_ap_fixed_8_2_4_0_0_config70_s_linebuffer_Arralmb  |        0|   64|  32|    0|     5|    8|     1|           40|
    |linebuffer_Array_V_7_0_15_U   |cnnshift_arr_ap_fixed_8_2_5_3_0_ap_fixed_8_2_4_0_0_config70_s_linebuffer_Arralmb  |        0|   64|  32|    0|     5|    8|     1|           40|
    |linebuffer_Array_V_7_1_15_U   |cnnshift_arr_ap_fixed_8_2_5_3_0_ap_fixed_8_2_4_0_0_config70_s_linebuffer_Arralmb  |        0|   64|  32|    0|     5|    8|     1|           40|
    |linebuffer_Array_V_7_0_16_U   |cnnshift_arr_ap_fixed_8_2_5_3_0_ap_fixed_8_2_4_0_0_config70_s_linebuffer_Arralmb  |        0|   64|  32|    0|     5|    8|     1|           40|
    |linebuffer_Array_V_7_1_16_U   |cnnshift_arr_ap_fixed_8_2_5_3_0_ap_fixed_8_2_4_0_0_config70_s_linebuffer_Arralmb  |        0|   64|  32|    0|     5|    8|     1|           40|
    |linebuffer_Array_V_7_0_17_U   |cnnshift_arr_ap_fixed_8_2_5_3_0_ap_fixed_8_2_4_0_0_config70_s_linebuffer_Arralmb  |        0|   64|  32|    0|     5|    8|     1|           40|
    |linebuffer_Array_V_7_1_17_U   |cnnshift_arr_ap_fixed_8_2_5_3_0_ap_fixed_8_2_4_0_0_config70_s_linebuffer_Arralmb  |        0|   64|  32|    0|     5|    8|     1|           40|
    |linebuffer_Array_V_7_0_18_U   |cnnshift_arr_ap_fixed_8_2_5_3_0_ap_fixed_8_2_4_0_0_config70_s_linebuffer_Arralmb  |        0|   64|  32|    0|     5|    8|     1|           40|
    |linebuffer_Array_V_7_1_18_U   |cnnshift_arr_ap_fixed_8_2_5_3_0_ap_fixed_8_2_4_0_0_config70_s_linebuffer_Arralmb  |        0|   64|  32|    0|     5|    8|     1|           40|
    |linebuffer_Array_V_7_0_19_U   |cnnshift_arr_ap_fixed_8_2_5_3_0_ap_fixed_8_2_4_0_0_config70_s_linebuffer_Arralmb  |        0|   64|  32|    0|     5|    8|     1|           40|
    |linebuffer_Array_V_7_1_19_U   |cnnshift_arr_ap_fixed_8_2_5_3_0_ap_fixed_8_2_4_0_0_config70_s_linebuffer_Arralmb  |        0|   64|  32|    0|     5|    8|     1|           40|
    |linebuffer_Array_V_7_0_20_U   |cnnshift_arr_ap_fixed_8_2_5_3_0_ap_fixed_8_2_4_0_0_config70_s_linebuffer_Arralmb  |        0|   64|  32|    0|     5|    8|     1|           40|
    |linebuffer_Array_V_7_1_20_U   |cnnshift_arr_ap_fixed_8_2_5_3_0_ap_fixed_8_2_4_0_0_config70_s_linebuffer_Arralmb  |        0|   64|  32|    0|     5|    8|     1|           40|
    |linebuffer_Array_V_7_0_21_U   |cnnshift_arr_ap_fixed_8_2_5_3_0_ap_fixed_8_2_4_0_0_config70_s_linebuffer_Arralmb  |        0|   64|  32|    0|     5|    8|     1|           40|
    |linebuffer_Array_V_7_1_21_U   |cnnshift_arr_ap_fixed_8_2_5_3_0_ap_fixed_8_2_4_0_0_config70_s_linebuffer_Arralmb  |        0|   64|  32|    0|     5|    8|     1|           40|
    |linebuffer_Array_V_7_0_22_U   |cnnshift_arr_ap_fixed_8_2_5_3_0_ap_fixed_8_2_4_0_0_config70_s_linebuffer_Arralmb  |        0|   64|  32|    0|     5|    8|     1|           40|
    |linebuffer_Array_V_7_1_22_U   |cnnshift_arr_ap_fixed_8_2_5_3_0_ap_fixed_8_2_4_0_0_config70_s_linebuffer_Arralmb  |        0|   64|  32|    0|     5|    8|     1|           40|
    |linebuffer_Array_V_7_0_23_U   |cnnshift_arr_ap_fixed_8_2_5_3_0_ap_fixed_8_2_4_0_0_config70_s_linebuffer_Arralmb  |        0|   64|  32|    0|     5|    8|     1|           40|
    |linebuffer_Array_V_7_1_23_U   |cnnshift_arr_ap_fixed_8_2_5_3_0_ap_fixed_8_2_4_0_0_config70_s_linebuffer_Arralmb  |        0|   64|  32|    0|     5|    8|     1|           40|
    |linebuffer_Array_V_7_0_24_U   |cnnshift_arr_ap_fixed_8_2_5_3_0_ap_fixed_8_2_4_0_0_config70_s_linebuffer_Arralmb  |        0|   64|  32|    0|     5|    8|     1|           40|
    |linebuffer_Array_V_7_1_24_U   |cnnshift_arr_ap_fixed_8_2_5_3_0_ap_fixed_8_2_4_0_0_config70_s_linebuffer_Arralmb  |        0|   64|  32|    0|     5|    8|     1|           40|
    |linebuffer_Array_V_7_0_25_U   |cnnshift_arr_ap_fixed_8_2_5_3_0_ap_fixed_8_2_4_0_0_config70_s_linebuffer_Arralmb  |        0|   64|  32|    0|     5|    8|     1|           40|
    |linebuffer_Array_V_7_1_25_U   |cnnshift_arr_ap_fixed_8_2_5_3_0_ap_fixed_8_2_4_0_0_config70_s_linebuffer_Arralmb  |        0|   64|  32|    0|     5|    8|     1|           40|
    |linebuffer_Array_V_7_0_26_U   |cnnshift_arr_ap_fixed_8_2_5_3_0_ap_fixed_8_2_4_0_0_config70_s_linebuffer_Arralmb  |        0|   64|  32|    0|     5|    8|     1|           40|
    |linebuffer_Array_V_7_1_26_U   |cnnshift_arr_ap_fixed_8_2_5_3_0_ap_fixed_8_2_4_0_0_config70_s_linebuffer_Arralmb  |        0|   64|  32|    0|     5|    8|     1|           40|
    |linebuffer_Array_V_7_0_27_U   |cnnshift_arr_ap_fixed_8_2_5_3_0_ap_fixed_8_2_4_0_0_config70_s_linebuffer_Arralmb  |        0|   64|  32|    0|     5|    8|     1|           40|
    |linebuffer_Array_V_7_1_27_U   |cnnshift_arr_ap_fixed_8_2_5_3_0_ap_fixed_8_2_4_0_0_config70_s_linebuffer_Arralmb  |        0|   64|  32|    0|     5|    8|     1|           40|
    |linebuffer_Array_V_7_0_28_U   |cnnshift_arr_ap_fixed_8_2_5_3_0_ap_fixed_8_2_4_0_0_config70_s_linebuffer_Arralmb  |        0|   64|  32|    0|     5|    8|     1|           40|
    |linebuffer_Array_V_7_1_28_U   |cnnshift_arr_ap_fixed_8_2_5_3_0_ap_fixed_8_2_4_0_0_config70_s_linebuffer_Arralmb  |        0|   64|  32|    0|     5|    8|     1|           40|
    |linebuffer_Array_V_7_0_29_U   |cnnshift_arr_ap_fixed_8_2_5_3_0_ap_fixed_8_2_4_0_0_config70_s_linebuffer_Arralmb  |        0|   64|  32|    0|     5|    8|     1|           40|
    |linebuffer_Array_V_7_1_29_U   |cnnshift_arr_ap_fixed_8_2_5_3_0_ap_fixed_8_2_4_0_0_config70_s_linebuffer_Arralmb  |        0|   64|  32|    0|     5|    8|     1|           40|
    |linebuffer_Array_V_7_0_30_U   |cnnshift_arr_ap_fixed_8_2_5_3_0_ap_fixed_8_2_4_0_0_config70_s_linebuffer_Arralmb  |        0|   64|  32|    0|     5|    8|     1|           40|
    |linebuffer_Array_V_7_1_30_U   |cnnshift_arr_ap_fixed_8_2_5_3_0_ap_fixed_8_2_4_0_0_config70_s_linebuffer_Arralmb  |        0|   64|  32|    0|     5|    8|     1|           40|
    |linebuffer_Array_V_7_0_31_U   |cnnshift_arr_ap_fixed_8_2_5_3_0_ap_fixed_8_2_4_0_0_config70_s_linebuffer_Arralmb  |        0|   64|  32|    0|     5|    8|     1|           40|
    |linebuffer_Array_V_7_1_31_U   |cnnshift_arr_ap_fixed_8_2_5_3_0_ap_fixed_8_2_4_0_0_config70_s_linebuffer_Arralmb  |        0|   64|  32|    0|     5|    8|     1|           40|
    |linebuffer_Array_V_7_0_32_U   |cnnshift_arr_ap_fixed_8_2_5_3_0_ap_fixed_8_2_4_0_0_config70_s_linebuffer_Arralmb  |        0|   64|  32|    0|     5|    8|     1|           40|
    |linebuffer_Array_V_7_1_32_U   |cnnshift_arr_ap_fixed_8_2_5_3_0_ap_fixed_8_2_4_0_0_config70_s_linebuffer_Arralmb  |        0|   64|  32|    0|     5|    8|     1|           40|
    |linebuffer_Array_V_7_0_33_U   |cnnshift_arr_ap_fixed_8_2_5_3_0_ap_fixed_8_2_4_0_0_config70_s_linebuffer_Arralmb  |        0|   64|  32|    0|     5|    8|     1|           40|
    |linebuffer_Array_V_7_1_33_U   |cnnshift_arr_ap_fixed_8_2_5_3_0_ap_fixed_8_2_4_0_0_config70_s_linebuffer_Arralmb  |        0|   64|  32|    0|     5|    8|     1|           40|
    |linebuffer_Array_V_7_0_34_U   |cnnshift_arr_ap_fixed_8_2_5_3_0_ap_fixed_8_2_4_0_0_config70_s_linebuffer_Arralmb  |        0|   64|  32|    0|     5|    8|     1|           40|
    |linebuffer_Array_V_7_1_34_U   |cnnshift_arr_ap_fixed_8_2_5_3_0_ap_fixed_8_2_4_0_0_config70_s_linebuffer_Arralmb  |        0|   64|  32|    0|     5|    8|     1|           40|
    |linebuffer_Array_V_7_0_35_U   |cnnshift_arr_ap_fixed_8_2_5_3_0_ap_fixed_8_2_4_0_0_config70_s_linebuffer_Arralmb  |        0|   64|  32|    0|     5|    8|     1|           40|
    |linebuffer_Array_V_7_1_35_U   |cnnshift_arr_ap_fixed_8_2_5_3_0_ap_fixed_8_2_4_0_0_config70_s_linebuffer_Arralmb  |        0|   64|  32|    0|     5|    8|     1|           40|
    |linebuffer_Array_V_7_0_36_U   |cnnshift_arr_ap_fixed_8_2_5_3_0_ap_fixed_8_2_4_0_0_config70_s_linebuffer_Arralmb  |        0|   64|  32|    0|     5|    8|     1|           40|
    |linebuffer_Array_V_7_1_36_U   |cnnshift_arr_ap_fixed_8_2_5_3_0_ap_fixed_8_2_4_0_0_config70_s_linebuffer_Arralmb  |        0|   64|  32|    0|     5|    8|     1|           40|
    |linebuffer_Array_V_7_0_37_U   |cnnshift_arr_ap_fixed_8_2_5_3_0_ap_fixed_8_2_4_0_0_config70_s_linebuffer_Arralmb  |        0|   64|  32|    0|     5|    8|     1|           40|
    |linebuffer_Array_V_7_1_37_U   |cnnshift_arr_ap_fixed_8_2_5_3_0_ap_fixed_8_2_4_0_0_config70_s_linebuffer_Arralmb  |        0|   64|  32|    0|     5|    8|     1|           40|
    |linebuffer_Array_V_7_0_38_U   |cnnshift_arr_ap_fixed_8_2_5_3_0_ap_fixed_8_2_4_0_0_config70_s_linebuffer_Arralmb  |        0|   64|  32|    0|     5|    8|     1|           40|
    |linebuffer_Array_V_7_1_38_U   |cnnshift_arr_ap_fixed_8_2_5_3_0_ap_fixed_8_2_4_0_0_config70_s_linebuffer_Arralmb  |        0|   64|  32|    0|     5|    8|     1|           40|
    |linebuffer_Array_V_7_0_39_U   |cnnshift_arr_ap_fixed_8_2_5_3_0_ap_fixed_8_2_4_0_0_config70_s_linebuffer_Arralmb  |        0|   64|  32|    0|     5|    8|     1|           40|
    |linebuffer_Array_V_7_1_39_U   |cnnshift_arr_ap_fixed_8_2_5_3_0_ap_fixed_8_2_4_0_0_config70_s_linebuffer_Arralmb  |        0|   64|  32|    0|     5|    8|     1|           40|
    |linebuffer_Array_V_7_0_40_U   |cnnshift_arr_ap_fixed_8_2_5_3_0_ap_fixed_8_2_4_0_0_config70_s_linebuffer_Arralmb  |        0|   64|  32|    0|     5|    8|     1|           40|
    |linebuffer_Array_V_7_1_40_U   |cnnshift_arr_ap_fixed_8_2_5_3_0_ap_fixed_8_2_4_0_0_config70_s_linebuffer_Arralmb  |        0|   64|  32|    0|     5|    8|     1|           40|
    |linebuffer_Array_V_7_0_41_U   |cnnshift_arr_ap_fixed_8_2_5_3_0_ap_fixed_8_2_4_0_0_config70_s_linebuffer_Arralmb  |        0|   64|  32|    0|     5|    8|     1|           40|
    |linebuffer_Array_V_7_1_41_U   |cnnshift_arr_ap_fixed_8_2_5_3_0_ap_fixed_8_2_4_0_0_config70_s_linebuffer_Arralmb  |        0|   64|  32|    0|     5|    8|     1|           40|
    |linebuffer_Array_V_7_0_42_U   |cnnshift_arr_ap_fixed_8_2_5_3_0_ap_fixed_8_2_4_0_0_config70_s_linebuffer_Arralmb  |        0|   64|  32|    0|     5|    8|     1|           40|
    |linebuffer_Array_V_7_1_42_U   |cnnshift_arr_ap_fixed_8_2_5_3_0_ap_fixed_8_2_4_0_0_config70_s_linebuffer_Arralmb  |        0|   64|  32|    0|     5|    8|     1|           40|
    |linebuffer_Array_V_7_0_43_U   |cnnshift_arr_ap_fixed_8_2_5_3_0_ap_fixed_8_2_4_0_0_config70_s_linebuffer_Arralmb  |        0|   64|  32|    0|     5|    8|     1|           40|
    |linebuffer_Array_V_7_1_43_U   |cnnshift_arr_ap_fixed_8_2_5_3_0_ap_fixed_8_2_4_0_0_config70_s_linebuffer_Arralmb  |        0|   64|  32|    0|     5|    8|     1|           40|
    |linebuffer_Array_V_7_0_44_U   |cnnshift_arr_ap_fixed_8_2_5_3_0_ap_fixed_8_2_4_0_0_config70_s_linebuffer_Arralmb  |        0|   64|  32|    0|     5|    8|     1|           40|
    |linebuffer_Array_V_7_1_44_U   |cnnshift_arr_ap_fixed_8_2_5_3_0_ap_fixed_8_2_4_0_0_config70_s_linebuffer_Arralmb  |        0|   64|  32|    0|     5|    8|     1|           40|
    |linebuffer_Array_V_7_0_45_U   |cnnshift_arr_ap_fixed_8_2_5_3_0_ap_fixed_8_2_4_0_0_config70_s_linebuffer_Arralmb  |        0|   64|  32|    0|     5|    8|     1|           40|
    |linebuffer_Array_V_7_1_45_U   |cnnshift_arr_ap_fixed_8_2_5_3_0_ap_fixed_8_2_4_0_0_config70_s_linebuffer_Arralmb  |        0|   64|  32|    0|     5|    8|     1|           40|
    |linebuffer_Array_V_7_0_46_U   |cnnshift_arr_ap_fixed_8_2_5_3_0_ap_fixed_8_2_4_0_0_config70_s_linebuffer_Arralmb  |        0|   64|  32|    0|     5|    8|     1|           40|
    |linebuffer_Array_V_7_1_46_U   |cnnshift_arr_ap_fixed_8_2_5_3_0_ap_fixed_8_2_4_0_0_config70_s_linebuffer_Arralmb  |        0|   64|  32|    0|     5|    8|     1|           40|
    |linebuffer_Array_V_7_0_47_U   |cnnshift_arr_ap_fixed_8_2_5_3_0_ap_fixed_8_2_4_0_0_config70_s_linebuffer_Arralmb  |        0|   64|  32|    0|     5|    8|     1|           40|
    |linebuffer_Array_V_7_1_47_U   |cnnshift_arr_ap_fixed_8_2_5_3_0_ap_fixed_8_2_4_0_0_config70_s_linebuffer_Arralmb  |        0|   64|  32|    0|     5|    8|     1|           40|
    |linebuffer_Array_V_7_0_48_U   |cnnshift_arr_ap_fixed_8_2_5_3_0_ap_fixed_8_2_4_0_0_config70_s_linebuffer_Arralmb  |        0|   64|  32|    0|     5|    8|     1|           40|
    |linebuffer_Array_V_7_1_48_U   |cnnshift_arr_ap_fixed_8_2_5_3_0_ap_fixed_8_2_4_0_0_config70_s_linebuffer_Arralmb  |        0|   64|  32|    0|     5|    8|     1|           40|
    |linebuffer_Array_V_7_0_49_U   |cnnshift_arr_ap_fixed_8_2_5_3_0_ap_fixed_8_2_4_0_0_config70_s_linebuffer_Arralmb  |        0|   64|  32|    0|     5|    8|     1|           40|
    |linebuffer_Array_V_7_1_49_U   |cnnshift_arr_ap_fixed_8_2_5_3_0_ap_fixed_8_2_4_0_0_config70_s_linebuffer_Arralmb  |        0|   64|  32|    0|     5|    8|     1|           40|
    |linebuffer_Array_V_7_0_50_U   |cnnshift_arr_ap_fixed_8_2_5_3_0_ap_fixed_8_2_4_0_0_config70_s_linebuffer_Arralmb  |        0|   64|  32|    0|     5|    8|     1|           40|
    |linebuffer_Array_V_7_1_50_U   |cnnshift_arr_ap_fixed_8_2_5_3_0_ap_fixed_8_2_4_0_0_config70_s_linebuffer_Arralmb  |        0|   64|  32|    0|     5|    8|     1|           40|
    |linebuffer_Array_V_7_0_51_U   |cnnshift_arr_ap_fixed_8_2_5_3_0_ap_fixed_8_2_4_0_0_config70_s_linebuffer_Arralmb  |        0|   64|  32|    0|     5|    8|     1|           40|
    |linebuffer_Array_V_7_1_51_U   |cnnshift_arr_ap_fixed_8_2_5_3_0_ap_fixed_8_2_4_0_0_config70_s_linebuffer_Arralmb  |        0|   64|  32|    0|     5|    8|     1|           40|
    |linebuffer_Array_V_7_0_52_U   |cnnshift_arr_ap_fixed_8_2_5_3_0_ap_fixed_8_2_4_0_0_config70_s_linebuffer_Arralmb  |        0|   64|  32|    0|     5|    8|     1|           40|
    |linebuffer_Array_V_7_1_52_U   |cnnshift_arr_ap_fixed_8_2_5_3_0_ap_fixed_8_2_4_0_0_config70_s_linebuffer_Arralmb  |        0|   64|  32|    0|     5|    8|     1|           40|
    |linebuffer_Array_V_7_0_53_U   |cnnshift_arr_ap_fixed_8_2_5_3_0_ap_fixed_8_2_4_0_0_config70_s_linebuffer_Arralmb  |        0|   64|  32|    0|     5|    8|     1|           40|
    |linebuffer_Array_V_7_1_53_U   |cnnshift_arr_ap_fixed_8_2_5_3_0_ap_fixed_8_2_4_0_0_config70_s_linebuffer_Arralmb  |        0|   64|  32|    0|     5|    8|     1|           40|
    |linebuffer_Array_V_7_0_54_U   |cnnshift_arr_ap_fixed_8_2_5_3_0_ap_fixed_8_2_4_0_0_config70_s_linebuffer_Arralmb  |        0|   64|  32|    0|     5|    8|     1|           40|
    |linebuffer_Array_V_7_1_54_U   |cnnshift_arr_ap_fixed_8_2_5_3_0_ap_fixed_8_2_4_0_0_config70_s_linebuffer_Arralmb  |        0|   64|  32|    0|     5|    8|     1|           40|
    |linebuffer_Array_V_7_0_55_U   |cnnshift_arr_ap_fixed_8_2_5_3_0_ap_fixed_8_2_4_0_0_config70_s_linebuffer_Arralmb  |        0|   64|  32|    0|     5|    8|     1|           40|
    |linebuffer_Array_V_7_1_55_U   |cnnshift_arr_ap_fixed_8_2_5_3_0_ap_fixed_8_2_4_0_0_config70_s_linebuffer_Arralmb  |        0|   64|  32|    0|     5|    8|     1|           40|
    |linebuffer_Array_V_7_0_56_U   |cnnshift_arr_ap_fixed_8_2_5_3_0_ap_fixed_8_2_4_0_0_config70_s_linebuffer_Arralmb  |        0|   64|  32|    0|     5|    8|     1|           40|
    |linebuffer_Array_V_7_1_56_U   |cnnshift_arr_ap_fixed_8_2_5_3_0_ap_fixed_8_2_4_0_0_config70_s_linebuffer_Arralmb  |        0|   64|  32|    0|     5|    8|     1|           40|
    |linebuffer_Array_V_7_0_57_U   |cnnshift_arr_ap_fixed_8_2_5_3_0_ap_fixed_8_2_4_0_0_config70_s_linebuffer_Arralmb  |        0|   64|  32|    0|     5|    8|     1|           40|
    |linebuffer_Array_V_7_1_57_U   |cnnshift_arr_ap_fixed_8_2_5_3_0_ap_fixed_8_2_4_0_0_config70_s_linebuffer_Arralmb  |        0|   64|  32|    0|     5|    8|     1|           40|
    |linebuffer_Array_V_7_0_58_U   |cnnshift_arr_ap_fixed_8_2_5_3_0_ap_fixed_8_2_4_0_0_config70_s_linebuffer_Arralmb  |        0|   64|  32|    0|     5|    8|     1|           40|
    |linebuffer_Array_V_7_1_58_U   |cnnshift_arr_ap_fixed_8_2_5_3_0_ap_fixed_8_2_4_0_0_config70_s_linebuffer_Arralmb  |        0|   64|  32|    0|     5|    8|     1|           40|
    |linebuffer_Array_V_7_0_59_U   |cnnshift_arr_ap_fixed_8_2_5_3_0_ap_fixed_8_2_4_0_0_config70_s_linebuffer_Arralmb  |        0|   64|  32|    0|     5|    8|     1|           40|
    |linebuffer_Array_V_7_1_59_U   |cnnshift_arr_ap_fixed_8_2_5_3_0_ap_fixed_8_2_4_0_0_config70_s_linebuffer_Arralmb  |        0|   64|  32|    0|     5|    8|     1|           40|
    |linebuffer_Array_V_7_0_60_U   |cnnshift_arr_ap_fixed_8_2_5_3_0_ap_fixed_8_2_4_0_0_config70_s_linebuffer_Arralmb  |        0|   64|  32|    0|     5|    8|     1|           40|
    |linebuffer_Array_V_7_1_60_U   |cnnshift_arr_ap_fixed_8_2_5_3_0_ap_fixed_8_2_4_0_0_config70_s_linebuffer_Arralmb  |        0|   64|  32|    0|     5|    8|     1|           40|
    |linebuffer_Array_V_7_0_61_U   |cnnshift_arr_ap_fixed_8_2_5_3_0_ap_fixed_8_2_4_0_0_config70_s_linebuffer_Arralmb  |        0|   64|  32|    0|     5|    8|     1|           40|
    |linebuffer_Array_V_7_1_61_U   |cnnshift_arr_ap_fixed_8_2_5_3_0_ap_fixed_8_2_4_0_0_config70_s_linebuffer_Arralmb  |        0|   64|  32|    0|     5|    8|     1|           40|
    |linebuffer_Array_V_7_0_62_U   |cnnshift_arr_ap_fixed_8_2_5_3_0_ap_fixed_8_2_4_0_0_config70_s_linebuffer_Arralmb  |        0|   64|  32|    0|     5|    8|     1|           40|
    |linebuffer_Array_V_7_1_62_U   |cnnshift_arr_ap_fixed_8_2_5_3_0_ap_fixed_8_2_4_0_0_config70_s_linebuffer_Arralmb  |        0|   64|  32|    0|     5|    8|     1|           40|
    |linebuffer_Array_V_7_0_63_U   |cnnshift_arr_ap_fixed_8_2_5_3_0_ap_fixed_8_2_4_0_0_config70_s_linebuffer_Arralmb  |        0|   64|  32|    0|     5|    8|     1|           40|
    |linebuffer_Array_V_7_1_63_U   |cnnshift_arr_ap_fixed_8_2_5_3_0_ap_fixed_8_2_4_0_0_config70_s_linebuffer_Arralmb  |        0|   64|  32|    0|     5|    8|     1|           40|
    |linebuffer_Array_V_7_0_64_U   |cnnshift_arr_ap_fixed_8_2_5_3_0_ap_fixed_8_2_4_0_0_config70_s_linebuffer_Arralmb  |        0|   64|  32|    0|     5|    8|     1|           40|
    |linebuffer_Array_V_7_1_64_U   |cnnshift_arr_ap_fixed_8_2_5_3_0_ap_fixed_8_2_4_0_0_config70_s_linebuffer_Arralmb  |        0|   64|  32|    0|     5|    8|     1|           40|
    |linebuffer_Array_V_7_0_65_U   |cnnshift_arr_ap_fixed_8_2_5_3_0_ap_fixed_8_2_4_0_0_config70_s_linebuffer_Arralmb  |        0|   64|  32|    0|     5|    8|     1|           40|
    |linebuffer_Array_V_7_1_65_U   |cnnshift_arr_ap_fixed_8_2_5_3_0_ap_fixed_8_2_4_0_0_config70_s_linebuffer_Arralmb  |        0|   64|  32|    0|     5|    8|     1|           40|
    |linebuffer_Array_V_7_0_66_U   |cnnshift_arr_ap_fixed_8_2_5_3_0_ap_fixed_8_2_4_0_0_config70_s_linebuffer_Arralmb  |        0|   64|  32|    0|     5|    8|     1|           40|
    |linebuffer_Array_V_7_1_66_U   |cnnshift_arr_ap_fixed_8_2_5_3_0_ap_fixed_8_2_4_0_0_config70_s_linebuffer_Arralmb  |        0|   64|  32|    0|     5|    8|     1|           40|
    |linebuffer_Array_V_7_0_67_U   |cnnshift_arr_ap_fixed_8_2_5_3_0_ap_fixed_8_2_4_0_0_config70_s_linebuffer_Arralmb  |        0|   64|  32|    0|     5|    8|     1|           40|
    |linebuffer_Array_V_7_1_67_U   |cnnshift_arr_ap_fixed_8_2_5_3_0_ap_fixed_8_2_4_0_0_config70_s_linebuffer_Arralmb  |        0|   64|  32|    0|     5|    8|     1|           40|
    |linebuffer_Array_V_7_0_68_U   |cnnshift_arr_ap_fixed_8_2_5_3_0_ap_fixed_8_2_4_0_0_config70_s_linebuffer_Arralmb  |        0|   64|  32|    0|     5|    8|     1|           40|
    |linebuffer_Array_V_7_1_68_U   |cnnshift_arr_ap_fixed_8_2_5_3_0_ap_fixed_8_2_4_0_0_config70_s_linebuffer_Arralmb  |        0|   64|  32|    0|     5|    8|     1|           40|
    |linebuffer_Array_V_7_0_69_U   |cnnshift_arr_ap_fixed_8_2_5_3_0_ap_fixed_8_2_4_0_0_config70_s_linebuffer_Arralmb  |        0|   64|  32|    0|     5|    8|     1|           40|
    |linebuffer_Array_V_7_1_69_U   |cnnshift_arr_ap_fixed_8_2_5_3_0_ap_fixed_8_2_4_0_0_config70_s_linebuffer_Arralmb  |        0|   64|  32|    0|     5|    8|     1|           40|
    |linebuffer_Array_V_7_0_70_U   |cnnshift_arr_ap_fixed_8_2_5_3_0_ap_fixed_8_2_4_0_0_config70_s_linebuffer_Arralmb  |        0|   64|  32|    0|     5|    8|     1|           40|
    |linebuffer_Array_V_7_1_70_U   |cnnshift_arr_ap_fixed_8_2_5_3_0_ap_fixed_8_2_4_0_0_config70_s_linebuffer_Arralmb  |        0|   64|  32|    0|     5|    8|     1|           40|
    |linebuffer_Array_V_7_0_71_U   |cnnshift_arr_ap_fixed_8_2_5_3_0_ap_fixed_8_2_4_0_0_config70_s_linebuffer_Arralmb  |        0|   64|  32|    0|     5|    8|     1|           40|
    |linebuffer_Array_V_7_1_71_U   |cnnshift_arr_ap_fixed_8_2_5_3_0_ap_fixed_8_2_4_0_0_config70_s_linebuffer_Arralmb  |        0|   64|  32|    0|     5|    8|     1|           40|
    |linebuffer_Array_V_7_0_72_U   |cnnshift_arr_ap_fixed_8_2_5_3_0_ap_fixed_8_2_4_0_0_config70_s_linebuffer_Arralmb  |        0|   64|  32|    0|     5|    8|     1|           40|
    |linebuffer_Array_V_7_1_72_U   |cnnshift_arr_ap_fixed_8_2_5_3_0_ap_fixed_8_2_4_0_0_config70_s_linebuffer_Arralmb  |        0|   64|  32|    0|     5|    8|     1|           40|
    |linebuffer_Array_V_7_0_73_U   |cnnshift_arr_ap_fixed_8_2_5_3_0_ap_fixed_8_2_4_0_0_config70_s_linebuffer_Arralmb  |        0|   64|  32|    0|     5|    8|     1|           40|
    |linebuffer_Array_V_7_1_73_U   |cnnshift_arr_ap_fixed_8_2_5_3_0_ap_fixed_8_2_4_0_0_config70_s_linebuffer_Arralmb  |        0|   64|  32|    0|     5|    8|     1|           40|
    |linebuffer_Array_V_7_0_74_U   |cnnshift_arr_ap_fixed_8_2_5_3_0_ap_fixed_8_2_4_0_0_config70_s_linebuffer_Arralmb  |        0|   64|  32|    0|     5|    8|     1|           40|
    |linebuffer_Array_V_7_1_74_U   |cnnshift_arr_ap_fixed_8_2_5_3_0_ap_fixed_8_2_4_0_0_config70_s_linebuffer_Arralmb  |        0|   64|  32|    0|     5|    8|     1|           40|
    |linebuffer_Array_V_7_0_75_U   |cnnshift_arr_ap_fixed_8_2_5_3_0_ap_fixed_8_2_4_0_0_config70_s_linebuffer_Arralmb  |        0|   64|  32|    0|     5|    8|     1|           40|
    |linebuffer_Array_V_7_1_75_U   |cnnshift_arr_ap_fixed_8_2_5_3_0_ap_fixed_8_2_4_0_0_config70_s_linebuffer_Arralmb  |        0|   64|  32|    0|     5|    8|     1|           40|
    |linebuffer_Array_V_7_0_76_U   |cnnshift_arr_ap_fixed_8_2_5_3_0_ap_fixed_8_2_4_0_0_config70_s_linebuffer_Arralmb  |        0|   64|  32|    0|     5|    8|     1|           40|
    |linebuffer_Array_V_7_1_76_U   |cnnshift_arr_ap_fixed_8_2_5_3_0_ap_fixed_8_2_4_0_0_config70_s_linebuffer_Arralmb  |        0|   64|  32|    0|     5|    8|     1|           40|
    |linebuffer_Array_V_7_0_77_U   |cnnshift_arr_ap_fixed_8_2_5_3_0_ap_fixed_8_2_4_0_0_config70_s_linebuffer_Arralmb  |        0|   64|  32|    0|     5|    8|     1|           40|
    |linebuffer_Array_V_7_1_77_U   |cnnshift_arr_ap_fixed_8_2_5_3_0_ap_fixed_8_2_4_0_0_config70_s_linebuffer_Arralmb  |        0|   64|  32|    0|     5|    8|     1|           40|
    |linebuffer_Array_V_7_0_78_U   |cnnshift_arr_ap_fixed_8_2_5_3_0_ap_fixed_8_2_4_0_0_config70_s_linebuffer_Arralmb  |        0|   64|  32|    0|     5|    8|     1|           40|
    |linebuffer_Array_V_7_1_78_U   |cnnshift_arr_ap_fixed_8_2_5_3_0_ap_fixed_8_2_4_0_0_config70_s_linebuffer_Arralmb  |        0|   64|  32|    0|     5|    8|     1|           40|
    |linebuffer_Array_V_7_0_79_U   |cnnshift_arr_ap_fixed_8_2_5_3_0_ap_fixed_8_2_4_0_0_config70_s_linebuffer_Arralmb  |        0|   64|  32|    0|     5|    8|     1|           40|
    |linebuffer_Array_V_7_1_79_U   |cnnshift_arr_ap_fixed_8_2_5_3_0_ap_fixed_8_2_4_0_0_config70_s_linebuffer_Arralmb  |        0|   64|  32|    0|     5|    8|     1|           40|
    |linebuffer_Array_V_7_0_80_U   |cnnshift_arr_ap_fixed_8_2_5_3_0_ap_fixed_8_2_4_0_0_config70_s_linebuffer_Arralmb  |        0|   64|  32|    0|     5|    8|     1|           40|
    |linebuffer_Array_V_7_1_80_U   |cnnshift_arr_ap_fixed_8_2_5_3_0_ap_fixed_8_2_4_0_0_config70_s_linebuffer_Arralmb  |        0|   64|  32|    0|     5|    8|     1|           40|
    |linebuffer_Array_V_7_0_81_U   |cnnshift_arr_ap_fixed_8_2_5_3_0_ap_fixed_8_2_4_0_0_config70_s_linebuffer_Arralmb  |        0|   64|  32|    0|     5|    8|     1|           40|
    |linebuffer_Array_V_7_1_81_U   |cnnshift_arr_ap_fixed_8_2_5_3_0_ap_fixed_8_2_4_0_0_config70_s_linebuffer_Arralmb  |        0|   64|  32|    0|     5|    8|     1|           40|
    |linebuffer_Array_V_7_0_82_U   |cnnshift_arr_ap_fixed_8_2_5_3_0_ap_fixed_8_2_4_0_0_config70_s_linebuffer_Arralmb  |        0|   64|  32|    0|     5|    8|     1|           40|
    |linebuffer_Array_V_7_1_82_U   |cnnshift_arr_ap_fixed_8_2_5_3_0_ap_fixed_8_2_4_0_0_config70_s_linebuffer_Arralmb  |        0|   64|  32|    0|     5|    8|     1|           40|
    |linebuffer_Array_V_7_0_83_U   |cnnshift_arr_ap_fixed_8_2_5_3_0_ap_fixed_8_2_4_0_0_config70_s_linebuffer_Arralmb  |        0|   64|  32|    0|     5|    8|     1|           40|
    |linebuffer_Array_V_7_1_83_U   |cnnshift_arr_ap_fixed_8_2_5_3_0_ap_fixed_8_2_4_0_0_config70_s_linebuffer_Arralmb  |        0|   64|  32|    0|     5|    8|     1|           40|
    |linebuffer_Array_V_7_0_84_U   |cnnshift_arr_ap_fixed_8_2_5_3_0_ap_fixed_8_2_4_0_0_config70_s_linebuffer_Arralmb  |        0|   64|  32|    0|     5|    8|     1|           40|
    |linebuffer_Array_V_7_1_84_U   |cnnshift_arr_ap_fixed_8_2_5_3_0_ap_fixed_8_2_4_0_0_config70_s_linebuffer_Arralmb  |        0|   64|  32|    0|     5|    8|     1|           40|
    |linebuffer_Array_V_7_0_85_U   |cnnshift_arr_ap_fixed_8_2_5_3_0_ap_fixed_8_2_4_0_0_config70_s_linebuffer_Arralmb  |        0|   64|  32|    0|     5|    8|     1|           40|
    |linebuffer_Array_V_7_1_85_U   |cnnshift_arr_ap_fixed_8_2_5_3_0_ap_fixed_8_2_4_0_0_config70_s_linebuffer_Arralmb  |        0|   64|  32|    0|     5|    8|     1|           40|
    |linebuffer_Array_V_7_0_86_U   |cnnshift_arr_ap_fixed_8_2_5_3_0_ap_fixed_8_2_4_0_0_config70_s_linebuffer_Arralmb  |        0|   64|  32|    0|     5|    8|     1|           40|
    |linebuffer_Array_V_7_1_86_U   |cnnshift_arr_ap_fixed_8_2_5_3_0_ap_fixed_8_2_4_0_0_config70_s_linebuffer_Arralmb  |        0|   64|  32|    0|     5|    8|     1|           40|
    |linebuffer_Array_V_7_0_87_U   |cnnshift_arr_ap_fixed_8_2_5_3_0_ap_fixed_8_2_4_0_0_config70_s_linebuffer_Arralmb  |        0|   64|  32|    0|     5|    8|     1|           40|
    |linebuffer_Array_V_7_1_87_U   |cnnshift_arr_ap_fixed_8_2_5_3_0_ap_fixed_8_2_4_0_0_config70_s_linebuffer_Arralmb  |        0|   64|  32|    0|     5|    8|     1|           40|
    |linebuffer_Array_V_7_0_88_U   |cnnshift_arr_ap_fixed_8_2_5_3_0_ap_fixed_8_2_4_0_0_config70_s_linebuffer_Arralmb  |        0|   64|  32|    0|     5|    8|     1|           40|
    |linebuffer_Array_V_7_1_88_U   |cnnshift_arr_ap_fixed_8_2_5_3_0_ap_fixed_8_2_4_0_0_config70_s_linebuffer_Arralmb  |        0|   64|  32|    0|     5|    8|     1|           40|
    |linebuffer_Array_V_7_0_89_U   |cnnshift_arr_ap_fixed_8_2_5_3_0_ap_fixed_8_2_4_0_0_config70_s_linebuffer_Arralmb  |        0|   64|  32|    0|     5|    8|     1|           40|
    |linebuffer_Array_V_7_1_89_U   |cnnshift_arr_ap_fixed_8_2_5_3_0_ap_fixed_8_2_4_0_0_config70_s_linebuffer_Arralmb  |        0|   64|  32|    0|     5|    8|     1|           40|
    |linebuffer_Array_V_7_0_90_U   |cnnshift_arr_ap_fixed_8_2_5_3_0_ap_fixed_8_2_4_0_0_config70_s_linebuffer_Arralmb  |        0|   64|  32|    0|     5|    8|     1|           40|
    |linebuffer_Array_V_7_1_90_U   |cnnshift_arr_ap_fixed_8_2_5_3_0_ap_fixed_8_2_4_0_0_config70_s_linebuffer_Arralmb  |        0|   64|  32|    0|     5|    8|     1|           40|
    |linebuffer_Array_V_7_0_91_U   |cnnshift_arr_ap_fixed_8_2_5_3_0_ap_fixed_8_2_4_0_0_config70_s_linebuffer_Arralmb  |        0|   64|  32|    0|     5|    8|     1|           40|
    |linebuffer_Array_V_7_1_91_U   |cnnshift_arr_ap_fixed_8_2_5_3_0_ap_fixed_8_2_4_0_0_config70_s_linebuffer_Arralmb  |        0|   64|  32|    0|     5|    8|     1|           40|
    |linebuffer_Array_V_7_0_92_U   |cnnshift_arr_ap_fixed_8_2_5_3_0_ap_fixed_8_2_4_0_0_config70_s_linebuffer_Arralmb  |        0|   64|  32|    0|     5|    8|     1|           40|
    |linebuffer_Array_V_7_1_92_U   |cnnshift_arr_ap_fixed_8_2_5_3_0_ap_fixed_8_2_4_0_0_config70_s_linebuffer_Arralmb  |        0|   64|  32|    0|     5|    8|     1|           40|
    |linebuffer_Array_V_7_0_93_U   |cnnshift_arr_ap_fixed_8_2_5_3_0_ap_fixed_8_2_4_0_0_config70_s_linebuffer_Arralmb  |        0|   64|  32|    0|     5|    8|     1|           40|
    |linebuffer_Array_V_7_1_93_U   |cnnshift_arr_ap_fixed_8_2_5_3_0_ap_fixed_8_2_4_0_0_config70_s_linebuffer_Arralmb  |        0|   64|  32|    0|     5|    8|     1|           40|
    |linebuffer_Array_V_7_0_94_U   |cnnshift_arr_ap_fixed_8_2_5_3_0_ap_fixed_8_2_4_0_0_config70_s_linebuffer_Arralmb  |        0|   64|  32|    0|     5|    8|     1|           40|
    |linebuffer_Array_V_7_1_94_U   |cnnshift_arr_ap_fixed_8_2_5_3_0_ap_fixed_8_2_4_0_0_config70_s_linebuffer_Arralmb  |        0|   64|  32|    0|     5|    8|     1|           40|
    |linebuffer_Array_V_7_0_95_U   |cnnshift_arr_ap_fixed_8_2_5_3_0_ap_fixed_8_2_4_0_0_config70_s_linebuffer_Arralmb  |        0|   64|  32|    0|     5|    8|     1|           40|
    |linebuffer_Array_V_7_1_95_U   |cnnshift_arr_ap_fixed_8_2_5_3_0_ap_fixed_8_2_4_0_0_config70_s_linebuffer_Arralmb  |        0|   64|  32|    0|     5|    8|     1|           40|
    |linebuffer_Array_V_7_0_96_U   |cnnshift_arr_ap_fixed_8_2_5_3_0_ap_fixed_8_2_4_0_0_config70_s_linebuffer_Arralmb  |        0|   64|  32|    0|     5|    8|     1|           40|
    |linebuffer_Array_V_7_1_96_U   |cnnshift_arr_ap_fixed_8_2_5_3_0_ap_fixed_8_2_4_0_0_config70_s_linebuffer_Arralmb  |        0|   64|  32|    0|     5|    8|     1|           40|
    |linebuffer_Array_V_7_0_97_U   |cnnshift_arr_ap_fixed_8_2_5_3_0_ap_fixed_8_2_4_0_0_config70_s_linebuffer_Arralmb  |        0|   64|  32|    0|     5|    8|     1|           40|
    |linebuffer_Array_V_7_1_97_U   |cnnshift_arr_ap_fixed_8_2_5_3_0_ap_fixed_8_2_4_0_0_config70_s_linebuffer_Arralmb  |        0|   64|  32|    0|     5|    8|     1|           40|
    |linebuffer_Array_V_7_0_98_U   |cnnshift_arr_ap_fixed_8_2_5_3_0_ap_fixed_8_2_4_0_0_config70_s_linebuffer_Arralmb  |        0|   64|  32|    0|     5|    8|     1|           40|
    |linebuffer_Array_V_7_1_98_U   |cnnshift_arr_ap_fixed_8_2_5_3_0_ap_fixed_8_2_4_0_0_config70_s_linebuffer_Arralmb  |        0|   64|  32|    0|     5|    8|     1|           40|
    |linebuffer_Array_V_7_0_99_U   |cnnshift_arr_ap_fixed_8_2_5_3_0_ap_fixed_8_2_4_0_0_config70_s_linebuffer_Arralmb  |        0|   64|  32|    0|     5|    8|     1|           40|
    |linebuffer_Array_V_7_1_99_U   |cnnshift_arr_ap_fixed_8_2_5_3_0_ap_fixed_8_2_4_0_0_config70_s_linebuffer_Arralmb  |        0|   64|  32|    0|     5|    8|     1|           40|
    |linebuffer_Array_V_7_0_100_U  |cnnshift_arr_ap_fixed_8_2_5_3_0_ap_fixed_8_2_4_0_0_config70_s_linebuffer_Arralmb  |        0|   64|  32|    0|     5|    8|     1|           40|
    |linebuffer_Array_V_7_1_100_U  |cnnshift_arr_ap_fixed_8_2_5_3_0_ap_fixed_8_2_4_0_0_config70_s_linebuffer_Arralmb  |        0|   64|  32|    0|     5|    8|     1|           40|
    |linebuffer_Array_V_7_0_101_U  |cnnshift_arr_ap_fixed_8_2_5_3_0_ap_fixed_8_2_4_0_0_config70_s_linebuffer_Arralmb  |        0|   64|  32|    0|     5|    8|     1|           40|
    |linebuffer_Array_V_7_1_101_U  |cnnshift_arr_ap_fixed_8_2_5_3_0_ap_fixed_8_2_4_0_0_config70_s_linebuffer_Arralmb  |        0|   64|  32|    0|     5|    8|     1|           40|
    |linebuffer_Array_V_7_0_102_U  |cnnshift_arr_ap_fixed_8_2_5_3_0_ap_fixed_8_2_4_0_0_config70_s_linebuffer_Arralmb  |        0|   64|  32|    0|     5|    8|     1|           40|
    |linebuffer_Array_V_7_1_102_U  |cnnshift_arr_ap_fixed_8_2_5_3_0_ap_fixed_8_2_4_0_0_config70_s_linebuffer_Arralmb  |        0|   64|  32|    0|     5|    8|     1|           40|
    |linebuffer_Array_V_7_0_103_U  |cnnshift_arr_ap_fixed_8_2_5_3_0_ap_fixed_8_2_4_0_0_config70_s_linebuffer_Arralmb  |        0|   64|  32|    0|     5|    8|     1|           40|
    |linebuffer_Array_V_7_1_103_U  |cnnshift_arr_ap_fixed_8_2_5_3_0_ap_fixed_8_2_4_0_0_config70_s_linebuffer_Arralmb  |        0|   64|  32|    0|     5|    8|     1|           40|
    |linebuffer_Array_V_7_0_104_U  |cnnshift_arr_ap_fixed_8_2_5_3_0_ap_fixed_8_2_4_0_0_config70_s_linebuffer_Arralmb  |        0|   64|  32|    0|     5|    8|     1|           40|
    |linebuffer_Array_V_7_1_104_U  |cnnshift_arr_ap_fixed_8_2_5_3_0_ap_fixed_8_2_4_0_0_config70_s_linebuffer_Arralmb  |        0|   64|  32|    0|     5|    8|     1|           40|
    |linebuffer_Array_V_7_0_105_U  |cnnshift_arr_ap_fixed_8_2_5_3_0_ap_fixed_8_2_4_0_0_config70_s_linebuffer_Arralmb  |        0|   64|  32|    0|     5|    8|     1|           40|
    |linebuffer_Array_V_7_1_105_U  |cnnshift_arr_ap_fixed_8_2_5_3_0_ap_fixed_8_2_4_0_0_config70_s_linebuffer_Arralmb  |        0|   64|  32|    0|     5|    8|     1|           40|
    |linebuffer_Array_V_7_0_106_U  |cnnshift_arr_ap_fixed_8_2_5_3_0_ap_fixed_8_2_4_0_0_config70_s_linebuffer_Arralmb  |        0|   64|  32|    0|     5|    8|     1|           40|
    |linebuffer_Array_V_7_1_106_U  |cnnshift_arr_ap_fixed_8_2_5_3_0_ap_fixed_8_2_4_0_0_config70_s_linebuffer_Arralmb  |        0|   64|  32|    0|     5|    8|     1|           40|
    |linebuffer_Array_V_7_0_107_U  |cnnshift_arr_ap_fixed_8_2_5_3_0_ap_fixed_8_2_4_0_0_config70_s_linebuffer_Arralmb  |        0|   64|  32|    0|     5|    8|     1|           40|
    |linebuffer_Array_V_7_1_107_U  |cnnshift_arr_ap_fixed_8_2_5_3_0_ap_fixed_8_2_4_0_0_config70_s_linebuffer_Arralmb  |        0|   64|  32|    0|     5|    8|     1|           40|
    |linebuffer_Array_V_7_0_108_U  |cnnshift_arr_ap_fixed_8_2_5_3_0_ap_fixed_8_2_4_0_0_config70_s_linebuffer_Arralmb  |        0|   64|  32|    0|     5|    8|     1|           40|
    |linebuffer_Array_V_7_1_108_U  |cnnshift_arr_ap_fixed_8_2_5_3_0_ap_fixed_8_2_4_0_0_config70_s_linebuffer_Arralmb  |        0|   64|  32|    0|     5|    8|     1|           40|
    |linebuffer_Array_V_7_0_109_U  |cnnshift_arr_ap_fixed_8_2_5_3_0_ap_fixed_8_2_4_0_0_config70_s_linebuffer_Arralmb  |        0|   64|  32|    0|     5|    8|     1|           40|
    |linebuffer_Array_V_7_1_109_U  |cnnshift_arr_ap_fixed_8_2_5_3_0_ap_fixed_8_2_4_0_0_config70_s_linebuffer_Arralmb  |        0|   64|  32|    0|     5|    8|     1|           40|
    |linebuffer_Array_V_7_0_110_U  |cnnshift_arr_ap_fixed_8_2_5_3_0_ap_fixed_8_2_4_0_0_config70_s_linebuffer_Arralmb  |        0|   64|  32|    0|     5|    8|     1|           40|
    |linebuffer_Array_V_7_1_110_U  |cnnshift_arr_ap_fixed_8_2_5_3_0_ap_fixed_8_2_4_0_0_config70_s_linebuffer_Arralmb  |        0|   64|  32|    0|     5|    8|     1|           40|
    |linebuffer_Array_V_7_0_111_U  |cnnshift_arr_ap_fixed_8_2_5_3_0_ap_fixed_8_2_4_0_0_config70_s_linebuffer_Arralmb  |        0|   64|  32|    0|     5|    8|     1|           40|
    |linebuffer_Array_V_7_1_111_U  |cnnshift_arr_ap_fixed_8_2_5_3_0_ap_fixed_8_2_4_0_0_config70_s_linebuffer_Arralmb  |        0|   64|  32|    0|     5|    8|     1|           40|
    |linebuffer_Array_V_7_0_112_U  |cnnshift_arr_ap_fixed_8_2_5_3_0_ap_fixed_8_2_4_0_0_config70_s_linebuffer_Arralmb  |        0|   64|  32|    0|     5|    8|     1|           40|
    |linebuffer_Array_V_7_1_112_U  |cnnshift_arr_ap_fixed_8_2_5_3_0_ap_fixed_8_2_4_0_0_config70_s_linebuffer_Arralmb  |        0|   64|  32|    0|     5|    8|     1|           40|
    |linebuffer_Array_V_7_0_113_U  |cnnshift_arr_ap_fixed_8_2_5_3_0_ap_fixed_8_2_4_0_0_config70_s_linebuffer_Arralmb  |        0|   64|  32|    0|     5|    8|     1|           40|
    |linebuffer_Array_V_7_1_113_U  |cnnshift_arr_ap_fixed_8_2_5_3_0_ap_fixed_8_2_4_0_0_config70_s_linebuffer_Arralmb  |        0|   64|  32|    0|     5|    8|     1|           40|
    |linebuffer_Array_V_7_0_114_U  |cnnshift_arr_ap_fixed_8_2_5_3_0_ap_fixed_8_2_4_0_0_config70_s_linebuffer_Arralmb  |        0|   64|  32|    0|     5|    8|     1|           40|
    |linebuffer_Array_V_7_1_114_U  |cnnshift_arr_ap_fixed_8_2_5_3_0_ap_fixed_8_2_4_0_0_config70_s_linebuffer_Arralmb  |        0|   64|  32|    0|     5|    8|     1|           40|
    |linebuffer_Array_V_7_0_115_U  |cnnshift_arr_ap_fixed_8_2_5_3_0_ap_fixed_8_2_4_0_0_config70_s_linebuffer_Arralmb  |        0|   64|  32|    0|     5|    8|     1|           40|
    |linebuffer_Array_V_7_1_115_U  |cnnshift_arr_ap_fixed_8_2_5_3_0_ap_fixed_8_2_4_0_0_config70_s_linebuffer_Arralmb  |        0|   64|  32|    0|     5|    8|     1|           40|
    |linebuffer_Array_V_7_0_116_U  |cnnshift_arr_ap_fixed_8_2_5_3_0_ap_fixed_8_2_4_0_0_config70_s_linebuffer_Arralmb  |        0|   64|  32|    0|     5|    8|     1|           40|
    |linebuffer_Array_V_7_1_116_U  |cnnshift_arr_ap_fixed_8_2_5_3_0_ap_fixed_8_2_4_0_0_config70_s_linebuffer_Arralmb  |        0|   64|  32|    0|     5|    8|     1|           40|
    |linebuffer_Array_V_7_0_117_U  |cnnshift_arr_ap_fixed_8_2_5_3_0_ap_fixed_8_2_4_0_0_config70_s_linebuffer_Arralmb  |        0|   64|  32|    0|     5|    8|     1|           40|
    |linebuffer_Array_V_7_1_117_U  |cnnshift_arr_ap_fixed_8_2_5_3_0_ap_fixed_8_2_4_0_0_config70_s_linebuffer_Arralmb  |        0|   64|  32|    0|     5|    8|     1|           40|
    |linebuffer_Array_V_7_0_118_U  |cnnshift_arr_ap_fixed_8_2_5_3_0_ap_fixed_8_2_4_0_0_config70_s_linebuffer_Arralmb  |        0|   64|  32|    0|     5|    8|     1|           40|
    |linebuffer_Array_V_7_1_118_U  |cnnshift_arr_ap_fixed_8_2_5_3_0_ap_fixed_8_2_4_0_0_config70_s_linebuffer_Arralmb  |        0|   64|  32|    0|     5|    8|     1|           40|
    |linebuffer_Array_V_7_0_119_U  |cnnshift_arr_ap_fixed_8_2_5_3_0_ap_fixed_8_2_4_0_0_config70_s_linebuffer_Arralmb  |        0|   64|  32|    0|     5|    8|     1|           40|
    |linebuffer_Array_V_7_1_119_U  |cnnshift_arr_ap_fixed_8_2_5_3_0_ap_fixed_8_2_4_0_0_config70_s_linebuffer_Arralmb  |        0|   64|  32|    0|     5|    8|     1|           40|
    |linebuffer_Array_V_7_0_120_U  |cnnshift_arr_ap_fixed_8_2_5_3_0_ap_fixed_8_2_4_0_0_config70_s_linebuffer_Arralmb  |        0|   64|  32|    0|     5|    8|     1|           40|
    |linebuffer_Array_V_7_1_120_U  |cnnshift_arr_ap_fixed_8_2_5_3_0_ap_fixed_8_2_4_0_0_config70_s_linebuffer_Arralmb  |        0|   64|  32|    0|     5|    8|     1|           40|
    |linebuffer_Array_V_7_0_121_U  |cnnshift_arr_ap_fixed_8_2_5_3_0_ap_fixed_8_2_4_0_0_config70_s_linebuffer_Arralmb  |        0|   64|  32|    0|     5|    8|     1|           40|
    |linebuffer_Array_V_7_1_121_U  |cnnshift_arr_ap_fixed_8_2_5_3_0_ap_fixed_8_2_4_0_0_config70_s_linebuffer_Arralmb  |        0|   64|  32|    0|     5|    8|     1|           40|
    |linebuffer_Array_V_7_0_122_U  |cnnshift_arr_ap_fixed_8_2_5_3_0_ap_fixed_8_2_4_0_0_config70_s_linebuffer_Arralmb  |        0|   64|  32|    0|     5|    8|     1|           40|
    |linebuffer_Array_V_7_1_122_U  |cnnshift_arr_ap_fixed_8_2_5_3_0_ap_fixed_8_2_4_0_0_config70_s_linebuffer_Arralmb  |        0|   64|  32|    0|     5|    8|     1|           40|
    |linebuffer_Array_V_7_0_123_U  |cnnshift_arr_ap_fixed_8_2_5_3_0_ap_fixed_8_2_4_0_0_config70_s_linebuffer_Arralmb  |        0|   64|  32|    0|     5|    8|     1|           40|
    |linebuffer_Array_V_7_1_123_U  |cnnshift_arr_ap_fixed_8_2_5_3_0_ap_fixed_8_2_4_0_0_config70_s_linebuffer_Arralmb  |        0|   64|  32|    0|     5|    8|     1|           40|
    |linebuffer_Array_V_7_0_124_U  |cnnshift_arr_ap_fixed_8_2_5_3_0_ap_fixed_8_2_4_0_0_config70_s_linebuffer_Arralmb  |        0|   64|  32|    0|     5|    8|     1|           40|
    |linebuffer_Array_V_7_1_124_U  |cnnshift_arr_ap_fixed_8_2_5_3_0_ap_fixed_8_2_4_0_0_config70_s_linebuffer_Arralmb  |        0|   64|  32|    0|     5|    8|     1|           40|
    |linebuffer_Array_V_7_0_125_U  |cnnshift_arr_ap_fixed_8_2_5_3_0_ap_fixed_8_2_4_0_0_config70_s_linebuffer_Arralmb  |        0|   64|  32|    0|     5|    8|     1|           40|
    |linebuffer_Array_V_7_1_125_U  |cnnshift_arr_ap_fixed_8_2_5_3_0_ap_fixed_8_2_4_0_0_config70_s_linebuffer_Arralmb  |        0|   64|  32|    0|     5|    8|     1|           40|
    |linebuffer_Array_V_7_0_126_U  |cnnshift_arr_ap_fixed_8_2_5_3_0_ap_fixed_8_2_4_0_0_config70_s_linebuffer_Arralmb  |        0|   64|  32|    0|     5|    8|     1|           40|
    |linebuffer_Array_V_7_1_126_U  |cnnshift_arr_ap_fixed_8_2_5_3_0_ap_fixed_8_2_4_0_0_config70_s_linebuffer_Arralmb  |        0|   64|  32|    0|     5|    8|     1|           40|
    |linebuffer_Array_V_7_0_127_U  |cnnshift_arr_ap_fixed_8_2_5_3_0_ap_fixed_8_2_4_0_0_config70_s_linebuffer_Arralmb  |        0|   64|  32|    0|     5|    8|     1|           40|
    |linebuffer_Array_V_7_1_127_U  |cnnshift_arr_ap_fixed_8_2_5_3_0_ap_fixed_8_2_4_0_0_config70_s_linebuffer_Arralmb  |        0|   64|  32|    0|     5|    8|     1|           40|
    +------------------------------+----------------------------------------------------------------------------------+---------+-----+----+-----+------+-----+------+-------------+
    |Total                         |                                                                                  |        0|16384|8192|    0|  1280| 2048|   256|        10240|
    +------------------------------+----------------------------------------------------------------------------------+---------+-----+----+-----+------+-----+------+-------------+

    * FIFO: 
    N/A

    * Expression: 
    N/A

    * Multiplexer: 
    +-------------------+----+-----------+------+-----------+
    |        Name       | LUT| Input Size| Bits | Total Bits|
    +-------------------+----+-----------+------+-----------+
    |ap_NS_fsm          |  47|         10|     1|         10|
    |output_V_address0  |  47|         10|     4|         40|
    |output_V_address1  |  47|         10|     4|         40|
    |output_V_d0        |  27|          5|  1024|       5120|
    |output_V_d1        |  33|          6|  1024|       6144|
    +-------------------+----+-----------+------+-----------+
    |Total              | 201|         41|  2057|      11354|
    +-------------------+----+-----------+------+-----------+

    * Register: 
    +------------------------------+------+----+------+-----------+
    |             Name             |  FF  | LUT| Bits | Const Bits|
    +------------------------------+------+----+------+-----------+
    |DataIn_V_assign_255_reg_6308  |     8|   0|     8|          0|
    |DataIn_V_assign_256_reg_6313  |     8|   0|     8|          0|
    |DataIn_V_assign_257_reg_6319  |     8|   0|     8|          0|
    |DataIn_V_assign_258_reg_6325  |     8|   0|     8|          0|
    |DataIn_V_assign_259_reg_6335  |     8|   0|     8|          0|
    |DataIn_V_assign_260_reg_6341  |     8|   0|     8|          0|
    |DataIn_V_assign_261_reg_6347  |     8|   0|     8|          0|
    |DataIn_V_assign_262_reg_6357  |     8|   0|     8|          0|
    |DataIn_V_assign_263_reg_6363  |     8|   0|     8|          0|
    |DataIn_V_assign_264_reg_6369  |     8|   0|     8|          0|
    |DataIn_V_assign_265_reg_6374  |     8|   0|     8|          0|
    |DataIn_V_assign_266_reg_6380  |     8|   0|     8|          0|
    |DataIn_V_assign_267_reg_6386  |     8|   0|     8|          0|
    |DataIn_V_assign_268_reg_6396  |     8|   0|     8|          0|
    |DataIn_V_assign_269_reg_6402  |     8|   0|     8|          0|
    |DataIn_V_assign_270_reg_6408  |     8|   0|     8|          0|
    |DataIn_V_assign_271_reg_6418  |     8|   0|     8|          0|
    |DataIn_V_assign_272_reg_6424  |     8|   0|     8|          0|
    |DataIn_V_assign_273_reg_6430  |     8|   0|     8|          0|
    |DataIn_V_assign_274_reg_6435  |     8|   0|     8|          0|
    |DataIn_V_assign_275_reg_6441  |     8|   0|     8|          0|
    |DataIn_V_assign_276_reg_6447  |     8|   0|     8|          0|
    |DataIn_V_assign_277_reg_6457  |     8|   0|     8|          0|
    |DataIn_V_assign_278_reg_6463  |     8|   0|     8|          0|
    |DataIn_V_assign_279_reg_6469  |     8|   0|     8|          0|
    |DataIn_V_assign_280_reg_6479  |     8|   0|     8|          0|
    |DataIn_V_assign_281_reg_6485  |     8|   0|     8|          0|
    |DataIn_V_assign_282_reg_6491  |     8|   0|     8|          0|
    |DataIn_V_assign_283_reg_6496  |     8|   0|     8|          0|
    |DataIn_V_assign_284_reg_6502  |     8|   0|     8|          0|
    |DataIn_V_assign_285_reg_6508  |     8|   0|     8|          0|
    |DataIn_V_assign_286_reg_6518  |     8|   0|     8|          0|
    |DataIn_V_assign_287_reg_6524  |     8|   0|     8|          0|
    |DataIn_V_assign_288_reg_6530  |     8|   0|     8|          0|
    |DataIn_V_assign_289_reg_6540  |     8|   0|     8|          0|
    |DataIn_V_assign_290_reg_6546  |     8|   0|     8|          0|
    |DataIn_V_assign_291_reg_6552  |     8|   0|     8|          0|
    |DataIn_V_assign_292_reg_6557  |     8|   0|     8|          0|
    |DataIn_V_assign_293_reg_6563  |     8|   0|     8|          0|
    |DataIn_V_assign_294_reg_6569  |     8|   0|     8|          0|
    |DataIn_V_assign_295_reg_6579  |     8|   0|     8|          0|
    |DataIn_V_assign_296_reg_6585  |     8|   0|     8|          0|
    |DataIn_V_assign_297_reg_6591  |     8|   0|     8|          0|
    |DataIn_V_assign_298_reg_6601  |     8|   0|     8|          0|
    |DataIn_V_assign_299_reg_6607  |     8|   0|     8|          0|
    |DataIn_V_assign_300_reg_6613  |     8|   0|     8|          0|
    |DataIn_V_assign_301_reg_6618  |     8|   0|     8|          0|
    |DataIn_V_assign_302_reg_6624  |     8|   0|     8|          0|
    |DataIn_V_assign_303_reg_6630  |     8|   0|     8|          0|
    |DataIn_V_assign_304_reg_6640  |     8|   0|     8|          0|
    |DataIn_V_assign_305_reg_6646  |     8|   0|     8|          0|
    |DataIn_V_assign_306_reg_6652  |     8|   0|     8|          0|
    |DataIn_V_assign_307_reg_6662  |     8|   0|     8|          0|
    |DataIn_V_assign_308_reg_6668  |     8|   0|     8|          0|
    |DataIn_V_assign_309_reg_6674  |     8|   0|     8|          0|
    |DataIn_V_assign_310_reg_6679  |     8|   0|     8|          0|
    |DataIn_V_assign_311_reg_6685  |     8|   0|     8|          0|
    |DataIn_V_assign_312_reg_6691  |     8|   0|     8|          0|
    |DataIn_V_assign_313_reg_6701  |     8|   0|     8|          0|
    |DataIn_V_assign_314_reg_6707  |     8|   0|     8|          0|
    |DataIn_V_assign_315_reg_6713  |     8|   0|     8|          0|
    |DataIn_V_assign_316_reg_6723  |     8|   0|     8|          0|
    |DataIn_V_assign_317_reg_6729  |     8|   0|     8|          0|
    |DataIn_V_assign_318_reg_6735  |     8|   0|     8|          0|
    |DataIn_V_assign_319_reg_6740  |     8|   0|     8|          0|
    |DataIn_V_assign_320_reg_6746  |     8|   0|     8|          0|
    |DataIn_V_assign_321_reg_6752  |     8|   0|     8|          0|
    |DataIn_V_assign_322_reg_6762  |     8|   0|     8|          0|
    |DataIn_V_assign_323_reg_6768  |     8|   0|     8|          0|
    |DataIn_V_assign_324_reg_6774  |     8|   0|     8|          0|
    |DataIn_V_assign_325_reg_6784  |     8|   0|     8|          0|
    |DataIn_V_assign_326_reg_6790  |     8|   0|     8|          0|
    |DataIn_V_assign_327_reg_6796  |     8|   0|     8|          0|
    |DataIn_V_assign_328_reg_6801  |     8|   0|     8|          0|
    |DataIn_V_assign_329_reg_6807  |     8|   0|     8|          0|
    |DataIn_V_assign_330_reg_6813  |     8|   0|     8|          0|
    |DataIn_V_assign_331_reg_6823  |     8|   0|     8|          0|
    |DataIn_V_assign_332_reg_6829  |     8|   0|     8|          0|
    |DataIn_V_assign_333_reg_6835  |     8|   0|     8|          0|
    |DataIn_V_assign_334_reg_6845  |     8|   0|     8|          0|
    |DataIn_V_assign_335_reg_6851  |     8|   0|     8|          0|
    |DataIn_V_assign_336_reg_6857  |     8|   0|     8|          0|
    |DataIn_V_assign_337_reg_6862  |     8|   0|     8|          0|
    |DataIn_V_assign_338_reg_6868  |     8|   0|     8|          0|
    |DataIn_V_assign_339_reg_6874  |     8|   0|     8|          0|
    |DataIn_V_assign_340_reg_6884  |     8|   0|     8|          0|
    |DataIn_V_assign_341_reg_6890  |     8|   0|     8|          0|
    |DataIn_V_assign_342_reg_6896  |     8|   0|     8|          0|
    |DataIn_V_assign_343_reg_6906  |     8|   0|     8|          0|
    |DataIn_V_assign_344_reg_6912  |     8|   0|     8|          0|
    |DataIn_V_assign_345_reg_6918  |     8|   0|     8|          0|
    |DataIn_V_assign_346_reg_6923  |     8|   0|     8|          0|
    |DataIn_V_assign_347_reg_6929  |     8|   0|     8|          0|
    |DataIn_V_assign_348_reg_6935  |     8|   0|     8|          0|
    |DataIn_V_assign_349_reg_6945  |     8|   0|     8|          0|
    |DataIn_V_assign_350_reg_6951  |     8|   0|     8|          0|
    |DataIn_V_assign_351_reg_6957  |     8|   0|     8|          0|
    |DataIn_V_assign_352_reg_6967  |     8|   0|     8|          0|
    |DataIn_V_assign_353_reg_6973  |     8|   0|     8|          0|
    |DataIn_V_assign_354_reg_6979  |     8|   0|     8|          0|
    |DataIn_V_assign_355_reg_6984  |     8|   0|     8|          0|
    |DataIn_V_assign_356_reg_6990  |     8|   0|     8|          0|
    |DataIn_V_assign_357_reg_6996  |     8|   0|     8|          0|
    |DataIn_V_assign_358_reg_7006  |     8|   0|     8|          0|
    |DataIn_V_assign_359_reg_7012  |     8|   0|     8|          0|
    |DataIn_V_assign_360_reg_7018  |     8|   0|     8|          0|
    |DataIn_V_assign_361_reg_7028  |     8|   0|     8|          0|
    |DataIn_V_assign_362_reg_7034  |     8|   0|     8|          0|
    |DataIn_V_assign_363_reg_7040  |     8|   0|     8|          0|
    |DataIn_V_assign_364_reg_7045  |     8|   0|     8|          0|
    |DataIn_V_assign_365_reg_7051  |     8|   0|     8|          0|
    |DataIn_V_assign_366_reg_7057  |     8|   0|     8|          0|
    |DataIn_V_assign_367_reg_7067  |     8|   0|     8|          0|
    |DataIn_V_assign_368_reg_7073  |     8|   0|     8|          0|
    |DataIn_V_assign_369_reg_7079  |     8|   0|     8|          0|
    |DataIn_V_assign_370_reg_7089  |     8|   0|     8|          0|
    |DataIn_V_assign_371_reg_7095  |     8|   0|     8|          0|
    |DataIn_V_assign_372_reg_7101  |     8|   0|     8|          0|
    |DataIn_V_assign_373_reg_7106  |     8|   0|     8|          0|
    |DataIn_V_assign_374_reg_7112  |     8|   0|     8|          0|
    |DataIn_V_assign_375_reg_7118  |     8|   0|     8|          0|
    |DataIn_V_assign_376_reg_7128  |     8|   0|     8|          0|
    |DataIn_V_assign_377_reg_7134  |     8|   0|     8|          0|
    |DataIn_V_assign_378_reg_7140  |     8|   0|     8|          0|
    |DataIn_V_assign_379_reg_7150  |     8|   0|     8|          0|
    |DataIn_V_assign_380_reg_7156  |     8|   0|     8|          0|
    |DataIn_V_assign_s_reg_6302    |     8|   0|     8|          0|
    |DataOut_V_511_reg_7198        |     8|   0|     8|          0|
    |DataOut_V_512_reg_7203        |     8|   0|     8|          0|
    |DataOut_V_514_reg_7503        |     8|   0|     8|          0|
    |DataOut_V_516_reg_7508        |     8|   0|     8|          0|
    |DataOut_V_518_reg_7643        |     8|   0|     8|          0|
    |DataOut_V_520_reg_6330        |     8|   0|     8|          0|
    |DataOut_V_522_reg_7208        |     8|   0|     8|          0|
    |DataOut_V_524_reg_7213        |     8|   0|     8|          0|
    |DataOut_V_526_reg_6352        |     8|   0|     8|          0|
    |DataOut_V_528_reg_7218        |     8|   0|     8|          0|
    |DataOut_V_530_reg_7223        |     8|   0|     8|          0|
    |DataOut_V_532_reg_7513        |     8|   0|     8|          0|
    |DataOut_V_534_reg_7518        |     8|   0|     8|          0|
    |DataOut_V_536_reg_7648        |     8|   0|     8|          0|
    |DataOut_V_538_reg_6391        |     8|   0|     8|          0|
    |DataOut_V_540_reg_7228        |     8|   0|     8|          0|
    |DataOut_V_542_reg_7233        |     8|   0|     8|          0|
    |DataOut_V_544_reg_6413        |     8|   0|     8|          0|
    |DataOut_V_546_reg_7238        |     8|   0|     8|          0|
    |DataOut_V_548_reg_7243        |     8|   0|     8|          0|
    |DataOut_V_550_reg_7523        |     8|   0|     8|          0|
    |DataOut_V_552_reg_7528        |     8|   0|     8|          0|
    |DataOut_V_554_reg_7653        |     8|   0|     8|          0|
    |DataOut_V_556_reg_6452        |     8|   0|     8|          0|
    |DataOut_V_558_reg_7248        |     8|   0|     8|          0|
    |DataOut_V_560_reg_7253        |     8|   0|     8|          0|
    |DataOut_V_562_reg_6474        |     8|   0|     8|          0|
    |DataOut_V_564_reg_7258        |     8|   0|     8|          0|
    |DataOut_V_566_reg_7263        |     8|   0|     8|          0|
    |DataOut_V_568_reg_7533        |     8|   0|     8|          0|
    |DataOut_V_570_reg_7538        |     8|   0|     8|          0|
    |DataOut_V_572_reg_7658        |     8|   0|     8|          0|
    |DataOut_V_574_reg_6513        |     8|   0|     8|          0|
    |DataOut_V_576_reg_7268        |     8|   0|     8|          0|
    |DataOut_V_578_reg_7273        |     8|   0|     8|          0|
    |DataOut_V_580_reg_6535        |     8|   0|     8|          0|
    |DataOut_V_582_reg_7278        |     8|   0|     8|          0|
    |DataOut_V_584_reg_7283        |     8|   0|     8|          0|
    |DataOut_V_586_reg_7543        |     8|   0|     8|          0|
    |DataOut_V_588_reg_7548        |     8|   0|     8|          0|
    |DataOut_V_590_reg_7663        |     8|   0|     8|          0|
    |DataOut_V_592_reg_6574        |     8|   0|     8|          0|
    |DataOut_V_594_reg_7288        |     8|   0|     8|          0|
    |DataOut_V_596_reg_7293        |     8|   0|     8|          0|
    |DataOut_V_598_reg_6596        |     8|   0|     8|          0|
    |DataOut_V_600_reg_7298        |     8|   0|     8|          0|
    |DataOut_V_602_reg_7303        |     8|   0|     8|          0|
    |DataOut_V_604_reg_7553        |     8|   0|     8|          0|
    |DataOut_V_606_reg_7558        |     8|   0|     8|          0|
    |DataOut_V_608_reg_7668        |     8|   0|     8|          0|
    |DataOut_V_610_reg_6635        |     8|   0|     8|          0|
    |DataOut_V_612_reg_7308        |     8|   0|     8|          0|
    |DataOut_V_614_reg_7313        |     8|   0|     8|          0|
    |DataOut_V_616_reg_6657        |     8|   0|     8|          0|
    |DataOut_V_618_reg_7318        |     8|   0|     8|          0|
    |DataOut_V_620_reg_7323        |     8|   0|     8|          0|
    |DataOut_V_622_reg_7563        |     8|   0|     8|          0|
    |DataOut_V_624_reg_7568        |     8|   0|     8|          0|
    |DataOut_V_626_reg_7673        |     8|   0|     8|          0|
    |DataOut_V_628_reg_6696        |     8|   0|     8|          0|
    |DataOut_V_630_reg_7328        |     8|   0|     8|          0|
    |DataOut_V_632_reg_7333        |     8|   0|     8|          0|
    |DataOut_V_634_reg_6718        |     8|   0|     8|          0|
    |DataOut_V_636_reg_7338        |     8|   0|     8|          0|
    |DataOut_V_638_reg_7343        |     8|   0|     8|          0|
    |DataOut_V_640_reg_7573        |     8|   0|     8|          0|
    |DataOut_V_642_reg_7578        |     8|   0|     8|          0|
    |DataOut_V_644_reg_7678        |     8|   0|     8|          0|
    |DataOut_V_646_reg_6757        |     8|   0|     8|          0|
    |DataOut_V_648_reg_7348        |     8|   0|     8|          0|
    |DataOut_V_650_reg_7353        |     8|   0|     8|          0|
    |DataOut_V_652_reg_6779        |     8|   0|     8|          0|
    |DataOut_V_654_reg_7358        |     8|   0|     8|          0|
    |DataOut_V_656_reg_7363        |     8|   0|     8|          0|
    |DataOut_V_658_reg_7583        |     8|   0|     8|          0|
    |DataOut_V_660_reg_7588        |     8|   0|     8|          0|
    |DataOut_V_662_reg_7683        |     8|   0|     8|          0|
    |DataOut_V_664_reg_6818        |     8|   0|     8|          0|
    |DataOut_V_666_reg_7368        |     8|   0|     8|          0|
    |DataOut_V_668_reg_7373        |     8|   0|     8|          0|
    |DataOut_V_670_reg_6840        |     8|   0|     8|          0|
    |DataOut_V_672_reg_7378        |     8|   0|     8|          0|
    |DataOut_V_674_reg_7383        |     8|   0|     8|          0|
    |DataOut_V_676_reg_7593        |     8|   0|     8|          0|
    |DataOut_V_678_reg_7598        |     8|   0|     8|          0|
    |DataOut_V_680_reg_7688        |     8|   0|     8|          0|
    |DataOut_V_682_reg_6879        |     8|   0|     8|          0|
    |DataOut_V_684_reg_7388        |     8|   0|     8|          0|
    |DataOut_V_686_reg_7393        |     8|   0|     8|          0|
    |DataOut_V_688_reg_6901        |     8|   0|     8|          0|
    |DataOut_V_690_reg_7398        |     8|   0|     8|          0|
    |DataOut_V_692_reg_7403        |     8|   0|     8|          0|
    |DataOut_V_694_reg_7603        |     8|   0|     8|          0|
    |DataOut_V_696_reg_7608        |     8|   0|     8|          0|
    |DataOut_V_698_reg_7693        |     8|   0|     8|          0|
    |DataOut_V_700_reg_6940        |     8|   0|     8|          0|
    |DataOut_V_702_reg_7408        |     8|   0|     8|          0|
    |DataOut_V_704_reg_7413        |     8|   0|     8|          0|
    |DataOut_V_706_reg_6962        |     8|   0|     8|          0|
    |DataOut_V_708_reg_7418        |     8|   0|     8|          0|
    |DataOut_V_710_reg_7423        |     8|   0|     8|          0|
    |DataOut_V_712_reg_7613        |     8|   0|     8|          0|
    |DataOut_V_714_reg_7618        |     8|   0|     8|          0|
    |DataOut_V_716_reg_7698        |     8|   0|     8|          0|
    |DataOut_V_718_reg_7001        |     8|   0|     8|          0|
    |DataOut_V_720_reg_7428        |     8|   0|     8|          0|
    |DataOut_V_722_reg_7433        |     8|   0|     8|          0|
    |DataOut_V_724_reg_7023        |     8|   0|     8|          0|
    |DataOut_V_726_reg_7438        |     8|   0|     8|          0|
    |DataOut_V_728_reg_7443        |     8|   0|     8|          0|
    |DataOut_V_730_reg_7623        |     8|   0|     8|          0|
    |DataOut_V_732_reg_7628        |     8|   0|     8|          0|
    |DataOut_V_734_reg_7703        |     8|   0|     8|          0|
    |DataOut_V_736_reg_7062        |     8|   0|     8|          0|
    |DataOut_V_738_reg_7448        |     8|   0|     8|          0|
    |DataOut_V_740_reg_7453        |     8|   0|     8|          0|
    |DataOut_V_742_reg_7084        |     8|   0|     8|          0|
    |DataOut_V_744_reg_7458        |     8|   0|     8|          0|
    |DataOut_V_746_reg_7463        |     8|   0|     8|          0|
    |DataOut_V_748_reg_7633        |     8|   0|     8|          0|
    |DataOut_V_750_reg_7638        |     8|   0|     8|          0|
    |DataOut_V_752_reg_7708        |     8|   0|     8|          0|
    |DataOut_V_754_reg_7123        |     8|   0|     8|          0|
    |DataOut_V_756_reg_7468        |     8|   0|     8|          0|
    |DataOut_V_758_reg_7473        |     8|   0|     8|          0|
    |DataOut_V_760_reg_7145        |     8|   0|     8|          0|
    |DataOut_V_762_reg_7478        |     8|   0|     8|          0|
    |DataOut_V_764_reg_7483        |     8|   0|     8|          0|
    |ap_CS_fsm                     |     9|   0|     9|          0|
    |ap_port_reg_data_V_read       |  1024|   0|  1024|          0|
    |tmp_39_reg_6187               |   232|   0|   232|          0|
    |tmp_40_reg_6192               |   232|   0|   232|          0|
    |tmp_41_reg_6224               |   224|   0|   224|          0|
    |tmp_42_reg_6229               |   224|   0|   224|          0|
    |tmp_43_reg_6234               |   232|   0|   232|          0|
    |tmp_44_reg_6266               |   224|   0|   224|          0|
    |tmp_45_reg_6271               |   224|   0|   224|          0|
    |tmp_46_reg_6276               |   232|   0|   232|          0|
    |tmp_47_reg_6281               |   232|   0|   232|          0|
    |tmp_48_reg_6286               |   224|   0|   224|          0|
    |tmp_49_reg_6291               |   232|   0|   232|          0|
    |tmp_50_reg_7168               |   232|   0|   232|          0|
    |tmp_51_reg_7173               |   224|   0|   224|          0|
    |tmp_52_reg_7178               |   224|   0|   224|          0|
    |tmp_53_reg_7183               |   232|   0|   232|          0|
    |tmp_54_reg_7188               |   224|   0|   224|          0|
    |tmp_55_reg_7193               |   224|   0|   224|          0|
    |tmp_56_reg_7488               |   232|   0|   232|          0|
    |tmp_57_reg_7493               |   232|   0|   232|          0|
    |tmp_58_reg_7498               |   224|   0|   224|          0|
    |tmp_59_reg_6197               |   224|   0|   224|          0|
    |tmp_60_reg_6202               |   232|   0|   232|          0|
    |tmp_61_reg_6207               |   224|   0|   224|          0|
    |tmp_62_reg_6239               |   224|   0|   224|          0|
    |tmp_63_reg_6244               |   232|   0|   232|          0|
    |tmp_64_reg_6249               |   224|   0|   224|          0|
    |tmp_reg_6182                  |   224|   0|   224|          0|
    |trunc_ln203_reg_6296          |     8|   0|     8|          0|
    +------------------------------+------+----+------+-----------+
    |Total                         |  9225|   0|  9225|          0|
    +------------------------------+------+----+------+-----------+



================================================================
== Interface
================================================================
* Summary: 
+-------------------+-----+------+------------+--------------------------------------------------------------------------+--------------+
|     RTL Ports     | Dir | Bits |  Protocol  |                               Source Object                              |    C Type    |
+-------------------+-----+------+------------+--------------------------------------------------------------------------+--------------+
|ap_clk             |  in |     1| ap_ctrl_hs | cnnshift_arr<ap_fixed<8, 2, 5, 3, 0>, ap_fixed<8, 2, 4, 0, 0>, config70> | return value |
|ap_rst             |  in |     1| ap_ctrl_hs | cnnshift_arr<ap_fixed<8, 2, 5, 3, 0>, ap_fixed<8, 2, 4, 0, 0>, config70> | return value |
|ap_start           |  in |     1| ap_ctrl_hs | cnnshift_arr<ap_fixed<8, 2, 5, 3, 0>, ap_fixed<8, 2, 4, 0, 0>, config70> | return value |
|ap_done            | out |     1| ap_ctrl_hs | cnnshift_arr<ap_fixed<8, 2, 5, 3, 0>, ap_fixed<8, 2, 4, 0, 0>, config70> | return value |
|ap_idle            | out |     1| ap_ctrl_hs | cnnshift_arr<ap_fixed<8, 2, 5, 3, 0>, ap_fixed<8, 2, 4, 0, 0>, config70> | return value |
|ap_ready           | out |     1| ap_ctrl_hs | cnnshift_arr<ap_fixed<8, 2, 5, 3, 0>, ap_fixed<8, 2, 4, 0, 0>, config70> | return value |
|data_V_read        |  in |  1024|   ap_none  |                                data_V_read                               |    scalar    |
|output_V_address0  | out |     4|  ap_memory |                                 output_V                                 |     array    |
|output_V_ce0       | out |     1|  ap_memory |                                 output_V                                 |     array    |
|output_V_we0       | out |     1|  ap_memory |                                 output_V                                 |     array    |
|output_V_d0        | out |  1024|  ap_memory |                                 output_V                                 |     array    |
|output_V_q0        |  in |  1024|  ap_memory |                                 output_V                                 |     array    |
|output_V_address1  | out |     4|  ap_memory |                                 output_V                                 |     array    |
|output_V_ce1       | out |     1|  ap_memory |                                 output_V                                 |     array    |
|output_V_we1       | out |     1|  ap_memory |                                 output_V                                 |     array    |
|output_V_d1        | out |  1024|  ap_memory |                                 output_V                                 |     array    |
|output_V_q1        |  in |  1024|  ap_memory |                                 output_V                                 |     array    |
+-------------------+-----+------+------------+--------------------------------------------------------------------------+--------------+

