

================================================================
== Vivado HLS Report for 'conv_2d_cl_switch_ap_fixed_6_2_5_3_0_ap_fixed_6_2_4_0_0_config76_s'
================================================================
* Date:           Fri Jan 27 16:32:20 2023

* Version:        2019.2 (Build 2704478 on Wed Nov 06 22:10:23 MST 2019)
* Project:        alveo_hls4ml
* Solution:       solution
* Product family: virtexuplus
* Target device:  xcu50-fsvh2104-2L-e


================================================================
== Performance Estimates
================================================================
+ Timing: 
    * Summary: 
    +--------+---------+----------+------------+
    |  Clock |  Target | Estimated| Uncertainty|
    +--------+---------+----------+------------+
    |ap_clk  | 4.00 ns | 2.913 ns |   0.90 ns  |
    +--------+---------+----------+------------+

+ Latency: 
    * Summary: 
    +---------+---------+-----------+----------+------+-------+---------+
    |  Latency (cycles) |  Latency (absolute)  |   Interval   | Pipeline|
    |   min   |   max   |    min    |    max   |  min |  max  |   Type  |
    +---------+---------+-----------+----------+------+-------+---------+
    |     6651|    42426| 26.604 us | 0.170 ms |  6651|  42426|   none  |
    +---------+---------+-----------+----------+------+-------+---------+

    + Detail: 
        * Instance: 
        +-------------------------------------------------------------------------------+-------------------------------------------------------------------+---------+---------+-----------+-----------+------+------+----------+
        |                                                                               |                                                                   |  Latency (cycles) |   Latency (absolute)  |   Interval  | Pipeline |
        |                                    Instance                                   |                               Module                              |   min   |   max   |    min    |    max    |  min |  max |   Type   |
        +-------------------------------------------------------------------------------+-------------------------------------------------------------------+---------+---------+-----------+-----------+------+------+----------+
        |grp_dense_large_ap_fixed_6_2_5_3_0_ap_fixed_6_2_4_0_0_config76_mult_s_fu_2150  |dense_large_ap_fixed_6_2_5_3_0_ap_fixed_6_2_4_0_0_config76_mult_s  |     1174|     1174|  4.696 us |  4.696 us |  1174|  1174|   none   |
        |grp_cnnshift_arr_ap_fixed_6_2_5_3_0_ap_fixed_6_2_4_0_0_config76_s_fu_2158      |cnnshift_arr_ap_fixed_6_2_5_3_0_ap_fixed_6_2_4_0_0_config76_s      |        8|        8| 32.000 ns | 32.000 ns |     9|     9| function |
        +-------------------------------------------------------------------------------+-------------------------------------------------------------------+---------+---------+-----------+-----------+------+------+----------+

        * Loop: 
        +----------+---------+---------+------------+-----------+-----------+------+----------+
        |          |  Latency (cycles) |  Iteration |  Initiation Interval  | Trip |          |
        | Loop Name|   min   |   max   |   Latency  |  achieved |   target  | Count| Pipelined|
        +----------+---------+---------+------------+-----------+-----------+------+----------+
        |- Loop 1  |     6650|    42425| 266 ~ 1697 |          -|          -|    25|    no    |
        +----------+---------+---------+------------+-----------+-----------+------+----------+



================================================================
== Utilization Estimates
================================================================
* Summary: 
+---------------------+---------+-------+---------+--------+-----+
|         Name        | BRAM_18K| DSP48E|    FF   |   LUT  | URAM|
+---------------------+---------+-------+---------+--------+-----+
|DSP                  |        -|      -|        -|       -|    -|
|Expression           |        -|      -|        0|     345|    -|
|FIFO                 |        -|      -|        -|       -|    -|
|Instance             |      258|    513|    74237|   87111|    -|
|Memory               |        0|      -|        0|       0|   22|
|Multiplexer          |        -|      -|        -|    3531|    -|
|Register             |        -|      -|     3869|       -|    -|
+---------------------+---------+-------+---------+--------+-----+
|Total                |      258|    513|    78106|   90987|   22|
+---------------------+---------+-------+---------+--------+-----+
|Available SLR        |     1344|   2976|   871680|  435840|  320|
+---------------------+---------+-------+---------+--------+-----+
|Utilization SLR (%)  |       19|     17|        8|      20|    6|
+---------------------+---------+-------+---------+--------+-----+
|Available            |     2688|   5952|  1743360|  871680|  640|
+---------------------+---------+-------+---------+--------+-----+
|Utilization (%)      |        9|      8|        4|      10|    3|
+---------------------+---------+-------+---------+--------+-----+

+ Detail: 
    * Instance: 
    +-------------------------------------------------------------------------------+-------------------------------------------------------------------+---------+-------+-------+-------+-----+
    |                                    Instance                                   |                               Module                              | BRAM_18K| DSP48E|   FF  |  LUT  | URAM|
    +-------------------------------------------------------------------------------+-------------------------------------------------------------------+---------+-------+-------+-------+-----+
    |grp_cnnshift_arr_ap_fixed_6_2_5_3_0_ap_fixed_6_2_4_0_0_config76_s_fu_2158      |cnnshift_arr_ap_fixed_6_2_5_3_0_ap_fixed_6_2_4_0_0_config76_s      |        0|      0|  45233|  16585|    0|
    |grp_dense_large_ap_fixed_6_2_5_3_0_ap_fixed_6_2_4_0_0_config76_mult_s_fu_2150  |dense_large_ap_fixed_6_2_5_3_0_ap_fixed_6_2_4_0_0_config76_mult_s  |      258|    513|  29004|  70526|    0|
    +-------------------------------------------------------------------------------+-------------------------------------------------------------------+---------+-------+-------+-------+-----+
    |Total                                                                          |                                                                   |      258|    513|  74237|  87111|    0|
    +-------------------------------------------------------------------------------+-------------------------------------------------------------------+---------+-------+-------+-------+-----+

    * DSP48E: 
    N/A

    * Memory: 
    +-----------------+----------------------------------------------------------------------------------+---------+---+----+-----+------+------+------+-------------+
    |      Memory     |                                      Module                                      | BRAM_18K| FF| LUT| URAM| Words| Bits | Banks| W*Bits*Banks|
    +-----------------+----------------------------------------------------------------------------------+---------+---+----+-----+------+------+------+-------------+
    |layer_in_V_12_U  |conv_2d_cl_switch_ap_fixed_6_2_5_3_0_ap_fixed_6_2_4_0_0_config76_s_layer_in_VBne  |        0|  0|   0|   22|     9|  1536|     1|        13824|
    +-----------------+----------------------------------------------------------------------------------+---------+---+----+-----+------+------+------+-------------+
    |Total            |                                                                                  |        0|  0|   0|   22|     9|  1536|     1|        13824|
    +-----------------+----------------------------------------------------------------------------------+---------+---+----+-----+------+------+------+-------------+

    * FIFO: 
    N/A

    * Expression: 
    +-------------------------+----------+-------+---+----+------------+------------+
    |      Variable Name      | Operation| DSP48E| FF| LUT| Bitwidth P0| Bitwidth P1|
    +-------------------------+----------+-------+---+----+------------+------------+
    |add_ln448_fu_6145_p2     |     +    |      0|  0|  32|          32|           1|
    |add_ln450_fu_6156_p2     |     +    |      0|  0|  32|          32|           1|
    |add_ln453_fu_6099_p2     |     +    |      0|  0|  32|          32|           1|
    |add_ln455_fu_6110_p2     |     +    |      0|  0|  32|          32|           1|
    |i_fu_3195_p2             |     +    |      0|  0|   6|           5|           1|
    |and_ln422_1_fu_3528_p2   |    and   |      0|  0|   2|           1|           1|
    |and_ln422_2_fu_3534_p2   |    and   |      0|  0|   2|           1|           1|
    |and_ln422_fu_3522_p2     |    and   |      0|  0|   2|           1|           1|
    |ap_block_state2          |    and   |      0|  0|   2|           1|           1|
    |ap_block_state524        |    and   |      0|  0|   2|           1|           1|
    |ap_condition_4775        |    and   |      0|  0|   2|           1|           1|
    |ap_condition_4859        |    and   |      0|  0|   2|           1|           1|
    |icmp_ln413_fu_3189_p2    |   icmp   |      0|  0|  11|           5|           4|
    |icmp_ln422_1_fu_3476_p2  |   icmp   |      0|  0|  20|          32|           2|
    |icmp_ln422_2_fu_3496_p2  |   icmp   |      0|  0|  20|          31|           1|
    |icmp_ln422_3_fu_3516_p2  |   icmp   |      0|  0|  20|          31|           1|
    |icmp_ln422_fu_3466_p2    |   icmp   |      0|  0|  20|          32|           2|
    |icmp_ln440_fu_6094_p2    |   icmp   |      0|  0|  20|          32|           3|
    |icmp_ln444_fu_6140_p2    |   icmp   |      0|  0|  20|          32|           3|
    |ap_block_state1          |    or    |      0|  0|   2|           1|           1|
    |select_ln450_fu_6161_p3  |  select  |      0|  0|  32|           1|           2|
    |select_ln455_fu_6115_p3  |  select  |      0|  0|  32|           1|           2|
    +-------------------------+----------+-------+---+----+------------+------------+
    |Total                    |          |      0|  0| 345|         338|          33|
    +-------------------------+----------+-------+---+----+------------+------------+

    * Multiplexer: 
    +----------------------------------------+------+-----------+-----+-----------+
    |                  Name                  |  LUT | Input Size| Bits| Total Bits|
    +----------------------------------------+------+-----------+-----+-----------+
    |ap_NS_fsm                               |  2193|        525|    1|        525|
    |ap_done                                 |     9|          2|    1|          2|
    |ap_phi_mux_storemerge_i_phi_fu_2143_p4  |    15|          3|   32|         96|
    |data_V_V_blk_n                          |     9|          2|    1|          2|
    |i_0_i_reg_2129                          |     9|          2|    5|         10|
    |layer_in_V_12_address0                  |    15|          3|    4|         12|
    |layer_in_V_12_address1                  |    15|          3|    4|         12|
    |layer_in_V_12_ce0                       |    15|          3|    1|          3|
    |layer_in_V_12_ce1                       |    15|          3|    1|          3|
    |layer_in_V_12_we0                       |     9|          2|    1|          2|
    |layer_in_V_12_we1                       |     9|          2|    1|          2|
    |pX                                      |     9|          2|   32|         64|
    |pY                                      |     9|          2|   32|         64|
    |real_start                              |     9|          2|    1|          2|
    |res_V_V_blk_n                           |     9|          2|    1|          2|
    |res_V_V_din                             |  1173|        257|    6|       1542|
    |sX                                      |     9|          2|   32|         64|
    +----------------------------------------+------+-----------+-----+-----------+
    |Total                                   |  3531|        817|  156|       2407|
    +----------------------------------------+------+-----------+-----+-----------+

    * Register: 
    +--------------------------------------------------------------------------------------------+-----+----+-----+-----------+
    |                                            Name                                            |  FF | LUT| Bits| Const Bits|
    +--------------------------------------------------------------------------------------------+-----+----+-----+-----------+
    |and_ln422_2_reg_7506                                                                        |    1|   0|    1|          0|
    |ap_CS_fsm                                                                                   |  524|   0|  524|          0|
    |ap_done_reg                                                                                 |    1|   0|    1|          0|
    |grp_cnnshift_arr_ap_fixed_6_2_5_3_0_ap_fixed_6_2_4_0_0_config76_s_fu_2158_ap_start_reg      |    1|   0|    1|          0|
    |grp_dense_large_ap_fixed_6_2_5_3_0_ap_fixed_6_2_4_0_0_config76_mult_s_fu_2150_ap_start_reg  |    1|   0|    1|          0|
    |i_0_i_reg_2129                                                                              |    5|   0|    5|          0|
    |i_reg_6184                                                                                  |    5|   0|    5|          0|
    |icmp_ln422_1_reg_7489                                                                       |    1|   0|    1|          0|
    |icmp_ln422_reg_7479                                                                         |    1|   0|    1|          0|
    |pX                                                                                          |   32|   0|   32|          0|
    |pX_load_reg_7500                                                                            |   32|   0|   32|          0|
    |pY                                                                                          |   32|   0|   32|          0|
    |pY_load_reg_7494                                                                            |   32|   0|   32|          0|
    |sX                                                                                          |   32|   0|   32|          0|
    |sX_load_reg_7474                                                                            |   32|   0|   32|          0|
    |sY                                                                                          |   32|   0|   32|          0|
    |sY_load_reg_7484                                                                            |   32|   0|   32|          0|
    |start_once_reg                                                                              |    1|   0|    1|          0|
    |tmp_V_1000_reg_6654                                                                         |    6|   0|    6|          0|
    |tmp_V_1001_reg_6659                                                                         |    6|   0|    6|          0|
    |tmp_V_1002_reg_6664                                                                         |    6|   0|    6|          0|
    |tmp_V_1003_reg_6669                                                                         |    6|   0|    6|          0|
    |tmp_V_1004_reg_6674                                                                         |    6|   0|    6|          0|
    |tmp_V_1005_reg_6679                                                                         |    6|   0|    6|          0|
    |tmp_V_1006_reg_6684                                                                         |    6|   0|    6|          0|
    |tmp_V_1007_reg_6689                                                                         |    6|   0|    6|          0|
    |tmp_V_1008_reg_6694                                                                         |    6|   0|    6|          0|
    |tmp_V_1009_reg_6699                                                                         |    6|   0|    6|          0|
    |tmp_V_1010_reg_6704                                                                         |    6|   0|    6|          0|
    |tmp_V_1011_reg_6709                                                                         |    6|   0|    6|          0|
    |tmp_V_1012_reg_6714                                                                         |    6|   0|    6|          0|
    |tmp_V_1013_reg_6719                                                                         |    6|   0|    6|          0|
    |tmp_V_1014_reg_6724                                                                         |    6|   0|    6|          0|
    |tmp_V_1015_reg_6729                                                                         |    6|   0|    6|          0|
    |tmp_V_1016_reg_6734                                                                         |    6|   0|    6|          0|
    |tmp_V_1017_reg_6739                                                                         |    6|   0|    6|          0|
    |tmp_V_1018_reg_6744                                                                         |    6|   0|    6|          0|
    |tmp_V_1019_reg_6749                                                                         |    6|   0|    6|          0|
    |tmp_V_1020_reg_6754                                                                         |    6|   0|    6|          0|
    |tmp_V_1021_reg_6759                                                                         |    6|   0|    6|          0|
    |tmp_V_1022_reg_6764                                                                         |    6|   0|    6|          0|
    |tmp_V_1023_reg_6769                                                                         |    6|   0|    6|          0|
    |tmp_V_1024_reg_6774                                                                         |    6|   0|    6|          0|
    |tmp_V_1025_reg_6779                                                                         |    6|   0|    6|          0|
    |tmp_V_1026_reg_6784                                                                         |    6|   0|    6|          0|
    |tmp_V_1027_reg_6789                                                                         |    6|   0|    6|          0|
    |tmp_V_1028_reg_6794                                                                         |    6|   0|    6|          0|
    |tmp_V_1029_reg_6799                                                                         |    6|   0|    6|          0|
    |tmp_V_1030_reg_6804                                                                         |    6|   0|    6|          0|
    |tmp_V_1031_reg_6809                                                                         |    6|   0|    6|          0|
    |tmp_V_1032_reg_6814                                                                         |    6|   0|    6|          0|
    |tmp_V_1033_reg_6819                                                                         |    6|   0|    6|          0|
    |tmp_V_1034_reg_6824                                                                         |    6|   0|    6|          0|
    |tmp_V_1035_reg_6829                                                                         |    6|   0|    6|          0|
    |tmp_V_1036_reg_6834                                                                         |    6|   0|    6|          0|
    |tmp_V_1037_reg_6839                                                                         |    6|   0|    6|          0|
    |tmp_V_1038_reg_6844                                                                         |    6|   0|    6|          0|
    |tmp_V_1039_reg_6849                                                                         |    6|   0|    6|          0|
    |tmp_V_1040_reg_6854                                                                         |    6|   0|    6|          0|
    |tmp_V_1041_reg_6859                                                                         |    6|   0|    6|          0|
    |tmp_V_1042_reg_6864                                                                         |    6|   0|    6|          0|
    |tmp_V_1043_reg_6869                                                                         |    6|   0|    6|          0|
    |tmp_V_1044_reg_6874                                                                         |    6|   0|    6|          0|
    |tmp_V_1045_reg_6879                                                                         |    6|   0|    6|          0|
    |tmp_V_1046_reg_6884                                                                         |    6|   0|    6|          0|
    |tmp_V_1047_reg_6889                                                                         |    6|   0|    6|          0|
    |tmp_V_1048_reg_6894                                                                         |    6|   0|    6|          0|
    |tmp_V_1049_reg_6899                                                                         |    6|   0|    6|          0|
    |tmp_V_1050_reg_6904                                                                         |    6|   0|    6|          0|
    |tmp_V_1051_reg_6909                                                                         |    6|   0|    6|          0|
    |tmp_V_1052_reg_6914                                                                         |    6|   0|    6|          0|
    |tmp_V_1053_reg_6919                                                                         |    6|   0|    6|          0|
    |tmp_V_1054_reg_6924                                                                         |    6|   0|    6|          0|
    |tmp_V_1055_reg_6929                                                                         |    6|   0|    6|          0|
    |tmp_V_1056_reg_6934                                                                         |    6|   0|    6|          0|
    |tmp_V_1057_reg_6939                                                                         |    6|   0|    6|          0|
    |tmp_V_1058_reg_6944                                                                         |    6|   0|    6|          0|
    |tmp_V_1059_reg_6949                                                                         |    6|   0|    6|          0|
    |tmp_V_1060_reg_6954                                                                         |    6|   0|    6|          0|
    |tmp_V_1061_reg_6959                                                                         |    6|   0|    6|          0|
    |tmp_V_1062_reg_6964                                                                         |    6|   0|    6|          0|
    |tmp_V_1063_reg_6969                                                                         |    6|   0|    6|          0|
    |tmp_V_1064_reg_6974                                                                         |    6|   0|    6|          0|
    |tmp_V_1065_reg_6979                                                                         |    6|   0|    6|          0|
    |tmp_V_1066_reg_6984                                                                         |    6|   0|    6|          0|
    |tmp_V_1067_reg_6989                                                                         |    6|   0|    6|          0|
    |tmp_V_1068_reg_6994                                                                         |    6|   0|    6|          0|
    |tmp_V_1069_reg_6999                                                                         |    6|   0|    6|          0|
    |tmp_V_1070_reg_7004                                                                         |    6|   0|    6|          0|
    |tmp_V_1071_reg_7009                                                                         |    6|   0|    6|          0|
    |tmp_V_1072_reg_7014                                                                         |    6|   0|    6|          0|
    |tmp_V_1073_reg_7019                                                                         |    6|   0|    6|          0|
    |tmp_V_1074_reg_7024                                                                         |    6|   0|    6|          0|
    |tmp_V_1075_reg_7029                                                                         |    6|   0|    6|          0|
    |tmp_V_1076_reg_7034                                                                         |    6|   0|    6|          0|
    |tmp_V_1077_reg_7039                                                                         |    6|   0|    6|          0|
    |tmp_V_1078_reg_7044                                                                         |    6|   0|    6|          0|
    |tmp_V_1079_reg_7049                                                                         |    6|   0|    6|          0|
    |tmp_V_1080_reg_7054                                                                         |    6|   0|    6|          0|
    |tmp_V_1081_reg_7059                                                                         |    6|   0|    6|          0|
    |tmp_V_1082_reg_7064                                                                         |    6|   0|    6|          0|
    |tmp_V_1083_reg_7069                                                                         |    6|   0|    6|          0|
    |tmp_V_1084_reg_7074                                                                         |    6|   0|    6|          0|
    |tmp_V_1085_reg_7079                                                                         |    6|   0|    6|          0|
    |tmp_V_1086_reg_7084                                                                         |    6|   0|    6|          0|
    |tmp_V_1087_reg_7089                                                                         |    6|   0|    6|          0|
    |tmp_V_1088_reg_7094                                                                         |    6|   0|    6|          0|
    |tmp_V_1089_reg_7099                                                                         |    6|   0|    6|          0|
    |tmp_V_1090_reg_7104                                                                         |    6|   0|    6|          0|
    |tmp_V_1091_reg_7109                                                                         |    6|   0|    6|          0|
    |tmp_V_1092_reg_7114                                                                         |    6|   0|    6|          0|
    |tmp_V_1093_reg_7119                                                                         |    6|   0|    6|          0|
    |tmp_V_1094_reg_7124                                                                         |    6|   0|    6|          0|
    |tmp_V_1095_reg_7129                                                                         |    6|   0|    6|          0|
    |tmp_V_1096_reg_7134                                                                         |    6|   0|    6|          0|
    |tmp_V_1097_reg_7139                                                                         |    6|   0|    6|          0|
    |tmp_V_1098_reg_7144                                                                         |    6|   0|    6|          0|
    |tmp_V_1099_reg_7149                                                                         |    6|   0|    6|          0|
    |tmp_V_1100_reg_7154                                                                         |    6|   0|    6|          0|
    |tmp_V_1101_reg_7159                                                                         |    6|   0|    6|          0|
    |tmp_V_1102_reg_7164                                                                         |    6|   0|    6|          0|
    |tmp_V_1103_reg_7169                                                                         |    6|   0|    6|          0|
    |tmp_V_1104_reg_7174                                                                         |    6|   0|    6|          0|
    |tmp_V_1105_reg_7179                                                                         |    6|   0|    6|          0|
    |tmp_V_1106_reg_7184                                                                         |    6|   0|    6|          0|
    |tmp_V_1107_reg_7189                                                                         |    6|   0|    6|          0|
    |tmp_V_1108_reg_7194                                                                         |    6|   0|    6|          0|
    |tmp_V_1109_reg_7199                                                                         |    6|   0|    6|          0|
    |tmp_V_1110_reg_7204                                                                         |    6|   0|    6|          0|
    |tmp_V_1111_reg_7209                                                                         |    6|   0|    6|          0|
    |tmp_V_1112_reg_7214                                                                         |    6|   0|    6|          0|
    |tmp_V_1113_reg_7219                                                                         |    6|   0|    6|          0|
    |tmp_V_1114_reg_7224                                                                         |    6|   0|    6|          0|
    |tmp_V_1115_reg_7229                                                                         |    6|   0|    6|          0|
    |tmp_V_1116_reg_7234                                                                         |    6|   0|    6|          0|
    |tmp_V_1117_reg_7239                                                                         |    6|   0|    6|          0|
    |tmp_V_1118_reg_7244                                                                         |    6|   0|    6|          0|
    |tmp_V_1119_reg_7249                                                                         |    6|   0|    6|          0|
    |tmp_V_1120_reg_7254                                                                         |    6|   0|    6|          0|
    |tmp_V_1121_reg_7259                                                                         |    6|   0|    6|          0|
    |tmp_V_1122_reg_7264                                                                         |    6|   0|    6|          0|
    |tmp_V_1123_reg_7269                                                                         |    6|   0|    6|          0|
    |tmp_V_1124_reg_7274                                                                         |    6|   0|    6|          0|
    |tmp_V_1125_reg_7279                                                                         |    6|   0|    6|          0|
    |tmp_V_1126_reg_7284                                                                         |    6|   0|    6|          0|
    |tmp_V_1127_reg_7289                                                                         |    6|   0|    6|          0|
    |tmp_V_1128_reg_7294                                                                         |    6|   0|    6|          0|
    |tmp_V_1129_reg_7299                                                                         |    6|   0|    6|          0|
    |tmp_V_1130_reg_7304                                                                         |    6|   0|    6|          0|
    |tmp_V_1131_reg_7309                                                                         |    6|   0|    6|          0|
    |tmp_V_1132_reg_7314                                                                         |    6|   0|    6|          0|
    |tmp_V_1133_reg_7319                                                                         |    6|   0|    6|          0|
    |tmp_V_1134_reg_7324                                                                         |    6|   0|    6|          0|
    |tmp_V_1135_reg_7329                                                                         |    6|   0|    6|          0|
    |tmp_V_1136_reg_7334                                                                         |    6|   0|    6|          0|
    |tmp_V_1137_reg_7339                                                                         |    6|   0|    6|          0|
    |tmp_V_1138_reg_7344                                                                         |    6|   0|    6|          0|
    |tmp_V_1139_reg_7349                                                                         |    6|   0|    6|          0|
    |tmp_V_1140_reg_7354                                                                         |    6|   0|    6|          0|
    |tmp_V_1141_reg_7359                                                                         |    6|   0|    6|          0|
    |tmp_V_1142_reg_7364                                                                         |    6|   0|    6|          0|
    |tmp_V_1143_reg_7369                                                                         |    6|   0|    6|          0|
    |tmp_V_1144_reg_7374                                                                         |    6|   0|    6|          0|
    |tmp_V_1145_reg_7379                                                                         |    6|   0|    6|          0|
    |tmp_V_1146_reg_7384                                                                         |    6|   0|    6|          0|
    |tmp_V_1147_reg_7389                                                                         |    6|   0|    6|          0|
    |tmp_V_1148_reg_7394                                                                         |    6|   0|    6|          0|
    |tmp_V_1149_reg_7399                                                                         |    6|   0|    6|          0|
    |tmp_V_1150_reg_7404                                                                         |    6|   0|    6|          0|
    |tmp_V_1151_reg_7409                                                                         |    6|   0|    6|          0|
    |tmp_V_1152_reg_7414                                                                         |    6|   0|    6|          0|
    |tmp_V_1153_reg_7419                                                                         |    6|   0|    6|          0|
    |tmp_V_1154_reg_7424                                                                         |    6|   0|    6|          0|
    |tmp_V_1155_reg_7429                                                                         |    6|   0|    6|          0|
    |tmp_V_1156_reg_7434                                                                         |    6|   0|    6|          0|
    |tmp_V_1157_reg_7439                                                                         |    6|   0|    6|          0|
    |tmp_V_1158_reg_7444                                                                         |    6|   0|    6|          0|
    |tmp_V_1159_reg_7449                                                                         |    6|   0|    6|          0|
    |tmp_V_1160_reg_7454                                                                         |    6|   0|    6|          0|
    |tmp_V_1161_reg_7459                                                                         |    6|   0|    6|          0|
    |tmp_V_1162_reg_7464                                                                         |    6|   0|    6|          0|
    |tmp_V_1163_reg_7510                                                                         |    6|   0|    6|          0|
    |tmp_V_1164_reg_7515                                                                         |    6|   0|    6|          0|
    |tmp_V_1165_reg_7520                                                                         |    6|   0|    6|          0|
    |tmp_V_1166_reg_7525                                                                         |    6|   0|    6|          0|
    |tmp_V_1167_reg_7530                                                                         |    6|   0|    6|          0|
    |tmp_V_1168_reg_7535                                                                         |    6|   0|    6|          0|
    |tmp_V_1169_reg_7540                                                                         |    6|   0|    6|          0|
    |tmp_V_1170_reg_7545                                                                         |    6|   0|    6|          0|
    |tmp_V_1171_reg_7550                                                                         |    6|   0|    6|          0|
    |tmp_V_1172_reg_7555                                                                         |    6|   0|    6|          0|
    |tmp_V_1173_reg_7560                                                                         |    6|   0|    6|          0|
    |tmp_V_1174_reg_7565                                                                         |    6|   0|    6|          0|
    |tmp_V_1175_reg_7570                                                                         |    6|   0|    6|          0|
    |tmp_V_1176_reg_7575                                                                         |    6|   0|    6|          0|
    |tmp_V_1177_reg_7580                                                                         |    6|   0|    6|          0|
    |tmp_V_1178_reg_7585                                                                         |    6|   0|    6|          0|
    |tmp_V_1179_reg_7590                                                                         |    6|   0|    6|          0|
    |tmp_V_1180_reg_7595                                                                         |    6|   0|    6|          0|
    |tmp_V_1181_reg_7600                                                                         |    6|   0|    6|          0|
    |tmp_V_1182_reg_7605                                                                         |    6|   0|    6|          0|
    |tmp_V_1183_reg_7610                                                                         |    6|   0|    6|          0|
    |tmp_V_1184_reg_7615                                                                         |    6|   0|    6|          0|
    |tmp_V_1185_reg_7620                                                                         |    6|   0|    6|          0|
    |tmp_V_1186_reg_7625                                                                         |    6|   0|    6|          0|
    |tmp_V_1187_reg_7630                                                                         |    6|   0|    6|          0|
    |tmp_V_1188_reg_7635                                                                         |    6|   0|    6|          0|
    |tmp_V_1189_reg_7640                                                                         |    6|   0|    6|          0|
    |tmp_V_1190_reg_7645                                                                         |    6|   0|    6|          0|
    |tmp_V_1191_reg_7650                                                                         |    6|   0|    6|          0|
    |tmp_V_1192_reg_7655                                                                         |    6|   0|    6|          0|
    |tmp_V_1193_reg_7660                                                                         |    6|   0|    6|          0|
    |tmp_V_1194_reg_7665                                                                         |    6|   0|    6|          0|
    |tmp_V_1195_reg_7670                                                                         |    6|   0|    6|          0|
    |tmp_V_1196_reg_7675                                                                         |    6|   0|    6|          0|
    |tmp_V_1197_reg_7680                                                                         |    6|   0|    6|          0|
    |tmp_V_1198_reg_7685                                                                         |    6|   0|    6|          0|
    |tmp_V_1199_reg_7690                                                                         |    6|   0|    6|          0|
    |tmp_V_1200_reg_7695                                                                         |    6|   0|    6|          0|
    |tmp_V_1201_reg_7700                                                                         |    6|   0|    6|          0|
    |tmp_V_1202_reg_7705                                                                         |    6|   0|    6|          0|
    |tmp_V_1203_reg_7710                                                                         |    6|   0|    6|          0|
    |tmp_V_1204_reg_7715                                                                         |    6|   0|    6|          0|
    |tmp_V_1205_reg_7720                                                                         |    6|   0|    6|          0|
    |tmp_V_1206_reg_7725                                                                         |    6|   0|    6|          0|
    |tmp_V_1207_reg_7730                                                                         |    6|   0|    6|          0|
    |tmp_V_1208_reg_7735                                                                         |    6|   0|    6|          0|
    |tmp_V_1209_reg_7740                                                                         |    6|   0|    6|          0|
    |tmp_V_1210_reg_7745                                                                         |    6|   0|    6|          0|
    |tmp_V_1211_reg_7750                                                                         |    6|   0|    6|          0|
    |tmp_V_1212_reg_7755                                                                         |    6|   0|    6|          0|
    |tmp_V_1213_reg_7760                                                                         |    6|   0|    6|          0|
    |tmp_V_1214_reg_7765                                                                         |    6|   0|    6|          0|
    |tmp_V_1215_reg_7770                                                                         |    6|   0|    6|          0|
    |tmp_V_1216_reg_7775                                                                         |    6|   0|    6|          0|
    |tmp_V_1217_reg_7780                                                                         |    6|   0|    6|          0|
    |tmp_V_1218_reg_7785                                                                         |    6|   0|    6|          0|
    |tmp_V_1219_reg_7790                                                                         |    6|   0|    6|          0|
    |tmp_V_1220_reg_7795                                                                         |    6|   0|    6|          0|
    |tmp_V_1221_reg_7800                                                                         |    6|   0|    6|          0|
    |tmp_V_1222_reg_7805                                                                         |    6|   0|    6|          0|
    |tmp_V_1223_reg_7810                                                                         |    6|   0|    6|          0|
    |tmp_V_1224_reg_7815                                                                         |    6|   0|    6|          0|
    |tmp_V_1225_reg_7820                                                                         |    6|   0|    6|          0|
    |tmp_V_1226_reg_7825                                                                         |    6|   0|    6|          0|
    |tmp_V_1227_reg_7830                                                                         |    6|   0|    6|          0|
    |tmp_V_1228_reg_7835                                                                         |    6|   0|    6|          0|
    |tmp_V_1229_reg_7840                                                                         |    6|   0|    6|          0|
    |tmp_V_1230_reg_7845                                                                         |    6|   0|    6|          0|
    |tmp_V_1231_reg_7850                                                                         |    6|   0|    6|          0|
    |tmp_V_1232_reg_7855                                                                         |    6|   0|    6|          0|
    |tmp_V_1233_reg_7860                                                                         |    6|   0|    6|          0|
    |tmp_V_1234_reg_7865                                                                         |    6|   0|    6|          0|
    |tmp_V_1235_reg_7870                                                                         |    6|   0|    6|          0|
    |tmp_V_1236_reg_7875                                                                         |    6|   0|    6|          0|
    |tmp_V_1237_reg_7880                                                                         |    6|   0|    6|          0|
    |tmp_V_1238_reg_7885                                                                         |    6|   0|    6|          0|
    |tmp_V_1239_reg_7890                                                                         |    6|   0|    6|          0|
    |tmp_V_1240_reg_7895                                                                         |    6|   0|    6|          0|
    |tmp_V_1241_reg_7900                                                                         |    6|   0|    6|          0|
    |tmp_V_1242_reg_7905                                                                         |    6|   0|    6|          0|
    |tmp_V_1243_reg_7910                                                                         |    6|   0|    6|          0|
    |tmp_V_1244_reg_7915                                                                         |    6|   0|    6|          0|
    |tmp_V_1245_reg_7920                                                                         |    6|   0|    6|          0|
    |tmp_V_1246_reg_7925                                                                         |    6|   0|    6|          0|
    |tmp_V_1247_reg_7930                                                                         |    6|   0|    6|          0|
    |tmp_V_1248_reg_7935                                                                         |    6|   0|    6|          0|
    |tmp_V_1249_reg_7940                                                                         |    6|   0|    6|          0|
    |tmp_V_1250_reg_7945                                                                         |    6|   0|    6|          0|
    |tmp_V_1251_reg_7950                                                                         |    6|   0|    6|          0|
    |tmp_V_1252_reg_7955                                                                         |    6|   0|    6|          0|
    |tmp_V_1253_reg_7960                                                                         |    6|   0|    6|          0|
    |tmp_V_1254_reg_7965                                                                         |    6|   0|    6|          0|
    |tmp_V_1255_reg_7970                                                                         |    6|   0|    6|          0|
    |tmp_V_1256_reg_7975                                                                         |    6|   0|    6|          0|
    |tmp_V_1257_reg_7980                                                                         |    6|   0|    6|          0|
    |tmp_V_1258_reg_7985                                                                         |    6|   0|    6|          0|
    |tmp_V_1259_reg_7990                                                                         |    6|   0|    6|          0|
    |tmp_V_1260_reg_7995                                                                         |    6|   0|    6|          0|
    |tmp_V_1261_reg_8000                                                                         |    6|   0|    6|          0|
    |tmp_V_1262_reg_8005                                                                         |    6|   0|    6|          0|
    |tmp_V_1263_reg_8010                                                                         |    6|   0|    6|          0|
    |tmp_V_1264_reg_8015                                                                         |    6|   0|    6|          0|
    |tmp_V_1265_reg_8020                                                                         |    6|   0|    6|          0|
    |tmp_V_1266_reg_8025                                                                         |    6|   0|    6|          0|
    |tmp_V_1267_reg_8030                                                                         |    6|   0|    6|          0|
    |tmp_V_1268_reg_8035                                                                         |    6|   0|    6|          0|
    |tmp_V_1269_reg_8040                                                                         |    6|   0|    6|          0|
    |tmp_V_1270_reg_8045                                                                         |    6|   0|    6|          0|
    |tmp_V_1271_reg_8050                                                                         |    6|   0|    6|          0|
    |tmp_V_1272_reg_8055                                                                         |    6|   0|    6|          0|
    |tmp_V_1273_reg_8060                                                                         |    6|   0|    6|          0|
    |tmp_V_1274_reg_8065                                                                         |    6|   0|    6|          0|
    |tmp_V_1275_reg_8070                                                                         |    6|   0|    6|          0|
    |tmp_V_1276_reg_8075                                                                         |    6|   0|    6|          0|
    |tmp_V_1277_reg_8080                                                                         |    6|   0|    6|          0|
    |tmp_V_1278_reg_8085                                                                         |    6|   0|    6|          0|
    |tmp_V_1279_reg_8090                                                                         |    6|   0|    6|          0|
    |tmp_V_1280_reg_8095                                                                         |    6|   0|    6|          0|
    |tmp_V_1281_reg_8100                                                                         |    6|   0|    6|          0|
    |tmp_V_1282_reg_8105                                                                         |    6|   0|    6|          0|
    |tmp_V_1283_reg_8110                                                                         |    6|   0|    6|          0|
    |tmp_V_1284_reg_8115                                                                         |    6|   0|    6|          0|
    |tmp_V_1285_reg_8120                                                                         |    6|   0|    6|          0|
    |tmp_V_1286_reg_8125                                                                         |    6|   0|    6|          0|
    |tmp_V_1287_reg_8130                                                                         |    6|   0|    6|          0|
    |tmp_V_1288_reg_8135                                                                         |    6|   0|    6|          0|
    |tmp_V_1289_reg_8140                                                                         |    6|   0|    6|          0|
    |tmp_V_1290_reg_8145                                                                         |    6|   0|    6|          0|
    |tmp_V_1291_reg_8150                                                                         |    6|   0|    6|          0|
    |tmp_V_1292_reg_8155                                                                         |    6|   0|    6|          0|
    |tmp_V_1293_reg_8160                                                                         |    6|   0|    6|          0|
    |tmp_V_1294_reg_8165                                                                         |    6|   0|    6|          0|
    |tmp_V_1295_reg_8170                                                                         |    6|   0|    6|          0|
    |tmp_V_1296_reg_8175                                                                         |    6|   0|    6|          0|
    |tmp_V_1297_reg_8180                                                                         |    6|   0|    6|          0|
    |tmp_V_1298_reg_8185                                                                         |    6|   0|    6|          0|
    |tmp_V_1299_reg_8190                                                                         |    6|   0|    6|          0|
    |tmp_V_1300_reg_8195                                                                         |    6|   0|    6|          0|
    |tmp_V_1301_reg_8200                                                                         |    6|   0|    6|          0|
    |tmp_V_1302_reg_8205                                                                         |    6|   0|    6|          0|
    |tmp_V_1303_reg_8210                                                                         |    6|   0|    6|          0|
    |tmp_V_1304_reg_8215                                                                         |    6|   0|    6|          0|
    |tmp_V_1305_reg_8220                                                                         |    6|   0|    6|          0|
    |tmp_V_1306_reg_8225                                                                         |    6|   0|    6|          0|
    |tmp_V_1307_reg_8230                                                                         |    6|   0|    6|          0|
    |tmp_V_1308_reg_8235                                                                         |    6|   0|    6|          0|
    |tmp_V_1309_reg_8240                                                                         |    6|   0|    6|          0|
    |tmp_V_1310_reg_8245                                                                         |    6|   0|    6|          0|
    |tmp_V_1311_reg_8250                                                                         |    6|   0|    6|          0|
    |tmp_V_1312_reg_8255                                                                         |    6|   0|    6|          0|
    |tmp_V_1313_reg_8260                                                                         |    6|   0|    6|          0|
    |tmp_V_1314_reg_8265                                                                         |    6|   0|    6|          0|
    |tmp_V_1315_reg_8270                                                                         |    6|   0|    6|          0|
    |tmp_V_1316_reg_8275                                                                         |    6|   0|    6|          0|
    |tmp_V_1317_reg_8280                                                                         |    6|   0|    6|          0|
    |tmp_V_1318_reg_8285                                                                         |    6|   0|    6|          0|
    |tmp_V_1319_reg_8290                                                                         |    6|   0|    6|          0|
    |tmp_V_1320_reg_8295                                                                         |    6|   0|    6|          0|
    |tmp_V_1321_reg_8300                                                                         |    6|   0|    6|          0|
    |tmp_V_1322_reg_8305                                                                         |    6|   0|    6|          0|
    |tmp_V_1323_reg_8310                                                                         |    6|   0|    6|          0|
    |tmp_V_1324_reg_8315                                                                         |    6|   0|    6|          0|
    |tmp_V_1325_reg_8320                                                                         |    6|   0|    6|          0|
    |tmp_V_1326_reg_8325                                                                         |    6|   0|    6|          0|
    |tmp_V_1327_reg_8330                                                                         |    6|   0|    6|          0|
    |tmp_V_1328_reg_8335                                                                         |    6|   0|    6|          0|
    |tmp_V_1329_reg_8340                                                                         |    6|   0|    6|          0|
    |tmp_V_1330_reg_8345                                                                         |    6|   0|    6|          0|
    |tmp_V_1331_reg_8350                                                                         |    6|   0|    6|          0|
    |tmp_V_1332_reg_8355                                                                         |    6|   0|    6|          0|
    |tmp_V_1333_reg_8360                                                                         |    6|   0|    6|          0|
    |tmp_V_1334_reg_8365                                                                         |    6|   0|    6|          0|
    |tmp_V_1335_reg_8370                                                                         |    6|   0|    6|          0|
    |tmp_V_1336_reg_8375                                                                         |    6|   0|    6|          0|
    |tmp_V_1337_reg_8380                                                                         |    6|   0|    6|          0|
    |tmp_V_1338_reg_8385                                                                         |    6|   0|    6|          0|
    |tmp_V_1339_reg_8390                                                                         |    6|   0|    6|          0|
    |tmp_V_1340_reg_8395                                                                         |    6|   0|    6|          0|
    |tmp_V_1341_reg_8400                                                                         |    6|   0|    6|          0|
    |tmp_V_1342_reg_8405                                                                         |    6|   0|    6|          0|
    |tmp_V_1343_reg_8410                                                                         |    6|   0|    6|          0|
    |tmp_V_1344_reg_8415                                                                         |    6|   0|    6|          0|
    |tmp_V_1345_reg_8420                                                                         |    6|   0|    6|          0|
    |tmp_V_1346_reg_8425                                                                         |    6|   0|    6|          0|
    |tmp_V_1347_reg_8430                                                                         |    6|   0|    6|          0|
    |tmp_V_1348_reg_8435                                                                         |    6|   0|    6|          0|
    |tmp_V_1349_reg_8440                                                                         |    6|   0|    6|          0|
    |tmp_V_1350_reg_8445                                                                         |    6|   0|    6|          0|
    |tmp_V_1351_reg_8450                                                                         |    6|   0|    6|          0|
    |tmp_V_1352_reg_8455                                                                         |    6|   0|    6|          0|
    |tmp_V_1353_reg_8460                                                                         |    6|   0|    6|          0|
    |tmp_V_1354_reg_8465                                                                         |    6|   0|    6|          0|
    |tmp_V_1355_reg_8470                                                                         |    6|   0|    6|          0|
    |tmp_V_1356_reg_8475                                                                         |    6|   0|    6|          0|
    |tmp_V_1357_reg_8480                                                                         |    6|   0|    6|          0|
    |tmp_V_1358_reg_8485                                                                         |    6|   0|    6|          0|
    |tmp_V_1359_reg_8490                                                                         |    6|   0|    6|          0|
    |tmp_V_1360_reg_8495                                                                         |    6|   0|    6|          0|
    |tmp_V_1361_reg_8500                                                                         |    6|   0|    6|          0|
    |tmp_V_1362_reg_8505                                                                         |    6|   0|    6|          0|
    |tmp_V_1363_reg_8510                                                                         |    6|   0|    6|          0|
    |tmp_V_1364_reg_8515                                                                         |    6|   0|    6|          0|
    |tmp_V_1365_reg_8520                                                                         |    6|   0|    6|          0|
    |tmp_V_1366_reg_8525                                                                         |    6|   0|    6|          0|
    |tmp_V_1367_reg_8530                                                                         |    6|   0|    6|          0|
    |tmp_V_1368_reg_8535                                                                         |    6|   0|    6|          0|
    |tmp_V_1369_reg_8540                                                                         |    6|   0|    6|          0|
    |tmp_V_1370_reg_8545                                                                         |    6|   0|    6|          0|
    |tmp_V_1371_reg_8550                                                                         |    6|   0|    6|          0|
    |tmp_V_1372_reg_8555                                                                         |    6|   0|    6|          0|
    |tmp_V_1373_reg_8560                                                                         |    6|   0|    6|          0|
    |tmp_V_1374_reg_8565                                                                         |    6|   0|    6|          0|
    |tmp_V_1375_reg_8570                                                                         |    6|   0|    6|          0|
    |tmp_V_1376_reg_8575                                                                         |    6|   0|    6|          0|
    |tmp_V_1377_reg_8580                                                                         |    6|   0|    6|          0|
    |tmp_V_1378_reg_8585                                                                         |    6|   0|    6|          0|
    |tmp_V_1379_reg_8590                                                                         |    6|   0|    6|          0|
    |tmp_V_1380_reg_8595                                                                         |    6|   0|    6|          0|
    |tmp_V_1381_reg_8600                                                                         |    6|   0|    6|          0|
    |tmp_V_1382_reg_8605                                                                         |    6|   0|    6|          0|
    |tmp_V_1383_reg_8610                                                                         |    6|   0|    6|          0|
    |tmp_V_1384_reg_8615                                                                         |    6|   0|    6|          0|
    |tmp_V_1385_reg_8620                                                                         |    6|   0|    6|          0|
    |tmp_V_1386_reg_8625                                                                         |    6|   0|    6|          0|
    |tmp_V_1387_reg_8630                                                                         |    6|   0|    6|          0|
    |tmp_V_1388_reg_8635                                                                         |    6|   0|    6|          0|
    |tmp_V_1389_reg_8640                                                                         |    6|   0|    6|          0|
    |tmp_V_1390_reg_8645                                                                         |    6|   0|    6|          0|
    |tmp_V_1391_reg_8650                                                                         |    6|   0|    6|          0|
    |tmp_V_1392_reg_8655                                                                         |    6|   0|    6|          0|
    |tmp_V_1393_reg_8660                                                                         |    6|   0|    6|          0|
    |tmp_V_1394_reg_8665                                                                         |    6|   0|    6|          0|
    |tmp_V_1395_reg_8670                                                                         |    6|   0|    6|          0|
    |tmp_V_1396_reg_8675                                                                         |    6|   0|    6|          0|
    |tmp_V_1397_reg_8680                                                                         |    6|   0|    6|          0|
    |tmp_V_1398_reg_8685                                                                         |    6|   0|    6|          0|
    |tmp_V_1399_reg_8690                                                                         |    6|   0|    6|          0|
    |tmp_V_1400_reg_8695                                                                         |    6|   0|    6|          0|
    |tmp_V_1401_reg_8700                                                                         |    6|   0|    6|          0|
    |tmp_V_1402_reg_8705                                                                         |    6|   0|    6|          0|
    |tmp_V_1403_reg_8710                                                                         |    6|   0|    6|          0|
    |tmp_V_1404_reg_8715                                                                         |    6|   0|    6|          0|
    |tmp_V_1405_reg_8720                                                                         |    6|   0|    6|          0|
    |tmp_V_1406_reg_8725                                                                         |    6|   0|    6|          0|
    |tmp_V_1407_reg_8730                                                                         |    6|   0|    6|          0|
    |tmp_V_1408_reg_8735                                                                         |    6|   0|    6|          0|
    |tmp_V_1409_reg_8740                                                                         |    6|   0|    6|          0|
    |tmp_V_1410_reg_8745                                                                         |    6|   0|    6|          0|
    |tmp_V_1411_reg_8750                                                                         |    6|   0|    6|          0|
    |tmp_V_1412_reg_8755                                                                         |    6|   0|    6|          0|
    |tmp_V_1413_reg_8760                                                                         |    6|   0|    6|          0|
    |tmp_V_1414_reg_8765                                                                         |    6|   0|    6|          0|
    |tmp_V_1415_reg_8770                                                                         |    6|   0|    6|          0|
    |tmp_V_1416_reg_8775                                                                         |    6|   0|    6|          0|
    |tmp_V_1417_reg_8780                                                                         |    6|   0|    6|          0|
    |tmp_V_1418_reg_8785                                                                         |    6|   0|    6|          0|
    |tmp_V_908_reg_6194                                                                          |    6|   0|    6|          0|
    |tmp_V_909_reg_6199                                                                          |    6|   0|    6|          0|
    |tmp_V_910_reg_6204                                                                          |    6|   0|    6|          0|
    |tmp_V_911_reg_6209                                                                          |    6|   0|    6|          0|
    |tmp_V_912_reg_6214                                                                          |    6|   0|    6|          0|
    |tmp_V_913_reg_6219                                                                          |    6|   0|    6|          0|
    |tmp_V_914_reg_6224                                                                          |    6|   0|    6|          0|
    |tmp_V_915_reg_6229                                                                          |    6|   0|    6|          0|
    |tmp_V_916_reg_6234                                                                          |    6|   0|    6|          0|
    |tmp_V_917_reg_6239                                                                          |    6|   0|    6|          0|
    |tmp_V_918_reg_6244                                                                          |    6|   0|    6|          0|
    |tmp_V_919_reg_6249                                                                          |    6|   0|    6|          0|
    |tmp_V_920_reg_6254                                                                          |    6|   0|    6|          0|
    |tmp_V_921_reg_6259                                                                          |    6|   0|    6|          0|
    |tmp_V_922_reg_6264                                                                          |    6|   0|    6|          0|
    |tmp_V_923_reg_6269                                                                          |    6|   0|    6|          0|
    |tmp_V_924_reg_6274                                                                          |    6|   0|    6|          0|
    |tmp_V_925_reg_6279                                                                          |    6|   0|    6|          0|
    |tmp_V_926_reg_6284                                                                          |    6|   0|    6|          0|
    |tmp_V_927_reg_6289                                                                          |    6|   0|    6|          0|
    |tmp_V_928_reg_6294                                                                          |    6|   0|    6|          0|
    |tmp_V_929_reg_6299                                                                          |    6|   0|    6|          0|
    |tmp_V_930_reg_6304                                                                          |    6|   0|    6|          0|
    |tmp_V_931_reg_6309                                                                          |    6|   0|    6|          0|
    |tmp_V_932_reg_6314                                                                          |    6|   0|    6|          0|
    |tmp_V_933_reg_6319                                                                          |    6|   0|    6|          0|
    |tmp_V_934_reg_6324                                                                          |    6|   0|    6|          0|
    |tmp_V_935_reg_6329                                                                          |    6|   0|    6|          0|
    |tmp_V_936_reg_6334                                                                          |    6|   0|    6|          0|
    |tmp_V_937_reg_6339                                                                          |    6|   0|    6|          0|
    |tmp_V_938_reg_6344                                                                          |    6|   0|    6|          0|
    |tmp_V_939_reg_6349                                                                          |    6|   0|    6|          0|
    |tmp_V_940_reg_6354                                                                          |    6|   0|    6|          0|
    |tmp_V_941_reg_6359                                                                          |    6|   0|    6|          0|
    |tmp_V_942_reg_6364                                                                          |    6|   0|    6|          0|
    |tmp_V_943_reg_6369                                                                          |    6|   0|    6|          0|
    |tmp_V_944_reg_6374                                                                          |    6|   0|    6|          0|
    |tmp_V_945_reg_6379                                                                          |    6|   0|    6|          0|
    |tmp_V_946_reg_6384                                                                          |    6|   0|    6|          0|
    |tmp_V_947_reg_6389                                                                          |    6|   0|    6|          0|
    |tmp_V_948_reg_6394                                                                          |    6|   0|    6|          0|
    |tmp_V_949_reg_6399                                                                          |    6|   0|    6|          0|
    |tmp_V_950_reg_6404                                                                          |    6|   0|    6|          0|
    |tmp_V_951_reg_6409                                                                          |    6|   0|    6|          0|
    |tmp_V_952_reg_6414                                                                          |    6|   0|    6|          0|
    |tmp_V_953_reg_6419                                                                          |    6|   0|    6|          0|
    |tmp_V_954_reg_6424                                                                          |    6|   0|    6|          0|
    |tmp_V_955_reg_6429                                                                          |    6|   0|    6|          0|
    |tmp_V_956_reg_6434                                                                          |    6|   0|    6|          0|
    |tmp_V_957_reg_6439                                                                          |    6|   0|    6|          0|
    |tmp_V_958_reg_6444                                                                          |    6|   0|    6|          0|
    |tmp_V_959_reg_6449                                                                          |    6|   0|    6|          0|
    |tmp_V_960_reg_6454                                                                          |    6|   0|    6|          0|
    |tmp_V_961_reg_6459                                                                          |    6|   0|    6|          0|
    |tmp_V_962_reg_6464                                                                          |    6|   0|    6|          0|
    |tmp_V_963_reg_6469                                                                          |    6|   0|    6|          0|
    |tmp_V_964_reg_6474                                                                          |    6|   0|    6|          0|
    |tmp_V_965_reg_6479                                                                          |    6|   0|    6|          0|
    |tmp_V_966_reg_6484                                                                          |    6|   0|    6|          0|
    |tmp_V_967_reg_6489                                                                          |    6|   0|    6|          0|
    |tmp_V_968_reg_6494                                                                          |    6|   0|    6|          0|
    |tmp_V_969_reg_6499                                                                          |    6|   0|    6|          0|
    |tmp_V_970_reg_6504                                                                          |    6|   0|    6|          0|
    |tmp_V_971_reg_6509                                                                          |    6|   0|    6|          0|
    |tmp_V_972_reg_6514                                                                          |    6|   0|    6|          0|
    |tmp_V_973_reg_6519                                                                          |    6|   0|    6|          0|
    |tmp_V_974_reg_6524                                                                          |    6|   0|    6|          0|
    |tmp_V_975_reg_6529                                                                          |    6|   0|    6|          0|
    |tmp_V_976_reg_6534                                                                          |    6|   0|    6|          0|
    |tmp_V_977_reg_6539                                                                          |    6|   0|    6|          0|
    |tmp_V_978_reg_6544                                                                          |    6|   0|    6|          0|
    |tmp_V_979_reg_6549                                                                          |    6|   0|    6|          0|
    |tmp_V_980_reg_6554                                                                          |    6|   0|    6|          0|
    |tmp_V_981_reg_6559                                                                          |    6|   0|    6|          0|
    |tmp_V_982_reg_6564                                                                          |    6|   0|    6|          0|
    |tmp_V_983_reg_6569                                                                          |    6|   0|    6|          0|
    |tmp_V_984_reg_6574                                                                          |    6|   0|    6|          0|
    |tmp_V_985_reg_6579                                                                          |    6|   0|    6|          0|
    |tmp_V_986_reg_6584                                                                          |    6|   0|    6|          0|
    |tmp_V_987_reg_6589                                                                          |    6|   0|    6|          0|
    |tmp_V_988_reg_6594                                                                          |    6|   0|    6|          0|
    |tmp_V_989_reg_6599                                                                          |    6|   0|    6|          0|
    |tmp_V_990_reg_6604                                                                          |    6|   0|    6|          0|
    |tmp_V_991_reg_6609                                                                          |    6|   0|    6|          0|
    |tmp_V_992_reg_6614                                                                          |    6|   0|    6|          0|
    |tmp_V_993_reg_6619                                                                          |    6|   0|    6|          0|
    |tmp_V_994_reg_6624                                                                          |    6|   0|    6|          0|
    |tmp_V_995_reg_6629                                                                          |    6|   0|    6|          0|
    |tmp_V_996_reg_6634                                                                          |    6|   0|    6|          0|
    |tmp_V_997_reg_6639                                                                          |    6|   0|    6|          0|
    |tmp_V_998_reg_6644                                                                          |    6|   0|    6|          0|
    |tmp_V_999_reg_6649                                                                          |    6|   0|    6|          0|
    |tmp_V_reg_6189                                                                              |    6|   0|    6|          0|
    +--------------------------------------------------------------------------------------------+-----+----+-----+-----------+
    |Total                                                                                       | 3869|   0| 3869|          0|
    +--------------------------------------------------------------------------------------------+-----+----+-----+-----------+



================================================================
== Interface
================================================================
* Summary: 
+------------------+-----+-----+------------+-------------------------------------------------------------------------------+--------------+
|     RTL Ports    | Dir | Bits|  Protocol  |                                 Source Object                                 |    C Type    |
+------------------+-----+-----+------------+-------------------------------------------------------------------------------+--------------+
|ap_clk            |  in |    1| ap_ctrl_hs | conv_2d_cl_switch<ap_fixed<6, 2, 5, 3, 0>, ap_fixed<6, 2, 4, 0, 0>, config76> | return value |
|ap_rst            |  in |    1| ap_ctrl_hs | conv_2d_cl_switch<ap_fixed<6, 2, 5, 3, 0>, ap_fixed<6, 2, 4, 0, 0>, config76> | return value |
|ap_start          |  in |    1| ap_ctrl_hs | conv_2d_cl_switch<ap_fixed<6, 2, 5, 3, 0>, ap_fixed<6, 2, 4, 0, 0>, config76> | return value |
|start_full_n      |  in |    1| ap_ctrl_hs | conv_2d_cl_switch<ap_fixed<6, 2, 5, 3, 0>, ap_fixed<6, 2, 4, 0, 0>, config76> | return value |
|ap_done           | out |    1| ap_ctrl_hs | conv_2d_cl_switch<ap_fixed<6, 2, 5, 3, 0>, ap_fixed<6, 2, 4, 0, 0>, config76> | return value |
|ap_continue       |  in |    1| ap_ctrl_hs | conv_2d_cl_switch<ap_fixed<6, 2, 5, 3, 0>, ap_fixed<6, 2, 4, 0, 0>, config76> | return value |
|ap_idle           | out |    1| ap_ctrl_hs | conv_2d_cl_switch<ap_fixed<6, 2, 5, 3, 0>, ap_fixed<6, 2, 4, 0, 0>, config76> | return value |
|ap_ready          | out |    1| ap_ctrl_hs | conv_2d_cl_switch<ap_fixed<6, 2, 5, 3, 0>, ap_fixed<6, 2, 4, 0, 0>, config76> | return value |
|start_out         | out |    1| ap_ctrl_hs | conv_2d_cl_switch<ap_fixed<6, 2, 5, 3, 0>, ap_fixed<6, 2, 4, 0, 0>, config76> | return value |
|start_write       | out |    1| ap_ctrl_hs | conv_2d_cl_switch<ap_fixed<6, 2, 5, 3, 0>, ap_fixed<6, 2, 4, 0, 0>, config76> | return value |
|data_V_V_dout     |  in |    6|   ap_fifo  |                                    data_V_V                                   |    pointer   |
|data_V_V_empty_n  |  in |    1|   ap_fifo  |                                    data_V_V                                   |    pointer   |
|data_V_V_read     | out |    1|   ap_fifo  |                                    data_V_V                                   |    pointer   |
|res_V_V_din       | out |    6|   ap_fifo  |                                    res_V_V                                    |    pointer   |
|res_V_V_full_n    |  in |    1|   ap_fifo  |                                    res_V_V                                    |    pointer   |
|res_V_V_write     | out |    1|   ap_fifo  |                                    res_V_V                                    |    pointer   |
+------------------+-----+-----+------------+-------------------------------------------------------------------------------+--------------+

