

================================================================
== Vivado HLS Report for 'conv_2d_cl_switch_ap_fixed_6_2_5_3_0_ap_fixed_6_2_4_0_0_config66_s'
================================================================
* Date:           Fri Jan 27 15:50:12 2023

* Version:        2019.2 (Build 2704478 on Wed Nov 06 22:10:23 MST 2019)
* Project:        alveo_hls4ml
* Solution:       solution
* Product family: virtexuplus
* Target device:  xcu50-fsvh2104-2L-e


================================================================
== Performance Estimates
================================================================
+ Timing: 
    * Summary: 
    +--------+---------+----------+------------+
    |  Clock |  Target | Estimated| Uncertainty|
    +--------+---------+----------+------------+
    |ap_clk  | 4.00 ns | 2.601 ns |   0.90 ns  |
    +--------+---------+----------+------------+

+ Latency: 
    * Summary: 
    +---------+---------+-----------+----------+------+-------+---------+
    |  Latency (cycles) |  Latency (absolute)  |   Interval   | Pipeline|
    |   min   |   max   |    min    |    max   |  min |  max  |   Type  |
    +---------+---------+-----------+----------+------+-------+---------+
    |     9937|    62209| 39.748 us | 0.249 ms |  9937|  62209|   none  |
    +---------+---------+-----------+----------+------+-------+---------+

    + Detail: 
        * Instance: 
        +-------------------------------------------------------------------------------+-------------------------------------------------------------------+---------+---------+-----------+-----------+-----+-----+----------+
        |                                                                               |                                                                   |  Latency (cycles) |   Latency (absolute)  |  Interval | Pipeline |
        |                                    Instance                                   |                               Module                              |   min   |   max   |    min    |    max    | min | max |   Type   |
        +-------------------------------------------------------------------------------+-------------------------------------------------------------------+---------+---------+-----------+-----------+-----+-----+----------+
        |grp_dense_large_ap_fixed_6_2_5_3_0_ap_fixed_6_2_4_0_0_config66_mult_s_fu_1128  |dense_large_ap_fixed_6_2_5_3_0_ap_fixed_6_2_4_0_0_config66_mult_s  |      597|      597|  2.388 us |  2.388 us |  597|  597|   none   |
        |grp_cnnshift_arr_ap_fixed_6_2_5_3_0_ap_fixed_6_2_4_0_0_config66_s_fu_1136      |cnnshift_arr_ap_fixed_6_2_5_3_0_ap_fixed_6_2_4_0_0_config66_s      |        8|        8| 32.000 ns | 32.000 ns |    9|    9| function |
        +-------------------------------------------------------------------------------+-------------------------------------------------------------------+---------+---------+-----------+-----------+-----+-----+----------+

        * Loop: 
        +----------+---------+---------+-----------+-----------+-----------+------+----------+
        |          |  Latency (cycles) | Iteration |  Initiation Interval  | Trip |          |
        | Loop Name|   min   |   max   |  Latency  |  achieved |   target  | Count| Pipelined|
        +----------+---------+---------+-----------+-----------+-----------+------+----------+
        |- Loop 1  |     9936|    62208| 138 ~ 864 |          -|          -|    72|    no    |
        +----------+---------+---------+-----------+-----------+-----------+------+----------+



================================================================
== Utilization Estimates
================================================================
* Summary: 
+---------------------+---------+-------+---------+--------+-----+
|         Name        | BRAM_18K| DSP48E|    FF   |   LUT  | URAM|
+---------------------+---------+-------+---------+--------+-----+
|DSP                  |        -|      -|        -|       -|    -|
|Expression           |        -|      -|        0|     346|    -|
|FIFO                 |        -|      -|        -|       -|    -|
|Instance             |       86|    259|    85344|  102050|    -|
|Memory               |        0|      -|        0|       0|   11|
|Multiplexer          |        -|      -|        -|    1967|    -|
|Register             |        -|      -|     2081|       -|    -|
+---------------------+---------+-------+---------+--------+-----+
|Total                |       86|    259|    87425|  104363|   11|
+---------------------+---------+-------+---------+--------+-----+
|Available SLR        |     1344|   2976|   871680|  435840|  320|
+---------------------+---------+-------+---------+--------+-----+
|Utilization SLR (%)  |        6|      8|       10|      23|    3|
+---------------------+---------+-------+---------+--------+-----+
|Available            |     2688|   5952|  1743360|  871680|  640|
+---------------------+---------+-------+---------+--------+-----+
|Utilization (%)      |        3|      4|        5|      11|    1|
+---------------------+---------+-------+---------+--------+-----+

+ Detail: 
    * Instance: 
    +-------------------------------------------------------------------------------+-------------------------------------------------------------------+---------+-------+-------+-------+-----+
    |                                    Instance                                   |                               Module                              | BRAM_18K| DSP48E|   FF  |  LUT  | URAM|
    +-------------------------------------------------------------------------------+-------------------------------------------------------------------+---------+-------+-------+-------+-----+
    |grp_cnnshift_arr_ap_fixed_6_2_5_3_0_ap_fixed_6_2_4_0_0_config66_s_fu_1136      |cnnshift_arr_ap_fixed_6_2_5_3_0_ap_fixed_6_2_4_0_0_config66_s      |        0|      0|  23305|   8393|    0|
    |grp_dense_large_ap_fixed_6_2_5_3_0_ap_fixed_6_2_4_0_0_config66_mult_s_fu_1128  |dense_large_ap_fixed_6_2_5_3_0_ap_fixed_6_2_4_0_0_config66_mult_s  |       86|    259|  62039|  93657|    0|
    +-------------------------------------------------------------------------------+-------------------------------------------------------------------+---------+-------+-------+-------+-----+
    |Total                                                                          |                                                                   |       86|    259|  85344| 102050|    0|
    +-------------------------------------------------------------------------------+-------------------------------------------------------------------+---------+-------+-------+-------+-----+

    * DSP48E: 
    N/A

    * Memory: 
    +-----------------+----------------------------------------------------------------------------------+---------+---+----+-----+------+-----+------+-------------+
    |      Memory     |                                      Module                                      | BRAM_18K| FF| LUT| URAM| Words| Bits| Banks| W*Bits*Banks|
    +-----------------+----------------------------------------------------------------------------------+---------+---+----+-----+------+-----+------+-------------+
    |layer_in_V_14_U  |conv_2d_cl_switch_ap_fixed_6_2_5_3_0_ap_fixed_6_2_4_0_0_config66_s_layer_in_VoVc  |        0|  0|   0|   11|     9|  768|     1|         6912|
    +-----------------+----------------------------------------------------------------------------------+---------+---+----+-----+------+-----+------+-------------+
    |Total            |                                                                                  |        0|  0|   0|   11|     9|  768|     1|         6912|
    +-----------------+----------------------------------------------------------------------------------+---------+---+----+-----+------+-----+------+-------------+

    * FIFO: 
    N/A

    * Expression: 
    +-------------------------+----------+-------+---+----+------------+------------+
    |      Variable Name      | Operation| DSP48E| FF| LUT| Bitwidth P0| Bitwidth P1|
    +-------------------------+----------+-------+---+----+------------+------------+
    |add_ln448_fu_3203_p2     |     +    |      0|  0|  32|          32|           1|
    |add_ln450_fu_3214_p2     |     +    |      0|  0|  32|          32|           1|
    |add_ln453_fu_3157_p2     |     +    |      0|  0|  32|          32|           1|
    |add_ln455_fu_3168_p2     |     +    |      0|  0|  32|          32|           1|
    |i_fu_1661_p2             |     +    |      0|  0|   7|           7|           1|
    |and_ln422_5_fu_1866_p2   |    and   |      0|  0|   2|           1|           1|
    |and_ln422_6_fu_1872_p2   |    and   |      0|  0|   2|           1|           1|
    |and_ln422_fu_1860_p2     |    and   |      0|  0|   2|           1|           1|
    |ap_block_state2          |    and   |      0|  0|   2|           1|           1|
    |ap_block_state268        |    and   |      0|  0|   2|           1|           1|
    |ap_condition_2471        |    and   |      0|  0|   2|           1|           1|
    |ap_condition_2555        |    and   |      0|  0|   2|           1|           1|
    |icmp_ln413_fu_1655_p2    |   icmp   |      0|  0|  11|           7|           7|
    |icmp_ln422_7_fu_1814_p2  |   icmp   |      0|  0|  20|          32|           2|
    |icmp_ln422_8_fu_1834_p2  |   icmp   |      0|  0|  20|          31|           1|
    |icmp_ln422_9_fu_1854_p2  |   icmp   |      0|  0|  20|          31|           1|
    |icmp_ln422_fu_1804_p2    |   icmp   |      0|  0|  20|          32|           2|
    |icmp_ln440_fu_3152_p2    |   icmp   |      0|  0|  20|          32|           3|
    |icmp_ln444_fu_3198_p2    |   icmp   |      0|  0|  20|          32|           4|
    |ap_block_state1          |    or    |      0|  0|   2|           1|           1|
    |select_ln450_fu_3219_p3  |  select  |      0|  0|  32|           1|           2|
    |select_ln455_fu_3173_p3  |  select  |      0|  0|  32|           1|           2|
    +-------------------------+----------+-------+---+----+------------+------------+
    |Total                    |          |      0|  0| 346|         342|          37|
    +-------------------------+----------+-------+---+----+------------+------------+

    * Multiplexer: 
    +----------------------------------------+------+-----------+-----+-----------+
    |                  Name                  |  LUT | Input Size| Bits| Total Bits|
    +----------------------------------------+------+-----------+-----+-----------+
    |ap_NS_fsm                               |  1221|        269|    1|        269|
    |ap_done                                 |     9|          2|    1|          2|
    |ap_phi_mux_storemerge_i_phi_fu_1121_p4  |    15|          3|   32|         96|
    |data_V_V_blk_n                          |     9|          2|    1|          2|
    |i_0_i_reg_1107                          |     9|          2|    7|         14|
    |layer_in_V_14_address0                  |    15|          3|    4|         12|
    |layer_in_V_14_address1                  |    15|          3|    4|         12|
    |layer_in_V_14_ce0                       |    15|          3|    1|          3|
    |layer_in_V_14_ce1                       |    15|          3|    1|          3|
    |layer_in_V_14_we0                       |     9|          2|    1|          2|
    |layer_in_V_14_we1                       |     9|          2|    1|          2|
    |pX_8                                    |     9|          2|   32|         64|
    |pY_8                                    |     9|          2|   32|         64|
    |real_start                              |     9|          2|    1|          2|
    |res_V_V_blk_n                           |     9|          2|    1|          2|
    |res_V_V_din                             |   581|        129|    6|        774|
    |sX_8                                    |     9|          2|   32|         64|
    +----------------------------------------+------+-----------+-----+-----------+
    |Total                                   |  1967|        433|  158|       1387|
    +----------------------------------------+------+-----------+-----+-----------+

    * Register: 
    +--------------------------------------------------------------------------------------------+-----+----+-----+-----------+
    |                                            Name                                            |  FF | LUT| Bits| Const Bits|
    +--------------------------------------------------------------------------------------------+-----+----+-----+-----------+
    |and_ln422_6_reg_3924                                                                        |    1|   0|    1|          0|
    |ap_CS_fsm                                                                                   |  268|   0|  268|          0|
    |ap_done_reg                                                                                 |    1|   0|    1|          0|
    |grp_cnnshift_arr_ap_fixed_6_2_5_3_0_ap_fixed_6_2_4_0_0_config66_s_fu_1136_ap_start_reg      |    1|   0|    1|          0|
    |grp_dense_large_ap_fixed_6_2_5_3_0_ap_fixed_6_2_4_0_0_config66_mult_s_fu_1128_ap_start_reg  |    1|   0|    1|          0|
    |i_0_i_reg_1107                                                                              |    7|   0|    7|          0|
    |i_reg_3242                                                                                  |    7|   0|    7|          0|
    |icmp_ln422_7_reg_3907                                                                       |    1|   0|    1|          0|
    |icmp_ln422_reg_3897                                                                         |    1|   0|    1|          0|
    |pX_8                                                                                        |   32|   0|   32|          0|
    |pX_8_load_reg_3918                                                                          |   32|   0|   32|          0|
    |pY_8                                                                                        |   32|   0|   32|          0|
    |pY_8_load_reg_3912                                                                          |   32|   0|   32|          0|
    |sX_8                                                                                        |   32|   0|   32|          0|
    |sX_8_load_reg_3892                                                                          |   32|   0|   32|          0|
    |sY_8                                                                                        |   32|   0|   32|          0|
    |sY_8_load_reg_3902                                                                          |   32|   0|   32|          0|
    |start_once_reg                                                                              |    1|   0|    1|          0|
    |tmp_V_1802_reg_3252                                                                         |    6|   0|    6|          0|
    |tmp_V_1803_reg_3257                                                                         |    6|   0|    6|          0|
    |tmp_V_1804_reg_3262                                                                         |    6|   0|    6|          0|
    |tmp_V_1805_reg_3267                                                                         |    6|   0|    6|          0|
    |tmp_V_1806_reg_3272                                                                         |    6|   0|    6|          0|
    |tmp_V_1807_reg_3277                                                                         |    6|   0|    6|          0|
    |tmp_V_1808_reg_3282                                                                         |    6|   0|    6|          0|
    |tmp_V_1809_reg_3287                                                                         |    6|   0|    6|          0|
    |tmp_V_1810_reg_3292                                                                         |    6|   0|    6|          0|
    |tmp_V_1811_reg_3297                                                                         |    6|   0|    6|          0|
    |tmp_V_1812_reg_3302                                                                         |    6|   0|    6|          0|
    |tmp_V_1813_reg_3307                                                                         |    6|   0|    6|          0|
    |tmp_V_1814_reg_3312                                                                         |    6|   0|    6|          0|
    |tmp_V_1815_reg_3317                                                                         |    6|   0|    6|          0|
    |tmp_V_1816_reg_3322                                                                         |    6|   0|    6|          0|
    |tmp_V_1817_reg_3327                                                                         |    6|   0|    6|          0|
    |tmp_V_1818_reg_3332                                                                         |    6|   0|    6|          0|
    |tmp_V_1819_reg_3337                                                                         |    6|   0|    6|          0|
    |tmp_V_1820_reg_3342                                                                         |    6|   0|    6|          0|
    |tmp_V_1821_reg_3347                                                                         |    6|   0|    6|          0|
    |tmp_V_1822_reg_3352                                                                         |    6|   0|    6|          0|
    |tmp_V_1823_reg_3357                                                                         |    6|   0|    6|          0|
    |tmp_V_1824_reg_3362                                                                         |    6|   0|    6|          0|
    |tmp_V_1825_reg_3367                                                                         |    6|   0|    6|          0|
    |tmp_V_1826_reg_3372                                                                         |    6|   0|    6|          0|
    |tmp_V_1827_reg_3377                                                                         |    6|   0|    6|          0|
    |tmp_V_1828_reg_3382                                                                         |    6|   0|    6|          0|
    |tmp_V_1829_reg_3387                                                                         |    6|   0|    6|          0|
    |tmp_V_1830_reg_3392                                                                         |    6|   0|    6|          0|
    |tmp_V_1831_reg_3397                                                                         |    6|   0|    6|          0|
    |tmp_V_1832_reg_3402                                                                         |    6|   0|    6|          0|
    |tmp_V_1833_reg_3407                                                                         |    6|   0|    6|          0|
    |tmp_V_1834_reg_3412                                                                         |    6|   0|    6|          0|
    |tmp_V_1835_reg_3417                                                                         |    6|   0|    6|          0|
    |tmp_V_1836_reg_3422                                                                         |    6|   0|    6|          0|
    |tmp_V_1837_reg_3427                                                                         |    6|   0|    6|          0|
    |tmp_V_1838_reg_3432                                                                         |    6|   0|    6|          0|
    |tmp_V_1839_reg_3437                                                                         |    6|   0|    6|          0|
    |tmp_V_1840_reg_3442                                                                         |    6|   0|    6|          0|
    |tmp_V_1841_reg_3447                                                                         |    6|   0|    6|          0|
    |tmp_V_1842_reg_3452                                                                         |    6|   0|    6|          0|
    |tmp_V_1843_reg_3457                                                                         |    6|   0|    6|          0|
    |tmp_V_1844_reg_3462                                                                         |    6|   0|    6|          0|
    |tmp_V_1845_reg_3467                                                                         |    6|   0|    6|          0|
    |tmp_V_1846_reg_3472                                                                         |    6|   0|    6|          0|
    |tmp_V_1847_reg_3477                                                                         |    6|   0|    6|          0|
    |tmp_V_1848_reg_3482                                                                         |    6|   0|    6|          0|
    |tmp_V_1849_reg_3487                                                                         |    6|   0|    6|          0|
    |tmp_V_1850_reg_3492                                                                         |    6|   0|    6|          0|
    |tmp_V_1851_reg_3497                                                                         |    6|   0|    6|          0|
    |tmp_V_1852_reg_3502                                                                         |    6|   0|    6|          0|
    |tmp_V_1853_reg_3507                                                                         |    6|   0|    6|          0|
    |tmp_V_1854_reg_3512                                                                         |    6|   0|    6|          0|
    |tmp_V_1855_reg_3517                                                                         |    6|   0|    6|          0|
    |tmp_V_1856_reg_3522                                                                         |    6|   0|    6|          0|
    |tmp_V_1857_reg_3527                                                                         |    6|   0|    6|          0|
    |tmp_V_1858_reg_3532                                                                         |    6|   0|    6|          0|
    |tmp_V_1859_reg_3537                                                                         |    6|   0|    6|          0|
    |tmp_V_1860_reg_3542                                                                         |    6|   0|    6|          0|
    |tmp_V_1861_reg_3547                                                                         |    6|   0|    6|          0|
    |tmp_V_1862_reg_3552                                                                         |    6|   0|    6|          0|
    |tmp_V_1863_reg_3557                                                                         |    6|   0|    6|          0|
    |tmp_V_1864_reg_3562                                                                         |    6|   0|    6|          0|
    |tmp_V_1865_reg_3567                                                                         |    6|   0|    6|          0|
    |tmp_V_1866_reg_3572                                                                         |    6|   0|    6|          0|
    |tmp_V_1867_reg_3577                                                                         |    6|   0|    6|          0|
    |tmp_V_1868_reg_3582                                                                         |    6|   0|    6|          0|
    |tmp_V_1869_reg_3587                                                                         |    6|   0|    6|          0|
    |tmp_V_1870_reg_3592                                                                         |    6|   0|    6|          0|
    |tmp_V_1871_reg_3597                                                                         |    6|   0|    6|          0|
    |tmp_V_1872_reg_3602                                                                         |    6|   0|    6|          0|
    |tmp_V_1873_reg_3607                                                                         |    6|   0|    6|          0|
    |tmp_V_1874_reg_3612                                                                         |    6|   0|    6|          0|
    |tmp_V_1875_reg_3617                                                                         |    6|   0|    6|          0|
    |tmp_V_1876_reg_3622                                                                         |    6|   0|    6|          0|
    |tmp_V_1877_reg_3627                                                                         |    6|   0|    6|          0|
    |tmp_V_1878_reg_3632                                                                         |    6|   0|    6|          0|
    |tmp_V_1879_reg_3637                                                                         |    6|   0|    6|          0|
    |tmp_V_1880_reg_3642                                                                         |    6|   0|    6|          0|
    |tmp_V_1881_reg_3647                                                                         |    6|   0|    6|          0|
    |tmp_V_1882_reg_3652                                                                         |    6|   0|    6|          0|
    |tmp_V_1883_reg_3657                                                                         |    6|   0|    6|          0|
    |tmp_V_1884_reg_3662                                                                         |    6|   0|    6|          0|
    |tmp_V_1885_reg_3667                                                                         |    6|   0|    6|          0|
    |tmp_V_1886_reg_3672                                                                         |    6|   0|    6|          0|
    |tmp_V_1887_reg_3677                                                                         |    6|   0|    6|          0|
    |tmp_V_1888_reg_3682                                                                         |    6|   0|    6|          0|
    |tmp_V_1889_reg_3687                                                                         |    6|   0|    6|          0|
    |tmp_V_1890_reg_3692                                                                         |    6|   0|    6|          0|
    |tmp_V_1891_reg_3697                                                                         |    6|   0|    6|          0|
    |tmp_V_1892_reg_3702                                                                         |    6|   0|    6|          0|
    |tmp_V_1893_reg_3707                                                                         |    6|   0|    6|          0|
    |tmp_V_1894_reg_3712                                                                         |    6|   0|    6|          0|
    |tmp_V_1895_reg_3717                                                                         |    6|   0|    6|          0|
    |tmp_V_1896_reg_3722                                                                         |    6|   0|    6|          0|
    |tmp_V_1897_reg_3727                                                                         |    6|   0|    6|          0|
    |tmp_V_1898_reg_3732                                                                         |    6|   0|    6|          0|
    |tmp_V_1899_reg_3737                                                                         |    6|   0|    6|          0|
    |tmp_V_1900_reg_3742                                                                         |    6|   0|    6|          0|
    |tmp_V_1901_reg_3747                                                                         |    6|   0|    6|          0|
    |tmp_V_1902_reg_3752                                                                         |    6|   0|    6|          0|
    |tmp_V_1903_reg_3757                                                                         |    6|   0|    6|          0|
    |tmp_V_1904_reg_3762                                                                         |    6|   0|    6|          0|
    |tmp_V_1905_reg_3767                                                                         |    6|   0|    6|          0|
    |tmp_V_1906_reg_3772                                                                         |    6|   0|    6|          0|
    |tmp_V_1907_reg_3777                                                                         |    6|   0|    6|          0|
    |tmp_V_1908_reg_3782                                                                         |    6|   0|    6|          0|
    |tmp_V_1909_reg_3787                                                                         |    6|   0|    6|          0|
    |tmp_V_1910_reg_3792                                                                         |    6|   0|    6|          0|
    |tmp_V_1911_reg_3797                                                                         |    6|   0|    6|          0|
    |tmp_V_1912_reg_3802                                                                         |    6|   0|    6|          0|
    |tmp_V_1913_reg_3807                                                                         |    6|   0|    6|          0|
    |tmp_V_1914_reg_3812                                                                         |    6|   0|    6|          0|
    |tmp_V_1915_reg_3817                                                                         |    6|   0|    6|          0|
    |tmp_V_1916_reg_3822                                                                         |    6|   0|    6|          0|
    |tmp_V_1917_reg_3827                                                                         |    6|   0|    6|          0|
    |tmp_V_1918_reg_3832                                                                         |    6|   0|    6|          0|
    |tmp_V_1919_reg_3837                                                                         |    6|   0|    6|          0|
    |tmp_V_1920_reg_3842                                                                         |    6|   0|    6|          0|
    |tmp_V_1921_reg_3847                                                                         |    6|   0|    6|          0|
    |tmp_V_1922_reg_3852                                                                         |    6|   0|    6|          0|
    |tmp_V_1923_reg_3857                                                                         |    6|   0|    6|          0|
    |tmp_V_1924_reg_3862                                                                         |    6|   0|    6|          0|
    |tmp_V_1925_reg_3867                                                                         |    6|   0|    6|          0|
    |tmp_V_1926_reg_3872                                                                         |    6|   0|    6|          0|
    |tmp_V_1927_reg_3877                                                                         |    6|   0|    6|          0|
    |tmp_V_1928_reg_3882                                                                         |    6|   0|    6|          0|
    |tmp_V_1929_reg_3928                                                                         |    6|   0|    6|          0|
    |tmp_V_1930_reg_3933                                                                         |    6|   0|    6|          0|
    |tmp_V_1931_reg_3938                                                                         |    6|   0|    6|          0|
    |tmp_V_1932_reg_3943                                                                         |    6|   0|    6|          0|
    |tmp_V_1933_reg_3948                                                                         |    6|   0|    6|          0|
    |tmp_V_1934_reg_3953                                                                         |    6|   0|    6|          0|
    |tmp_V_1935_reg_3958                                                                         |    6|   0|    6|          0|
    |tmp_V_1936_reg_3963                                                                         |    6|   0|    6|          0|
    |tmp_V_1937_reg_3968                                                                         |    6|   0|    6|          0|
    |tmp_V_1938_reg_3973                                                                         |    6|   0|    6|          0|
    |tmp_V_1939_reg_3978                                                                         |    6|   0|    6|          0|
    |tmp_V_1940_reg_3983                                                                         |    6|   0|    6|          0|
    |tmp_V_1941_reg_3988                                                                         |    6|   0|    6|          0|
    |tmp_V_1942_reg_3993                                                                         |    6|   0|    6|          0|
    |tmp_V_1943_reg_3998                                                                         |    6|   0|    6|          0|
    |tmp_V_1944_reg_4003                                                                         |    6|   0|    6|          0|
    |tmp_V_1945_reg_4008                                                                         |    6|   0|    6|          0|
    |tmp_V_1946_reg_4013                                                                         |    6|   0|    6|          0|
    |tmp_V_1947_reg_4018                                                                         |    6|   0|    6|          0|
    |tmp_V_1948_reg_4023                                                                         |    6|   0|    6|          0|
    |tmp_V_1949_reg_4028                                                                         |    6|   0|    6|          0|
    |tmp_V_1950_reg_4033                                                                         |    6|   0|    6|          0|
    |tmp_V_1951_reg_4038                                                                         |    6|   0|    6|          0|
    |tmp_V_1952_reg_4043                                                                         |    6|   0|    6|          0|
    |tmp_V_1953_reg_4048                                                                         |    6|   0|    6|          0|
    |tmp_V_1954_reg_4053                                                                         |    6|   0|    6|          0|
    |tmp_V_1955_reg_4058                                                                         |    6|   0|    6|          0|
    |tmp_V_1956_reg_4063                                                                         |    6|   0|    6|          0|
    |tmp_V_1957_reg_4068                                                                         |    6|   0|    6|          0|
    |tmp_V_1958_reg_4073                                                                         |    6|   0|    6|          0|
    |tmp_V_1959_reg_4078                                                                         |    6|   0|    6|          0|
    |tmp_V_1960_reg_4083                                                                         |    6|   0|    6|          0|
    |tmp_V_1961_reg_4088                                                                         |    6|   0|    6|          0|
    |tmp_V_1962_reg_4093                                                                         |    6|   0|    6|          0|
    |tmp_V_1963_reg_4098                                                                         |    6|   0|    6|          0|
    |tmp_V_1964_reg_4103                                                                         |    6|   0|    6|          0|
    |tmp_V_1965_reg_4108                                                                         |    6|   0|    6|          0|
    |tmp_V_1966_reg_4113                                                                         |    6|   0|    6|          0|
    |tmp_V_1967_reg_4118                                                                         |    6|   0|    6|          0|
    |tmp_V_1968_reg_4123                                                                         |    6|   0|    6|          0|
    |tmp_V_1969_reg_4128                                                                         |    6|   0|    6|          0|
    |tmp_V_1970_reg_4133                                                                         |    6|   0|    6|          0|
    |tmp_V_1971_reg_4138                                                                         |    6|   0|    6|          0|
    |tmp_V_1972_reg_4143                                                                         |    6|   0|    6|          0|
    |tmp_V_1973_reg_4148                                                                         |    6|   0|    6|          0|
    |tmp_V_1974_reg_4153                                                                         |    6|   0|    6|          0|
    |tmp_V_1975_reg_4158                                                                         |    6|   0|    6|          0|
    |tmp_V_1976_reg_4163                                                                         |    6|   0|    6|          0|
    |tmp_V_1977_reg_4168                                                                         |    6|   0|    6|          0|
    |tmp_V_1978_reg_4173                                                                         |    6|   0|    6|          0|
    |tmp_V_1979_reg_4178                                                                         |    6|   0|    6|          0|
    |tmp_V_1980_reg_4183                                                                         |    6|   0|    6|          0|
    |tmp_V_1981_reg_4188                                                                         |    6|   0|    6|          0|
    |tmp_V_1982_reg_4193                                                                         |    6|   0|    6|          0|
    |tmp_V_1983_reg_4198                                                                         |    6|   0|    6|          0|
    |tmp_V_1984_reg_4203                                                                         |    6|   0|    6|          0|
    |tmp_V_1985_reg_4208                                                                         |    6|   0|    6|          0|
    |tmp_V_1986_reg_4213                                                                         |    6|   0|    6|          0|
    |tmp_V_1987_reg_4218                                                                         |    6|   0|    6|          0|
    |tmp_V_1988_reg_4223                                                                         |    6|   0|    6|          0|
    |tmp_V_1989_reg_4228                                                                         |    6|   0|    6|          0|
    |tmp_V_1990_reg_4233                                                                         |    6|   0|    6|          0|
    |tmp_V_1991_reg_4238                                                                         |    6|   0|    6|          0|
    |tmp_V_1992_reg_4243                                                                         |    6|   0|    6|          0|
    |tmp_V_1993_reg_4248                                                                         |    6|   0|    6|          0|
    |tmp_V_1994_reg_4253                                                                         |    6|   0|    6|          0|
    |tmp_V_1995_reg_4258                                                                         |    6|   0|    6|          0|
    |tmp_V_1996_reg_4263                                                                         |    6|   0|    6|          0|
    |tmp_V_1997_reg_4268                                                                         |    6|   0|    6|          0|
    |tmp_V_1998_reg_4273                                                                         |    6|   0|    6|          0|
    |tmp_V_1999_reg_4278                                                                         |    6|   0|    6|          0|
    |tmp_V_2000_reg_4283                                                                         |    6|   0|    6|          0|
    |tmp_V_2001_reg_4288                                                                         |    6|   0|    6|          0|
    |tmp_V_2002_reg_4293                                                                         |    6|   0|    6|          0|
    |tmp_V_2003_reg_4298                                                                         |    6|   0|    6|          0|
    |tmp_V_2004_reg_4303                                                                         |    6|   0|    6|          0|
    |tmp_V_2005_reg_4308                                                                         |    6|   0|    6|          0|
    |tmp_V_2006_reg_4313                                                                         |    6|   0|    6|          0|
    |tmp_V_2007_reg_4318                                                                         |    6|   0|    6|          0|
    |tmp_V_2008_reg_4323                                                                         |    6|   0|    6|          0|
    |tmp_V_2009_reg_4328                                                                         |    6|   0|    6|          0|
    |tmp_V_2010_reg_4333                                                                         |    6|   0|    6|          0|
    |tmp_V_2011_reg_4338                                                                         |    6|   0|    6|          0|
    |tmp_V_2012_reg_4343                                                                         |    6|   0|    6|          0|
    |tmp_V_2013_reg_4348                                                                         |    6|   0|    6|          0|
    |tmp_V_2014_reg_4353                                                                         |    6|   0|    6|          0|
    |tmp_V_2015_reg_4358                                                                         |    6|   0|    6|          0|
    |tmp_V_2016_reg_4363                                                                         |    6|   0|    6|          0|
    |tmp_V_2017_reg_4368                                                                         |    6|   0|    6|          0|
    |tmp_V_2018_reg_4373                                                                         |    6|   0|    6|          0|
    |tmp_V_2019_reg_4378                                                                         |    6|   0|    6|          0|
    |tmp_V_2020_reg_4383                                                                         |    6|   0|    6|          0|
    |tmp_V_2021_reg_4388                                                                         |    6|   0|    6|          0|
    |tmp_V_2022_reg_4393                                                                         |    6|   0|    6|          0|
    |tmp_V_2023_reg_4398                                                                         |    6|   0|    6|          0|
    |tmp_V_2024_reg_4403                                                                         |    6|   0|    6|          0|
    |tmp_V_2025_reg_4408                                                                         |    6|   0|    6|          0|
    |tmp_V_2026_reg_4413                                                                         |    6|   0|    6|          0|
    |tmp_V_2027_reg_4418                                                                         |    6|   0|    6|          0|
    |tmp_V_2028_reg_4423                                                                         |    6|   0|    6|          0|
    |tmp_V_2029_reg_4428                                                                         |    6|   0|    6|          0|
    |tmp_V_2030_reg_4433                                                                         |    6|   0|    6|          0|
    |tmp_V_2031_reg_4438                                                                         |    6|   0|    6|          0|
    |tmp_V_2032_reg_4443                                                                         |    6|   0|    6|          0|
    |tmp_V_2033_reg_4448                                                                         |    6|   0|    6|          0|
    |tmp_V_2034_reg_4453                                                                         |    6|   0|    6|          0|
    |tmp_V_2035_reg_4458                                                                         |    6|   0|    6|          0|
    |tmp_V_2036_reg_4463                                                                         |    6|   0|    6|          0|
    |tmp_V_2037_reg_4468                                                                         |    6|   0|    6|          0|
    |tmp_V_2038_reg_4473                                                                         |    6|   0|    6|          0|
    |tmp_V_2039_reg_4478                                                                         |    6|   0|    6|          0|
    |tmp_V_2040_reg_4483                                                                         |    6|   0|    6|          0|
    |tmp_V_2041_reg_4488                                                                         |    6|   0|    6|          0|
    |tmp_V_2042_reg_4493                                                                         |    6|   0|    6|          0|
    |tmp_V_2043_reg_4498                                                                         |    6|   0|    6|          0|
    |tmp_V_2044_reg_4503                                                                         |    6|   0|    6|          0|
    |tmp_V_2045_reg_4508                                                                         |    6|   0|    6|          0|
    |tmp_V_2046_reg_4513                                                                         |    6|   0|    6|          0|
    |tmp_V_2047_reg_4518                                                                         |    6|   0|    6|          0|
    |tmp_V_2048_reg_4523                                                                         |    6|   0|    6|          0|
    |tmp_V_2049_reg_4528                                                                         |    6|   0|    6|          0|
    |tmp_V_2050_reg_4533                                                                         |    6|   0|    6|          0|
    |tmp_V_2051_reg_4538                                                                         |    6|   0|    6|          0|
    |tmp_V_2052_reg_4543                                                                         |    6|   0|    6|          0|
    |tmp_V_2053_reg_4548                                                                         |    6|   0|    6|          0|
    |tmp_V_2054_reg_4553                                                                         |    6|   0|    6|          0|
    |tmp_V_2055_reg_4558                                                                         |    6|   0|    6|          0|
    |tmp_V_2056_reg_4563                                                                         |    6|   0|    6|          0|
    |tmp_V_reg_3247                                                                              |    6|   0|    6|          0|
    +--------------------------------------------------------------------------------------------+-----+----+-----+-----------+
    |Total                                                                                       | 2081|   0| 2081|          0|
    +--------------------------------------------------------------------------------------------+-----+----+-----+-----------+



================================================================
== Interface
================================================================
* Summary: 
+------------------+-----+-----+------------+-------------------------------------------------------------------------------+--------------+
|     RTL Ports    | Dir | Bits|  Protocol  |                                 Source Object                                 |    C Type    |
+------------------+-----+-----+------------+-------------------------------------------------------------------------------+--------------+
|ap_clk            |  in |    1| ap_ctrl_hs | conv_2d_cl_switch<ap_fixed<6, 2, 5, 3, 0>, ap_fixed<6, 2, 4, 0, 0>, config66> | return value |
|ap_rst            |  in |    1| ap_ctrl_hs | conv_2d_cl_switch<ap_fixed<6, 2, 5, 3, 0>, ap_fixed<6, 2, 4, 0, 0>, config66> | return value |
|ap_start          |  in |    1| ap_ctrl_hs | conv_2d_cl_switch<ap_fixed<6, 2, 5, 3, 0>, ap_fixed<6, 2, 4, 0, 0>, config66> | return value |
|start_full_n      |  in |    1| ap_ctrl_hs | conv_2d_cl_switch<ap_fixed<6, 2, 5, 3, 0>, ap_fixed<6, 2, 4, 0, 0>, config66> | return value |
|ap_done           | out |    1| ap_ctrl_hs | conv_2d_cl_switch<ap_fixed<6, 2, 5, 3, 0>, ap_fixed<6, 2, 4, 0, 0>, config66> | return value |
|ap_continue       |  in |    1| ap_ctrl_hs | conv_2d_cl_switch<ap_fixed<6, 2, 5, 3, 0>, ap_fixed<6, 2, 4, 0, 0>, config66> | return value |
|ap_idle           | out |    1| ap_ctrl_hs | conv_2d_cl_switch<ap_fixed<6, 2, 5, 3, 0>, ap_fixed<6, 2, 4, 0, 0>, config66> | return value |
|ap_ready          | out |    1| ap_ctrl_hs | conv_2d_cl_switch<ap_fixed<6, 2, 5, 3, 0>, ap_fixed<6, 2, 4, 0, 0>, config66> | return value |
|start_out         | out |    1| ap_ctrl_hs | conv_2d_cl_switch<ap_fixed<6, 2, 5, 3, 0>, ap_fixed<6, 2, 4, 0, 0>, config66> | return value |
|start_write       | out |    1| ap_ctrl_hs | conv_2d_cl_switch<ap_fixed<6, 2, 5, 3, 0>, ap_fixed<6, 2, 4, 0, 0>, config66> | return value |
|data_V_V_dout     |  in |    6|   ap_fifo  |                                    data_V_V                                   |    pointer   |
|data_V_V_empty_n  |  in |    1|   ap_fifo  |                                    data_V_V                                   |    pointer   |
|data_V_V_read     | out |    1|   ap_fifo  |                                    data_V_V                                   |    pointer   |
|res_V_V_din       | out |    6|   ap_fifo  |                                    res_V_V                                    |    pointer   |
|res_V_V_full_n    |  in |    1|   ap_fifo  |                                    res_V_V                                    |    pointer   |
|res_V_V_write     | out |    1|   ap_fifo  |                                    res_V_V                                    |    pointer   |
+------------------+-----+-----+------------+-------------------------------------------------------------------------------+--------------+

