

================================================================
== Vivado HLS Report for 'conv_2d_large_cl_nopad_pad_s2s_ap_fixed_ap_fixed_8_2_4_0_0_config29_s'
================================================================
* Date:           Sat Jan 21 03:53:52 2023

* Version:        2019.2 (Build 2704478 on Wed Nov 06 22:10:23 MST 2019)
* Project:        alveo_hls4ml
* Solution:       solution
* Product family: virtexuplus
* Target device:  xcu50-fsvh2104-2L-e


================================================================
== Performance Estimates
================================================================
+ Timing: 
    * Summary: 
    +--------+---------+----------+------------+
    |  Clock |  Target | Estimated| Uncertainty|
    +--------+---------+----------+------------+
    |ap_clk  | 4.00 ns | 2.802 ns |   0.90 ns  |
    +--------+---------+----------+------------+

+ Latency: 
    * Summary: 
    +---------+---------+-----------+----------+-------+--------+---------+
    |  Latency (cycles) |  Latency (absolute)  |    Interval    | Pipeline|
    |   min   |   max   |    min    |    max   |  min  |   max  |   Type  |
    +---------+---------+-----------+----------+-------+--------+---------+
    |    21241|   109741| 84.964 us | 0.439 ms |  21241|  109741|   none  |
    +---------+---------+-----------+----------+-------+--------+---------+

    + Detail: 
        * Instance: 
        +-------------------------------------------------------------------------------+-------------------------------------------------------------------+---------+---------+-----------+-----------+-----+-----+----------+
        |                                                                               |                                                                   |  Latency (cycles) |   Latency (absolute)  |  Interval | Pipeline |
        |                                    Instance                                   |                               Module                              |   min   |   max   |    min    |    max    | min | max |   Type   |
        +-------------------------------------------------------------------------------+-------------------------------------------------------------------+---------+---------+-----------+-----------+-----+-----+----------+
        |grp_dense_large_ap_fixed_8_2_5_3_0_ap_fixed_8_2_4_0_0_config29_mult_s_fu_186   |dense_large_ap_fixed_8_2_5_3_0_ap_fixed_8_2_4_0_0_config29_mult_s  |        9|        9| 36.000 ns | 36.000 ns |    9|    9|   none   |
        |call_ret_cnnshift_arr_ap_fixed_8_2_5_3_0_ap_fixed_8_2_4_0_0_config29_s_fu_193  |cnnshift_arr_ap_fixed_8_2_5_3_0_ap_fixed_8_2_4_0_0_config29_s      |        0|        0|    0 ns   |    0 ns   |    1|    1| function |
        +-------------------------------------------------------------------------------+-------------------------------------------------------------------+---------+---------+-----------+-----------+-----+-----+----------+

        * Loop: 
        +----------+---------+---------+----------+-----------+-----------+------+----------+
        |          |  Latency (cycles) | Iteration|  Initiation Interval  | Trip |          |
        | Loop Name|   min   |   max   |  Latency |  achieved |   target  | Count| Pipelined|
        +----------+---------+---------+----------+-----------+-----------+------+----------+
        |- Loop 1  |    21240|   109740|  6 ~ 31  |          -|          -|  3540|    no    |
        +----------+---------+---------+----------+-----------+-----------+------+----------+



================================================================
== Utilization Estimates
================================================================
* Summary: 
+---------------------+---------+-------+---------+--------+-----+
|         Name        | BRAM_18K| DSP48E|    FF   |   LUT  | URAM|
+---------------------+---------+-------+---------+--------+-----+
|DSP                  |        -|      -|        -|       -|    -|
|Expression           |        -|      -|        0|     353|    -|
|FIFO                 |        -|      -|        -|       -|    -|
|Instance             |       72|      0|     6592|  145658|    -|
|Memory               |        -|      -|        -|       -|    -|
|Multiplexer          |        -|      -|        -|     285|    -|
|Register             |        -|      -|     2069|       -|    -|
+---------------------+---------+-------+---------+--------+-----+
|Total                |       72|      0|     8661|  146296|    0|
+---------------------+---------+-------+---------+--------+-----+
|Available SLR        |     1344|   2976|   871680|  435840|  320|
+---------------------+---------+-------+---------+--------+-----+
|Utilization SLR (%)  |        5|      0|    ~0   |      33|    0|
+---------------------+---------+-------+---------+--------+-----+
|Available            |     2688|   5952|  1743360|  871680|  640|
+---------------------+---------+-------+---------+--------+-----+
|Utilization (%)      |        2|      0|    ~0   |      16|    0|
+---------------------+---------+-------+---------+--------+-----+

+ Detail: 
    * Instance: 
    +-------------------------------------------------------------------------------+-------------------------------------------------------------------+---------+-------+------+--------+-----+
    |                                    Instance                                   |                               Module                              | BRAM_18K| DSP48E|  FF  |   LUT  | URAM|
    +-------------------------------------------------------------------------------+-------------------------------------------------------------------+---------+-------+------+--------+-----+
    |call_ret_cnnshift_arr_ap_fixed_8_2_5_3_0_ap_fixed_8_2_4_0_0_config29_s_fu_193  |cnnshift_arr_ap_fixed_8_2_5_3_0_ap_fixed_8_2_4_0_0_config29_s      |        0|      0|  1025|    1024|    0|
    |grp_dense_large_ap_fixed_8_2_5_3_0_ap_fixed_8_2_4_0_0_config29_mult_s_fu_186   |dense_large_ap_fixed_8_2_5_3_0_ap_fixed_8_2_4_0_0_config29_mult_s  |       72|      0|  5567|  144634|    0|
    +-------------------------------------------------------------------------------+-------------------------------------------------------------------+---------+-------+------+--------+-----+
    |Total                                                                          |                                                                   |       72|      0|  6592|  145658|    0|
    +-------------------------------------------------------------------------------+-------------------------------------------------------------------+---------+-------+------+--------+-----+

    * DSP48E: 
    N/A

    * Memory: 
    N/A

    * FIFO: 
    N/A

    * Expression: 
    +-------------------------+----------+-------+---+----+------------+------------+
    |      Variable Name      | Operation| DSP48E| FF| LUT| Bitwidth P0| Bitwidth P1|
    +-------------------------+----------+-------+---+----+------------+------------+
    |add_ln446_fu_547_p2      |     +    |      0|  0|  32|          32|           1|
    |add_ln448_fu_558_p2      |     +    |      0|  0|  32|          32|           1|
    |add_ln451_fu_501_p2      |     +    |      0|  0|  32|          32|           1|
    |add_ln453_fu_512_p2      |     +    |      0|  0|  32|          32|           1|
    |i_fu_238_p2              |     +    |      0|  0|  12|          12|           1|
    |and_ln420_17_fu_330_p2   |    and   |      0|  0|   2|           1|           1|
    |and_ln420_18_fu_336_p2   |    and   |      0|  0|   2|           1|           1|
    |and_ln420_fu_324_p2      |    and   |      0|  0|   2|           1|           1|
    |ap_block_state2          |    and   |      0|  0|   2|           1|           1|
    |ap_block_state23         |    and   |      0|  0|   2|           1|           1|
    |ap_condition_306         |    and   |      0|  0|   2|           1|           1|
    |ap_condition_341         |    and   |      0|  0|   2|           1|           1|
    |icmp_ln411_fu_232_p2     |   icmp   |      0|  0|  13|          12|          11|
    |icmp_ln420_25_fu_278_p2  |   icmp   |      0|  0|  20|          32|           3|
    |icmp_ln420_26_fu_298_p2  |   icmp   |      0|  0|  20|          30|           1|
    |icmp_ln420_27_fu_318_p2  |   icmp   |      0|  0|  20|          30|           1|
    |icmp_ln420_fu_268_p2     |   icmp   |      0|  0|  20|          32|           3|
    |icmp_ln438_fu_496_p2     |   icmp   |      0|  0|  20|          32|           6|
    |icmp_ln442_fu_542_p2     |   icmp   |      0|  0|  20|          32|           6|
    |ap_block_state1          |    or    |      0|  0|   2|           1|           1|
    |select_ln448_fu_563_p3   |  select  |      0|  0|  32|           1|           3|
    |select_ln453_fu_517_p3   |  select  |      0|  0|  32|           1|           3|
    +-------------------------+----------+-------+---+----+------------+------------+
    |Total                    |          |      0|  0| 353|         350|          50|
    +-------------------------+----------+-------+---+----+------------+------------+

    * Multiplexer: 
    +-------------------------------------+-----+-----------+-----+-----------+
    |                 Name                | LUT | Input Size| Bits| Total Bits|
    +-------------------------------------+-----+-----------+-----+-----------+
    |ap_NS_fsm                            |  113|         24|    1|         24|
    |ap_done                              |    9|          2|    1|          2|
    |ap_phi_mux_storemerge_phi_fu_179_p4  |   15|          3|   32|         96|
    |data_V_V_blk_n                       |    9|          2|    1|          2|
    |i_0_reg_165                          |    9|          2|   12|         24|
    |pX_6                                 |    9|          2|   32|         64|
    |pY_6                                 |    9|          2|   32|         64|
    |real_start                           |    9|          2|    1|          2|
    |res_V_V_blk_n                        |    9|          2|    1|          2|
    |res_V_V_din                          |   85|         17|    8|        136|
    |sX_6                                 |    9|          2|   32|         64|
    +-------------------------------------+-----+-----------+-----+-----------+
    |Total                                |  285|         60|  153|        480|
    +-------------------------------------+-----+-----------+-----+-----------+

    * Register: 
    +-------------------------------------------------------------------------------------------+-----+----+-----+-----------+
    |                                            Name                                           |  FF | LUT| Bits| Const Bits|
    +-------------------------------------------------------------------------------------------+-----+----+-----+-----------+
    |and_ln420_18_reg_648                                                                       |    1|   0|    1|          0|
    |ap_CS_fsm                                                                                  |   23|   0|   23|          0|
    |ap_done_reg                                                                                |    1|   0|    1|          0|
    |call_ret_reg_611                                                                           |  800|   0|  800|          0|
    |grp_dense_large_ap_fixed_8_2_5_3_0_ap_fixed_8_2_4_0_0_config29_mult_s_fu_186_ap_start_reg  |    1|   0|    1|          0|
    |i_0_reg_165                                                                                |   12|   0|   12|          0|
    |i_reg_586                                                                                  |   12|   0|   12|          0|
    |icmp_ln420_25_reg_631                                                                      |    1|   0|    1|          0|
    |icmp_ln420_reg_621                                                                         |    1|   0|    1|          0|
    |layer_in_V                                                                                 |  800|   0|  800|          0|
    |pX_6                                                                                       |   32|   0|   32|          0|
    |pX_6_load_reg_642                                                                          |   32|   0|   32|          0|
    |pY_6                                                                                       |   32|   0|   32|          0|
    |pY_6_load_reg_636                                                                          |   32|   0|   32|          0|
    |sX_6                                                                                       |   32|   0|   32|          0|
    |sX_6_load_reg_616                                                                          |   32|   0|   32|          0|
    |sY_6                                                                                       |   32|   0|   32|          0|
    |sY_6_load_reg_626                                                                          |   32|   0|   32|          0|
    |start_once_reg                                                                             |    1|   0|    1|          0|
    |tmp_V_2044_reg_596                                                                         |    8|   0|    8|          0|
    |tmp_V_2045_reg_601                                                                         |    8|   0|    8|          0|
    |tmp_V_2046_reg_606                                                                         |    8|   0|    8|          0|
    |tmp_V_2047_reg_652                                                                         |    8|   0|    8|          0|
    |tmp_V_2048_reg_657                                                                         |    8|   0|    8|          0|
    |tmp_V_2049_reg_662                                                                         |    8|   0|    8|          0|
    |tmp_V_2050_reg_667                                                                         |    8|   0|    8|          0|
    |tmp_V_2051_reg_672                                                                         |    8|   0|    8|          0|
    |tmp_V_2052_reg_677                                                                         |    8|   0|    8|          0|
    |tmp_V_2053_reg_682                                                                         |    8|   0|    8|          0|
    |tmp_V_2054_reg_687                                                                         |    8|   0|    8|          0|
    |tmp_V_2055_reg_692                                                                         |    8|   0|    8|          0|
    |tmp_V_2056_reg_697                                                                         |    8|   0|    8|          0|
    |tmp_V_2057_reg_702                                                                         |    8|   0|    8|          0|
    |tmp_V_2058_reg_707                                                                         |    8|   0|    8|          0|
    |tmp_V_2059_reg_712                                                                         |    8|   0|    8|          0|
    |tmp_V_2060_reg_717                                                                         |    8|   0|    8|          0|
    |tmp_V_2061_reg_722                                                                         |    8|   0|    8|          0|
    |tmp_V_2062_reg_727                                                                         |    8|   0|    8|          0|
    |tmp_V_reg_591                                                                              |    8|   0|    8|          0|
    +-------------------------------------------------------------------------------------------+-----+----+-----+-----------+
    |Total                                                                                      | 2069|   0| 2069|          0|
    +-------------------------------------------------------------------------------------------+-----+----+-----+-----------+



================================================================
== Interface
================================================================
* Summary: 
+------------------+-----+-----+------------+-----------------------------------------------------------------------+--------------+
|     RTL Ports    | Dir | Bits|  Protocol  |                             Source Object                             |    C Type    |
+------------------+-----+-----+------------+-----------------------------------------------------------------------+--------------+
|ap_clk            |  in |    1| ap_ctrl_hs | conv_2d_large_cl_nopad_pad_s2s<ap_fixed,ap_fixed<8,2,4,0,0>,config29> | return value |
|ap_rst            |  in |    1| ap_ctrl_hs | conv_2d_large_cl_nopad_pad_s2s<ap_fixed,ap_fixed<8,2,4,0,0>,config29> | return value |
|ap_start          |  in |    1| ap_ctrl_hs | conv_2d_large_cl_nopad_pad_s2s<ap_fixed,ap_fixed<8,2,4,0,0>,config29> | return value |
|start_full_n      |  in |    1| ap_ctrl_hs | conv_2d_large_cl_nopad_pad_s2s<ap_fixed,ap_fixed<8,2,4,0,0>,config29> | return value |
|ap_done           | out |    1| ap_ctrl_hs | conv_2d_large_cl_nopad_pad_s2s<ap_fixed,ap_fixed<8,2,4,0,0>,config29> | return value |
|ap_continue       |  in |    1| ap_ctrl_hs | conv_2d_large_cl_nopad_pad_s2s<ap_fixed,ap_fixed<8,2,4,0,0>,config29> | return value |
|ap_idle           | out |    1| ap_ctrl_hs | conv_2d_large_cl_nopad_pad_s2s<ap_fixed,ap_fixed<8,2,4,0,0>,config29> | return value |
|ap_ready          | out |    1| ap_ctrl_hs | conv_2d_large_cl_nopad_pad_s2s<ap_fixed,ap_fixed<8,2,4,0,0>,config29> | return value |
|start_out         | out |    1| ap_ctrl_hs | conv_2d_large_cl_nopad_pad_s2s<ap_fixed,ap_fixed<8,2,4,0,0>,config29> | return value |
|start_write       | out |    1| ap_ctrl_hs | conv_2d_large_cl_nopad_pad_s2s<ap_fixed,ap_fixed<8,2,4,0,0>,config29> | return value |
|data_V_V_dout     |  in |    8|   ap_fifo  |                                data_V_V                               |    pointer   |
|data_V_V_empty_n  |  in |    1|   ap_fifo  |                                data_V_V                               |    pointer   |
|data_V_V_read     | out |    1|   ap_fifo  |                                data_V_V                               |    pointer   |
|res_V_V_din       | out |    8|   ap_fifo  |                                res_V_V                                |    pointer   |
|res_V_V_full_n    |  in |    1|   ap_fifo  |                                res_V_V                                |    pointer   |
|res_V_V_write     | out |    1|   ap_fifo  |                                res_V_V                                |    pointer   |
+------------------+-----+-----+------------+-----------------------------------------------------------------------+--------------+

