

================================================================
== Vivado HLS Report for 'conv_2d_cl_switch_ap_fixed_8_2_5_3_0_ap_fixed_8_2_4_0_0_config76_s'
================================================================
* Date:           Sun Jan 22 21:46:50 2023

* Version:        2019.2 (Build 2704478 on Wed Nov 06 22:10:23 MST 2019)
* Project:        alveo_hls4ml
* Solution:       solution
* Product family: virtexuplus
* Target device:  xcu50-fsvh2104-2L-e


================================================================
== Performance Estimates
================================================================
+ Timing: 
    * Summary: 
    +--------+---------+----------+------------+
    |  Clock |  Target | Estimated| Uncertainty|
    +--------+---------+----------+------------+
    |ap_clk  | 4.00 ns | 2.775 ns |   0.90 ns  |
    +--------+---------+----------+------------+

+ Latency: 
    * Summary: 
    +---------+---------+-----------+----------+------+-------+---------+
    |  Latency (cycles) |  Latency (absolute)  |   Interval   | Pipeline|
    |   min   |   max   |    min    |    max   |  min |  max  |   Type  |
    +---------+---------+-----------+----------+------+-------+---------+
    |     6651|    42351| 26.604 us | 0.169 ms |  6651|  42351|   none  |
    +---------+---------+-----------+----------+------+-------+---------+

    + Detail: 
        * Instance: 
        +-------------------------------------------------------------------------------+-------------------------------------------------------------------+---------+---------+-----------+-----------+------+------+----------+
        |                                                                               |                                                                   |  Latency (cycles) |   Latency (absolute)  |   Interval  | Pipeline |
        |                                    Instance                                   |                               Module                              |   min   |   max   |    min    |    max    |  min |  max |   Type   |
        +-------------------------------------------------------------------------------+-------------------------------------------------------------------+---------+---------+-----------+-----------+------+------+----------+
        |grp_dense_large_ap_fixed_8_2_5_3_0_ap_fixed_8_2_4_0_0_config76_mult_s_fu_2146  |dense_large_ap_fixed_8_2_5_3_0_ap_fixed_8_2_4_0_0_config76_mult_s  |     1171|     1171|  4.684 us |  4.684 us |  1171|  1171|   none   |
        |grp_cnnshift_arr_ap_fixed_8_2_5_3_0_ap_fixed_8_2_4_0_0_config76_s_fu_2154      |cnnshift_arr_ap_fixed_8_2_5_3_0_ap_fixed_8_2_4_0_0_config76_s      |        8|        8| 32.000 ns | 32.000 ns |     9|     9| function |
        +-------------------------------------------------------------------------------+-------------------------------------------------------------------+---------+---------+-----------+-----------+------+------+----------+

        * Loop: 
        +----------+---------+---------+------------+-----------+-----------+------+----------+
        |          |  Latency (cycles) |  Iteration |  Initiation Interval  | Trip |          |
        | Loop Name|   min   |   max   |   Latency  |  achieved |   target  | Count| Pipelined|
        +----------+---------+---------+------------+-----------+-----------+------+----------+
        |- Loop 1  |     6650|    42350| 266 ~ 1694 |          -|          -|    25|    no    |
        +----------+---------+---------+------------+-----------+-----------+------+----------+



================================================================
== Utilization Estimates
================================================================
* Summary: 
+---------------------+---------+-------+---------+--------+-----+
|         Name        | BRAM_18K| DSP48E|    FF   |   LUT  | URAM|
+---------------------+---------+-------+---------+--------+-----+
|DSP                  |        -|      -|        -|       -|    -|
|Expression           |        -|      -|        0|     345|    -|
|FIFO                 |        -|      -|        -|       -|    -|
|Instance             |      342|      1|    74949|  136733|    -|
|Memory               |        0|      -|        0|       0|   29|
|Multiplexer          |        -|      -|        -|    3531|    -|
|Register             |        -|      -|     4893|       -|    -|
+---------------------+---------+-------+---------+--------+-----+
|Total                |      342|      1|    79842|  140609|   29|
+---------------------+---------+-------+---------+--------+-----+
|Available SLR        |     1344|   2976|   871680|  435840|  320|
+---------------------+---------+-------+---------+--------+-----+
|Utilization SLR (%)  |       25|   ~0  |        9|      32|    9|
+---------------------+---------+-------+---------+--------+-----+
|Available            |     2688|   5952|  1743360|  871680|  640|
+---------------------+---------+-------+---------+--------+-----+
|Utilization (%)      |       12|   ~0  |        4|      16|    4|
+---------------------+---------+-------+---------+--------+-----+

+ Detail: 
    * Instance: 
    +-------------------------------------------------------------------------------+-------------------------------------------------------------------+---------+-------+-------+--------+-----+
    |                                    Instance                                   |                               Module                              | BRAM_18K| DSP48E|   FF  |   LUT  | URAM|
    +-------------------------------------------------------------------------------+-------------------------------------------------------------------+---------+-------+-------+--------+-----+
    |grp_cnnshift_arr_ap_fixed_8_2_5_3_0_ap_fixed_8_2_4_0_0_config76_s_fu_2154      |cnnshift_arr_ap_fixed_8_2_5_3_0_ap_fixed_8_2_4_0_0_config76_s      |        0|      0|  49385|   16585|    0|
    |grp_dense_large_ap_fixed_8_2_5_3_0_ap_fixed_8_2_4_0_0_config76_mult_s_fu_2146  |dense_large_ap_fixed_8_2_5_3_0_ap_fixed_8_2_4_0_0_config76_mult_s  |      342|      1|  25564|  120148|    0|
    +-------------------------------------------------------------------------------+-------------------------------------------------------------------+---------+-------+-------+--------+-----+
    |Total                                                                          |                                                                   |      342|      1|  74949|  136733|    0|
    +-------------------------------------------------------------------------------+-------------------------------------------------------------------+---------+-------+-------+--------+-----+

    * DSP48E: 
    N/A

    * Memory: 
    +-----------------+----------------------------------------------------------------------------------+---------+---+----+-----+------+------+------+-------------+
    |      Memory     |                                      Module                                      | BRAM_18K| FF| LUT| URAM| Words| Bits | Banks| W*Bits*Banks|
    +-----------------+----------------------------------------------------------------------------------+---------+---+----+-----+------+------+------+-------------+
    |layer_in_V_12_U  |conv_2d_cl_switch_ap_fixed_8_2_5_3_0_ap_fixed_8_2_4_0_0_config76_s_layer_in_Vzne  |        0|  0|   0|   29|     9|  2048|     1|        18432|
    +-----------------+----------------------------------------------------------------------------------+---------+---+----+-----+------+------+------+-------------+
    |Total            |                                                                                  |        0|  0|   0|   29|     9|  2048|     1|        18432|
    +-----------------+----------------------------------------------------------------------------------+---------+---+----+-----+------+------+------+-------------+

    * FIFO: 
    N/A

    * Expression: 
    +-------------------------+----------+-------+---+----+------------+------------+
    |      Variable Name      | Operation| DSP48E| FF| LUT| Bitwidth P0| Bitwidth P1|
    +-------------------------+----------+-------+---+----+------------+------------+
    |add_ln448_fu_6141_p2     |     +    |      0|  0|  32|          32|           1|
    |add_ln450_fu_6152_p2     |     +    |      0|  0|  32|          32|           1|
    |add_ln453_fu_6095_p2     |     +    |      0|  0|  32|          32|           1|
    |add_ln455_fu_6106_p2     |     +    |      0|  0|  32|          32|           1|
    |i_fu_3191_p2             |     +    |      0|  0|   6|           5|           1|
    |and_ln422_1_fu_3524_p2   |    and   |      0|  0|   2|           1|           1|
    |and_ln422_2_fu_3530_p2   |    and   |      0|  0|   2|           1|           1|
    |and_ln422_fu_3518_p2     |    and   |      0|  0|   2|           1|           1|
    |ap_block_state2          |    and   |      0|  0|   2|           1|           1|
    |ap_block_state524        |    and   |      0|  0|   2|           1|           1|
    |ap_condition_4775        |    and   |      0|  0|   2|           1|           1|
    |ap_condition_4859        |    and   |      0|  0|   2|           1|           1|
    |icmp_ln413_fu_3185_p2    |   icmp   |      0|  0|  11|           5|           4|
    |icmp_ln422_1_fu_3472_p2  |   icmp   |      0|  0|  20|          32|           2|
    |icmp_ln422_2_fu_3492_p2  |   icmp   |      0|  0|  20|          31|           1|
    |icmp_ln422_3_fu_3512_p2  |   icmp   |      0|  0|  20|          31|           1|
    |icmp_ln422_fu_3462_p2    |   icmp   |      0|  0|  20|          32|           2|
    |icmp_ln440_fu_6090_p2    |   icmp   |      0|  0|  20|          32|           3|
    |icmp_ln444_fu_6136_p2    |   icmp   |      0|  0|  20|          32|           3|
    |ap_block_state1          |    or    |      0|  0|   2|           1|           1|
    |select_ln450_fu_6157_p3  |  select  |      0|  0|  32|           1|           2|
    |select_ln455_fu_6111_p3  |  select  |      0|  0|  32|           1|           2|
    +-------------------------+----------+-------+---+----+------------+------------+
    |Total                    |          |      0|  0| 345|         338|          33|
    +-------------------------+----------+-------+---+----+------------+------------+

    * Multiplexer: 
    +----------------------------------------+------+-----------+-----+-----------+
    |                  Name                  |  LUT | Input Size| Bits| Total Bits|
    +----------------------------------------+------+-----------+-----+-----------+
    |ap_NS_fsm                               |  2193|        525|    1|        525|
    |ap_done                                 |     9|          2|    1|          2|
    |ap_phi_mux_storemerge_i_phi_fu_2139_p4  |    15|          3|   32|         96|
    |data_V_V_blk_n                          |     9|          2|    1|          2|
    |i_0_i_reg_2125                          |     9|          2|    5|         10|
    |layer_in_V_12_address0                  |    15|          3|    4|         12|
    |layer_in_V_12_address1                  |    15|          3|    4|         12|
    |layer_in_V_12_ce0                       |    15|          3|    1|          3|
    |layer_in_V_12_ce1                       |    15|          3|    1|          3|
    |layer_in_V_12_we0                       |     9|          2|    1|          2|
    |layer_in_V_12_we1                       |     9|          2|    1|          2|
    |pX                                      |     9|          2|   32|         64|
    |pY                                      |     9|          2|   32|         64|
    |real_start                              |     9|          2|    1|          2|
    |res_V_V_blk_n                           |     9|          2|    1|          2|
    |res_V_V_din                             |  1173|        257|    8|       2056|
    |sX                                      |     9|          2|   32|         64|
    +----------------------------------------+------+-----------+-----+-----------+
    |Total                                   |  3531|        817|  158|       2921|
    +----------------------------------------+------+-----------+-----+-----------+

    * Register: 
    +--------------------------------------------------------------------------------------------+-----+----+-----+-----------+
    |                                            Name                                            |  FF | LUT| Bits| Const Bits|
    +--------------------------------------------------------------------------------------------+-----+----+-----+-----------+
    |and_ln422_2_reg_7502                                                                        |    1|   0|    1|          0|
    |ap_CS_fsm                                                                                   |  524|   0|  524|          0|
    |ap_done_reg                                                                                 |    1|   0|    1|          0|
    |grp_cnnshift_arr_ap_fixed_8_2_5_3_0_ap_fixed_8_2_4_0_0_config76_s_fu_2154_ap_start_reg      |    1|   0|    1|          0|
    |grp_dense_large_ap_fixed_8_2_5_3_0_ap_fixed_8_2_4_0_0_config76_mult_s_fu_2146_ap_start_reg  |    1|   0|    1|          0|
    |i_0_i_reg_2125                                                                              |    5|   0|    5|          0|
    |i_reg_6180                                                                                  |    5|   0|    5|          0|
    |icmp_ln422_1_reg_7485                                                                       |    1|   0|    1|          0|
    |icmp_ln422_reg_7475                                                                         |    1|   0|    1|          0|
    |pX                                                                                          |   32|   0|   32|          0|
    |pX_load_reg_7496                                                                            |   32|   0|   32|          0|
    |pY                                                                                          |   32|   0|   32|          0|
    |pY_load_reg_7490                                                                            |   32|   0|   32|          0|
    |sX                                                                                          |   32|   0|   32|          0|
    |sX_load_reg_7470                                                                            |   32|   0|   32|          0|
    |sY                                                                                          |   32|   0|   32|          0|
    |sY_load_reg_7480                                                                            |   32|   0|   32|          0|
    |start_once_reg                                                                              |    1|   0|    1|          0|
    |tmp_V_1000_reg_6650                                                                         |    8|   0|    8|          0|
    |tmp_V_1001_reg_6655                                                                         |    8|   0|    8|          0|
    |tmp_V_1002_reg_6660                                                                         |    8|   0|    8|          0|
    |tmp_V_1003_reg_6665                                                                         |    8|   0|    8|          0|
    |tmp_V_1004_reg_6670                                                                         |    8|   0|    8|          0|
    |tmp_V_1005_reg_6675                                                                         |    8|   0|    8|          0|
    |tmp_V_1006_reg_6680                                                                         |    8|   0|    8|          0|
    |tmp_V_1007_reg_6685                                                                         |    8|   0|    8|          0|
    |tmp_V_1008_reg_6690                                                                         |    8|   0|    8|          0|
    |tmp_V_1009_reg_6695                                                                         |    8|   0|    8|          0|
    |tmp_V_1010_reg_6700                                                                         |    8|   0|    8|          0|
    |tmp_V_1011_reg_6705                                                                         |    8|   0|    8|          0|
    |tmp_V_1012_reg_6710                                                                         |    8|   0|    8|          0|
    |tmp_V_1013_reg_6715                                                                         |    8|   0|    8|          0|
    |tmp_V_1014_reg_6720                                                                         |    8|   0|    8|          0|
    |tmp_V_1015_reg_6725                                                                         |    8|   0|    8|          0|
    |tmp_V_1016_reg_6730                                                                         |    8|   0|    8|          0|
    |tmp_V_1017_reg_6735                                                                         |    8|   0|    8|          0|
    |tmp_V_1018_reg_6740                                                                         |    8|   0|    8|          0|
    |tmp_V_1019_reg_6745                                                                         |    8|   0|    8|          0|
    |tmp_V_1020_reg_6750                                                                         |    8|   0|    8|          0|
    |tmp_V_1021_reg_6755                                                                         |    8|   0|    8|          0|
    |tmp_V_1022_reg_6760                                                                         |    8|   0|    8|          0|
    |tmp_V_1023_reg_6765                                                                         |    8|   0|    8|          0|
    |tmp_V_1024_reg_6770                                                                         |    8|   0|    8|          0|
    |tmp_V_1025_reg_6775                                                                         |    8|   0|    8|          0|
    |tmp_V_1026_reg_6780                                                                         |    8|   0|    8|          0|
    |tmp_V_1027_reg_6785                                                                         |    8|   0|    8|          0|
    |tmp_V_1028_reg_6790                                                                         |    8|   0|    8|          0|
    |tmp_V_1029_reg_6795                                                                         |    8|   0|    8|          0|
    |tmp_V_1030_reg_6800                                                                         |    8|   0|    8|          0|
    |tmp_V_1031_reg_6805                                                                         |    8|   0|    8|          0|
    |tmp_V_1032_reg_6810                                                                         |    8|   0|    8|          0|
    |tmp_V_1033_reg_6815                                                                         |    8|   0|    8|          0|
    |tmp_V_1034_reg_6820                                                                         |    8|   0|    8|          0|
    |tmp_V_1035_reg_6825                                                                         |    8|   0|    8|          0|
    |tmp_V_1036_reg_6830                                                                         |    8|   0|    8|          0|
    |tmp_V_1037_reg_6835                                                                         |    8|   0|    8|          0|
    |tmp_V_1038_reg_6840                                                                         |    8|   0|    8|          0|
    |tmp_V_1039_reg_6845                                                                         |    8|   0|    8|          0|
    |tmp_V_1040_reg_6850                                                                         |    8|   0|    8|          0|
    |tmp_V_1041_reg_6855                                                                         |    8|   0|    8|          0|
    |tmp_V_1042_reg_6860                                                                         |    8|   0|    8|          0|
    |tmp_V_1043_reg_6865                                                                         |    8|   0|    8|          0|
    |tmp_V_1044_reg_6870                                                                         |    8|   0|    8|          0|
    |tmp_V_1045_reg_6875                                                                         |    8|   0|    8|          0|
    |tmp_V_1046_reg_6880                                                                         |    8|   0|    8|          0|
    |tmp_V_1047_reg_6885                                                                         |    8|   0|    8|          0|
    |tmp_V_1048_reg_6890                                                                         |    8|   0|    8|          0|
    |tmp_V_1049_reg_6895                                                                         |    8|   0|    8|          0|
    |tmp_V_1050_reg_6900                                                                         |    8|   0|    8|          0|
    |tmp_V_1051_reg_6905                                                                         |    8|   0|    8|          0|
    |tmp_V_1052_reg_6910                                                                         |    8|   0|    8|          0|
    |tmp_V_1053_reg_6915                                                                         |    8|   0|    8|          0|
    |tmp_V_1054_reg_6920                                                                         |    8|   0|    8|          0|
    |tmp_V_1055_reg_6925                                                                         |    8|   0|    8|          0|
    |tmp_V_1056_reg_6930                                                                         |    8|   0|    8|          0|
    |tmp_V_1057_reg_6935                                                                         |    8|   0|    8|          0|
    |tmp_V_1058_reg_6940                                                                         |    8|   0|    8|          0|
    |tmp_V_1059_reg_6945                                                                         |    8|   0|    8|          0|
    |tmp_V_1060_reg_6950                                                                         |    8|   0|    8|          0|
    |tmp_V_1061_reg_6955                                                                         |    8|   0|    8|          0|
    |tmp_V_1062_reg_6960                                                                         |    8|   0|    8|          0|
    |tmp_V_1063_reg_6965                                                                         |    8|   0|    8|          0|
    |tmp_V_1064_reg_6970                                                                         |    8|   0|    8|          0|
    |tmp_V_1065_reg_6975                                                                         |    8|   0|    8|          0|
    |tmp_V_1066_reg_6980                                                                         |    8|   0|    8|          0|
    |tmp_V_1067_reg_6985                                                                         |    8|   0|    8|          0|
    |tmp_V_1068_reg_6990                                                                         |    8|   0|    8|          0|
    |tmp_V_1069_reg_6995                                                                         |    8|   0|    8|          0|
    |tmp_V_1070_reg_7000                                                                         |    8|   0|    8|          0|
    |tmp_V_1071_reg_7005                                                                         |    8|   0|    8|          0|
    |tmp_V_1072_reg_7010                                                                         |    8|   0|    8|          0|
    |tmp_V_1073_reg_7015                                                                         |    8|   0|    8|          0|
    |tmp_V_1074_reg_7020                                                                         |    8|   0|    8|          0|
    |tmp_V_1075_reg_7025                                                                         |    8|   0|    8|          0|
    |tmp_V_1076_reg_7030                                                                         |    8|   0|    8|          0|
    |tmp_V_1077_reg_7035                                                                         |    8|   0|    8|          0|
    |tmp_V_1078_reg_7040                                                                         |    8|   0|    8|          0|
    |tmp_V_1079_reg_7045                                                                         |    8|   0|    8|          0|
    |tmp_V_1080_reg_7050                                                                         |    8|   0|    8|          0|
    |tmp_V_1081_reg_7055                                                                         |    8|   0|    8|          0|
    |tmp_V_1082_reg_7060                                                                         |    8|   0|    8|          0|
    |tmp_V_1083_reg_7065                                                                         |    8|   0|    8|          0|
    |tmp_V_1084_reg_7070                                                                         |    8|   0|    8|          0|
    |tmp_V_1085_reg_7075                                                                         |    8|   0|    8|          0|
    |tmp_V_1086_reg_7080                                                                         |    8|   0|    8|          0|
    |tmp_V_1087_reg_7085                                                                         |    8|   0|    8|          0|
    |tmp_V_1088_reg_7090                                                                         |    8|   0|    8|          0|
    |tmp_V_1089_reg_7095                                                                         |    8|   0|    8|          0|
    |tmp_V_1090_reg_7100                                                                         |    8|   0|    8|          0|
    |tmp_V_1091_reg_7105                                                                         |    8|   0|    8|          0|
    |tmp_V_1092_reg_7110                                                                         |    8|   0|    8|          0|
    |tmp_V_1093_reg_7115                                                                         |    8|   0|    8|          0|
    |tmp_V_1094_reg_7120                                                                         |    8|   0|    8|          0|
    |tmp_V_1095_reg_7125                                                                         |    8|   0|    8|          0|
    |tmp_V_1096_reg_7130                                                                         |    8|   0|    8|          0|
    |tmp_V_1097_reg_7135                                                                         |    8|   0|    8|          0|
    |tmp_V_1098_reg_7140                                                                         |    8|   0|    8|          0|
    |tmp_V_1099_reg_7145                                                                         |    8|   0|    8|          0|
    |tmp_V_1100_reg_7150                                                                         |    8|   0|    8|          0|
    |tmp_V_1101_reg_7155                                                                         |    8|   0|    8|          0|
    |tmp_V_1102_reg_7160                                                                         |    8|   0|    8|          0|
    |tmp_V_1103_reg_7165                                                                         |    8|   0|    8|          0|
    |tmp_V_1104_reg_7170                                                                         |    8|   0|    8|          0|
    |tmp_V_1105_reg_7175                                                                         |    8|   0|    8|          0|
    |tmp_V_1106_reg_7180                                                                         |    8|   0|    8|          0|
    |tmp_V_1107_reg_7185                                                                         |    8|   0|    8|          0|
    |tmp_V_1108_reg_7190                                                                         |    8|   0|    8|          0|
    |tmp_V_1109_reg_7195                                                                         |    8|   0|    8|          0|
    |tmp_V_1110_reg_7200                                                                         |    8|   0|    8|          0|
    |tmp_V_1111_reg_7205                                                                         |    8|   0|    8|          0|
    |tmp_V_1112_reg_7210                                                                         |    8|   0|    8|          0|
    |tmp_V_1113_reg_7215                                                                         |    8|   0|    8|          0|
    |tmp_V_1114_reg_7220                                                                         |    8|   0|    8|          0|
    |tmp_V_1115_reg_7225                                                                         |    8|   0|    8|          0|
    |tmp_V_1116_reg_7230                                                                         |    8|   0|    8|          0|
    |tmp_V_1117_reg_7235                                                                         |    8|   0|    8|          0|
    |tmp_V_1118_reg_7240                                                                         |    8|   0|    8|          0|
    |tmp_V_1119_reg_7245                                                                         |    8|   0|    8|          0|
    |tmp_V_1120_reg_7250                                                                         |    8|   0|    8|          0|
    |tmp_V_1121_reg_7255                                                                         |    8|   0|    8|          0|
    |tmp_V_1122_reg_7260                                                                         |    8|   0|    8|          0|
    |tmp_V_1123_reg_7265                                                                         |    8|   0|    8|          0|
    |tmp_V_1124_reg_7270                                                                         |    8|   0|    8|          0|
    |tmp_V_1125_reg_7275                                                                         |    8|   0|    8|          0|
    |tmp_V_1126_reg_7280                                                                         |    8|   0|    8|          0|
    |tmp_V_1127_reg_7285                                                                         |    8|   0|    8|          0|
    |tmp_V_1128_reg_7290                                                                         |    8|   0|    8|          0|
    |tmp_V_1129_reg_7295                                                                         |    8|   0|    8|          0|
    |tmp_V_1130_reg_7300                                                                         |    8|   0|    8|          0|
    |tmp_V_1131_reg_7305                                                                         |    8|   0|    8|          0|
    |tmp_V_1132_reg_7310                                                                         |    8|   0|    8|          0|
    |tmp_V_1133_reg_7315                                                                         |    8|   0|    8|          0|
    |tmp_V_1134_reg_7320                                                                         |    8|   0|    8|          0|
    |tmp_V_1135_reg_7325                                                                         |    8|   0|    8|          0|
    |tmp_V_1136_reg_7330                                                                         |    8|   0|    8|          0|
    |tmp_V_1137_reg_7335                                                                         |    8|   0|    8|          0|
    |tmp_V_1138_reg_7340                                                                         |    8|   0|    8|          0|
    |tmp_V_1139_reg_7345                                                                         |    8|   0|    8|          0|
    |tmp_V_1140_reg_7350                                                                         |    8|   0|    8|          0|
    |tmp_V_1141_reg_7355                                                                         |    8|   0|    8|          0|
    |tmp_V_1142_reg_7360                                                                         |    8|   0|    8|          0|
    |tmp_V_1143_reg_7365                                                                         |    8|   0|    8|          0|
    |tmp_V_1144_reg_7370                                                                         |    8|   0|    8|          0|
    |tmp_V_1145_reg_7375                                                                         |    8|   0|    8|          0|
    |tmp_V_1146_reg_7380                                                                         |    8|   0|    8|          0|
    |tmp_V_1147_reg_7385                                                                         |    8|   0|    8|          0|
    |tmp_V_1148_reg_7390                                                                         |    8|   0|    8|          0|
    |tmp_V_1149_reg_7395                                                                         |    8|   0|    8|          0|
    |tmp_V_1150_reg_7400                                                                         |    8|   0|    8|          0|
    |tmp_V_1151_reg_7405                                                                         |    8|   0|    8|          0|
    |tmp_V_1152_reg_7410                                                                         |    8|   0|    8|          0|
    |tmp_V_1153_reg_7415                                                                         |    8|   0|    8|          0|
    |tmp_V_1154_reg_7420                                                                         |    8|   0|    8|          0|
    |tmp_V_1155_reg_7425                                                                         |    8|   0|    8|          0|
    |tmp_V_1156_reg_7430                                                                         |    8|   0|    8|          0|
    |tmp_V_1157_reg_7435                                                                         |    8|   0|    8|          0|
    |tmp_V_1158_reg_7440                                                                         |    8|   0|    8|          0|
    |tmp_V_1159_reg_7445                                                                         |    8|   0|    8|          0|
    |tmp_V_1160_reg_7450                                                                         |    8|   0|    8|          0|
    |tmp_V_1161_reg_7455                                                                         |    8|   0|    8|          0|
    |tmp_V_1162_reg_7460                                                                         |    8|   0|    8|          0|
    |tmp_V_1163_reg_7506                                                                         |    8|   0|    8|          0|
    |tmp_V_1164_reg_7511                                                                         |    8|   0|    8|          0|
    |tmp_V_1165_reg_7516                                                                         |    8|   0|    8|          0|
    |tmp_V_1166_reg_7521                                                                         |    8|   0|    8|          0|
    |tmp_V_1167_reg_7526                                                                         |    8|   0|    8|          0|
    |tmp_V_1168_reg_7531                                                                         |    8|   0|    8|          0|
    |tmp_V_1169_reg_7536                                                                         |    8|   0|    8|          0|
    |tmp_V_1170_reg_7541                                                                         |    8|   0|    8|          0|
    |tmp_V_1171_reg_7546                                                                         |    8|   0|    8|          0|
    |tmp_V_1172_reg_7551                                                                         |    8|   0|    8|          0|
    |tmp_V_1173_reg_7556                                                                         |    8|   0|    8|          0|
    |tmp_V_1174_reg_7561                                                                         |    8|   0|    8|          0|
    |tmp_V_1175_reg_7566                                                                         |    8|   0|    8|          0|
    |tmp_V_1176_reg_7571                                                                         |    8|   0|    8|          0|
    |tmp_V_1177_reg_7576                                                                         |    8|   0|    8|          0|
    |tmp_V_1178_reg_7581                                                                         |    8|   0|    8|          0|
    |tmp_V_1179_reg_7586                                                                         |    8|   0|    8|          0|
    |tmp_V_1180_reg_7591                                                                         |    8|   0|    8|          0|
    |tmp_V_1181_reg_7596                                                                         |    8|   0|    8|          0|
    |tmp_V_1182_reg_7601                                                                         |    8|   0|    8|          0|
    |tmp_V_1183_reg_7606                                                                         |    8|   0|    8|          0|
    |tmp_V_1184_reg_7611                                                                         |    8|   0|    8|          0|
    |tmp_V_1185_reg_7616                                                                         |    8|   0|    8|          0|
    |tmp_V_1186_reg_7621                                                                         |    8|   0|    8|          0|
    |tmp_V_1187_reg_7626                                                                         |    8|   0|    8|          0|
    |tmp_V_1188_reg_7631                                                                         |    8|   0|    8|          0|
    |tmp_V_1189_reg_7636                                                                         |    8|   0|    8|          0|
    |tmp_V_1190_reg_7641                                                                         |    8|   0|    8|          0|
    |tmp_V_1191_reg_7646                                                                         |    8|   0|    8|          0|
    |tmp_V_1192_reg_7651                                                                         |    8|   0|    8|          0|
    |tmp_V_1193_reg_7656                                                                         |    8|   0|    8|          0|
    |tmp_V_1194_reg_7661                                                                         |    8|   0|    8|          0|
    |tmp_V_1195_reg_7666                                                                         |    8|   0|    8|          0|
    |tmp_V_1196_reg_7671                                                                         |    8|   0|    8|          0|
    |tmp_V_1197_reg_7676                                                                         |    8|   0|    8|          0|
    |tmp_V_1198_reg_7681                                                                         |    8|   0|    8|          0|
    |tmp_V_1199_reg_7686                                                                         |    8|   0|    8|          0|
    |tmp_V_1200_reg_7691                                                                         |    8|   0|    8|          0|
    |tmp_V_1201_reg_7696                                                                         |    8|   0|    8|          0|
    |tmp_V_1202_reg_7701                                                                         |    8|   0|    8|          0|
    |tmp_V_1203_reg_7706                                                                         |    8|   0|    8|          0|
    |tmp_V_1204_reg_7711                                                                         |    8|   0|    8|          0|
    |tmp_V_1205_reg_7716                                                                         |    8|   0|    8|          0|
    |tmp_V_1206_reg_7721                                                                         |    8|   0|    8|          0|
    |tmp_V_1207_reg_7726                                                                         |    8|   0|    8|          0|
    |tmp_V_1208_reg_7731                                                                         |    8|   0|    8|          0|
    |tmp_V_1209_reg_7736                                                                         |    8|   0|    8|          0|
    |tmp_V_1210_reg_7741                                                                         |    8|   0|    8|          0|
    |tmp_V_1211_reg_7746                                                                         |    8|   0|    8|          0|
    |tmp_V_1212_reg_7751                                                                         |    8|   0|    8|          0|
    |tmp_V_1213_reg_7756                                                                         |    8|   0|    8|          0|
    |tmp_V_1214_reg_7761                                                                         |    8|   0|    8|          0|
    |tmp_V_1215_reg_7766                                                                         |    8|   0|    8|          0|
    |tmp_V_1216_reg_7771                                                                         |    8|   0|    8|          0|
    |tmp_V_1217_reg_7776                                                                         |    8|   0|    8|          0|
    |tmp_V_1218_reg_7781                                                                         |    8|   0|    8|          0|
    |tmp_V_1219_reg_7786                                                                         |    8|   0|    8|          0|
    |tmp_V_1220_reg_7791                                                                         |    8|   0|    8|          0|
    |tmp_V_1221_reg_7796                                                                         |    8|   0|    8|          0|
    |tmp_V_1222_reg_7801                                                                         |    8|   0|    8|          0|
    |tmp_V_1223_reg_7806                                                                         |    8|   0|    8|          0|
    |tmp_V_1224_reg_7811                                                                         |    8|   0|    8|          0|
    |tmp_V_1225_reg_7816                                                                         |    8|   0|    8|          0|
    |tmp_V_1226_reg_7821                                                                         |    8|   0|    8|          0|
    |tmp_V_1227_reg_7826                                                                         |    8|   0|    8|          0|
    |tmp_V_1228_reg_7831                                                                         |    8|   0|    8|          0|
    |tmp_V_1229_reg_7836                                                                         |    8|   0|    8|          0|
    |tmp_V_1230_reg_7841                                                                         |    8|   0|    8|          0|
    |tmp_V_1231_reg_7846                                                                         |    8|   0|    8|          0|
    |tmp_V_1232_reg_7851                                                                         |    8|   0|    8|          0|
    |tmp_V_1233_reg_7856                                                                         |    8|   0|    8|          0|
    |tmp_V_1234_reg_7861                                                                         |    8|   0|    8|          0|
    |tmp_V_1235_reg_7866                                                                         |    8|   0|    8|          0|
    |tmp_V_1236_reg_7871                                                                         |    8|   0|    8|          0|
    |tmp_V_1237_reg_7876                                                                         |    8|   0|    8|          0|
    |tmp_V_1238_reg_7881                                                                         |    8|   0|    8|          0|
    |tmp_V_1239_reg_7886                                                                         |    8|   0|    8|          0|
    |tmp_V_1240_reg_7891                                                                         |    8|   0|    8|          0|
    |tmp_V_1241_reg_7896                                                                         |    8|   0|    8|          0|
    |tmp_V_1242_reg_7901                                                                         |    8|   0|    8|          0|
    |tmp_V_1243_reg_7906                                                                         |    8|   0|    8|          0|
    |tmp_V_1244_reg_7911                                                                         |    8|   0|    8|          0|
    |tmp_V_1245_reg_7916                                                                         |    8|   0|    8|          0|
    |tmp_V_1246_reg_7921                                                                         |    8|   0|    8|          0|
    |tmp_V_1247_reg_7926                                                                         |    8|   0|    8|          0|
    |tmp_V_1248_reg_7931                                                                         |    8|   0|    8|          0|
    |tmp_V_1249_reg_7936                                                                         |    8|   0|    8|          0|
    |tmp_V_1250_reg_7941                                                                         |    8|   0|    8|          0|
    |tmp_V_1251_reg_7946                                                                         |    8|   0|    8|          0|
    |tmp_V_1252_reg_7951                                                                         |    8|   0|    8|          0|
    |tmp_V_1253_reg_7956                                                                         |    8|   0|    8|          0|
    |tmp_V_1254_reg_7961                                                                         |    8|   0|    8|          0|
    |tmp_V_1255_reg_7966                                                                         |    8|   0|    8|          0|
    |tmp_V_1256_reg_7971                                                                         |    8|   0|    8|          0|
    |tmp_V_1257_reg_7976                                                                         |    8|   0|    8|          0|
    |tmp_V_1258_reg_7981                                                                         |    8|   0|    8|          0|
    |tmp_V_1259_reg_7986                                                                         |    8|   0|    8|          0|
    |tmp_V_1260_reg_7991                                                                         |    8|   0|    8|          0|
    |tmp_V_1261_reg_7996                                                                         |    8|   0|    8|          0|
    |tmp_V_1262_reg_8001                                                                         |    8|   0|    8|          0|
    |tmp_V_1263_reg_8006                                                                         |    8|   0|    8|          0|
    |tmp_V_1264_reg_8011                                                                         |    8|   0|    8|          0|
    |tmp_V_1265_reg_8016                                                                         |    8|   0|    8|          0|
    |tmp_V_1266_reg_8021                                                                         |    8|   0|    8|          0|
    |tmp_V_1267_reg_8026                                                                         |    8|   0|    8|          0|
    |tmp_V_1268_reg_8031                                                                         |    8|   0|    8|          0|
    |tmp_V_1269_reg_8036                                                                         |    8|   0|    8|          0|
    |tmp_V_1270_reg_8041                                                                         |    8|   0|    8|          0|
    |tmp_V_1271_reg_8046                                                                         |    8|   0|    8|          0|
    |tmp_V_1272_reg_8051                                                                         |    8|   0|    8|          0|
    |tmp_V_1273_reg_8056                                                                         |    8|   0|    8|          0|
    |tmp_V_1274_reg_8061                                                                         |    8|   0|    8|          0|
    |tmp_V_1275_reg_8066                                                                         |    8|   0|    8|          0|
    |tmp_V_1276_reg_8071                                                                         |    8|   0|    8|          0|
    |tmp_V_1277_reg_8076                                                                         |    8|   0|    8|          0|
    |tmp_V_1278_reg_8081                                                                         |    8|   0|    8|          0|
    |tmp_V_1279_reg_8086                                                                         |    8|   0|    8|          0|
    |tmp_V_1280_reg_8091                                                                         |    8|   0|    8|          0|
    |tmp_V_1281_reg_8096                                                                         |    8|   0|    8|          0|
    |tmp_V_1282_reg_8101                                                                         |    8|   0|    8|          0|
    |tmp_V_1283_reg_8106                                                                         |    8|   0|    8|          0|
    |tmp_V_1284_reg_8111                                                                         |    8|   0|    8|          0|
    |tmp_V_1285_reg_8116                                                                         |    8|   0|    8|          0|
    |tmp_V_1286_reg_8121                                                                         |    8|   0|    8|          0|
    |tmp_V_1287_reg_8126                                                                         |    8|   0|    8|          0|
    |tmp_V_1288_reg_8131                                                                         |    8|   0|    8|          0|
    |tmp_V_1289_reg_8136                                                                         |    8|   0|    8|          0|
    |tmp_V_1290_reg_8141                                                                         |    8|   0|    8|          0|
    |tmp_V_1291_reg_8146                                                                         |    8|   0|    8|          0|
    |tmp_V_1292_reg_8151                                                                         |    8|   0|    8|          0|
    |tmp_V_1293_reg_8156                                                                         |    8|   0|    8|          0|
    |tmp_V_1294_reg_8161                                                                         |    8|   0|    8|          0|
    |tmp_V_1295_reg_8166                                                                         |    8|   0|    8|          0|
    |tmp_V_1296_reg_8171                                                                         |    8|   0|    8|          0|
    |tmp_V_1297_reg_8176                                                                         |    8|   0|    8|          0|
    |tmp_V_1298_reg_8181                                                                         |    8|   0|    8|          0|
    |tmp_V_1299_reg_8186                                                                         |    8|   0|    8|          0|
    |tmp_V_1300_reg_8191                                                                         |    8|   0|    8|          0|
    |tmp_V_1301_reg_8196                                                                         |    8|   0|    8|          0|
    |tmp_V_1302_reg_8201                                                                         |    8|   0|    8|          0|
    |tmp_V_1303_reg_8206                                                                         |    8|   0|    8|          0|
    |tmp_V_1304_reg_8211                                                                         |    8|   0|    8|          0|
    |tmp_V_1305_reg_8216                                                                         |    8|   0|    8|          0|
    |tmp_V_1306_reg_8221                                                                         |    8|   0|    8|          0|
    |tmp_V_1307_reg_8226                                                                         |    8|   0|    8|          0|
    |tmp_V_1308_reg_8231                                                                         |    8|   0|    8|          0|
    |tmp_V_1309_reg_8236                                                                         |    8|   0|    8|          0|
    |tmp_V_1310_reg_8241                                                                         |    8|   0|    8|          0|
    |tmp_V_1311_reg_8246                                                                         |    8|   0|    8|          0|
    |tmp_V_1312_reg_8251                                                                         |    8|   0|    8|          0|
    |tmp_V_1313_reg_8256                                                                         |    8|   0|    8|          0|
    |tmp_V_1314_reg_8261                                                                         |    8|   0|    8|          0|
    |tmp_V_1315_reg_8266                                                                         |    8|   0|    8|          0|
    |tmp_V_1316_reg_8271                                                                         |    8|   0|    8|          0|
    |tmp_V_1317_reg_8276                                                                         |    8|   0|    8|          0|
    |tmp_V_1318_reg_8281                                                                         |    8|   0|    8|          0|
    |tmp_V_1319_reg_8286                                                                         |    8|   0|    8|          0|
    |tmp_V_1320_reg_8291                                                                         |    8|   0|    8|          0|
    |tmp_V_1321_reg_8296                                                                         |    8|   0|    8|          0|
    |tmp_V_1322_reg_8301                                                                         |    8|   0|    8|          0|
    |tmp_V_1323_reg_8306                                                                         |    8|   0|    8|          0|
    |tmp_V_1324_reg_8311                                                                         |    8|   0|    8|          0|
    |tmp_V_1325_reg_8316                                                                         |    8|   0|    8|          0|
    |tmp_V_1326_reg_8321                                                                         |    8|   0|    8|          0|
    |tmp_V_1327_reg_8326                                                                         |    8|   0|    8|          0|
    |tmp_V_1328_reg_8331                                                                         |    8|   0|    8|          0|
    |tmp_V_1329_reg_8336                                                                         |    8|   0|    8|          0|
    |tmp_V_1330_reg_8341                                                                         |    8|   0|    8|          0|
    |tmp_V_1331_reg_8346                                                                         |    8|   0|    8|          0|
    |tmp_V_1332_reg_8351                                                                         |    8|   0|    8|          0|
    |tmp_V_1333_reg_8356                                                                         |    8|   0|    8|          0|
    |tmp_V_1334_reg_8361                                                                         |    8|   0|    8|          0|
    |tmp_V_1335_reg_8366                                                                         |    8|   0|    8|          0|
    |tmp_V_1336_reg_8371                                                                         |    8|   0|    8|          0|
    |tmp_V_1337_reg_8376                                                                         |    8|   0|    8|          0|
    |tmp_V_1338_reg_8381                                                                         |    8|   0|    8|          0|
    |tmp_V_1339_reg_8386                                                                         |    8|   0|    8|          0|
    |tmp_V_1340_reg_8391                                                                         |    8|   0|    8|          0|
    |tmp_V_1341_reg_8396                                                                         |    8|   0|    8|          0|
    |tmp_V_1342_reg_8401                                                                         |    8|   0|    8|          0|
    |tmp_V_1343_reg_8406                                                                         |    8|   0|    8|          0|
    |tmp_V_1344_reg_8411                                                                         |    8|   0|    8|          0|
    |tmp_V_1345_reg_8416                                                                         |    8|   0|    8|          0|
    |tmp_V_1346_reg_8421                                                                         |    8|   0|    8|          0|
    |tmp_V_1347_reg_8426                                                                         |    8|   0|    8|          0|
    |tmp_V_1348_reg_8431                                                                         |    8|   0|    8|          0|
    |tmp_V_1349_reg_8436                                                                         |    8|   0|    8|          0|
    |tmp_V_1350_reg_8441                                                                         |    8|   0|    8|          0|
    |tmp_V_1351_reg_8446                                                                         |    8|   0|    8|          0|
    |tmp_V_1352_reg_8451                                                                         |    8|   0|    8|          0|
    |tmp_V_1353_reg_8456                                                                         |    8|   0|    8|          0|
    |tmp_V_1354_reg_8461                                                                         |    8|   0|    8|          0|
    |tmp_V_1355_reg_8466                                                                         |    8|   0|    8|          0|
    |tmp_V_1356_reg_8471                                                                         |    8|   0|    8|          0|
    |tmp_V_1357_reg_8476                                                                         |    8|   0|    8|          0|
    |tmp_V_1358_reg_8481                                                                         |    8|   0|    8|          0|
    |tmp_V_1359_reg_8486                                                                         |    8|   0|    8|          0|
    |tmp_V_1360_reg_8491                                                                         |    8|   0|    8|          0|
    |tmp_V_1361_reg_8496                                                                         |    8|   0|    8|          0|
    |tmp_V_1362_reg_8501                                                                         |    8|   0|    8|          0|
    |tmp_V_1363_reg_8506                                                                         |    8|   0|    8|          0|
    |tmp_V_1364_reg_8511                                                                         |    8|   0|    8|          0|
    |tmp_V_1365_reg_8516                                                                         |    8|   0|    8|          0|
    |tmp_V_1366_reg_8521                                                                         |    8|   0|    8|          0|
    |tmp_V_1367_reg_8526                                                                         |    8|   0|    8|          0|
    |tmp_V_1368_reg_8531                                                                         |    8|   0|    8|          0|
    |tmp_V_1369_reg_8536                                                                         |    8|   0|    8|          0|
    |tmp_V_1370_reg_8541                                                                         |    8|   0|    8|          0|
    |tmp_V_1371_reg_8546                                                                         |    8|   0|    8|          0|
    |tmp_V_1372_reg_8551                                                                         |    8|   0|    8|          0|
    |tmp_V_1373_reg_8556                                                                         |    8|   0|    8|          0|
    |tmp_V_1374_reg_8561                                                                         |    8|   0|    8|          0|
    |tmp_V_1375_reg_8566                                                                         |    8|   0|    8|          0|
    |tmp_V_1376_reg_8571                                                                         |    8|   0|    8|          0|
    |tmp_V_1377_reg_8576                                                                         |    8|   0|    8|          0|
    |tmp_V_1378_reg_8581                                                                         |    8|   0|    8|          0|
    |tmp_V_1379_reg_8586                                                                         |    8|   0|    8|          0|
    |tmp_V_1380_reg_8591                                                                         |    8|   0|    8|          0|
    |tmp_V_1381_reg_8596                                                                         |    8|   0|    8|          0|
    |tmp_V_1382_reg_8601                                                                         |    8|   0|    8|          0|
    |tmp_V_1383_reg_8606                                                                         |    8|   0|    8|          0|
    |tmp_V_1384_reg_8611                                                                         |    8|   0|    8|          0|
    |tmp_V_1385_reg_8616                                                                         |    8|   0|    8|          0|
    |tmp_V_1386_reg_8621                                                                         |    8|   0|    8|          0|
    |tmp_V_1387_reg_8626                                                                         |    8|   0|    8|          0|
    |tmp_V_1388_reg_8631                                                                         |    8|   0|    8|          0|
    |tmp_V_1389_reg_8636                                                                         |    8|   0|    8|          0|
    |tmp_V_1390_reg_8641                                                                         |    8|   0|    8|          0|
    |tmp_V_1391_reg_8646                                                                         |    8|   0|    8|          0|
    |tmp_V_1392_reg_8651                                                                         |    8|   0|    8|          0|
    |tmp_V_1393_reg_8656                                                                         |    8|   0|    8|          0|
    |tmp_V_1394_reg_8661                                                                         |    8|   0|    8|          0|
    |tmp_V_1395_reg_8666                                                                         |    8|   0|    8|          0|
    |tmp_V_1396_reg_8671                                                                         |    8|   0|    8|          0|
    |tmp_V_1397_reg_8676                                                                         |    8|   0|    8|          0|
    |tmp_V_1398_reg_8681                                                                         |    8|   0|    8|          0|
    |tmp_V_1399_reg_8686                                                                         |    8|   0|    8|          0|
    |tmp_V_1400_reg_8691                                                                         |    8|   0|    8|          0|
    |tmp_V_1401_reg_8696                                                                         |    8|   0|    8|          0|
    |tmp_V_1402_reg_8701                                                                         |    8|   0|    8|          0|
    |tmp_V_1403_reg_8706                                                                         |    8|   0|    8|          0|
    |tmp_V_1404_reg_8711                                                                         |    8|   0|    8|          0|
    |tmp_V_1405_reg_8716                                                                         |    8|   0|    8|          0|
    |tmp_V_1406_reg_8721                                                                         |    8|   0|    8|          0|
    |tmp_V_1407_reg_8726                                                                         |    8|   0|    8|          0|
    |tmp_V_1408_reg_8731                                                                         |    8|   0|    8|          0|
    |tmp_V_1409_reg_8736                                                                         |    8|   0|    8|          0|
    |tmp_V_1410_reg_8741                                                                         |    8|   0|    8|          0|
    |tmp_V_1411_reg_8746                                                                         |    8|   0|    8|          0|
    |tmp_V_1412_reg_8751                                                                         |    8|   0|    8|          0|
    |tmp_V_1413_reg_8756                                                                         |    8|   0|    8|          0|
    |tmp_V_1414_reg_8761                                                                         |    8|   0|    8|          0|
    |tmp_V_1415_reg_8766                                                                         |    8|   0|    8|          0|
    |tmp_V_1416_reg_8771                                                                         |    8|   0|    8|          0|
    |tmp_V_1417_reg_8776                                                                         |    8|   0|    8|          0|
    |tmp_V_1418_reg_8781                                                                         |    8|   0|    8|          0|
    |tmp_V_908_reg_6190                                                                          |    8|   0|    8|          0|
    |tmp_V_909_reg_6195                                                                          |    8|   0|    8|          0|
    |tmp_V_910_reg_6200                                                                          |    8|   0|    8|          0|
    |tmp_V_911_reg_6205                                                                          |    8|   0|    8|          0|
    |tmp_V_912_reg_6210                                                                          |    8|   0|    8|          0|
    |tmp_V_913_reg_6215                                                                          |    8|   0|    8|          0|
    |tmp_V_914_reg_6220                                                                          |    8|   0|    8|          0|
    |tmp_V_915_reg_6225                                                                          |    8|   0|    8|          0|
    |tmp_V_916_reg_6230                                                                          |    8|   0|    8|          0|
    |tmp_V_917_reg_6235                                                                          |    8|   0|    8|          0|
    |tmp_V_918_reg_6240                                                                          |    8|   0|    8|          0|
    |tmp_V_919_reg_6245                                                                          |    8|   0|    8|          0|
    |tmp_V_920_reg_6250                                                                          |    8|   0|    8|          0|
    |tmp_V_921_reg_6255                                                                          |    8|   0|    8|          0|
    |tmp_V_922_reg_6260                                                                          |    8|   0|    8|          0|
    |tmp_V_923_reg_6265                                                                          |    8|   0|    8|          0|
    |tmp_V_924_reg_6270                                                                          |    8|   0|    8|          0|
    |tmp_V_925_reg_6275                                                                          |    8|   0|    8|          0|
    |tmp_V_926_reg_6280                                                                          |    8|   0|    8|          0|
    |tmp_V_927_reg_6285                                                                          |    8|   0|    8|          0|
    |tmp_V_928_reg_6290                                                                          |    8|   0|    8|          0|
    |tmp_V_929_reg_6295                                                                          |    8|   0|    8|          0|
    |tmp_V_930_reg_6300                                                                          |    8|   0|    8|          0|
    |tmp_V_931_reg_6305                                                                          |    8|   0|    8|          0|
    |tmp_V_932_reg_6310                                                                          |    8|   0|    8|          0|
    |tmp_V_933_reg_6315                                                                          |    8|   0|    8|          0|
    |tmp_V_934_reg_6320                                                                          |    8|   0|    8|          0|
    |tmp_V_935_reg_6325                                                                          |    8|   0|    8|          0|
    |tmp_V_936_reg_6330                                                                          |    8|   0|    8|          0|
    |tmp_V_937_reg_6335                                                                          |    8|   0|    8|          0|
    |tmp_V_938_reg_6340                                                                          |    8|   0|    8|          0|
    |tmp_V_939_reg_6345                                                                          |    8|   0|    8|          0|
    |tmp_V_940_reg_6350                                                                          |    8|   0|    8|          0|
    |tmp_V_941_reg_6355                                                                          |    8|   0|    8|          0|
    |tmp_V_942_reg_6360                                                                          |    8|   0|    8|          0|
    |tmp_V_943_reg_6365                                                                          |    8|   0|    8|          0|
    |tmp_V_944_reg_6370                                                                          |    8|   0|    8|          0|
    |tmp_V_945_reg_6375                                                                          |    8|   0|    8|          0|
    |tmp_V_946_reg_6380                                                                          |    8|   0|    8|          0|
    |tmp_V_947_reg_6385                                                                          |    8|   0|    8|          0|
    |tmp_V_948_reg_6390                                                                          |    8|   0|    8|          0|
    |tmp_V_949_reg_6395                                                                          |    8|   0|    8|          0|
    |tmp_V_950_reg_6400                                                                          |    8|   0|    8|          0|
    |tmp_V_951_reg_6405                                                                          |    8|   0|    8|          0|
    |tmp_V_952_reg_6410                                                                          |    8|   0|    8|          0|
    |tmp_V_953_reg_6415                                                                          |    8|   0|    8|          0|
    |tmp_V_954_reg_6420                                                                          |    8|   0|    8|          0|
    |tmp_V_955_reg_6425                                                                          |    8|   0|    8|          0|
    |tmp_V_956_reg_6430                                                                          |    8|   0|    8|          0|
    |tmp_V_957_reg_6435                                                                          |    8|   0|    8|          0|
    |tmp_V_958_reg_6440                                                                          |    8|   0|    8|          0|
    |tmp_V_959_reg_6445                                                                          |    8|   0|    8|          0|
    |tmp_V_960_reg_6450                                                                          |    8|   0|    8|          0|
    |tmp_V_961_reg_6455                                                                          |    8|   0|    8|          0|
    |tmp_V_962_reg_6460                                                                          |    8|   0|    8|          0|
    |tmp_V_963_reg_6465                                                                          |    8|   0|    8|          0|
    |tmp_V_964_reg_6470                                                                          |    8|   0|    8|          0|
    |tmp_V_965_reg_6475                                                                          |    8|   0|    8|          0|
    |tmp_V_966_reg_6480                                                                          |    8|   0|    8|          0|
    |tmp_V_967_reg_6485                                                                          |    8|   0|    8|          0|
    |tmp_V_968_reg_6490                                                                          |    8|   0|    8|          0|
    |tmp_V_969_reg_6495                                                                          |    8|   0|    8|          0|
    |tmp_V_970_reg_6500                                                                          |    8|   0|    8|          0|
    |tmp_V_971_reg_6505                                                                          |    8|   0|    8|          0|
    |tmp_V_972_reg_6510                                                                          |    8|   0|    8|          0|
    |tmp_V_973_reg_6515                                                                          |    8|   0|    8|          0|
    |tmp_V_974_reg_6520                                                                          |    8|   0|    8|          0|
    |tmp_V_975_reg_6525                                                                          |    8|   0|    8|          0|
    |tmp_V_976_reg_6530                                                                          |    8|   0|    8|          0|
    |tmp_V_977_reg_6535                                                                          |    8|   0|    8|          0|
    |tmp_V_978_reg_6540                                                                          |    8|   0|    8|          0|
    |tmp_V_979_reg_6545                                                                          |    8|   0|    8|          0|
    |tmp_V_980_reg_6550                                                                          |    8|   0|    8|          0|
    |tmp_V_981_reg_6555                                                                          |    8|   0|    8|          0|
    |tmp_V_982_reg_6560                                                                          |    8|   0|    8|          0|
    |tmp_V_983_reg_6565                                                                          |    8|   0|    8|          0|
    |tmp_V_984_reg_6570                                                                          |    8|   0|    8|          0|
    |tmp_V_985_reg_6575                                                                          |    8|   0|    8|          0|
    |tmp_V_986_reg_6580                                                                          |    8|   0|    8|          0|
    |tmp_V_987_reg_6585                                                                          |    8|   0|    8|          0|
    |tmp_V_988_reg_6590                                                                          |    8|   0|    8|          0|
    |tmp_V_989_reg_6595                                                                          |    8|   0|    8|          0|
    |tmp_V_990_reg_6600                                                                          |    8|   0|    8|          0|
    |tmp_V_991_reg_6605                                                                          |    8|   0|    8|          0|
    |tmp_V_992_reg_6610                                                                          |    8|   0|    8|          0|
    |tmp_V_993_reg_6615                                                                          |    8|   0|    8|          0|
    |tmp_V_994_reg_6620                                                                          |    8|   0|    8|          0|
    |tmp_V_995_reg_6625                                                                          |    8|   0|    8|          0|
    |tmp_V_996_reg_6630                                                                          |    8|   0|    8|          0|
    |tmp_V_997_reg_6635                                                                          |    8|   0|    8|          0|
    |tmp_V_998_reg_6640                                                                          |    8|   0|    8|          0|
    |tmp_V_999_reg_6645                                                                          |    8|   0|    8|          0|
    |tmp_V_reg_6185                                                                              |    8|   0|    8|          0|
    +--------------------------------------------------------------------------------------------+-----+----+-----+-----------+
    |Total                                                                                       | 4893|   0| 4893|          0|
    +--------------------------------------------------------------------------------------------+-----+----+-----+-----------+



================================================================
== Interface
================================================================
* Summary: 
+------------------+-----+-----+------------+-------------------------------------------------------------------------------+--------------+
|     RTL Ports    | Dir | Bits|  Protocol  |                                 Source Object                                 |    C Type    |
+------------------+-----+-----+------------+-------------------------------------------------------------------------------+--------------+
|ap_clk            |  in |    1| ap_ctrl_hs | conv_2d_cl_switch<ap_fixed<8, 2, 5, 3, 0>, ap_fixed<8, 2, 4, 0, 0>, config76> | return value |
|ap_rst            |  in |    1| ap_ctrl_hs | conv_2d_cl_switch<ap_fixed<8, 2, 5, 3, 0>, ap_fixed<8, 2, 4, 0, 0>, config76> | return value |
|ap_start          |  in |    1| ap_ctrl_hs | conv_2d_cl_switch<ap_fixed<8, 2, 5, 3, 0>, ap_fixed<8, 2, 4, 0, 0>, config76> | return value |
|start_full_n      |  in |    1| ap_ctrl_hs | conv_2d_cl_switch<ap_fixed<8, 2, 5, 3, 0>, ap_fixed<8, 2, 4, 0, 0>, config76> | return value |
|ap_done           | out |    1| ap_ctrl_hs | conv_2d_cl_switch<ap_fixed<8, 2, 5, 3, 0>, ap_fixed<8, 2, 4, 0, 0>, config76> | return value |
|ap_continue       |  in |    1| ap_ctrl_hs | conv_2d_cl_switch<ap_fixed<8, 2, 5, 3, 0>, ap_fixed<8, 2, 4, 0, 0>, config76> | return value |
|ap_idle           | out |    1| ap_ctrl_hs | conv_2d_cl_switch<ap_fixed<8, 2, 5, 3, 0>, ap_fixed<8, 2, 4, 0, 0>, config76> | return value |
|ap_ready          | out |    1| ap_ctrl_hs | conv_2d_cl_switch<ap_fixed<8, 2, 5, 3, 0>, ap_fixed<8, 2, 4, 0, 0>, config76> | return value |
|start_out         | out |    1| ap_ctrl_hs | conv_2d_cl_switch<ap_fixed<8, 2, 5, 3, 0>, ap_fixed<8, 2, 4, 0, 0>, config76> | return value |
|start_write       | out |    1| ap_ctrl_hs | conv_2d_cl_switch<ap_fixed<8, 2, 5, 3, 0>, ap_fixed<8, 2, 4, 0, 0>, config76> | return value |
|data_V_V_dout     |  in |    8|   ap_fifo  |                                    data_V_V                                   |    pointer   |
|data_V_V_empty_n  |  in |    1|   ap_fifo  |                                    data_V_V                                   |    pointer   |
|data_V_V_read     | out |    1|   ap_fifo  |                                    data_V_V                                   |    pointer   |
|res_V_V_din       | out |    8|   ap_fifo  |                                    res_V_V                                    |    pointer   |
|res_V_V_full_n    |  in |    1|   ap_fifo  |                                    res_V_V                                    |    pointer   |
|res_V_V_write     | out |    1|   ap_fifo  |                                    res_V_V                                    |    pointer   |
+------------------+-----+-----+------------+-------------------------------------------------------------------------------+--------------+

