

================================================================
== Vivado HLS Report for 'conv_2d_large_cl_nopad_pad_s2s_ap_fixed_ap_fixed_8_2_4_0_0_config55_s'
================================================================
* Date:           Sat Jan 21 04:14:48 2023

* Version:        2019.2 (Build 2704478 on Wed Nov 06 22:10:23 MST 2019)
* Project:        alveo_hls4ml
* Solution:       solution
* Product family: virtexuplus
* Target device:  xcu50-fsvh2104-2L-e


================================================================
== Performance Estimates
================================================================
+ Timing: 
    * Summary: 
    +--------+---------+----------+------------+
    |  Clock |  Target | Estimated| Uncertainty|
    +--------+---------+----------+------------+
    |ap_clk  | 4.00 ns | 3.092 ns |   0.90 ns  |
    +--------+---------+----------+------------+

+ Latency: 
    * Summary: 
    +---------+---------+-----------+----------+-------+-------+---------+
    |  Latency (cycles) |  Latency (absolute)  |    Interval   | Pipeline|
    |   min   |   max   |    min    |    max   |  min  |  max  |   Type  |
    +---------+---------+-----------+----------+-------+-------+---------+
    |    15601|    54721| 62.404 us | 0.219 ms |  15601|  54721|   none  |
    +---------+---------+-----------+----------+-------+-------+---------+

    + Detail: 
        * Instance: 
        +-------------------------------------------------------------------------------+-------------------------------------------------------------------+---------+---------+----------+----------+-----+-----+----------+
        |                                                                               |                                                                   |  Latency (cycles) |  Latency (absolute) |  Interval | Pipeline |
        |                                    Instance                                   |                               Module                              |   min   |   max   |    min   |    max   | min | max |   Type   |
        +-------------------------------------------------------------------------------+-------------------------------------------------------------------+---------+---------+----------+----------+-----+-----+----------+
        |grp_dense_large_ap_fixed_8_2_5_3_0_ap_fixed_8_2_4_0_0_config55_mult_s_fu_598   |dense_large_ap_fixed_8_2_5_3_0_ap_fixed_8_2_4_0_0_config55_mult_s  |       99|       99| 0.396 us | 0.396 us |   99|   99|   none   |
        |call_ret_cnnshift_arr_ap_fixed_8_2_5_3_0_ap_fixed_8_2_4_0_0_config55_s_fu_605  |cnnshift_arr_ap_fixed_8_2_5_3_0_ap_fixed_8_2_4_0_0_config55_s      |        0|        0|   0 ns   |   0 ns   |    1|    1| function |
        +-------------------------------------------------------------------------------+-------------------------------------------------------------------+---------+---------+----------+----------+-----+-----+----------+

        * Loop: 
        +----------+---------+---------+----------+-----------+-----------+------+----------+
        |          |  Latency (cycles) | Iteration|  Initiation Interval  | Trip |          |
        | Loop Name|   min   |   max   |  Latency |  achieved |   target  | Count| Pipelined|
        +----------+---------+---------+----------+-----------+-----------+------+----------+
        |- Loop 1  |    15600|    54720| 65 ~ 228 |          -|          -|   240|    no    |
        +----------+---------+---------+----------+-----------+-----------+------+----------+



================================================================
== Utilization Estimates
================================================================
* Summary: 
+---------------------+---------+-------+---------+--------+-----+
|         Name        | BRAM_18K| DSP48E|    FF   |   LUT  | URAM|
+---------------------+---------+-------+---------+--------+-----+
|DSP                  |        -|      -|        -|       -|    -|
|Expression           |        -|      -|        0|     347|    -|
|FIFO                 |        -|      -|        -|       -|    -|
|Instance             |       86|      0|    34763|  112852|    -|
|Memory               |        -|      -|        -|       -|    -|
|Multiplexer          |        -|      -|        -|     969|    -|
|Register             |        -|      -|    10640|       -|    -|
+---------------------+---------+-------+---------+--------+-----+
|Total                |       86|      0|    45403|  114168|    0|
+---------------------+---------+-------+---------+--------+-----+
|Available SLR        |     1344|   2976|   871680|  435840|  320|
+---------------------+---------+-------+---------+--------+-----+
|Utilization SLR (%)  |        6|      0|        5|      26|    0|
+---------------------+---------+-------+---------+--------+-----+
|Available            |     2688|   5952|  1743360|  871680|  640|
+---------------------+---------+-------+---------+--------+-----+
|Utilization (%)      |        3|      0|        2|      13|    0|
+---------------------+---------+-------+---------+--------+-----+

+ Detail: 
    * Instance: 
    +-------------------------------------------------------------------------------+-------------------------------------------------------------------+---------+-------+-------+--------+-----+
    |                                    Instance                                   |                               Module                              | BRAM_18K| DSP48E|   FF  |   LUT  | URAM|
    +-------------------------------------------------------------------------------+-------------------------------------------------------------------+---------+-------+-------+--------+-----+
    |call_ret_cnnshift_arr_ap_fixed_8_2_5_3_0_ap_fixed_8_2_4_0_0_config55_s_fu_605  |cnnshift_arr_ap_fixed_8_2_5_3_0_ap_fixed_8_2_4_0_0_config55_s      |        0|      0|   8193|    4096|    0|
    |grp_dense_large_ap_fixed_8_2_5_3_0_ap_fixed_8_2_4_0_0_config55_mult_s_fu_598   |dense_large_ap_fixed_8_2_5_3_0_ap_fixed_8_2_4_0_0_config55_mult_s  |       86|      0|  26570|  108756|    0|
    +-------------------------------------------------------------------------------+-------------------------------------------------------------------+---------+-------+-------+--------+-----+
    |Total                                                                          |                                                                   |       86|      0|  34763|  112852|    0|
    +-------------------------------------------------------------------------------+-------------------------------------------------------------------+---------+-------+-------+--------+-----+

    * DSP48E: 
    N/A

    * Memory: 
    N/A

    * FIFO: 
    N/A

    * Expression: 
    +--------------------------+----------+-------+---+----+------------+------------+
    |       Variable Name      | Operation| DSP48E| FF| LUT| Bitwidth P0| Bitwidth P1|
    +--------------------------+----------+-------+---+----+------------+------------+
    |add_ln446_fu_1724_p2      |     +    |      0|  0|  32|          32|           1|
    |add_ln448_fu_1735_p2      |     +    |      0|  0|  32|          32|           1|
    |add_ln451_fu_1678_p2      |     +    |      0|  0|  32|          32|           1|
    |add_ln453_fu_1689_p2      |     +    |      0|  0|  32|          32|           1|
    |i_fu_874_p2               |     +    |      0|  0|   8|           8|           1|
    |and_ln420_10_fu_1033_p2   |    and   |      0|  0|   2|           1|           1|
    |and_ln420_9_fu_1027_p2    |    and   |      0|  0|   2|           1|           1|
    |and_ln420_fu_1021_p2      |    and   |      0|  0|   2|           1|           1|
    |ap_block_state130         |    and   |      0|  0|   2|           1|           1|
    |ap_block_state2           |    and   |      0|  0|   2|           1|           1|
    |ap_condition_1271         |    and   |      0|  0|   2|           1|           1|
    |ap_condition_1306         |    and   |      0|  0|   2|           1|           1|
    |icmp_ln411_fu_868_p2      |   icmp   |      0|  0|  11|           8|           6|
    |icmp_ln420_13_fu_975_p2   |   icmp   |      0|  0|  20|          32|           2|
    |icmp_ln420_14_fu_995_p2   |   icmp   |      0|  0|  20|          31|           1|
    |icmp_ln420_15_fu_1015_p2  |   icmp   |      0|  0|  20|          31|           1|
    |icmp_ln420_fu_965_p2      |   icmp   |      0|  0|  20|          32|           2|
    |icmp_ln438_fu_1673_p2     |   icmp   |      0|  0|  20|          32|           4|
    |icmp_ln442_fu_1719_p2     |   icmp   |      0|  0|  20|          32|           4|
    |ap_block_state1           |    or    |      0|  0|   2|           1|           1|
    |select_ln448_fu_1740_p3   |  select  |      0|  0|  32|           1|           2|
    |select_ln453_fu_1694_p3   |  select  |      0|  0|  32|           1|           2|
    +--------------------------+----------+-------+---+----+------------+------------+
    |Total                     |          |      0|  0| 347|         344|          37|
    +--------------------------+----------+-------+---+----+------------+------------+

    * Multiplexer: 
    +-------------------------------------+-----+-----------+-----+-----------+
    |                 Name                | LUT | Input Size| Bits| Total Bits|
    +-------------------------------------+-----+-----------+-----+-----------+
    |ap_NS_fsm                            |  589|        131|    1|        131|
    |ap_done                              |    9|          2|    1|          2|
    |ap_phi_mux_storemerge_phi_fu_591_p4  |   15|          3|   32|         96|
    |data_V_V_blk_n                       |    9|          2|    1|          2|
    |i_0_reg_577                          |    9|          2|    8|         16|
    |pX_2                                 |    9|          2|   32|         64|
    |pY_2                                 |    9|          2|   32|         64|
    |real_start                           |    9|          2|    1|          2|
    |res_V_V_blk_n                        |    9|          2|    1|          2|
    |res_V_V_din                          |  293|         65|    8|        520|
    |sX_2                                 |    9|          2|   32|         64|
    +-------------------------------------+-----+-----------+-----+-----------+
    |Total                                |  969|        215|  149|        963|
    +-------------------------------------+-----+-----------+-----+-----------+

    * Register: 
    +-------------------------------------------------------------------------------------------+------+----+------+-----------+
    |                                            Name                                           |  FF  | LUT| Bits | Const Bits|
    +-------------------------------------------------------------------------------------------+------+----+------+-----------+
    |and_ln420_10_reg_2120                                                                      |     1|   0|     1|          0|
    |ap_CS_fsm                                                                                  |   130|   0|   130|          0|
    |ap_done_reg                                                                                |     1|   0|     1|          0|
    |call_ret_reg_2083                                                                          |  4608|   0|  4608|          0|
    |grp_dense_large_ap_fixed_8_2_5_3_0_ap_fixed_8_2_4_0_0_config55_mult_s_fu_598_ap_start_reg  |     1|   0|     1|          0|
    |i_0_reg_577                                                                                |     8|   0|     8|          0|
    |i_reg_1763                                                                                 |     8|   0|     8|          0|
    |icmp_ln420_13_reg_2103                                                                     |     1|   0|     1|          0|
    |icmp_ln420_reg_2093                                                                        |     1|   0|     1|          0|
    |layer_in_V_8                                                                               |  4608|   0|  4608|          0|
    |pX_2                                                                                       |    32|   0|    32|          0|
    |pX_2_load_reg_2114                                                                         |    32|   0|    32|          0|
    |pY_2                                                                                       |    32|   0|    32|          0|
    |pY_2_load_reg_2108                                                                         |    32|   0|    32|          0|
    |sX_2                                                                                       |    32|   0|    32|          0|
    |sX_2_load_reg_2088                                                                         |    32|   0|    32|          0|
    |sY_2                                                                                       |    32|   0|    32|          0|
    |sY_2_load_reg_2098                                                                         |    32|   0|    32|          0|
    |start_once_reg                                                                             |     1|   0|     1|          0|
    |tmp_V_1712_reg_1773                                                                        |     8|   0|     8|          0|
    |tmp_V_1713_reg_1778                                                                        |     8|   0|     8|          0|
    |tmp_V_1714_reg_1783                                                                        |     8|   0|     8|          0|
    |tmp_V_1715_reg_1788                                                                        |     8|   0|     8|          0|
    |tmp_V_1716_reg_1793                                                                        |     8|   0|     8|          0|
    |tmp_V_1717_reg_1798                                                                        |     8|   0|     8|          0|
    |tmp_V_1718_reg_1803                                                                        |     8|   0|     8|          0|
    |tmp_V_1719_reg_1808                                                                        |     8|   0|     8|          0|
    |tmp_V_1720_reg_1813                                                                        |     8|   0|     8|          0|
    |tmp_V_1721_reg_1818                                                                        |     8|   0|     8|          0|
    |tmp_V_1722_reg_1823                                                                        |     8|   0|     8|          0|
    |tmp_V_1723_reg_1828                                                                        |     8|   0|     8|          0|
    |tmp_V_1724_reg_1833                                                                        |     8|   0|     8|          0|
    |tmp_V_1725_reg_1838                                                                        |     8|   0|     8|          0|
    |tmp_V_1726_reg_1843                                                                        |     8|   0|     8|          0|
    |tmp_V_1727_reg_1848                                                                        |     8|   0|     8|          0|
    |tmp_V_1728_reg_1853                                                                        |     8|   0|     8|          0|
    |tmp_V_1729_reg_1858                                                                        |     8|   0|     8|          0|
    |tmp_V_1730_reg_1863                                                                        |     8|   0|     8|          0|
    |tmp_V_1731_reg_1868                                                                        |     8|   0|     8|          0|
    |tmp_V_1732_reg_1873                                                                        |     8|   0|     8|          0|
    |tmp_V_1733_reg_1878                                                                        |     8|   0|     8|          0|
    |tmp_V_1734_reg_1883                                                                        |     8|   0|     8|          0|
    |tmp_V_1735_reg_1888                                                                        |     8|   0|     8|          0|
    |tmp_V_1736_reg_1893                                                                        |     8|   0|     8|          0|
    |tmp_V_1737_reg_1898                                                                        |     8|   0|     8|          0|
    |tmp_V_1738_reg_1903                                                                        |     8|   0|     8|          0|
    |tmp_V_1739_reg_1908                                                                        |     8|   0|     8|          0|
    |tmp_V_1740_reg_1913                                                                        |     8|   0|     8|          0|
    |tmp_V_1741_reg_1918                                                                        |     8|   0|     8|          0|
    |tmp_V_1742_reg_1923                                                                        |     8|   0|     8|          0|
    |tmp_V_1743_reg_1928                                                                        |     8|   0|     8|          0|
    |tmp_V_1744_reg_1933                                                                        |     8|   0|     8|          0|
    |tmp_V_1745_reg_1938                                                                        |     8|   0|     8|          0|
    |tmp_V_1746_reg_1943                                                                        |     8|   0|     8|          0|
    |tmp_V_1747_reg_1948                                                                        |     8|   0|     8|          0|
    |tmp_V_1748_reg_1953                                                                        |     8|   0|     8|          0|
    |tmp_V_1749_reg_1958                                                                        |     8|   0|     8|          0|
    |tmp_V_1750_reg_1963                                                                        |     8|   0|     8|          0|
    |tmp_V_1751_reg_1968                                                                        |     8|   0|     8|          0|
    |tmp_V_1752_reg_1973                                                                        |     8|   0|     8|          0|
    |tmp_V_1753_reg_1978                                                                        |     8|   0|     8|          0|
    |tmp_V_1754_reg_1983                                                                        |     8|   0|     8|          0|
    |tmp_V_1755_reg_1988                                                                        |     8|   0|     8|          0|
    |tmp_V_1756_reg_1993                                                                        |     8|   0|     8|          0|
    |tmp_V_1757_reg_1998                                                                        |     8|   0|     8|          0|
    |tmp_V_1758_reg_2003                                                                        |     8|   0|     8|          0|
    |tmp_V_1759_reg_2008                                                                        |     8|   0|     8|          0|
    |tmp_V_1760_reg_2013                                                                        |     8|   0|     8|          0|
    |tmp_V_1761_reg_2018                                                                        |     8|   0|     8|          0|
    |tmp_V_1762_reg_2023                                                                        |     8|   0|     8|          0|
    |tmp_V_1763_reg_2028                                                                        |     8|   0|     8|          0|
    |tmp_V_1764_reg_2033                                                                        |     8|   0|     8|          0|
    |tmp_V_1765_reg_2038                                                                        |     8|   0|     8|          0|
    |tmp_V_1766_reg_2043                                                                        |     8|   0|     8|          0|
    |tmp_V_1767_reg_2048                                                                        |     8|   0|     8|          0|
    |tmp_V_1768_reg_2053                                                                        |     8|   0|     8|          0|
    |tmp_V_1769_reg_2058                                                                        |     8|   0|     8|          0|
    |tmp_V_1770_reg_2063                                                                        |     8|   0|     8|          0|
    |tmp_V_1771_reg_2068                                                                        |     8|   0|     8|          0|
    |tmp_V_1772_reg_2073                                                                        |     8|   0|     8|          0|
    |tmp_V_1773_reg_2078                                                                        |     8|   0|     8|          0|
    |tmp_V_1775_reg_2124                                                                        |     8|   0|     8|          0|
    |tmp_V_1776_reg_2129                                                                        |     8|   0|     8|          0|
    |tmp_V_1777_reg_2134                                                                        |     8|   0|     8|          0|
    |tmp_V_1778_reg_2139                                                                        |     8|   0|     8|          0|
    |tmp_V_1779_reg_2144                                                                        |     8|   0|     8|          0|
    |tmp_V_1780_reg_2149                                                                        |     8|   0|     8|          0|
    |tmp_V_1781_reg_2154                                                                        |     8|   0|     8|          0|
    |tmp_V_1782_reg_2159                                                                        |     8|   0|     8|          0|
    |tmp_V_1783_reg_2164                                                                        |     8|   0|     8|          0|
    |tmp_V_1784_reg_2169                                                                        |     8|   0|     8|          0|
    |tmp_V_1785_reg_2174                                                                        |     8|   0|     8|          0|
    |tmp_V_1786_reg_2179                                                                        |     8|   0|     8|          0|
    |tmp_V_1787_reg_2184                                                                        |     8|   0|     8|          0|
    |tmp_V_1788_reg_2189                                                                        |     8|   0|     8|          0|
    |tmp_V_1789_reg_2194                                                                        |     8|   0|     8|          0|
    |tmp_V_1790_reg_2199                                                                        |     8|   0|     8|          0|
    |tmp_V_1791_reg_2204                                                                        |     8|   0|     8|          0|
    |tmp_V_1792_reg_2209                                                                        |     8|   0|     8|          0|
    |tmp_V_1793_reg_2214                                                                        |     8|   0|     8|          0|
    |tmp_V_1794_reg_2219                                                                        |     8|   0|     8|          0|
    |tmp_V_1795_reg_2224                                                                        |     8|   0|     8|          0|
    |tmp_V_1796_reg_2229                                                                        |     8|   0|     8|          0|
    |tmp_V_1797_reg_2234                                                                        |     8|   0|     8|          0|
    |tmp_V_1798_reg_2239                                                                        |     8|   0|     8|          0|
    |tmp_V_1799_reg_2244                                                                        |     8|   0|     8|          0|
    |tmp_V_1800_reg_2249                                                                        |     8|   0|     8|          0|
    |tmp_V_1801_reg_2254                                                                        |     8|   0|     8|          0|
    |tmp_V_1802_reg_2259                                                                        |     8|   0|     8|          0|
    |tmp_V_1803_reg_2264                                                                        |     8|   0|     8|          0|
    |tmp_V_1804_reg_2269                                                                        |     8|   0|     8|          0|
    |tmp_V_1805_reg_2274                                                                        |     8|   0|     8|          0|
    |tmp_V_1806_reg_2279                                                                        |     8|   0|     8|          0|
    |tmp_V_1807_reg_2284                                                                        |     8|   0|     8|          0|
    |tmp_V_1808_reg_2289                                                                        |     8|   0|     8|          0|
    |tmp_V_1809_reg_2294                                                                        |     8|   0|     8|          0|
    |tmp_V_1810_reg_2299                                                                        |     8|   0|     8|          0|
    |tmp_V_1811_reg_2304                                                                        |     8|   0|     8|          0|
    |tmp_V_1812_reg_2309                                                                        |     8|   0|     8|          0|
    |tmp_V_1813_reg_2314                                                                        |     8|   0|     8|          0|
    |tmp_V_1814_reg_2319                                                                        |     8|   0|     8|          0|
    |tmp_V_1815_reg_2324                                                                        |     8|   0|     8|          0|
    |tmp_V_1816_reg_2329                                                                        |     8|   0|     8|          0|
    |tmp_V_1817_reg_2334                                                                        |     8|   0|     8|          0|
    |tmp_V_1818_reg_2339                                                                        |     8|   0|     8|          0|
    |tmp_V_1819_reg_2344                                                                        |     8|   0|     8|          0|
    |tmp_V_1820_reg_2349                                                                        |     8|   0|     8|          0|
    |tmp_V_1821_reg_2354                                                                        |     8|   0|     8|          0|
    |tmp_V_1822_reg_2359                                                                        |     8|   0|     8|          0|
    |tmp_V_1823_reg_2364                                                                        |     8|   0|     8|          0|
    |tmp_V_1824_reg_2369                                                                        |     8|   0|     8|          0|
    |tmp_V_1825_reg_2374                                                                        |     8|   0|     8|          0|
    |tmp_V_1826_reg_2379                                                                        |     8|   0|     8|          0|
    |tmp_V_1827_reg_2384                                                                        |     8|   0|     8|          0|
    |tmp_V_1828_reg_2389                                                                        |     8|   0|     8|          0|
    |tmp_V_1829_reg_2394                                                                        |     8|   0|     8|          0|
    |tmp_V_1830_reg_2399                                                                        |     8|   0|     8|          0|
    |tmp_V_1831_reg_2404                                                                        |     8|   0|     8|          0|
    |tmp_V_1832_reg_2409                                                                        |     8|   0|     8|          0|
    |tmp_V_1833_reg_2414                                                                        |     8|   0|     8|          0|
    |tmp_V_1834_reg_2419                                                                        |     8|   0|     8|          0|
    |tmp_V_1835_reg_2424                                                                        |     8|   0|     8|          0|
    |tmp_V_1836_reg_2429                                                                        |     8|   0|     8|          0|
    |tmp_V_1837_reg_2434                                                                        |     8|   0|     8|          0|
    |tmp_V_1838_reg_2439                                                                        |     8|   0|     8|          0|
    |tmp_V_reg_1768                                                                             |     8|   0|     8|          0|
    +-------------------------------------------------------------------------------------------+------+----+------+-----------+
    |Total                                                                                      | 10640|   0| 10640|          0|
    +-------------------------------------------------------------------------------------------+------+----+------+-----------+



================================================================
== Interface
================================================================
* Summary: 
+------------------+-----+-----+------------+-----------------------------------------------------------------------+--------------+
|     RTL Ports    | Dir | Bits|  Protocol  |                             Source Object                             |    C Type    |
+------------------+-----+-----+------------+-----------------------------------------------------------------------+--------------+
|ap_clk            |  in |    1| ap_ctrl_hs | conv_2d_large_cl_nopad_pad_s2s<ap_fixed,ap_fixed<8,2,4,0,0>,config55> | return value |
|ap_rst            |  in |    1| ap_ctrl_hs | conv_2d_large_cl_nopad_pad_s2s<ap_fixed,ap_fixed<8,2,4,0,0>,config55> | return value |
|ap_start          |  in |    1| ap_ctrl_hs | conv_2d_large_cl_nopad_pad_s2s<ap_fixed,ap_fixed<8,2,4,0,0>,config55> | return value |
|start_full_n      |  in |    1| ap_ctrl_hs | conv_2d_large_cl_nopad_pad_s2s<ap_fixed,ap_fixed<8,2,4,0,0>,config55> | return value |
|ap_done           | out |    1| ap_ctrl_hs | conv_2d_large_cl_nopad_pad_s2s<ap_fixed,ap_fixed<8,2,4,0,0>,config55> | return value |
|ap_continue       |  in |    1| ap_ctrl_hs | conv_2d_large_cl_nopad_pad_s2s<ap_fixed,ap_fixed<8,2,4,0,0>,config55> | return value |
|ap_idle           | out |    1| ap_ctrl_hs | conv_2d_large_cl_nopad_pad_s2s<ap_fixed,ap_fixed<8,2,4,0,0>,config55> | return value |
|ap_ready          | out |    1| ap_ctrl_hs | conv_2d_large_cl_nopad_pad_s2s<ap_fixed,ap_fixed<8,2,4,0,0>,config55> | return value |
|start_out         | out |    1| ap_ctrl_hs | conv_2d_large_cl_nopad_pad_s2s<ap_fixed,ap_fixed<8,2,4,0,0>,config55> | return value |
|start_write       | out |    1| ap_ctrl_hs | conv_2d_large_cl_nopad_pad_s2s<ap_fixed,ap_fixed<8,2,4,0,0>,config55> | return value |
|data_V_V_dout     |  in |    8|   ap_fifo  |                                data_V_V                               |    pointer   |
|data_V_V_empty_n  |  in |    1|   ap_fifo  |                                data_V_V                               |    pointer   |
|data_V_V_read     | out |    1|   ap_fifo  |                                data_V_V                               |    pointer   |
|res_V_V_din       | out |    8|   ap_fifo  |                                res_V_V                                |    pointer   |
|res_V_V_full_n    |  in |    1|   ap_fifo  |                                res_V_V                                |    pointer   |
|res_V_V_write     | out |    1|   ap_fifo  |                                res_V_V                                |    pointer   |
+------------------+-----+-----+------------+-----------------------------------------------------------------------+--------------+

