

================================================================
== Vivado HLS Report for 'conv_2d_cl_switch_ap_fixed_8_2_5_3_0_ap_fixed_8_2_4_0_0_config59_s'
================================================================
* Date:           Fri Feb  3 03:23:07 2023

* Version:        2019.2 (Build 2704478 on Wed Nov 06 22:10:23 MST 2019)
* Project:        alveo_hls4ml
* Solution:       solution
* Product family: virtexuplus
* Target device:  xcu50-fsvh2104-2L-e


================================================================
== Performance Estimates
================================================================
+ Timing: 
    * Summary: 
    +--------+---------+----------+------------+
    |  Clock |  Target | Estimated| Uncertainty|
    +--------+---------+----------+------------+
    |ap_clk  | 4.00 ns | 2.866 ns |   0.90 ns  |
    +--------+---------+----------+------------+

+ Latency: 
    * Summary: 
    +---------+---------+-----------+----------+------+-------+---------+
    |  Latency (cycles) |  Latency (absolute)  |   Interval   | Pipeline|
    |   min   |   max   |    min    |    max   |  min |  max  |   Type  |
    +---------+---------+-----------+----------+------+-------+---------+
    |     4681|    35065| 18.724 us | 0.140 ms |  4681|  35065|   none  |
    +---------+---------+-----------+----------+------+-------+---------+

    + Detail: 
        * Instance: 
        +-------------------------------------------------------------------------------+-------------------------------------------------------------------+---------+---------+----------+----------+-----+-----+----------+
        |                                                                               |                                                                   |  Latency (cycles) |  Latency (absolute) |  Interval | Pipeline |
        |                                    Instance                                   |                               Module                              |   min   |   max   |    min   |    max   | min | max |   Type   |
        +-------------------------------------------------------------------------------+-------------------------------------------------------------------+---------+---------+----------+----------+-----+-----+----------+
        |grp_dense_large_ap_fixed_8_2_5_3_0_ap_fixed_8_2_4_0_0_config59_mult_s_fu_854   |dense_large_ap_fixed_8_2_5_3_0_ap_fixed_8_2_4_0_0_config59_mult_s  |      294|      294| 1.176 us | 1.176 us |  294|  294|   none   |
        |call_ret_cnnshift_arr_ap_fixed_8_2_5_3_0_ap_fixed_8_2_4_0_0_config59_s_fu_861  |cnnshift_arr_ap_fixed_8_2_5_3_0_ap_fixed_8_2_4_0_0_config59_s      |        0|        0|   0 ns   |   0 ns   |    1|    1| function |
        +-------------------------------------------------------------------------------+-------------------------------------------------------------------+---------+---------+----------+----------+-----+-----+----------+

        * Loop: 
        +----------+---------+---------+----------+-----------+-----------+------+----------+
        |          |  Latency (cycles) | Iteration|  Initiation Interval  | Trip |          |
        | Loop Name|   min   |   max   |  Latency |  achieved |   target  | Count| Pipelined|
        +----------+---------+---------+----------+-----------+-----------+------+----------+
        |- Loop 1  |     4680|    35064| 65 ~ 487 |          -|          -|    72|    no    |
        +----------+---------+---------+----------+-----------+-----------+------+----------+



================================================================
== Utilization Estimates
================================================================
* Summary: 
+---------------------+---------+-------+---------+--------+-----+
|         Name        | BRAM_18K| DSP48E|    FF   |   LUT  | URAM|
+---------------------+---------+-------+---------+--------+-----+
|DSP                  |        -|      -|        -|       -|    -|
|Expression           |        -|      -|        0|     346|    -|
|FIFO                 |        -|      -|        -|       -|    -|
|Instance             |       57|    256|    33900|   57775|    -|
|Memory               |        -|      -|        -|       -|    -|
|Multiplexer          |        -|      -|        -|    1513|    -|
|Register             |        -|      -|    11214|       -|    -|
+---------------------+---------+-------+---------+--------+-----+
|Total                |       57|    256|    45114|   59634|    0|
+---------------------+---------+-------+---------+--------+-----+
|Available SLR        |     1344|   2976|   871680|  435840|  320|
+---------------------+---------+-------+---------+--------+-----+
|Utilization SLR (%)  |        4|      8|        5|      13|    0|
+---------------------+---------+-------+---------+--------+-----+
|Available            |     2688|   5952|  1743360|  871680|  640|
+---------------------+---------+-------+---------+--------+-----+
|Utilization (%)      |        2|      4|        2|       6|    0|
+---------------------+---------+-------+---------+--------+-----+

+ Detail: 
    * Instance: 
    +-------------------------------------------------------------------------------+-------------------------------------------------------------------+---------+-------+-------+-------+-----+
    |                                    Instance                                   |                               Module                              | BRAM_18K| DSP48E|   FF  |  LUT  | URAM|
    +-------------------------------------------------------------------------------+-------------------------------------------------------------------+---------+-------+-------+-------+-----+
    |call_ret_cnnshift_arr_ap_fixed_8_2_5_3_0_ap_fixed_8_2_4_0_0_config59_s_fu_861  |cnnshift_arr_ap_fixed_8_2_5_3_0_ap_fixed_8_2_4_0_0_config59_s      |        0|      0|   8193|   4096|    0|
    |grp_dense_large_ap_fixed_8_2_5_3_0_ap_fixed_8_2_4_0_0_config59_mult_s_fu_854   |dense_large_ap_fixed_8_2_5_3_0_ap_fixed_8_2_4_0_0_config59_mult_s  |       57|    256|  25707|  53679|    0|
    +-------------------------------------------------------------------------------+-------------------------------------------------------------------+---------+-------+-------+-------+-----+
    |Total                                                                          |                                                                   |       57|    256|  33900|  57775|    0|
    +-------------------------------------------------------------------------------+-------------------------------------------------------------------+---------+-------+-------+-------+-----+

    * DSP48E: 
    N/A

    * Memory: 
    N/A

    * FIFO: 
    N/A

    * Expression: 
    +--------------------------+----------+-------+---+----+------------+------------+
    |       Variable Name      | Operation| DSP48E| FF| LUT| Bitwidth P0| Bitwidth P1|
    +--------------------------+----------+-------+---+----+------------+------------+
    |add_ln448_fu_2620_p2      |     +    |      0|  0|  32|          32|           1|
    |add_ln450_fu_2631_p2      |     +    |      0|  0|  32|          32|           1|
    |add_ln453_fu_2574_p2      |     +    |      0|  0|  32|          32|           1|
    |add_ln455_fu_2585_p2      |     +    |      0|  0|  32|          32|           1|
    |i_fu_1130_p2              |     +    |      0|  0|   7|           7|           1|
    |and_ln422_7_fu_1283_p2    |    and   |      0|  0|   2|           1|           1|
    |and_ln422_8_fu_1289_p2    |    and   |      0|  0|   2|           1|           1|
    |and_ln422_fu_1277_p2      |    and   |      0|  0|   2|           1|           1|
    |ap_block_state194         |    and   |      0|  0|   2|           1|           1|
    |ap_block_state2           |    and   |      0|  0|   2|           1|           1|
    |ap_condition_1847         |    and   |      0|  0|   2|           1|           1|
    |ap_condition_1882         |    and   |      0|  0|   2|           1|           1|
    |icmp_ln413_fu_1124_p2     |   icmp   |      0|  0|  11|           7|           7|
    |icmp_ln422_10_fu_1231_p2  |   icmp   |      0|  0|  20|          32|           2|
    |icmp_ln422_11_fu_1251_p2  |   icmp   |      0|  0|  20|          31|           1|
    |icmp_ln422_12_fu_1271_p2  |   icmp   |      0|  0|  20|          31|           1|
    |icmp_ln422_fu_1221_p2     |   icmp   |      0|  0|  20|          32|           2|
    |icmp_ln440_fu_2569_p2     |   icmp   |      0|  0|  20|          32|           3|
    |icmp_ln444_fu_2615_p2     |   icmp   |      0|  0|  20|          32|           4|
    |ap_block_state1           |    or    |      0|  0|   2|           1|           1|
    |select_ln450_fu_2636_p3   |  select  |      0|  0|  32|           1|           2|
    |select_ln455_fu_2590_p3   |  select  |      0|  0|  32|           1|           2|
    +--------------------------+----------+-------+---+----+------------+------------+
    |Total                     |          |      0|  0| 346|         342|          37|
    +--------------------------+----------+-------+---+----+------------+------------+

    * Multiplexer: 
    +---------------------------------------+-----+-----------+-----+-----------+
    |                  Name                 | LUT | Input Size| Bits| Total Bits|
    +---------------------------------------+-----+-----------+-----+-----------+
    |ap_NS_fsm                              |  845|        195|    1|        195|
    |ap_done                                |    9|          2|    1|          2|
    |ap_phi_mux_storemerge_i_phi_fu_847_p4  |   15|          3|   32|         96|
    |data_V_V_blk_n                         |    9|          2|    1|          2|
    |i_0_i_reg_833                          |    9|          2|    7|         14|
    |pX_1                                   |    9|          2|   32|         64|
    |pY_1                                   |    9|          2|   32|         64|
    |real_start                             |    9|          2|    1|          2|
    |res_V_V_blk_n                          |    9|          2|    1|          2|
    |res_V_V_din                            |  581|        129|    8|       1032|
    |sX_1                                   |    9|          2|   32|         64|
    +---------------------------------------+-----+-----------+-----+-----------+
    |Total                                  | 1513|        343|  148|       1537|
    +---------------------------------------+-----+-----------+-----+-----------+

    * Register: 
    +-------------------------------------------------------------------------------------------+------+----+------+-----------+
    |                                            Name                                           |  FF  | LUT| Bits | Const Bits|
    +-------------------------------------------------------------------------------------------+------+----+------+-----------+
    |and_ln422_8_reg_3016                                                                       |     1|   0|     1|          0|
    |ap_CS_fsm                                                                                  |   194|   0|   194|          0|
    |ap_done_reg                                                                                |     1|   0|     1|          0|
    |call_ret_reg_2979                                                                          |  4608|   0|  4608|          0|
    |grp_dense_large_ap_fixed_8_2_5_3_0_ap_fixed_8_2_4_0_0_config59_mult_s_fu_854_ap_start_reg  |     1|   0|     1|          0|
    |i_0_i_reg_833                                                                              |     7|   0|     7|          0|
    |i_reg_2659                                                                                 |     7|   0|     7|          0|
    |icmp_ln422_10_reg_2999                                                                     |     1|   0|     1|          0|
    |icmp_ln422_reg_2989                                                                        |     1|   0|     1|          0|
    |layer_in_V_15                                                                              |  4608|   0|  4608|          0|
    |pX_1                                                                                       |    32|   0|    32|          0|
    |pX_1_load_reg_3010                                                                         |    32|   0|    32|          0|
    |pY_1                                                                                       |    32|   0|    32|          0|
    |pY_1_load_reg_3004                                                                         |    32|   0|    32|          0|
    |sX_1                                                                                       |    32|   0|    32|          0|
    |sX_1_load_reg_2984                                                                         |    32|   0|    32|          0|
    |sY_1                                                                                       |    32|   0|    32|          0|
    |sY_1_load_reg_2994                                                                         |    32|   0|    32|          0|
    |start_once_reg                                                                             |     1|   0|     1|          0|
    |tmp_V_2057_reg_2669                                                                        |     8|   0|     8|          0|
    |tmp_V_2058_reg_2674                                                                        |     8|   0|     8|          0|
    |tmp_V_2059_reg_2679                                                                        |     8|   0|     8|          0|
    |tmp_V_2060_reg_2684                                                                        |     8|   0|     8|          0|
    |tmp_V_2061_reg_2689                                                                        |     8|   0|     8|          0|
    |tmp_V_2062_reg_2694                                                                        |     8|   0|     8|          0|
    |tmp_V_2063_reg_2699                                                                        |     8|   0|     8|          0|
    |tmp_V_2064_reg_2704                                                                        |     8|   0|     8|          0|
    |tmp_V_2065_reg_2709                                                                        |     8|   0|     8|          0|
    |tmp_V_2066_reg_2714                                                                        |     8|   0|     8|          0|
    |tmp_V_2067_reg_2719                                                                        |     8|   0|     8|          0|
    |tmp_V_2068_reg_2724                                                                        |     8|   0|     8|          0|
    |tmp_V_2069_reg_2729                                                                        |     8|   0|     8|          0|
    |tmp_V_2070_reg_2734                                                                        |     8|   0|     8|          0|
    |tmp_V_2071_reg_2739                                                                        |     8|   0|     8|          0|
    |tmp_V_2072_reg_2744                                                                        |     8|   0|     8|          0|
    |tmp_V_2073_reg_2749                                                                        |     8|   0|     8|          0|
    |tmp_V_2074_reg_2754                                                                        |     8|   0|     8|          0|
    |tmp_V_2075_reg_2759                                                                        |     8|   0|     8|          0|
    |tmp_V_2076_reg_2764                                                                        |     8|   0|     8|          0|
    |tmp_V_2077_reg_2769                                                                        |     8|   0|     8|          0|
    |tmp_V_2078_reg_2774                                                                        |     8|   0|     8|          0|
    |tmp_V_2079_reg_2779                                                                        |     8|   0|     8|          0|
    |tmp_V_2080_reg_2784                                                                        |     8|   0|     8|          0|
    |tmp_V_2081_reg_2789                                                                        |     8|   0|     8|          0|
    |tmp_V_2082_reg_2794                                                                        |     8|   0|     8|          0|
    |tmp_V_2083_reg_2799                                                                        |     8|   0|     8|          0|
    |tmp_V_2084_reg_2804                                                                        |     8|   0|     8|          0|
    |tmp_V_2085_reg_2809                                                                        |     8|   0|     8|          0|
    |tmp_V_2086_reg_2814                                                                        |     8|   0|     8|          0|
    |tmp_V_2087_reg_2819                                                                        |     8|   0|     8|          0|
    |tmp_V_2088_reg_2824                                                                        |     8|   0|     8|          0|
    |tmp_V_2089_reg_2829                                                                        |     8|   0|     8|          0|
    |tmp_V_2090_reg_2834                                                                        |     8|   0|     8|          0|
    |tmp_V_2091_reg_2839                                                                        |     8|   0|     8|          0|
    |tmp_V_2092_reg_2844                                                                        |     8|   0|     8|          0|
    |tmp_V_2093_reg_2849                                                                        |     8|   0|     8|          0|
    |tmp_V_2094_reg_2854                                                                        |     8|   0|     8|          0|
    |tmp_V_2095_reg_2859                                                                        |     8|   0|     8|          0|
    |tmp_V_2096_reg_2864                                                                        |     8|   0|     8|          0|
    |tmp_V_2097_reg_2869                                                                        |     8|   0|     8|          0|
    |tmp_V_2098_reg_2874                                                                        |     8|   0|     8|          0|
    |tmp_V_2099_reg_2879                                                                        |     8|   0|     8|          0|
    |tmp_V_2100_reg_2884                                                                        |     8|   0|     8|          0|
    |tmp_V_2101_reg_2889                                                                        |     8|   0|     8|          0|
    |tmp_V_2102_reg_2894                                                                        |     8|   0|     8|          0|
    |tmp_V_2103_reg_2899                                                                        |     8|   0|     8|          0|
    |tmp_V_2104_reg_2904                                                                        |     8|   0|     8|          0|
    |tmp_V_2105_reg_2909                                                                        |     8|   0|     8|          0|
    |tmp_V_2106_reg_2914                                                                        |     8|   0|     8|          0|
    |tmp_V_2107_reg_2919                                                                        |     8|   0|     8|          0|
    |tmp_V_2108_reg_2924                                                                        |     8|   0|     8|          0|
    |tmp_V_2109_reg_2929                                                                        |     8|   0|     8|          0|
    |tmp_V_2110_reg_2934                                                                        |     8|   0|     8|          0|
    |tmp_V_2111_reg_2939                                                                        |     8|   0|     8|          0|
    |tmp_V_2112_reg_2944                                                                        |     8|   0|     8|          0|
    |tmp_V_2113_reg_2949                                                                        |     8|   0|     8|          0|
    |tmp_V_2114_reg_2954                                                                        |     8|   0|     8|          0|
    |tmp_V_2115_reg_2959                                                                        |     8|   0|     8|          0|
    |tmp_V_2116_reg_2964                                                                        |     8|   0|     8|          0|
    |tmp_V_2117_reg_2969                                                                        |     8|   0|     8|          0|
    |tmp_V_2118_reg_2974                                                                        |     8|   0|     8|          0|
    |tmp_V_2120_reg_3020                                                                        |     8|   0|     8|          0|
    |tmp_V_2121_reg_3025                                                                        |     8|   0|     8|          0|
    |tmp_V_2122_reg_3030                                                                        |     8|   0|     8|          0|
    |tmp_V_2123_reg_3035                                                                        |     8|   0|     8|          0|
    |tmp_V_2124_reg_3040                                                                        |     8|   0|     8|          0|
    |tmp_V_2125_reg_3045                                                                        |     8|   0|     8|          0|
    |tmp_V_2126_reg_3050                                                                        |     8|   0|     8|          0|
    |tmp_V_2127_reg_3055                                                                        |     8|   0|     8|          0|
    |tmp_V_2128_reg_3060                                                                        |     8|   0|     8|          0|
    |tmp_V_2129_reg_3065                                                                        |     8|   0|     8|          0|
    |tmp_V_2130_reg_3070                                                                        |     8|   0|     8|          0|
    |tmp_V_2131_reg_3075                                                                        |     8|   0|     8|          0|
    |tmp_V_2132_reg_3080                                                                        |     8|   0|     8|          0|
    |tmp_V_2133_reg_3085                                                                        |     8|   0|     8|          0|
    |tmp_V_2134_reg_3090                                                                        |     8|   0|     8|          0|
    |tmp_V_2135_reg_3095                                                                        |     8|   0|     8|          0|
    |tmp_V_2136_reg_3100                                                                        |     8|   0|     8|          0|
    |tmp_V_2137_reg_3105                                                                        |     8|   0|     8|          0|
    |tmp_V_2138_reg_3110                                                                        |     8|   0|     8|          0|
    |tmp_V_2139_reg_3115                                                                        |     8|   0|     8|          0|
    |tmp_V_2140_reg_3120                                                                        |     8|   0|     8|          0|
    |tmp_V_2141_reg_3125                                                                        |     8|   0|     8|          0|
    |tmp_V_2142_reg_3130                                                                        |     8|   0|     8|          0|
    |tmp_V_2143_reg_3135                                                                        |     8|   0|     8|          0|
    |tmp_V_2144_reg_3140                                                                        |     8|   0|     8|          0|
    |tmp_V_2145_reg_3145                                                                        |     8|   0|     8|          0|
    |tmp_V_2146_reg_3150                                                                        |     8|   0|     8|          0|
    |tmp_V_2147_reg_3155                                                                        |     8|   0|     8|          0|
    |tmp_V_2148_reg_3160                                                                        |     8|   0|     8|          0|
    |tmp_V_2149_reg_3165                                                                        |     8|   0|     8|          0|
    |tmp_V_2150_reg_3170                                                                        |     8|   0|     8|          0|
    |tmp_V_2151_reg_3175                                                                        |     8|   0|     8|          0|
    |tmp_V_2152_reg_3180                                                                        |     8|   0|     8|          0|
    |tmp_V_2153_reg_3185                                                                        |     8|   0|     8|          0|
    |tmp_V_2154_reg_3190                                                                        |     8|   0|     8|          0|
    |tmp_V_2155_reg_3195                                                                        |     8|   0|     8|          0|
    |tmp_V_2156_reg_3200                                                                        |     8|   0|     8|          0|
    |tmp_V_2157_reg_3205                                                                        |     8|   0|     8|          0|
    |tmp_V_2158_reg_3210                                                                        |     8|   0|     8|          0|
    |tmp_V_2159_reg_3215                                                                        |     8|   0|     8|          0|
    |tmp_V_2160_reg_3220                                                                        |     8|   0|     8|          0|
    |tmp_V_2161_reg_3225                                                                        |     8|   0|     8|          0|
    |tmp_V_2162_reg_3230                                                                        |     8|   0|     8|          0|
    |tmp_V_2163_reg_3235                                                                        |     8|   0|     8|          0|
    |tmp_V_2164_reg_3240                                                                        |     8|   0|     8|          0|
    |tmp_V_2165_reg_3245                                                                        |     8|   0|     8|          0|
    |tmp_V_2166_reg_3250                                                                        |     8|   0|     8|          0|
    |tmp_V_2167_reg_3255                                                                        |     8|   0|     8|          0|
    |tmp_V_2168_reg_3260                                                                        |     8|   0|     8|          0|
    |tmp_V_2169_reg_3265                                                                        |     8|   0|     8|          0|
    |tmp_V_2170_reg_3270                                                                        |     8|   0|     8|          0|
    |tmp_V_2171_reg_3275                                                                        |     8|   0|     8|          0|
    |tmp_V_2172_reg_3280                                                                        |     8|   0|     8|          0|
    |tmp_V_2173_reg_3285                                                                        |     8|   0|     8|          0|
    |tmp_V_2174_reg_3290                                                                        |     8|   0|     8|          0|
    |tmp_V_2175_reg_3295                                                                        |     8|   0|     8|          0|
    |tmp_V_2176_reg_3300                                                                        |     8|   0|     8|          0|
    |tmp_V_2177_reg_3305                                                                        |     8|   0|     8|          0|
    |tmp_V_2178_reg_3310                                                                        |     8|   0|     8|          0|
    |tmp_V_2179_reg_3315                                                                        |     8|   0|     8|          0|
    |tmp_V_2180_reg_3320                                                                        |     8|   0|     8|          0|
    |tmp_V_2181_reg_3325                                                                        |     8|   0|     8|          0|
    |tmp_V_2182_reg_3330                                                                        |     8|   0|     8|          0|
    |tmp_V_2183_reg_3335                                                                        |     8|   0|     8|          0|
    |tmp_V_2184_reg_3340                                                                        |     8|   0|     8|          0|
    |tmp_V_2185_reg_3345                                                                        |     8|   0|     8|          0|
    |tmp_V_2186_reg_3350                                                                        |     8|   0|     8|          0|
    |tmp_V_2187_reg_3355                                                                        |     8|   0|     8|          0|
    |tmp_V_2188_reg_3360                                                                        |     8|   0|     8|          0|
    |tmp_V_2189_reg_3365                                                                        |     8|   0|     8|          0|
    |tmp_V_2190_reg_3370                                                                        |     8|   0|     8|          0|
    |tmp_V_2191_reg_3375                                                                        |     8|   0|     8|          0|
    |tmp_V_2192_reg_3380                                                                        |     8|   0|     8|          0|
    |tmp_V_2193_reg_3385                                                                        |     8|   0|     8|          0|
    |tmp_V_2194_reg_3390                                                                        |     8|   0|     8|          0|
    |tmp_V_2195_reg_3395                                                                        |     8|   0|     8|          0|
    |tmp_V_2196_reg_3400                                                                        |     8|   0|     8|          0|
    |tmp_V_2197_reg_3405                                                                        |     8|   0|     8|          0|
    |tmp_V_2198_reg_3410                                                                        |     8|   0|     8|          0|
    |tmp_V_2199_reg_3415                                                                        |     8|   0|     8|          0|
    |tmp_V_2200_reg_3420                                                                        |     8|   0|     8|          0|
    |tmp_V_2201_reg_3425                                                                        |     8|   0|     8|          0|
    |tmp_V_2202_reg_3430                                                                        |     8|   0|     8|          0|
    |tmp_V_2203_reg_3435                                                                        |     8|   0|     8|          0|
    |tmp_V_2204_reg_3440                                                                        |     8|   0|     8|          0|
    |tmp_V_2205_reg_3445                                                                        |     8|   0|     8|          0|
    |tmp_V_2206_reg_3450                                                                        |     8|   0|     8|          0|
    |tmp_V_2207_reg_3455                                                                        |     8|   0|     8|          0|
    |tmp_V_2208_reg_3460                                                                        |     8|   0|     8|          0|
    |tmp_V_2209_reg_3465                                                                        |     8|   0|     8|          0|
    |tmp_V_2210_reg_3470                                                                        |     8|   0|     8|          0|
    |tmp_V_2211_reg_3475                                                                        |     8|   0|     8|          0|
    |tmp_V_2212_reg_3480                                                                        |     8|   0|     8|          0|
    |tmp_V_2213_reg_3485                                                                        |     8|   0|     8|          0|
    |tmp_V_2214_reg_3490                                                                        |     8|   0|     8|          0|
    |tmp_V_2215_reg_3495                                                                        |     8|   0|     8|          0|
    |tmp_V_2216_reg_3500                                                                        |     8|   0|     8|          0|
    |tmp_V_2217_reg_3505                                                                        |     8|   0|     8|          0|
    |tmp_V_2218_reg_3510                                                                        |     8|   0|     8|          0|
    |tmp_V_2219_reg_3515                                                                        |     8|   0|     8|          0|
    |tmp_V_2220_reg_3520                                                                        |     8|   0|     8|          0|
    |tmp_V_2221_reg_3525                                                                        |     8|   0|     8|          0|
    |tmp_V_2222_reg_3530                                                                        |     8|   0|     8|          0|
    |tmp_V_2223_reg_3535                                                                        |     8|   0|     8|          0|
    |tmp_V_2224_reg_3540                                                                        |     8|   0|     8|          0|
    |tmp_V_2225_reg_3545                                                                        |     8|   0|     8|          0|
    |tmp_V_2226_reg_3550                                                                        |     8|   0|     8|          0|
    |tmp_V_2227_reg_3555                                                                        |     8|   0|     8|          0|
    |tmp_V_2228_reg_3560                                                                        |     8|   0|     8|          0|
    |tmp_V_2229_reg_3565                                                                        |     8|   0|     8|          0|
    |tmp_V_2230_reg_3570                                                                        |     8|   0|     8|          0|
    |tmp_V_2231_reg_3575                                                                        |     8|   0|     8|          0|
    |tmp_V_2232_reg_3580                                                                        |     8|   0|     8|          0|
    |tmp_V_2233_reg_3585                                                                        |     8|   0|     8|          0|
    |tmp_V_2234_reg_3590                                                                        |     8|   0|     8|          0|
    |tmp_V_2235_reg_3595                                                                        |     8|   0|     8|          0|
    |tmp_V_2236_reg_3600                                                                        |     8|   0|     8|          0|
    |tmp_V_2237_reg_3605                                                                        |     8|   0|     8|          0|
    |tmp_V_2238_reg_3610                                                                        |     8|   0|     8|          0|
    |tmp_V_2239_reg_3615                                                                        |     8|   0|     8|          0|
    |tmp_V_2240_reg_3620                                                                        |     8|   0|     8|          0|
    |tmp_V_2241_reg_3625                                                                        |     8|   0|     8|          0|
    |tmp_V_2242_reg_3630                                                                        |     8|   0|     8|          0|
    |tmp_V_2243_reg_3635                                                                        |     8|   0|     8|          0|
    |tmp_V_2244_reg_3640                                                                        |     8|   0|     8|          0|
    |tmp_V_2245_reg_3645                                                                        |     8|   0|     8|          0|
    |tmp_V_2246_reg_3650                                                                        |     8|   0|     8|          0|
    |tmp_V_2247_reg_3655                                                                        |     8|   0|     8|          0|
    |tmp_V_reg_2664                                                                             |     8|   0|     8|          0|
    +-------------------------------------------------------------------------------------------+------+----+------+-----------+
    |Total                                                                                      | 11214|   0| 11214|          0|
    +-------------------------------------------------------------------------------------------+------+----+------+-----------+



================================================================
== Interface
================================================================
* Summary: 
+------------------+-----+-----+------------+-------------------------------------------------------------------------------+--------------+
|     RTL Ports    | Dir | Bits|  Protocol  |                                 Source Object                                 |    C Type    |
+------------------+-----+-----+------------+-------------------------------------------------------------------------------+--------------+
|ap_clk            |  in |    1| ap_ctrl_hs | conv_2d_cl_switch<ap_fixed<8, 2, 5, 3, 0>, ap_fixed<8, 2, 4, 0, 0>, config59> | return value |
|ap_rst            |  in |    1| ap_ctrl_hs | conv_2d_cl_switch<ap_fixed<8, 2, 5, 3, 0>, ap_fixed<8, 2, 4, 0, 0>, config59> | return value |
|ap_start          |  in |    1| ap_ctrl_hs | conv_2d_cl_switch<ap_fixed<8, 2, 5, 3, 0>, ap_fixed<8, 2, 4, 0, 0>, config59> | return value |
|start_full_n      |  in |    1| ap_ctrl_hs | conv_2d_cl_switch<ap_fixed<8, 2, 5, 3, 0>, ap_fixed<8, 2, 4, 0, 0>, config59> | return value |
|ap_done           | out |    1| ap_ctrl_hs | conv_2d_cl_switch<ap_fixed<8, 2, 5, 3, 0>, ap_fixed<8, 2, 4, 0, 0>, config59> | return value |
|ap_continue       |  in |    1| ap_ctrl_hs | conv_2d_cl_switch<ap_fixed<8, 2, 5, 3, 0>, ap_fixed<8, 2, 4, 0, 0>, config59> | return value |
|ap_idle           | out |    1| ap_ctrl_hs | conv_2d_cl_switch<ap_fixed<8, 2, 5, 3, 0>, ap_fixed<8, 2, 4, 0, 0>, config59> | return value |
|ap_ready          | out |    1| ap_ctrl_hs | conv_2d_cl_switch<ap_fixed<8, 2, 5, 3, 0>, ap_fixed<8, 2, 4, 0, 0>, config59> | return value |
|start_out         | out |    1| ap_ctrl_hs | conv_2d_cl_switch<ap_fixed<8, 2, 5, 3, 0>, ap_fixed<8, 2, 4, 0, 0>, config59> | return value |
|start_write       | out |    1| ap_ctrl_hs | conv_2d_cl_switch<ap_fixed<8, 2, 5, 3, 0>, ap_fixed<8, 2, 4, 0, 0>, config59> | return value |
|data_V_V_dout     |  in |    8|   ap_fifo  |                                    data_V_V                                   |    pointer   |
|data_V_V_empty_n  |  in |    1|   ap_fifo  |                                    data_V_V                                   |    pointer   |
|data_V_V_read     | out |    1|   ap_fifo  |                                    data_V_V                                   |    pointer   |
|res_V_V_din       | out |    8|   ap_fifo  |                                    res_V_V                                    |    pointer   |
|res_V_V_full_n    |  in |    1|   ap_fifo  |                                    res_V_V                                    |    pointer   |
|res_V_V_write     | out |    1|   ap_fifo  |                                    res_V_V                                    |    pointer   |
+------------------+-----+-----+------------+-------------------------------------------------------------------------------+--------------+

