

================================================================
== Vivado HLS Report for 'conv_2d_large_cl_nopad_pad_s2s_ap_fixed_ap_fixed_8_2_4_0_0_config48_s'
================================================================
* Date:           Fri Feb  3 02:03:21 2023

* Version:        2019.2 (Build 2704478 on Wed Nov 06 22:10:23 MST 2019)
* Project:        alveo_hls4ml
* Solution:       solution
* Product family: virtexuplus
* Target device:  xcu50-fsvh2104-2L-e


================================================================
== Performance Estimates
================================================================
+ Timing: 
    * Summary: 
    +--------+---------+----------+------------+
    |  Clock |  Target | Estimated| Uncertainty|
    +--------+---------+----------+------------+
    |ap_clk  | 4.00 ns | 2.823 ns |   0.90 ns  |
    +--------+---------+----------+------------+

+ Latency: 
    * Summary: 
    +---------+---------+-----------+----------+------+-------+---------+
    |  Latency (cycles) |  Latency (absolute)  |   Interval   | Pipeline|
    |   min   |   max   |    min    |    max   |  min |  max  |   Type  |
    +---------+---------+-----------+----------+------+-------+---------+
    |     7921|    47761| 31.684 us | 0.191 ms |  7921|  47761|   none  |
    +---------+---------+-----------+----------+------+-------+---------+

    + Detail: 
        * Instance: 
        +-------------------------------------------------------------------------------+-------------------------------------------------------------------+---------+---------+----------+----------+-----+-----+----------+
        |                                                                               |                                                                   |  Latency (cycles) |  Latency (absolute) |  Interval | Pipeline |
        |                                    Instance                                   |                               Module                              |   min   |   max   |    min   |    max   | min | max |   Type   |
        +-------------------------------------------------------------------------------+-------------------------------------------------------------------+---------+---------+----------+----------+-----+-----+----------+
        |grp_dense_large_ap_fixed_8_2_5_3_0_ap_fixed_8_2_4_0_0_config48_mult_s_fu_470   |dense_large_ap_fixed_8_2_5_3_0_ap_fixed_8_2_4_0_0_config48_mult_s  |      102|      102| 0.408 us | 0.408 us |  102|  102|   none   |
        |call_ret_cnnshift_arr_ap_fixed_8_2_5_3_0_ap_fixed_8_2_4_0_0_config48_s_fu_477  |cnnshift_arr_ap_fixed_8_2_5_3_0_ap_fixed_8_2_4_0_0_config48_s      |        0|        0|   0 ns   |   0 ns   |    1|    1| function |
        +-------------------------------------------------------------------------------+-------------------------------------------------------------------+---------+---------+----------+----------+-----+-----+----------+

        * Loop: 
        +----------+---------+---------+----------+-----------+-----------+------+----------+
        |          |  Latency (cycles) | Iteration|  Initiation Interval  | Trip |          |
        | Loop Name|   min   |   max   |  Latency |  achieved |   target  | Count| Pipelined|
        +----------+---------+---------+----------+-----------+-----------+------+----------+
        |- Loop 1  |     7920|    47760| 33 ~ 199 |          -|          -|   240|    no    |
        +----------+---------+---------+----------+-----------+-----------+------+----------+



================================================================
== Utilization Estimates
================================================================
* Summary: 
+---------------------+---------+-------+---------+--------+-----+
|         Name        | BRAM_18K| DSP48E|    FF   |   LUT  | URAM|
+---------------------+---------+-------+---------+--------+-----+
|DSP                  |        -|      -|        -|       -|    -|
|Expression           |        -|      -|        0|     347|    -|
|FIFO                 |        -|      -|        -|       -|    -|
|Instance             |       43|    192|    20080|   45939|    -|
|Memory               |        -|      -|        -|       -|    -|
|Multiplexer          |        -|      -|        -|     817|    -|
|Register             |        -|      -|     5744|       -|    -|
+---------------------+---------+-------+---------+--------+-----+
|Total                |       43|    192|    25824|   47103|    0|
+---------------------+---------+-------+---------+--------+-----+
|Available SLR        |     1344|   2976|   871680|  435840|  320|
+---------------------+---------+-------+---------+--------+-----+
|Utilization SLR (%)  |        3|      6|        2|      10|    0|
+---------------------+---------+-------+---------+--------+-----+
|Available            |     2688|   5952|  1743360|  871680|  640|
+---------------------+---------+-------+---------+--------+-----+
|Utilization (%)      |        1|      3|        1|       5|    0|
+---------------------+---------+-------+---------+--------+-----+

+ Detail: 
    * Instance: 
    +-------------------------------------------------------------------------------+-------------------------------------------------------------------+---------+-------+-------+-------+-----+
    |                                    Instance                                   |                               Module                              | BRAM_18K| DSP48E|   FF  |  LUT  | URAM|
    +-------------------------------------------------------------------------------+-------------------------------------------------------------------+---------+-------+-------+-------+-----+
    |call_ret_cnnshift_arr_ap_fixed_8_2_5_3_0_ap_fixed_8_2_4_0_0_config48_s_fu_477  |cnnshift_arr_ap_fixed_8_2_5_3_0_ap_fixed_8_2_4_0_0_config48_s      |        0|      0|   4097|   2048|    0|
    |grp_dense_large_ap_fixed_8_2_5_3_0_ap_fixed_8_2_4_0_0_config48_mult_s_fu_470   |dense_large_ap_fixed_8_2_5_3_0_ap_fixed_8_2_4_0_0_config48_mult_s  |       43|    192|  15983|  43891|    0|
    +-------------------------------------------------------------------------------+-------------------------------------------------------------------+---------+-------+-------+-------+-----+
    |Total                                                                          |                                                                   |       43|    192|  20080|  45939|    0|
    +-------------------------------------------------------------------------------+-------------------------------------------------------------------+---------+-------+-------+-------+-----+

    * DSP48E: 
    N/A

    * Memory: 
    N/A

    * FIFO: 
    N/A

    * Expression: 
    +-------------------------+----------+-------+---+----+------------+------------+
    |      Variable Name      | Operation| DSP48E| FF| LUT| Bitwidth P0| Bitwidth P1|
    +-------------------------+----------+-------+---+----+------------+------------+
    |add_ln446_fu_1436_p2     |     +    |      0|  0|  32|          32|           1|
    |add_ln448_fu_1447_p2     |     +    |      0|  0|  32|          32|           1|
    |add_ln451_fu_1390_p2     |     +    |      0|  0|  32|          32|           1|
    |add_ln453_fu_1401_p2     |     +    |      0|  0|  32|          32|           1|
    |i_fu_618_p2              |     +    |      0|  0|   8|           8|           1|
    |and_ln420_11_fu_739_p2   |    and   |      0|  0|   2|           1|           1|
    |and_ln420_12_fu_745_p2   |    and   |      0|  0|   2|           1|           1|
    |and_ln420_fu_733_p2      |    and   |      0|  0|   2|           1|           1|
    |ap_block_state2          |    and   |      0|  0|   2|           1|           1|
    |ap_block_state98         |    and   |      0|  0|   2|           1|           1|
    |ap_condition_1018        |    and   |      0|  0|   2|           1|           1|
    |ap_condition_983         |    and   |      0|  0|   2|           1|           1|
    |icmp_ln411_fu_612_p2     |   icmp   |      0|  0|  11|           8|           6|
    |icmp_ln420_16_fu_687_p2  |   icmp   |      0|  0|  20|          32|           2|
    |icmp_ln420_17_fu_707_p2  |   icmp   |      0|  0|  20|          31|           1|
    |icmp_ln420_18_fu_727_p2  |   icmp   |      0|  0|  20|          31|           1|
    |icmp_ln420_fu_677_p2     |   icmp   |      0|  0|  20|          32|           2|
    |icmp_ln438_fu_1385_p2    |   icmp   |      0|  0|  20|          32|           4|
    |icmp_ln442_fu_1431_p2    |   icmp   |      0|  0|  20|          32|           4|
    |ap_block_state1          |    or    |      0|  0|   2|           1|           1|
    |select_ln448_fu_1452_p3  |  select  |      0|  0|  32|           1|           2|
    |select_ln453_fu_1406_p3  |  select  |      0|  0|  32|           1|           2|
    +-------------------------+----------+-------+---+----+------------+------------+
    |Total                    |          |      0|  0| 347|         344|          37|
    +-------------------------+----------+-------+---+----+------------+------------+

    * Multiplexer: 
    +-------------------------------------+-----+-----------+-----+-----------+
    |                 Name                | LUT | Input Size| Bits| Total Bits|
    +-------------------------------------+-----+-----------+-----+-----------+
    |ap_NS_fsm                            |  437|         99|    1|         99|
    |ap_done                              |    9|          2|    1|          2|
    |ap_phi_mux_storemerge_phi_fu_463_p4  |   15|          3|   32|         96|
    |data_V_V_blk_n                       |    9|          2|    1|          2|
    |i_0_reg_449                          |    9|          2|    8|         16|
    |pX_3                                 |    9|          2|   32|         64|
    |pY_3                                 |    9|          2|   32|         64|
    |real_start                           |    9|          2|    1|          2|
    |res_V_V_blk_n                        |    9|          2|    1|          2|
    |res_V_V_din                          |  293|         65|    8|        520|
    |sX_3                                 |    9|          2|   32|         64|
    +-------------------------------------+-----+-----------+-----+-----------+
    |Total                                |  817|        183|  149|        931|
    +-------------------------------------+-----+-----------+-----+-----------+

    * Register: 
    +-------------------------------------------------------------------------------------------+------+----+------+-----------+
    |                                            Name                                           |  FF  | LUT| Bits | Const Bits|
    +-------------------------------------------------------------------------------------------+------+----+------+-----------+
    |and_ln420_12_reg_1672                                                                      |     1|   0|     1|          0|
    |ap_CS_fsm                                                                                  |    98|   0|    98|          0|
    |ap_done_reg                                                                                |     1|   0|     1|          0|
    |call_ret_reg_1635                                                                          |  2304|   0|  2304|          0|
    |grp_dense_large_ap_fixed_8_2_5_3_0_ap_fixed_8_2_4_0_0_config48_mult_s_fu_470_ap_start_reg  |     1|   0|     1|          0|
    |i_0_reg_449                                                                                |     8|   0|     8|          0|
    |i_reg_1475                                                                                 |     8|   0|     8|          0|
    |icmp_ln420_16_reg_1655                                                                     |     1|   0|     1|          0|
    |icmp_ln420_reg_1645                                                                        |     1|   0|     1|          0|
    |layer_in_V_9                                                                               |  2304|   0|  2304|          0|
    |pX_3                                                                                       |    32|   0|    32|          0|
    |pX_3_load_reg_1666                                                                         |    32|   0|    32|          0|
    |pY_3                                                                                       |    32|   0|    32|          0|
    |pY_3_load_reg_1660                                                                         |    32|   0|    32|          0|
    |sX_3                                                                                       |    32|   0|    32|          0|
    |sX_3_load_reg_1640                                                                         |    32|   0|    32|          0|
    |sY_3                                                                                       |    32|   0|    32|          0|
    |sY_3_load_reg_1650                                                                         |    32|   0|    32|          0|
    |start_once_reg                                                                             |     1|   0|     1|          0|
    |tmp_V_1839_reg_1485                                                                        |     8|   0|     8|          0|
    |tmp_V_1840_reg_1490                                                                        |     8|   0|     8|          0|
    |tmp_V_1841_reg_1495                                                                        |     8|   0|     8|          0|
    |tmp_V_1842_reg_1500                                                                        |     8|   0|     8|          0|
    |tmp_V_1843_reg_1505                                                                        |     8|   0|     8|          0|
    |tmp_V_1844_reg_1510                                                                        |     8|   0|     8|          0|
    |tmp_V_1845_reg_1515                                                                        |     8|   0|     8|          0|
    |tmp_V_1846_reg_1520                                                                        |     8|   0|     8|          0|
    |tmp_V_1847_reg_1525                                                                        |     8|   0|     8|          0|
    |tmp_V_1848_reg_1530                                                                        |     8|   0|     8|          0|
    |tmp_V_1849_reg_1535                                                                        |     8|   0|     8|          0|
    |tmp_V_1850_reg_1540                                                                        |     8|   0|     8|          0|
    |tmp_V_1851_reg_1545                                                                        |     8|   0|     8|          0|
    |tmp_V_1852_reg_1550                                                                        |     8|   0|     8|          0|
    |tmp_V_1853_reg_1555                                                                        |     8|   0|     8|          0|
    |tmp_V_1854_reg_1560                                                                        |     8|   0|     8|          0|
    |tmp_V_1855_reg_1565                                                                        |     8|   0|     8|          0|
    |tmp_V_1856_reg_1570                                                                        |     8|   0|     8|          0|
    |tmp_V_1857_reg_1575                                                                        |     8|   0|     8|          0|
    |tmp_V_1858_reg_1580                                                                        |     8|   0|     8|          0|
    |tmp_V_1859_reg_1585                                                                        |     8|   0|     8|          0|
    |tmp_V_1860_reg_1590                                                                        |     8|   0|     8|          0|
    |tmp_V_1861_reg_1595                                                                        |     8|   0|     8|          0|
    |tmp_V_1862_reg_1600                                                                        |     8|   0|     8|          0|
    |tmp_V_1863_reg_1605                                                                        |     8|   0|     8|          0|
    |tmp_V_1864_reg_1610                                                                        |     8|   0|     8|          0|
    |tmp_V_1865_reg_1615                                                                        |     8|   0|     8|          0|
    |tmp_V_1866_reg_1620                                                                        |     8|   0|     8|          0|
    |tmp_V_1867_reg_1625                                                                        |     8|   0|     8|          0|
    |tmp_V_1868_reg_1630                                                                        |     8|   0|     8|          0|
    |tmp_V_1870_reg_1676                                                                        |     8|   0|     8|          0|
    |tmp_V_1871_reg_1681                                                                        |     8|   0|     8|          0|
    |tmp_V_1872_reg_1686                                                                        |     8|   0|     8|          0|
    |tmp_V_1873_reg_1691                                                                        |     8|   0|     8|          0|
    |tmp_V_1874_reg_1696                                                                        |     8|   0|     8|          0|
    |tmp_V_1875_reg_1701                                                                        |     8|   0|     8|          0|
    |tmp_V_1876_reg_1706                                                                        |     8|   0|     8|          0|
    |tmp_V_1877_reg_1711                                                                        |     8|   0|     8|          0|
    |tmp_V_1878_reg_1716                                                                        |     8|   0|     8|          0|
    |tmp_V_1879_reg_1721                                                                        |     8|   0|     8|          0|
    |tmp_V_1880_reg_1726                                                                        |     8|   0|     8|          0|
    |tmp_V_1881_reg_1731                                                                        |     8|   0|     8|          0|
    |tmp_V_1882_reg_1736                                                                        |     8|   0|     8|          0|
    |tmp_V_1883_reg_1741                                                                        |     8|   0|     8|          0|
    |tmp_V_1884_reg_1746                                                                        |     8|   0|     8|          0|
    |tmp_V_1885_reg_1751                                                                        |     8|   0|     8|          0|
    |tmp_V_1886_reg_1756                                                                        |     8|   0|     8|          0|
    |tmp_V_1887_reg_1761                                                                        |     8|   0|     8|          0|
    |tmp_V_1888_reg_1766                                                                        |     8|   0|     8|          0|
    |tmp_V_1889_reg_1771                                                                        |     8|   0|     8|          0|
    |tmp_V_1890_reg_1776                                                                        |     8|   0|     8|          0|
    |tmp_V_1891_reg_1781                                                                        |     8|   0|     8|          0|
    |tmp_V_1892_reg_1786                                                                        |     8|   0|     8|          0|
    |tmp_V_1893_reg_1791                                                                        |     8|   0|     8|          0|
    |tmp_V_1894_reg_1796                                                                        |     8|   0|     8|          0|
    |tmp_V_1895_reg_1801                                                                        |     8|   0|     8|          0|
    |tmp_V_1896_reg_1806                                                                        |     8|   0|     8|          0|
    |tmp_V_1897_reg_1811                                                                        |     8|   0|     8|          0|
    |tmp_V_1898_reg_1816                                                                        |     8|   0|     8|          0|
    |tmp_V_1899_reg_1821                                                                        |     8|   0|     8|          0|
    |tmp_V_1900_reg_1826                                                                        |     8|   0|     8|          0|
    |tmp_V_1901_reg_1831                                                                        |     8|   0|     8|          0|
    |tmp_V_1902_reg_1836                                                                        |     8|   0|     8|          0|
    |tmp_V_1903_reg_1841                                                                        |     8|   0|     8|          0|
    |tmp_V_1904_reg_1846                                                                        |     8|   0|     8|          0|
    |tmp_V_1905_reg_1851                                                                        |     8|   0|     8|          0|
    |tmp_V_1906_reg_1856                                                                        |     8|   0|     8|          0|
    |tmp_V_1907_reg_1861                                                                        |     8|   0|     8|          0|
    |tmp_V_1908_reg_1866                                                                        |     8|   0|     8|          0|
    |tmp_V_1909_reg_1871                                                                        |     8|   0|     8|          0|
    |tmp_V_1910_reg_1876                                                                        |     8|   0|     8|          0|
    |tmp_V_1911_reg_1881                                                                        |     8|   0|     8|          0|
    |tmp_V_1912_reg_1886                                                                        |     8|   0|     8|          0|
    |tmp_V_1913_reg_1891                                                                        |     8|   0|     8|          0|
    |tmp_V_1914_reg_1896                                                                        |     8|   0|     8|          0|
    |tmp_V_1915_reg_1901                                                                        |     8|   0|     8|          0|
    |tmp_V_1916_reg_1906                                                                        |     8|   0|     8|          0|
    |tmp_V_1917_reg_1911                                                                        |     8|   0|     8|          0|
    |tmp_V_1918_reg_1916                                                                        |     8|   0|     8|          0|
    |tmp_V_1919_reg_1921                                                                        |     8|   0|     8|          0|
    |tmp_V_1920_reg_1926                                                                        |     8|   0|     8|          0|
    |tmp_V_1921_reg_1931                                                                        |     8|   0|     8|          0|
    |tmp_V_1922_reg_1936                                                                        |     8|   0|     8|          0|
    |tmp_V_1923_reg_1941                                                                        |     8|   0|     8|          0|
    |tmp_V_1924_reg_1946                                                                        |     8|   0|     8|          0|
    |tmp_V_1925_reg_1951                                                                        |     8|   0|     8|          0|
    |tmp_V_1926_reg_1956                                                                        |     8|   0|     8|          0|
    |tmp_V_1927_reg_1961                                                                        |     8|   0|     8|          0|
    |tmp_V_1928_reg_1966                                                                        |     8|   0|     8|          0|
    |tmp_V_1929_reg_1971                                                                        |     8|   0|     8|          0|
    |tmp_V_1930_reg_1976                                                                        |     8|   0|     8|          0|
    |tmp_V_1931_reg_1981                                                                        |     8|   0|     8|          0|
    |tmp_V_1932_reg_1986                                                                        |     8|   0|     8|          0|
    |tmp_V_1933_reg_1991                                                                        |     8|   0|     8|          0|
    |tmp_V_reg_1480                                                                             |     8|   0|     8|          0|
    +-------------------------------------------------------------------------------------------+------+----+------+-----------+
    |Total                                                                                      |  5744|   0|  5744|          0|
    +-------------------------------------------------------------------------------------------+------+----+------+-----------+



================================================================
== Interface
================================================================
* Summary: 
+------------------+-----+-----+------------+-----------------------------------------------------------------------+--------------+
|     RTL Ports    | Dir | Bits|  Protocol  |                             Source Object                             |    C Type    |
+------------------+-----+-----+------------+-----------------------------------------------------------------------+--------------+
|ap_clk            |  in |    1| ap_ctrl_hs | conv_2d_large_cl_nopad_pad_s2s<ap_fixed,ap_fixed<8,2,4,0,0>,config48> | return value |
|ap_rst            |  in |    1| ap_ctrl_hs | conv_2d_large_cl_nopad_pad_s2s<ap_fixed,ap_fixed<8,2,4,0,0>,config48> | return value |
|ap_start          |  in |    1| ap_ctrl_hs | conv_2d_large_cl_nopad_pad_s2s<ap_fixed,ap_fixed<8,2,4,0,0>,config48> | return value |
|start_full_n      |  in |    1| ap_ctrl_hs | conv_2d_large_cl_nopad_pad_s2s<ap_fixed,ap_fixed<8,2,4,0,0>,config48> | return value |
|ap_done           | out |    1| ap_ctrl_hs | conv_2d_large_cl_nopad_pad_s2s<ap_fixed,ap_fixed<8,2,4,0,0>,config48> | return value |
|ap_continue       |  in |    1| ap_ctrl_hs | conv_2d_large_cl_nopad_pad_s2s<ap_fixed,ap_fixed<8,2,4,0,0>,config48> | return value |
|ap_idle           | out |    1| ap_ctrl_hs | conv_2d_large_cl_nopad_pad_s2s<ap_fixed,ap_fixed<8,2,4,0,0>,config48> | return value |
|ap_ready          | out |    1| ap_ctrl_hs | conv_2d_large_cl_nopad_pad_s2s<ap_fixed,ap_fixed<8,2,4,0,0>,config48> | return value |
|start_out         | out |    1| ap_ctrl_hs | conv_2d_large_cl_nopad_pad_s2s<ap_fixed,ap_fixed<8,2,4,0,0>,config48> | return value |
|start_write       | out |    1| ap_ctrl_hs | conv_2d_large_cl_nopad_pad_s2s<ap_fixed,ap_fixed<8,2,4,0,0>,config48> | return value |
|data_V_V_dout     |  in |    8|   ap_fifo  |                                data_V_V                               |    pointer   |
|data_V_V_empty_n  |  in |    1|   ap_fifo  |                                data_V_V                               |    pointer   |
|data_V_V_read     | out |    1|   ap_fifo  |                                data_V_V                               |    pointer   |
|res_V_V_din       | out |    8|   ap_fifo  |                                res_V_V                                |    pointer   |
|res_V_V_full_n    |  in |    1|   ap_fifo  |                                res_V_V                                |    pointer   |
|res_V_V_write     | out |    1|   ap_fifo  |                                res_V_V                                |    pointer   |
+------------------+-----+-----+------------+-----------------------------------------------------------------------+--------------+

