

================================================================
== Vivado HLS Report for 'conv_2d_large_cl_nopad_pad_s2s_ap_fixed_ap_fixed_8_2_4_0_0_config59_s'
================================================================
* Date:           Sat Jan 21 04:22:36 2023

* Version:        2019.2 (Build 2704478 on Wed Nov 06 22:10:23 MST 2019)
* Project:        alveo_hls4ml
* Solution:       solution
* Product family: virtexuplus
* Target device:  xcu50-fsvh2104-2L-e


================================================================
== Performance Estimates
================================================================
+ Timing: 
    * Summary: 
    +--------+---------+----------+------------+
    |  Clock |  Target | Estimated| Uncertainty|
    +--------+---------+----------+------------+
    |ap_clk  | 4.00 ns | 3.016 ns |   0.90 ns  |
    +--------+---------+----------+------------+

+ Latency: 
    * Summary: 
    +---------+---------+-----------+----------+------+-------+---------+
    |  Latency (cycles) |  Latency (absolute)  |   Interval   | Pipeline|
    |   min   |   max   |    min    |    max   |  min |  max  |   Type  |
    +---------+---------+-----------+----------+------+-------+---------+
    |     4681|    34849| 18.724 us | 0.139 ms |  4681|  34849|   none  |
    +---------+---------+-----------+----------+------+-------+---------+

    + Detail: 
        * Instance: 
        +-------------------------------------------------------------------------------+-------------------------------------------------------------------+---------+---------+----------+----------+-----+-----+----------+
        |                                                                               |                                                                   |  Latency (cycles) |  Latency (absolute) |  Interval | Pipeline |
        |                                    Instance                                   |                               Module                              |   min   |   max   |    min   |    max   | min | max |   Type   |
        +-------------------------------------------------------------------------------+-------------------------------------------------------------------+---------+---------+----------+----------+-----+-----+----------+
        |grp_dense_large_ap_fixed_8_2_5_3_0_ap_fixed_8_2_4_0_0_config59_mult_s_fu_854   |dense_large_ap_fixed_8_2_5_3_0_ap_fixed_8_2_4_0_0_config59_mult_s  |      291|      291| 1.164 us | 1.164 us |  291|  291|   none   |
        |call_ret_cnnshift_arr_ap_fixed_8_2_5_3_0_ap_fixed_8_2_4_0_0_config59_s_fu_861  |cnnshift_arr_ap_fixed_8_2_5_3_0_ap_fixed_8_2_4_0_0_config59_s      |        0|        0|   0 ns   |   0 ns   |    1|    1| function |
        +-------------------------------------------------------------------------------+-------------------------------------------------------------------+---------+---------+----------+----------+-----+-----+----------+

        * Loop: 
        +----------+---------+---------+----------+-----------+-----------+------+----------+
        |          |  Latency (cycles) | Iteration|  Initiation Interval  | Trip |          |
        | Loop Name|   min   |   max   |  Latency |  achieved |   target  | Count| Pipelined|
        +----------+---------+---------+----------+-----------+-----------+------+----------+
        |- Loop 1  |     4680|    34848| 65 ~ 484 |          -|          -|    72|    no    |
        +----------+---------+---------+----------+-----------+-----------+------+----------+



================================================================
== Utilization Estimates
================================================================
* Summary: 
+---------------------+---------+-------+---------+--------+-----+
|         Name        | BRAM_18K| DSP48E|    FF   |   LUT  | URAM|
+---------------------+---------+-------+---------+--------+-----+
|DSP                  |        -|      -|        -|       -|    -|
|Expression           |        -|      -|        0|     346|    -|
|FIFO                 |        -|      -|        -|       -|    -|
|Instance             |       57|      0|    14151|   63374|    -|
|Memory               |        -|      -|        -|       -|    -|
|Multiplexer          |        -|      -|        -|    1513|    -|
|Register             |        -|      -|    11214|       -|    -|
+---------------------+---------+-------+---------+--------+-----+
|Total                |       57|      0|    25365|   65233|    0|
+---------------------+---------+-------+---------+--------+-----+
|Available SLR        |     1344|   2976|   871680|  435840|  320|
+---------------------+---------+-------+---------+--------+-----+
|Utilization SLR (%)  |        4|      0|        2|      14|    0|
+---------------------+---------+-------+---------+--------+-----+
|Available            |     2688|   5952|  1743360|  871680|  640|
+---------------------+---------+-------+---------+--------+-----+
|Utilization (%)      |        2|      0|        1|       7|    0|
+---------------------+---------+-------+---------+--------+-----+

+ Detail: 
    * Instance: 
    +-------------------------------------------------------------------------------+-------------------------------------------------------------------+---------+-------+------+-------+-----+
    |                                    Instance                                   |                               Module                              | BRAM_18K| DSP48E|  FF  |  LUT  | URAM|
    +-------------------------------------------------------------------------------+-------------------------------------------------------------------+---------+-------+------+-------+-----+
    |call_ret_cnnshift_arr_ap_fixed_8_2_5_3_0_ap_fixed_8_2_4_0_0_config59_s_fu_861  |cnnshift_arr_ap_fixed_8_2_5_3_0_ap_fixed_8_2_4_0_0_config59_s      |        0|      0|  8193|   4096|    0|
    |grp_dense_large_ap_fixed_8_2_5_3_0_ap_fixed_8_2_4_0_0_config59_mult_s_fu_854   |dense_large_ap_fixed_8_2_5_3_0_ap_fixed_8_2_4_0_0_config59_mult_s  |       57|      0|  5958|  59278|    0|
    +-------------------------------------------------------------------------------+-------------------------------------------------------------------+---------+-------+------+-------+-----+
    |Total                                                                          |                                                                   |       57|      0| 14151|  63374|    0|
    +-------------------------------------------------------------------------------+-------------------------------------------------------------------+---------+-------+------+-------+-----+

    * DSP48E: 
    N/A

    * Memory: 
    N/A

    * FIFO: 
    N/A

    * Expression: 
    +--------------------------+----------+-------+---+----+------------+------------+
    |       Variable Name      | Operation| DSP48E| FF| LUT| Bitwidth P0| Bitwidth P1|
    +--------------------------+----------+-------+---+----+------------+------------+
    |add_ln446_fu_2620_p2      |     +    |      0|  0|  32|          32|           1|
    |add_ln448_fu_2631_p2      |     +    |      0|  0|  32|          32|           1|
    |add_ln451_fu_2574_p2      |     +    |      0|  0|  32|          32|           1|
    |add_ln453_fu_2585_p2      |     +    |      0|  0|  32|          32|           1|
    |i_fu_1130_p2              |     +    |      0|  0|   7|           7|           1|
    |and_ln420_7_fu_1283_p2    |    and   |      0|  0|   2|           1|           1|
    |and_ln420_8_fu_1289_p2    |    and   |      0|  0|   2|           1|           1|
    |and_ln420_fu_1277_p2      |    and   |      0|  0|   2|           1|           1|
    |ap_block_state194         |    and   |      0|  0|   2|           1|           1|
    |ap_block_state2           |    and   |      0|  0|   2|           1|           1|
    |ap_condition_1847         |    and   |      0|  0|   2|           1|           1|
    |ap_condition_1882         |    and   |      0|  0|   2|           1|           1|
    |icmp_ln411_fu_1124_p2     |   icmp   |      0|  0|  11|           7|           7|
    |icmp_ln420_10_fu_1231_p2  |   icmp   |      0|  0|  20|          32|           2|
    |icmp_ln420_11_fu_1251_p2  |   icmp   |      0|  0|  20|          31|           1|
    |icmp_ln420_12_fu_1271_p2  |   icmp   |      0|  0|  20|          31|           1|
    |icmp_ln420_fu_1221_p2     |   icmp   |      0|  0|  20|          32|           2|
    |icmp_ln438_fu_2569_p2     |   icmp   |      0|  0|  20|          32|           3|
    |icmp_ln442_fu_2615_p2     |   icmp   |      0|  0|  20|          32|           4|
    |ap_block_state1           |    or    |      0|  0|   2|           1|           1|
    |select_ln448_fu_2636_p3   |  select  |      0|  0|  32|           1|           2|
    |select_ln453_fu_2590_p3   |  select  |      0|  0|  32|           1|           2|
    +--------------------------+----------+-------+---+----+------------+------------+
    |Total                     |          |      0|  0| 346|         342|          37|
    +--------------------------+----------+-------+---+----+------------+------------+

    * Multiplexer: 
    +-------------------------------------+-----+-----------+-----+-----------+
    |                 Name                | LUT | Input Size| Bits| Total Bits|
    +-------------------------------------+-----+-----------+-----+-----------+
    |ap_NS_fsm                            |  845|        195|    1|        195|
    |ap_done                              |    9|          2|    1|          2|
    |ap_phi_mux_storemerge_phi_fu_847_p4  |   15|          3|   32|         96|
    |data_V_V_blk_n                       |    9|          2|    1|          2|
    |i_0_reg_833                          |    9|          2|    7|         14|
    |pX_1                                 |    9|          2|   32|         64|
    |pY_1                                 |    9|          2|   32|         64|
    |real_start                           |    9|          2|    1|          2|
    |res_V_V_blk_n                        |    9|          2|    1|          2|
    |res_V_V_din                          |  581|        129|    8|       1032|
    |sX_1                                 |    9|          2|   32|         64|
    +-------------------------------------+-----+-----------+-----+-----------+
    |Total                                | 1513|        343|  148|       1537|
    +-------------------------------------+-----+-----------+-----+-----------+

    * Register: 
    +-------------------------------------------------------------------------------------------+------+----+------+-----------+
    |                                            Name                                           |  FF  | LUT| Bits | Const Bits|
    +-------------------------------------------------------------------------------------------+------+----+------+-----------+
    |and_ln420_8_reg_3016                                                                       |     1|   0|     1|          0|
    |ap_CS_fsm                                                                                  |   194|   0|   194|          0|
    |ap_done_reg                                                                                |     1|   0|     1|          0|
    |call_ret_reg_2979                                                                          |  4608|   0|  4608|          0|
    |grp_dense_large_ap_fixed_8_2_5_3_0_ap_fixed_8_2_4_0_0_config59_mult_s_fu_854_ap_start_reg  |     1|   0|     1|          0|
    |i_0_reg_833                                                                                |     7|   0|     7|          0|
    |i_reg_2659                                                                                 |     7|   0|     7|          0|
    |icmp_ln420_10_reg_2999                                                                     |     1|   0|     1|          0|
    |icmp_ln420_reg_2989                                                                        |     1|   0|     1|          0|
    |layer_in_V_15                                                                              |  4608|   0|  4608|          0|
    |pX_1                                                                                       |    32|   0|    32|          0|
    |pX_1_load_reg_3010                                                                         |    32|   0|    32|          0|
    |pY_1                                                                                       |    32|   0|    32|          0|
    |pY_1_load_reg_3004                                                                         |    32|   0|    32|          0|
    |sX_1                                                                                       |    32|   0|    32|          0|
    |sX_1_load_reg_2984                                                                         |    32|   0|    32|          0|
    |sY_1                                                                                       |    32|   0|    32|          0|
    |sY_1_load_reg_2994                                                                         |    32|   0|    32|          0|
    |start_once_reg                                                                             |     1|   0|     1|          0|
    |tmp_V_1521_reg_2669                                                                        |     8|   0|     8|          0|
    |tmp_V_1522_reg_2674                                                                        |     8|   0|     8|          0|
    |tmp_V_1523_reg_2679                                                                        |     8|   0|     8|          0|
    |tmp_V_1524_reg_2684                                                                        |     8|   0|     8|          0|
    |tmp_V_1525_reg_2689                                                                        |     8|   0|     8|          0|
    |tmp_V_1526_reg_2694                                                                        |     8|   0|     8|          0|
    |tmp_V_1527_reg_2699                                                                        |     8|   0|     8|          0|
    |tmp_V_1528_reg_2704                                                                        |     8|   0|     8|          0|
    |tmp_V_1529_reg_2709                                                                        |     8|   0|     8|          0|
    |tmp_V_1530_reg_2714                                                                        |     8|   0|     8|          0|
    |tmp_V_1531_reg_2719                                                                        |     8|   0|     8|          0|
    |tmp_V_1532_reg_2724                                                                        |     8|   0|     8|          0|
    |tmp_V_1533_reg_2729                                                                        |     8|   0|     8|          0|
    |tmp_V_1534_reg_2734                                                                        |     8|   0|     8|          0|
    |tmp_V_1535_reg_2739                                                                        |     8|   0|     8|          0|
    |tmp_V_1536_reg_2744                                                                        |     8|   0|     8|          0|
    |tmp_V_1537_reg_2749                                                                        |     8|   0|     8|          0|
    |tmp_V_1538_reg_2754                                                                        |     8|   0|     8|          0|
    |tmp_V_1539_reg_2759                                                                        |     8|   0|     8|          0|
    |tmp_V_1540_reg_2764                                                                        |     8|   0|     8|          0|
    |tmp_V_1541_reg_2769                                                                        |     8|   0|     8|          0|
    |tmp_V_1542_reg_2774                                                                        |     8|   0|     8|          0|
    |tmp_V_1543_reg_2779                                                                        |     8|   0|     8|          0|
    |tmp_V_1544_reg_2784                                                                        |     8|   0|     8|          0|
    |tmp_V_1545_reg_2789                                                                        |     8|   0|     8|          0|
    |tmp_V_1546_reg_2794                                                                        |     8|   0|     8|          0|
    |tmp_V_1547_reg_2799                                                                        |     8|   0|     8|          0|
    |tmp_V_1548_reg_2804                                                                        |     8|   0|     8|          0|
    |tmp_V_1549_reg_2809                                                                        |     8|   0|     8|          0|
    |tmp_V_1550_reg_2814                                                                        |     8|   0|     8|          0|
    |tmp_V_1551_reg_2819                                                                        |     8|   0|     8|          0|
    |tmp_V_1552_reg_2824                                                                        |     8|   0|     8|          0|
    |tmp_V_1553_reg_2829                                                                        |     8|   0|     8|          0|
    |tmp_V_1554_reg_2834                                                                        |     8|   0|     8|          0|
    |tmp_V_1555_reg_2839                                                                        |     8|   0|     8|          0|
    |tmp_V_1556_reg_2844                                                                        |     8|   0|     8|          0|
    |tmp_V_1557_reg_2849                                                                        |     8|   0|     8|          0|
    |tmp_V_1558_reg_2854                                                                        |     8|   0|     8|          0|
    |tmp_V_1559_reg_2859                                                                        |     8|   0|     8|          0|
    |tmp_V_1560_reg_2864                                                                        |     8|   0|     8|          0|
    |tmp_V_1561_reg_2869                                                                        |     8|   0|     8|          0|
    |tmp_V_1562_reg_2874                                                                        |     8|   0|     8|          0|
    |tmp_V_1563_reg_2879                                                                        |     8|   0|     8|          0|
    |tmp_V_1564_reg_2884                                                                        |     8|   0|     8|          0|
    |tmp_V_1565_reg_2889                                                                        |     8|   0|     8|          0|
    |tmp_V_1566_reg_2894                                                                        |     8|   0|     8|          0|
    |tmp_V_1567_reg_2899                                                                        |     8|   0|     8|          0|
    |tmp_V_1568_reg_2904                                                                        |     8|   0|     8|          0|
    |tmp_V_1569_reg_2909                                                                        |     8|   0|     8|          0|
    |tmp_V_1570_reg_2914                                                                        |     8|   0|     8|          0|
    |tmp_V_1571_reg_2919                                                                        |     8|   0|     8|          0|
    |tmp_V_1572_reg_2924                                                                        |     8|   0|     8|          0|
    |tmp_V_1573_reg_2929                                                                        |     8|   0|     8|          0|
    |tmp_V_1574_reg_2934                                                                        |     8|   0|     8|          0|
    |tmp_V_1575_reg_2939                                                                        |     8|   0|     8|          0|
    |tmp_V_1576_reg_2944                                                                        |     8|   0|     8|          0|
    |tmp_V_1577_reg_2949                                                                        |     8|   0|     8|          0|
    |tmp_V_1578_reg_2954                                                                        |     8|   0|     8|          0|
    |tmp_V_1579_reg_2959                                                                        |     8|   0|     8|          0|
    |tmp_V_1580_reg_2964                                                                        |     8|   0|     8|          0|
    |tmp_V_1581_reg_2969                                                                        |     8|   0|     8|          0|
    |tmp_V_1582_reg_2974                                                                        |     8|   0|     8|          0|
    |tmp_V_1584_reg_3020                                                                        |     8|   0|     8|          0|
    |tmp_V_1585_reg_3025                                                                        |     8|   0|     8|          0|
    |tmp_V_1586_reg_3030                                                                        |     8|   0|     8|          0|
    |tmp_V_1587_reg_3035                                                                        |     8|   0|     8|          0|
    |tmp_V_1588_reg_3040                                                                        |     8|   0|     8|          0|
    |tmp_V_1589_reg_3045                                                                        |     8|   0|     8|          0|
    |tmp_V_1590_reg_3050                                                                        |     8|   0|     8|          0|
    |tmp_V_1591_reg_3055                                                                        |     8|   0|     8|          0|
    |tmp_V_1592_reg_3060                                                                        |     8|   0|     8|          0|
    |tmp_V_1593_reg_3065                                                                        |     8|   0|     8|          0|
    |tmp_V_1594_reg_3070                                                                        |     8|   0|     8|          0|
    |tmp_V_1595_reg_3075                                                                        |     8|   0|     8|          0|
    |tmp_V_1596_reg_3080                                                                        |     8|   0|     8|          0|
    |tmp_V_1597_reg_3085                                                                        |     8|   0|     8|          0|
    |tmp_V_1598_reg_3090                                                                        |     8|   0|     8|          0|
    |tmp_V_1599_reg_3095                                                                        |     8|   0|     8|          0|
    |tmp_V_1600_reg_3100                                                                        |     8|   0|     8|          0|
    |tmp_V_1601_reg_3105                                                                        |     8|   0|     8|          0|
    |tmp_V_1602_reg_3110                                                                        |     8|   0|     8|          0|
    |tmp_V_1603_reg_3115                                                                        |     8|   0|     8|          0|
    |tmp_V_1604_reg_3120                                                                        |     8|   0|     8|          0|
    |tmp_V_1605_reg_3125                                                                        |     8|   0|     8|          0|
    |tmp_V_1606_reg_3130                                                                        |     8|   0|     8|          0|
    |tmp_V_1607_reg_3135                                                                        |     8|   0|     8|          0|
    |tmp_V_1608_reg_3140                                                                        |     8|   0|     8|          0|
    |tmp_V_1609_reg_3145                                                                        |     8|   0|     8|          0|
    |tmp_V_1610_reg_3150                                                                        |     8|   0|     8|          0|
    |tmp_V_1611_reg_3155                                                                        |     8|   0|     8|          0|
    |tmp_V_1612_reg_3160                                                                        |     8|   0|     8|          0|
    |tmp_V_1613_reg_3165                                                                        |     8|   0|     8|          0|
    |tmp_V_1614_reg_3170                                                                        |     8|   0|     8|          0|
    |tmp_V_1615_reg_3175                                                                        |     8|   0|     8|          0|
    |tmp_V_1616_reg_3180                                                                        |     8|   0|     8|          0|
    |tmp_V_1617_reg_3185                                                                        |     8|   0|     8|          0|
    |tmp_V_1618_reg_3190                                                                        |     8|   0|     8|          0|
    |tmp_V_1619_reg_3195                                                                        |     8|   0|     8|          0|
    |tmp_V_1620_reg_3200                                                                        |     8|   0|     8|          0|
    |tmp_V_1621_reg_3205                                                                        |     8|   0|     8|          0|
    |tmp_V_1622_reg_3210                                                                        |     8|   0|     8|          0|
    |tmp_V_1623_reg_3215                                                                        |     8|   0|     8|          0|
    |tmp_V_1624_reg_3220                                                                        |     8|   0|     8|          0|
    |tmp_V_1625_reg_3225                                                                        |     8|   0|     8|          0|
    |tmp_V_1626_reg_3230                                                                        |     8|   0|     8|          0|
    |tmp_V_1627_reg_3235                                                                        |     8|   0|     8|          0|
    |tmp_V_1628_reg_3240                                                                        |     8|   0|     8|          0|
    |tmp_V_1629_reg_3245                                                                        |     8|   0|     8|          0|
    |tmp_V_1630_reg_3250                                                                        |     8|   0|     8|          0|
    |tmp_V_1631_reg_3255                                                                        |     8|   0|     8|          0|
    |tmp_V_1632_reg_3260                                                                        |     8|   0|     8|          0|
    |tmp_V_1633_reg_3265                                                                        |     8|   0|     8|          0|
    |tmp_V_1634_reg_3270                                                                        |     8|   0|     8|          0|
    |tmp_V_1635_reg_3275                                                                        |     8|   0|     8|          0|
    |tmp_V_1636_reg_3280                                                                        |     8|   0|     8|          0|
    |tmp_V_1637_reg_3285                                                                        |     8|   0|     8|          0|
    |tmp_V_1638_reg_3290                                                                        |     8|   0|     8|          0|
    |tmp_V_1639_reg_3295                                                                        |     8|   0|     8|          0|
    |tmp_V_1640_reg_3300                                                                        |     8|   0|     8|          0|
    |tmp_V_1641_reg_3305                                                                        |     8|   0|     8|          0|
    |tmp_V_1642_reg_3310                                                                        |     8|   0|     8|          0|
    |tmp_V_1643_reg_3315                                                                        |     8|   0|     8|          0|
    |tmp_V_1644_reg_3320                                                                        |     8|   0|     8|          0|
    |tmp_V_1645_reg_3325                                                                        |     8|   0|     8|          0|
    |tmp_V_1646_reg_3330                                                                        |     8|   0|     8|          0|
    |tmp_V_1647_reg_3335                                                                        |     8|   0|     8|          0|
    |tmp_V_1648_reg_3340                                                                        |     8|   0|     8|          0|
    |tmp_V_1649_reg_3345                                                                        |     8|   0|     8|          0|
    |tmp_V_1650_reg_3350                                                                        |     8|   0|     8|          0|
    |tmp_V_1651_reg_3355                                                                        |     8|   0|     8|          0|
    |tmp_V_1652_reg_3360                                                                        |     8|   0|     8|          0|
    |tmp_V_1653_reg_3365                                                                        |     8|   0|     8|          0|
    |tmp_V_1654_reg_3370                                                                        |     8|   0|     8|          0|
    |tmp_V_1655_reg_3375                                                                        |     8|   0|     8|          0|
    |tmp_V_1656_reg_3380                                                                        |     8|   0|     8|          0|
    |tmp_V_1657_reg_3385                                                                        |     8|   0|     8|          0|
    |tmp_V_1658_reg_3390                                                                        |     8|   0|     8|          0|
    |tmp_V_1659_reg_3395                                                                        |     8|   0|     8|          0|
    |tmp_V_1660_reg_3400                                                                        |     8|   0|     8|          0|
    |tmp_V_1661_reg_3405                                                                        |     8|   0|     8|          0|
    |tmp_V_1662_reg_3410                                                                        |     8|   0|     8|          0|
    |tmp_V_1663_reg_3415                                                                        |     8|   0|     8|          0|
    |tmp_V_1664_reg_3420                                                                        |     8|   0|     8|          0|
    |tmp_V_1665_reg_3425                                                                        |     8|   0|     8|          0|
    |tmp_V_1666_reg_3430                                                                        |     8|   0|     8|          0|
    |tmp_V_1667_reg_3435                                                                        |     8|   0|     8|          0|
    |tmp_V_1668_reg_3440                                                                        |     8|   0|     8|          0|
    |tmp_V_1669_reg_3445                                                                        |     8|   0|     8|          0|
    |tmp_V_1670_reg_3450                                                                        |     8|   0|     8|          0|
    |tmp_V_1671_reg_3455                                                                        |     8|   0|     8|          0|
    |tmp_V_1672_reg_3460                                                                        |     8|   0|     8|          0|
    |tmp_V_1673_reg_3465                                                                        |     8|   0|     8|          0|
    |tmp_V_1674_reg_3470                                                                        |     8|   0|     8|          0|
    |tmp_V_1675_reg_3475                                                                        |     8|   0|     8|          0|
    |tmp_V_1676_reg_3480                                                                        |     8|   0|     8|          0|
    |tmp_V_1677_reg_3485                                                                        |     8|   0|     8|          0|
    |tmp_V_1678_reg_3490                                                                        |     8|   0|     8|          0|
    |tmp_V_1679_reg_3495                                                                        |     8|   0|     8|          0|
    |tmp_V_1680_reg_3500                                                                        |     8|   0|     8|          0|
    |tmp_V_1681_reg_3505                                                                        |     8|   0|     8|          0|
    |tmp_V_1682_reg_3510                                                                        |     8|   0|     8|          0|
    |tmp_V_1683_reg_3515                                                                        |     8|   0|     8|          0|
    |tmp_V_1684_reg_3520                                                                        |     8|   0|     8|          0|
    |tmp_V_1685_reg_3525                                                                        |     8|   0|     8|          0|
    |tmp_V_1686_reg_3530                                                                        |     8|   0|     8|          0|
    |tmp_V_1687_reg_3535                                                                        |     8|   0|     8|          0|
    |tmp_V_1688_reg_3540                                                                        |     8|   0|     8|          0|
    |tmp_V_1689_reg_3545                                                                        |     8|   0|     8|          0|
    |tmp_V_1690_reg_3550                                                                        |     8|   0|     8|          0|
    |tmp_V_1691_reg_3555                                                                        |     8|   0|     8|          0|
    |tmp_V_1692_reg_3560                                                                        |     8|   0|     8|          0|
    |tmp_V_1693_reg_3565                                                                        |     8|   0|     8|          0|
    |tmp_V_1694_reg_3570                                                                        |     8|   0|     8|          0|
    |tmp_V_1695_reg_3575                                                                        |     8|   0|     8|          0|
    |tmp_V_1696_reg_3580                                                                        |     8|   0|     8|          0|
    |tmp_V_1697_reg_3585                                                                        |     8|   0|     8|          0|
    |tmp_V_1698_reg_3590                                                                        |     8|   0|     8|          0|
    |tmp_V_1699_reg_3595                                                                        |     8|   0|     8|          0|
    |tmp_V_1700_reg_3600                                                                        |     8|   0|     8|          0|
    |tmp_V_1701_reg_3605                                                                        |     8|   0|     8|          0|
    |tmp_V_1702_reg_3610                                                                        |     8|   0|     8|          0|
    |tmp_V_1703_reg_3615                                                                        |     8|   0|     8|          0|
    |tmp_V_1704_reg_3620                                                                        |     8|   0|     8|          0|
    |tmp_V_1705_reg_3625                                                                        |     8|   0|     8|          0|
    |tmp_V_1706_reg_3630                                                                        |     8|   0|     8|          0|
    |tmp_V_1707_reg_3635                                                                        |     8|   0|     8|          0|
    |tmp_V_1708_reg_3640                                                                        |     8|   0|     8|          0|
    |tmp_V_1709_reg_3645                                                                        |     8|   0|     8|          0|
    |tmp_V_1710_reg_3650                                                                        |     8|   0|     8|          0|
    |tmp_V_1711_reg_3655                                                                        |     8|   0|     8|          0|
    |tmp_V_reg_2664                                                                             |     8|   0|     8|          0|
    +-------------------------------------------------------------------------------------------+------+----+------+-----------+
    |Total                                                                                      | 11214|   0| 11214|          0|
    +-------------------------------------------------------------------------------------------+------+----+------+-----------+



================================================================
== Interface
================================================================
* Summary: 
+------------------+-----+-----+------------+-----------------------------------------------------------------------+--------------+
|     RTL Ports    | Dir | Bits|  Protocol  |                             Source Object                             |    C Type    |
+------------------+-----+-----+------------+-----------------------------------------------------------------------+--------------+
|ap_clk            |  in |    1| ap_ctrl_hs | conv_2d_large_cl_nopad_pad_s2s<ap_fixed,ap_fixed<8,2,4,0,0>,config59> | return value |
|ap_rst            |  in |    1| ap_ctrl_hs | conv_2d_large_cl_nopad_pad_s2s<ap_fixed,ap_fixed<8,2,4,0,0>,config59> | return value |
|ap_start          |  in |    1| ap_ctrl_hs | conv_2d_large_cl_nopad_pad_s2s<ap_fixed,ap_fixed<8,2,4,0,0>,config59> | return value |
|start_full_n      |  in |    1| ap_ctrl_hs | conv_2d_large_cl_nopad_pad_s2s<ap_fixed,ap_fixed<8,2,4,0,0>,config59> | return value |
|ap_done           | out |    1| ap_ctrl_hs | conv_2d_large_cl_nopad_pad_s2s<ap_fixed,ap_fixed<8,2,4,0,0>,config59> | return value |
|ap_continue       |  in |    1| ap_ctrl_hs | conv_2d_large_cl_nopad_pad_s2s<ap_fixed,ap_fixed<8,2,4,0,0>,config59> | return value |
|ap_idle           | out |    1| ap_ctrl_hs | conv_2d_large_cl_nopad_pad_s2s<ap_fixed,ap_fixed<8,2,4,0,0>,config59> | return value |
|ap_ready          | out |    1| ap_ctrl_hs | conv_2d_large_cl_nopad_pad_s2s<ap_fixed,ap_fixed<8,2,4,0,0>,config59> | return value |
|start_out         | out |    1| ap_ctrl_hs | conv_2d_large_cl_nopad_pad_s2s<ap_fixed,ap_fixed<8,2,4,0,0>,config59> | return value |
|start_write       | out |    1| ap_ctrl_hs | conv_2d_large_cl_nopad_pad_s2s<ap_fixed,ap_fixed<8,2,4,0,0>,config59> | return value |
|data_V_V_dout     |  in |    8|   ap_fifo  |                                data_V_V                               |    pointer   |
|data_V_V_empty_n  |  in |    1|   ap_fifo  |                                data_V_V                               |    pointer   |
|data_V_V_read     | out |    1|   ap_fifo  |                                data_V_V                               |    pointer   |
|res_V_V_din       | out |    8|   ap_fifo  |                                res_V_V                                |    pointer   |
|res_V_V_full_n    |  in |    1|   ap_fifo  |                                res_V_V                                |    pointer   |
|res_V_V_write     | out |    1|   ap_fifo  |                                res_V_V                                |    pointer   |
+------------------+-----+-----+------------+-----------------------------------------------------------------------+--------------+

