

================================================================
== Vivado HLS Report for 'conv_2d_cl_switch_ap_fixed_6_2_5_3_0_ap_fixed_6_2_4_0_0_config70_s'
================================================================
* Date:           Fri Jan 27 16:08:23 2023

* Version:        2019.2 (Build 2704478 on Wed Nov 06 22:10:23 MST 2019)
* Project:        alveo_hls4ml
* Solution:       solution
* Product family: virtexuplus
* Target device:  xcu50-fsvh2104-2L-e


================================================================
== Performance Estimates
================================================================
+ Timing: 
    * Summary: 
    +--------+---------+----------+------------+
    |  Clock |  Target | Estimated| Uncertainty|
    +--------+---------+----------+------------+
    |ap_clk  | 4.00 ns | 2.635 ns |   0.90 ns  |
    +--------+---------+----------+------------+

+ Latency: 
    * Summary: 
    +---------+---------+-----------+----------+------+-------+---------+
    |  Latency (cycles) |  Latency (absolute)  |   Interval   | Pipeline|
    |   min   |   max   |    min    |    max   |  min |  max  |   Type  |
    +---------+---------+-----------+----------+------+-------+---------+
    |     3451|    38851| 13.804 us | 0.155 ms |  3451|  38851|   none  |
    +---------+---------+-----------+----------+------+-------+---------+

    + Detail: 
        * Instance: 
        +-------------------------------------------------------------------------------+-------------------------------------------------------------------+---------+---------+-----------+-----------+------+------+----------+
        |                                                                               |                                                                   |  Latency (cycles) |   Latency (absolute)  |   Interval  | Pipeline |
        |                                    Instance                                   |                               Module                              |   min   |   max   |    min    |    max    |  min |  max |   Type   |
        +-------------------------------------------------------------------------------+-------------------------------------------------------------------+---------+---------+-----------+-----------+------+------+----------+
        |grp_dense_large_ap_fixed_6_2_5_3_0_ap_fixed_6_2_4_0_0_config70_mult_s_fu_1638  |dense_large_ap_fixed_6_2_5_3_0_ap_fixed_6_2_4_0_0_config70_mult_s  |     1159|     1159|  4.636 us |  4.636 us |  1159|  1159|   none   |
        |grp_cnnshift_arr_ap_fixed_6_2_5_3_0_ap_fixed_6_2_4_0_0_config70_s_fu_1646      |cnnshift_arr_ap_fixed_6_2_5_3_0_ap_fixed_6_2_4_0_0_config70_s      |        8|        8| 32.000 ns | 32.000 ns |     9|     9| function |
        +-------------------------------------------------------------------------------+-------------------------------------------------------------------+---------+---------+-----------+-----------+------+------+----------+

        * Loop: 
        +----------+---------+---------+------------+-----------+-----------+------+----------+
        |          |  Latency (cycles) |  Iteration |  Initiation Interval  | Trip |          |
        | Loop Name|   min   |   max   |   Latency  |  achieved |   target  | Count| Pipelined|
        +----------+---------+---------+------------+-----------+-----------+------+----------+
        |- Loop 1  |     3450|    38850| 138 ~ 1554 |          -|          -|    25|    no    |
        +----------+---------+---------+------------+-----------+-----------+------+----------+



================================================================
== Utilization Estimates
================================================================
* Summary: 
+---------------------+---------+-------+---------+--------+-----+
|         Name        | BRAM_18K| DSP48E|    FF   |   LUT  | URAM|
+---------------------+---------+-------+---------+--------+-----+
|DSP                  |        -|      -|        -|       -|    -|
|Expression           |        -|      -|        0|     345|    -|
|FIFO                 |        -|      -|        -|       -|    -|
|Instance             |      129|    256|    41369|   55567|    -|
|Memory               |        0|      -|        0|       0|   11|
|Multiplexer          |        -|      -|        -|    3050|    -|
|Register             |        -|      -|     2973|       -|    -|
+---------------------+---------+-------+---------+--------+-----+
|Total                |      129|    256|    44342|   58962|   11|
+---------------------+---------+-------+---------+--------+-----+
|Available SLR        |     1344|   2976|   871680|  435840|  320|
+---------------------+---------+-------+---------+--------+-----+
|Utilization SLR (%)  |        9|      8|        5|      13|    3|
+---------------------+---------+-------+---------+--------+-----+
|Available            |     2688|   5952|  1743360|  871680|  640|
+---------------------+---------+-------+---------+--------+-----+
|Utilization (%)      |        4|      4|        2|       6|    1|
+---------------------+---------+-------+---------+--------+-----+

+ Detail: 
    * Instance: 
    +-------------------------------------------------------------------------------+-------------------------------------------------------------------+---------+-------+-------+-------+-----+
    |                                    Instance                                   |                               Module                              | BRAM_18K| DSP48E|   FF  |  LUT  | URAM|
    +-------------------------------------------------------------------------------+-------------------------------------------------------------------+---------+-------+-------+-------+-----+
    |grp_cnnshift_arr_ap_fixed_6_2_5_3_0_ap_fixed_6_2_4_0_0_config70_s_fu_1646      |cnnshift_arr_ap_fixed_6_2_5_3_0_ap_fixed_6_2_4_0_0_config70_s      |        0|      0|  23305|   8393|    0|
    |grp_dense_large_ap_fixed_6_2_5_3_0_ap_fixed_6_2_4_0_0_config70_mult_s_fu_1638  |dense_large_ap_fixed_6_2_5_3_0_ap_fixed_6_2_4_0_0_config70_mult_s  |      129|    256|  18064|  47174|    0|
    +-------------------------------------------------------------------------------+-------------------------------------------------------------------+---------+-------+-------+-------+-----+
    |Total                                                                          |                                                                   |      129|    256|  41369|  55567|    0|
    +-------------------------------------------------------------------------------+-------------------------------------------------------------------+---------+-------+-------+-------+-----+

    * DSP48E: 
    N/A

    * Memory: 
    +-----------------+----------------------------------------------------------------------------------+---------+---+----+-----+------+-----+------+-------------+
    |      Memory     |                                      Module                                      | BRAM_18K| FF| LUT| URAM| Words| Bits| Banks| W*Bits*Banks|
    +-----------------+----------------------------------------------------------------------------------+---------+---+----+-----+------+-----+------+-------------+
    |layer_in_V_13_U  |conv_2d_cl_switch_ap_fixed_6_2_5_3_0_ap_fixed_6_2_4_0_0_config66_s_layer_in_VoVc  |        0|  0|   0|   11|     9|  768|     1|         6912|
    +-----------------+----------------------------------------------------------------------------------+---------+---+----+-----+------+-----+------+-------------+
    |Total            |                                                                                  |        0|  0|   0|   11|     9|  768|     1|         6912|
    +-----------------+----------------------------------------------------------------------------------+---------+---+----+-----+------+-----+------+-------------+

    * FIFO: 
    N/A

    * Expression: 
    +-------------------------+----------+-------+---+----+------------+------------+
    |      Variable Name      | Operation| DSP48E| FF| LUT| Bitwidth P0| Bitwidth P1|
    +-------------------------+----------+-------+---+----+------------+------------+
    |add_ln448_fu_4993_p2     |     +    |      0|  0|  32|          32|           1|
    |add_ln450_fu_5004_p2     |     +    |      0|  0|  32|          32|           1|
    |add_ln453_fu_4947_p2     |     +    |      0|  0|  32|          32|           1|
    |add_ln455_fu_4958_p2     |     +    |      0|  0|  32|          32|           1|
    |i_fu_2171_p2             |     +    |      0|  0|   6|           5|           1|
    |and_ln422_3_fu_2376_p2   |    and   |      0|  0|   2|           1|           1|
    |and_ln422_4_fu_2382_p2   |    and   |      0|  0|   2|           1|           1|
    |and_ln422_fu_2370_p2     |    and   |      0|  0|   2|           1|           1|
    |ap_block_state2          |    and   |      0|  0|   2|           1|           1|
    |ap_block_state396        |    and   |      0|  0|   2|           1|           1|
    |ap_condition_3620        |    and   |      0|  0|   2|           1|           1|
    |ap_condition_3704        |    and   |      0|  0|   2|           1|           1|
    |icmp_ln413_fu_2165_p2    |   icmp   |      0|  0|  11|           5|           4|
    |icmp_ln422_4_fu_2324_p2  |   icmp   |      0|  0|  20|          32|           2|
    |icmp_ln422_5_fu_2344_p2  |   icmp   |      0|  0|  20|          31|           1|
    |icmp_ln422_6_fu_2364_p2  |   icmp   |      0|  0|  20|          31|           1|
    |icmp_ln422_fu_2314_p2    |   icmp   |      0|  0|  20|          32|           2|
    |icmp_ln440_fu_4942_p2    |   icmp   |      0|  0|  20|          32|           3|
    |icmp_ln444_fu_4988_p2    |   icmp   |      0|  0|  20|          32|           3|
    |ap_block_state1          |    or    |      0|  0|   2|           1|           1|
    |select_ln450_fu_5009_p3  |  select  |      0|  0|  32|           1|           2|
    |select_ln455_fu_4963_p3  |  select  |      0|  0|  32|           1|           2|
    +-------------------------+----------+-------+---+----+------------+------------+
    |Total                    |          |      0|  0| 345|         338|          33|
    +-------------------------+----------+-------+---+----+------------+------------+

    * Multiplexer: 
    +----------------------------------------+------+-----------+-----+-----------+
    |                  Name                  |  LUT | Input Size| Bits| Total Bits|
    +----------------------------------------+------+-----------+-----+-----------+
    |ap_NS_fsm                               |  1733|        397|    1|        397|
    |ap_done                                 |     9|          2|    1|          2|
    |ap_phi_mux_storemerge_i_phi_fu_1631_p4  |    15|          3|   32|         96|
    |data_V_V_blk_n                          |     9|          2|    1|          2|
    |i_0_i_reg_1617                          |     9|          2|    5|         10|
    |layer_in_V_13_address0                  |    15|          3|    4|         12|
    |layer_in_V_13_ce0                       |    15|          3|    1|          3|
    |layer_in_V_13_ce1                       |     9|          2|    1|          2|
    |layer_in_V_13_we0                       |     9|          2|    1|          2|
    |layer_in_V_13_we1                       |     9|          2|    1|          2|
    |pX_7                                    |     9|          2|   32|         64|
    |pY_7                                    |     9|          2|   32|         64|
    |real_start                              |     9|          2|    1|          2|
    |res_V_V_blk_n                           |     9|          2|    1|          2|
    |res_V_V_din                             |  1173|        257|    6|       1542|
    |sX_7                                    |     9|          2|   32|         64|
    +----------------------------------------+------+-----------+-----+-----------+
    |Total                                   |  3050|        685|  152|       2266|
    +----------------------------------------+------+-----------+-----+-----------+

    * Register: 
    +--------------------------------------------------------------------------------------------+-----+----+-----+-----------+
    |                                            Name                                            |  FF | LUT| Bits| Const Bits|
    +--------------------------------------------------------------------------------------------+-----+----+-----+-----------+
    |and_ln422_4_reg_5714                                                                        |    1|   0|    1|          0|
    |ap_CS_fsm                                                                                   |  396|   0|  396|          0|
    |ap_done_reg                                                                                 |    1|   0|    1|          0|
    |grp_cnnshift_arr_ap_fixed_6_2_5_3_0_ap_fixed_6_2_4_0_0_config70_s_fu_1646_ap_start_reg      |    1|   0|    1|          0|
    |grp_dense_large_ap_fixed_6_2_5_3_0_ap_fixed_6_2_4_0_0_config70_mult_s_fu_1638_ap_start_reg  |    1|   0|    1|          0|
    |i_0_i_reg_1617                                                                              |    5|   0|    5|          0|
    |i_reg_5032                                                                                  |    5|   0|    5|          0|
    |icmp_ln422_4_reg_5697                                                                       |    1|   0|    1|          0|
    |icmp_ln422_reg_5687                                                                         |    1|   0|    1|          0|
    |pX_7                                                                                        |   32|   0|   32|          0|
    |pX_7_load_reg_5708                                                                          |   32|   0|   32|          0|
    |pY_7                                                                                        |   32|   0|   32|          0|
    |pY_7_load_reg_5702                                                                          |   32|   0|   32|          0|
    |sX_7                                                                                        |   32|   0|   32|          0|
    |sX_7_load_reg_5682                                                                          |   32|   0|   32|          0|
    |sY_7                                                                                        |   32|   0|   32|          0|
    |sY_7_load_reg_5692                                                                          |   32|   0|   32|          0|
    |start_once_reg                                                                              |    1|   0|    1|          0|
    |tmp_V_1419_reg_5042                                                                         |    6|   0|    6|          0|
    |tmp_V_1420_reg_5047                                                                         |    6|   0|    6|          0|
    |tmp_V_1421_reg_5052                                                                         |    6|   0|    6|          0|
    |tmp_V_1422_reg_5057                                                                         |    6|   0|    6|          0|
    |tmp_V_1423_reg_5062                                                                         |    6|   0|    6|          0|
    |tmp_V_1424_reg_5067                                                                         |    6|   0|    6|          0|
    |tmp_V_1425_reg_5072                                                                         |    6|   0|    6|          0|
    |tmp_V_1426_reg_5077                                                                         |    6|   0|    6|          0|
    |tmp_V_1427_reg_5082                                                                         |    6|   0|    6|          0|
    |tmp_V_1428_reg_5087                                                                         |    6|   0|    6|          0|
    |tmp_V_1429_reg_5092                                                                         |    6|   0|    6|          0|
    |tmp_V_1430_reg_5097                                                                         |    6|   0|    6|          0|
    |tmp_V_1431_reg_5102                                                                         |    6|   0|    6|          0|
    |tmp_V_1432_reg_5107                                                                         |    6|   0|    6|          0|
    |tmp_V_1433_reg_5112                                                                         |    6|   0|    6|          0|
    |tmp_V_1434_reg_5117                                                                         |    6|   0|    6|          0|
    |tmp_V_1435_reg_5122                                                                         |    6|   0|    6|          0|
    |tmp_V_1436_reg_5127                                                                         |    6|   0|    6|          0|
    |tmp_V_1437_reg_5132                                                                         |    6|   0|    6|          0|
    |tmp_V_1438_reg_5137                                                                         |    6|   0|    6|          0|
    |tmp_V_1439_reg_5142                                                                         |    6|   0|    6|          0|
    |tmp_V_1440_reg_5147                                                                         |    6|   0|    6|          0|
    |tmp_V_1441_reg_5152                                                                         |    6|   0|    6|          0|
    |tmp_V_1442_reg_5157                                                                         |    6|   0|    6|          0|
    |tmp_V_1443_reg_5162                                                                         |    6|   0|    6|          0|
    |tmp_V_1444_reg_5167                                                                         |    6|   0|    6|          0|
    |tmp_V_1445_reg_5172                                                                         |    6|   0|    6|          0|
    |tmp_V_1446_reg_5177                                                                         |    6|   0|    6|          0|
    |tmp_V_1447_reg_5182                                                                         |    6|   0|    6|          0|
    |tmp_V_1448_reg_5187                                                                         |    6|   0|    6|          0|
    |tmp_V_1449_reg_5192                                                                         |    6|   0|    6|          0|
    |tmp_V_1450_reg_5197                                                                         |    6|   0|    6|          0|
    |tmp_V_1451_reg_5202                                                                         |    6|   0|    6|          0|
    |tmp_V_1452_reg_5207                                                                         |    6|   0|    6|          0|
    |tmp_V_1453_reg_5212                                                                         |    6|   0|    6|          0|
    |tmp_V_1454_reg_5217                                                                         |    6|   0|    6|          0|
    |tmp_V_1455_reg_5222                                                                         |    6|   0|    6|          0|
    |tmp_V_1456_reg_5227                                                                         |    6|   0|    6|          0|
    |tmp_V_1457_reg_5232                                                                         |    6|   0|    6|          0|
    |tmp_V_1458_reg_5237                                                                         |    6|   0|    6|          0|
    |tmp_V_1459_reg_5242                                                                         |    6|   0|    6|          0|
    |tmp_V_1460_reg_5247                                                                         |    6|   0|    6|          0|
    |tmp_V_1461_reg_5252                                                                         |    6|   0|    6|          0|
    |tmp_V_1462_reg_5257                                                                         |    6|   0|    6|          0|
    |tmp_V_1463_reg_5262                                                                         |    6|   0|    6|          0|
    |tmp_V_1464_reg_5267                                                                         |    6|   0|    6|          0|
    |tmp_V_1465_reg_5272                                                                         |    6|   0|    6|          0|
    |tmp_V_1466_reg_5277                                                                         |    6|   0|    6|          0|
    |tmp_V_1467_reg_5282                                                                         |    6|   0|    6|          0|
    |tmp_V_1468_reg_5287                                                                         |    6|   0|    6|          0|
    |tmp_V_1469_reg_5292                                                                         |    6|   0|    6|          0|
    |tmp_V_1470_reg_5297                                                                         |    6|   0|    6|          0|
    |tmp_V_1471_reg_5302                                                                         |    6|   0|    6|          0|
    |tmp_V_1472_reg_5307                                                                         |    6|   0|    6|          0|
    |tmp_V_1473_reg_5312                                                                         |    6|   0|    6|          0|
    |tmp_V_1474_reg_5317                                                                         |    6|   0|    6|          0|
    |tmp_V_1475_reg_5322                                                                         |    6|   0|    6|          0|
    |tmp_V_1476_reg_5327                                                                         |    6|   0|    6|          0|
    |tmp_V_1477_reg_5332                                                                         |    6|   0|    6|          0|
    |tmp_V_1478_reg_5337                                                                         |    6|   0|    6|          0|
    |tmp_V_1479_reg_5342                                                                         |    6|   0|    6|          0|
    |tmp_V_1480_reg_5347                                                                         |    6|   0|    6|          0|
    |tmp_V_1481_reg_5352                                                                         |    6|   0|    6|          0|
    |tmp_V_1482_reg_5357                                                                         |    6|   0|    6|          0|
    |tmp_V_1483_reg_5362                                                                         |    6|   0|    6|          0|
    |tmp_V_1484_reg_5367                                                                         |    6|   0|    6|          0|
    |tmp_V_1485_reg_5372                                                                         |    6|   0|    6|          0|
    |tmp_V_1486_reg_5377                                                                         |    6|   0|    6|          0|
    |tmp_V_1487_reg_5382                                                                         |    6|   0|    6|          0|
    |tmp_V_1488_reg_5387                                                                         |    6|   0|    6|          0|
    |tmp_V_1489_reg_5392                                                                         |    6|   0|    6|          0|
    |tmp_V_1490_reg_5397                                                                         |    6|   0|    6|          0|
    |tmp_V_1491_reg_5402                                                                         |    6|   0|    6|          0|
    |tmp_V_1492_reg_5407                                                                         |    6|   0|    6|          0|
    |tmp_V_1493_reg_5412                                                                         |    6|   0|    6|          0|
    |tmp_V_1494_reg_5417                                                                         |    6|   0|    6|          0|
    |tmp_V_1495_reg_5422                                                                         |    6|   0|    6|          0|
    |tmp_V_1496_reg_5427                                                                         |    6|   0|    6|          0|
    |tmp_V_1497_reg_5432                                                                         |    6|   0|    6|          0|
    |tmp_V_1498_reg_5437                                                                         |    6|   0|    6|          0|
    |tmp_V_1499_reg_5442                                                                         |    6|   0|    6|          0|
    |tmp_V_1500_reg_5447                                                                         |    6|   0|    6|          0|
    |tmp_V_1501_reg_5452                                                                         |    6|   0|    6|          0|
    |tmp_V_1502_reg_5457                                                                         |    6|   0|    6|          0|
    |tmp_V_1503_reg_5462                                                                         |    6|   0|    6|          0|
    |tmp_V_1504_reg_5467                                                                         |    6|   0|    6|          0|
    |tmp_V_1505_reg_5472                                                                         |    6|   0|    6|          0|
    |tmp_V_1506_reg_5477                                                                         |    6|   0|    6|          0|
    |tmp_V_1507_reg_5482                                                                         |    6|   0|    6|          0|
    |tmp_V_1508_reg_5487                                                                         |    6|   0|    6|          0|
    |tmp_V_1509_reg_5492                                                                         |    6|   0|    6|          0|
    |tmp_V_1510_reg_5497                                                                         |    6|   0|    6|          0|
    |tmp_V_1511_reg_5502                                                                         |    6|   0|    6|          0|
    |tmp_V_1512_reg_5507                                                                         |    6|   0|    6|          0|
    |tmp_V_1513_reg_5512                                                                         |    6|   0|    6|          0|
    |tmp_V_1514_reg_5517                                                                         |    6|   0|    6|          0|
    |tmp_V_1515_reg_5522                                                                         |    6|   0|    6|          0|
    |tmp_V_1516_reg_5527                                                                         |    6|   0|    6|          0|
    |tmp_V_1517_reg_5532                                                                         |    6|   0|    6|          0|
    |tmp_V_1518_reg_5537                                                                         |    6|   0|    6|          0|
    |tmp_V_1519_reg_5542                                                                         |    6|   0|    6|          0|
    |tmp_V_1520_reg_5547                                                                         |    6|   0|    6|          0|
    |tmp_V_1521_reg_5552                                                                         |    6|   0|    6|          0|
    |tmp_V_1522_reg_5557                                                                         |    6|   0|    6|          0|
    |tmp_V_1523_reg_5562                                                                         |    6|   0|    6|          0|
    |tmp_V_1524_reg_5567                                                                         |    6|   0|    6|          0|
    |tmp_V_1525_reg_5572                                                                         |    6|   0|    6|          0|
    |tmp_V_1526_reg_5577                                                                         |    6|   0|    6|          0|
    |tmp_V_1527_reg_5582                                                                         |    6|   0|    6|          0|
    |tmp_V_1528_reg_5587                                                                         |    6|   0|    6|          0|
    |tmp_V_1529_reg_5592                                                                         |    6|   0|    6|          0|
    |tmp_V_1530_reg_5597                                                                         |    6|   0|    6|          0|
    |tmp_V_1531_reg_5602                                                                         |    6|   0|    6|          0|
    |tmp_V_1532_reg_5607                                                                         |    6|   0|    6|          0|
    |tmp_V_1533_reg_5612                                                                         |    6|   0|    6|          0|
    |tmp_V_1534_reg_5617                                                                         |    6|   0|    6|          0|
    |tmp_V_1535_reg_5622                                                                         |    6|   0|    6|          0|
    |tmp_V_1536_reg_5627                                                                         |    6|   0|    6|          0|
    |tmp_V_1537_reg_5632                                                                         |    6|   0|    6|          0|
    |tmp_V_1538_reg_5637                                                                         |    6|   0|    6|          0|
    |tmp_V_1539_reg_5642                                                                         |    6|   0|    6|          0|
    |tmp_V_1540_reg_5647                                                                         |    6|   0|    6|          0|
    |tmp_V_1541_reg_5652                                                                         |    6|   0|    6|          0|
    |tmp_V_1542_reg_5657                                                                         |    6|   0|    6|          0|
    |tmp_V_1543_reg_5662                                                                         |    6|   0|    6|          0|
    |tmp_V_1544_reg_5667                                                                         |    6|   0|    6|          0|
    |tmp_V_1545_reg_5672                                                                         |    6|   0|    6|          0|
    |tmp_V_1546_reg_5718                                                                         |    6|   0|    6|          0|
    |tmp_V_1547_reg_5723                                                                         |    6|   0|    6|          0|
    |tmp_V_1548_reg_5728                                                                         |    6|   0|    6|          0|
    |tmp_V_1549_reg_5733                                                                         |    6|   0|    6|          0|
    |tmp_V_1550_reg_5738                                                                         |    6|   0|    6|          0|
    |tmp_V_1551_reg_5743                                                                         |    6|   0|    6|          0|
    |tmp_V_1552_reg_5748                                                                         |    6|   0|    6|          0|
    |tmp_V_1553_reg_5753                                                                         |    6|   0|    6|          0|
    |tmp_V_1554_reg_5758                                                                         |    6|   0|    6|          0|
    |tmp_V_1555_reg_5763                                                                         |    6|   0|    6|          0|
    |tmp_V_1556_reg_5768                                                                         |    6|   0|    6|          0|
    |tmp_V_1557_reg_5773                                                                         |    6|   0|    6|          0|
    |tmp_V_1558_reg_5778                                                                         |    6|   0|    6|          0|
    |tmp_V_1559_reg_5783                                                                         |    6|   0|    6|          0|
    |tmp_V_1560_reg_5788                                                                         |    6|   0|    6|          0|
    |tmp_V_1561_reg_5793                                                                         |    6|   0|    6|          0|
    |tmp_V_1562_reg_5798                                                                         |    6|   0|    6|          0|
    |tmp_V_1563_reg_5803                                                                         |    6|   0|    6|          0|
    |tmp_V_1564_reg_5808                                                                         |    6|   0|    6|          0|
    |tmp_V_1565_reg_5813                                                                         |    6|   0|    6|          0|
    |tmp_V_1566_reg_5818                                                                         |    6|   0|    6|          0|
    |tmp_V_1567_reg_5823                                                                         |    6|   0|    6|          0|
    |tmp_V_1568_reg_5828                                                                         |    6|   0|    6|          0|
    |tmp_V_1569_reg_5833                                                                         |    6|   0|    6|          0|
    |tmp_V_1570_reg_5838                                                                         |    6|   0|    6|          0|
    |tmp_V_1571_reg_5843                                                                         |    6|   0|    6|          0|
    |tmp_V_1572_reg_5848                                                                         |    6|   0|    6|          0|
    |tmp_V_1573_reg_5853                                                                         |    6|   0|    6|          0|
    |tmp_V_1574_reg_5858                                                                         |    6|   0|    6|          0|
    |tmp_V_1575_reg_5863                                                                         |    6|   0|    6|          0|
    |tmp_V_1576_reg_5868                                                                         |    6|   0|    6|          0|
    |tmp_V_1577_reg_5873                                                                         |    6|   0|    6|          0|
    |tmp_V_1578_reg_5878                                                                         |    6|   0|    6|          0|
    |tmp_V_1579_reg_5883                                                                         |    6|   0|    6|          0|
    |tmp_V_1580_reg_5888                                                                         |    6|   0|    6|          0|
    |tmp_V_1581_reg_5893                                                                         |    6|   0|    6|          0|
    |tmp_V_1582_reg_5898                                                                         |    6|   0|    6|          0|
    |tmp_V_1583_reg_5903                                                                         |    6|   0|    6|          0|
    |tmp_V_1584_reg_5908                                                                         |    6|   0|    6|          0|
    |tmp_V_1585_reg_5913                                                                         |    6|   0|    6|          0|
    |tmp_V_1586_reg_5918                                                                         |    6|   0|    6|          0|
    |tmp_V_1587_reg_5923                                                                         |    6|   0|    6|          0|
    |tmp_V_1588_reg_5928                                                                         |    6|   0|    6|          0|
    |tmp_V_1589_reg_5933                                                                         |    6|   0|    6|          0|
    |tmp_V_1590_reg_5938                                                                         |    6|   0|    6|          0|
    |tmp_V_1591_reg_5943                                                                         |    6|   0|    6|          0|
    |tmp_V_1592_reg_5948                                                                         |    6|   0|    6|          0|
    |tmp_V_1593_reg_5953                                                                         |    6|   0|    6|          0|
    |tmp_V_1594_reg_5958                                                                         |    6|   0|    6|          0|
    |tmp_V_1595_reg_5963                                                                         |    6|   0|    6|          0|
    |tmp_V_1596_reg_5968                                                                         |    6|   0|    6|          0|
    |tmp_V_1597_reg_5973                                                                         |    6|   0|    6|          0|
    |tmp_V_1598_reg_5978                                                                         |    6|   0|    6|          0|
    |tmp_V_1599_reg_5983                                                                         |    6|   0|    6|          0|
    |tmp_V_1600_reg_5988                                                                         |    6|   0|    6|          0|
    |tmp_V_1601_reg_5993                                                                         |    6|   0|    6|          0|
    |tmp_V_1602_reg_5998                                                                         |    6|   0|    6|          0|
    |tmp_V_1603_reg_6003                                                                         |    6|   0|    6|          0|
    |tmp_V_1604_reg_6008                                                                         |    6|   0|    6|          0|
    |tmp_V_1605_reg_6013                                                                         |    6|   0|    6|          0|
    |tmp_V_1606_reg_6018                                                                         |    6|   0|    6|          0|
    |tmp_V_1607_reg_6023                                                                         |    6|   0|    6|          0|
    |tmp_V_1608_reg_6028                                                                         |    6|   0|    6|          0|
    |tmp_V_1609_reg_6033                                                                         |    6|   0|    6|          0|
    |tmp_V_1610_reg_6038                                                                         |    6|   0|    6|          0|
    |tmp_V_1611_reg_6043                                                                         |    6|   0|    6|          0|
    |tmp_V_1612_reg_6048                                                                         |    6|   0|    6|          0|
    |tmp_V_1613_reg_6053                                                                         |    6|   0|    6|          0|
    |tmp_V_1614_reg_6058                                                                         |    6|   0|    6|          0|
    |tmp_V_1615_reg_6063                                                                         |    6|   0|    6|          0|
    |tmp_V_1616_reg_6068                                                                         |    6|   0|    6|          0|
    |tmp_V_1617_reg_6073                                                                         |    6|   0|    6|          0|
    |tmp_V_1618_reg_6078                                                                         |    6|   0|    6|          0|
    |tmp_V_1619_reg_6083                                                                         |    6|   0|    6|          0|
    |tmp_V_1620_reg_6088                                                                         |    6|   0|    6|          0|
    |tmp_V_1621_reg_6093                                                                         |    6|   0|    6|          0|
    |tmp_V_1622_reg_6098                                                                         |    6|   0|    6|          0|
    |tmp_V_1623_reg_6103                                                                         |    6|   0|    6|          0|
    |tmp_V_1624_reg_6108                                                                         |    6|   0|    6|          0|
    |tmp_V_1625_reg_6113                                                                         |    6|   0|    6|          0|
    |tmp_V_1626_reg_6118                                                                         |    6|   0|    6|          0|
    |tmp_V_1627_reg_6123                                                                         |    6|   0|    6|          0|
    |tmp_V_1628_reg_6128                                                                         |    6|   0|    6|          0|
    |tmp_V_1629_reg_6133                                                                         |    6|   0|    6|          0|
    |tmp_V_1630_reg_6138                                                                         |    6|   0|    6|          0|
    |tmp_V_1631_reg_6143                                                                         |    6|   0|    6|          0|
    |tmp_V_1632_reg_6148                                                                         |    6|   0|    6|          0|
    |tmp_V_1633_reg_6153                                                                         |    6|   0|    6|          0|
    |tmp_V_1634_reg_6158                                                                         |    6|   0|    6|          0|
    |tmp_V_1635_reg_6163                                                                         |    6|   0|    6|          0|
    |tmp_V_1636_reg_6168                                                                         |    6|   0|    6|          0|
    |tmp_V_1637_reg_6173                                                                         |    6|   0|    6|          0|
    |tmp_V_1638_reg_6178                                                                         |    6|   0|    6|          0|
    |tmp_V_1639_reg_6183                                                                         |    6|   0|    6|          0|
    |tmp_V_1640_reg_6188                                                                         |    6|   0|    6|          0|
    |tmp_V_1641_reg_6193                                                                         |    6|   0|    6|          0|
    |tmp_V_1642_reg_6198                                                                         |    6|   0|    6|          0|
    |tmp_V_1643_reg_6203                                                                         |    6|   0|    6|          0|
    |tmp_V_1644_reg_6208                                                                         |    6|   0|    6|          0|
    |tmp_V_1645_reg_6213                                                                         |    6|   0|    6|          0|
    |tmp_V_1646_reg_6218                                                                         |    6|   0|    6|          0|
    |tmp_V_1647_reg_6223                                                                         |    6|   0|    6|          0|
    |tmp_V_1648_reg_6228                                                                         |    6|   0|    6|          0|
    |tmp_V_1649_reg_6233                                                                         |    6|   0|    6|          0|
    |tmp_V_1650_reg_6238                                                                         |    6|   0|    6|          0|
    |tmp_V_1651_reg_6243                                                                         |    6|   0|    6|          0|
    |tmp_V_1652_reg_6248                                                                         |    6|   0|    6|          0|
    |tmp_V_1653_reg_6253                                                                         |    6|   0|    6|          0|
    |tmp_V_1654_reg_6258                                                                         |    6|   0|    6|          0|
    |tmp_V_1655_reg_6263                                                                         |    6|   0|    6|          0|
    |tmp_V_1656_reg_6268                                                                         |    6|   0|    6|          0|
    |tmp_V_1657_reg_6273                                                                         |    6|   0|    6|          0|
    |tmp_V_1658_reg_6278                                                                         |    6|   0|    6|          0|
    |tmp_V_1659_reg_6283                                                                         |    6|   0|    6|          0|
    |tmp_V_1660_reg_6288                                                                         |    6|   0|    6|          0|
    |tmp_V_1661_reg_6293                                                                         |    6|   0|    6|          0|
    |tmp_V_1662_reg_6298                                                                         |    6|   0|    6|          0|
    |tmp_V_1663_reg_6303                                                                         |    6|   0|    6|          0|
    |tmp_V_1664_reg_6308                                                                         |    6|   0|    6|          0|
    |tmp_V_1665_reg_6313                                                                         |    6|   0|    6|          0|
    |tmp_V_1666_reg_6318                                                                         |    6|   0|    6|          0|
    |tmp_V_1667_reg_6323                                                                         |    6|   0|    6|          0|
    |tmp_V_1668_reg_6328                                                                         |    6|   0|    6|          0|
    |tmp_V_1669_reg_6333                                                                         |    6|   0|    6|          0|
    |tmp_V_1670_reg_6338                                                                         |    6|   0|    6|          0|
    |tmp_V_1671_reg_6343                                                                         |    6|   0|    6|          0|
    |tmp_V_1672_reg_6348                                                                         |    6|   0|    6|          0|
    |tmp_V_1673_reg_6353                                                                         |    6|   0|    6|          0|
    |tmp_V_1674_reg_6358                                                                         |    6|   0|    6|          0|
    |tmp_V_1675_reg_6363                                                                         |    6|   0|    6|          0|
    |tmp_V_1676_reg_6368                                                                         |    6|   0|    6|          0|
    |tmp_V_1677_reg_6373                                                                         |    6|   0|    6|          0|
    |tmp_V_1678_reg_6378                                                                         |    6|   0|    6|          0|
    |tmp_V_1679_reg_6383                                                                         |    6|   0|    6|          0|
    |tmp_V_1680_reg_6388                                                                         |    6|   0|    6|          0|
    |tmp_V_1681_reg_6393                                                                         |    6|   0|    6|          0|
    |tmp_V_1682_reg_6398                                                                         |    6|   0|    6|          0|
    |tmp_V_1683_reg_6403                                                                         |    6|   0|    6|          0|
    |tmp_V_1684_reg_6408                                                                         |    6|   0|    6|          0|
    |tmp_V_1685_reg_6413                                                                         |    6|   0|    6|          0|
    |tmp_V_1686_reg_6418                                                                         |    6|   0|    6|          0|
    |tmp_V_1687_reg_6423                                                                         |    6|   0|    6|          0|
    |tmp_V_1688_reg_6428                                                                         |    6|   0|    6|          0|
    |tmp_V_1689_reg_6433                                                                         |    6|   0|    6|          0|
    |tmp_V_1690_reg_6438                                                                         |    6|   0|    6|          0|
    |tmp_V_1691_reg_6443                                                                         |    6|   0|    6|          0|
    |tmp_V_1692_reg_6448                                                                         |    6|   0|    6|          0|
    |tmp_V_1693_reg_6453                                                                         |    6|   0|    6|          0|
    |tmp_V_1694_reg_6458                                                                         |    6|   0|    6|          0|
    |tmp_V_1695_reg_6463                                                                         |    6|   0|    6|          0|
    |tmp_V_1696_reg_6468                                                                         |    6|   0|    6|          0|
    |tmp_V_1697_reg_6473                                                                         |    6|   0|    6|          0|
    |tmp_V_1698_reg_6478                                                                         |    6|   0|    6|          0|
    |tmp_V_1699_reg_6483                                                                         |    6|   0|    6|          0|
    |tmp_V_1700_reg_6488                                                                         |    6|   0|    6|          0|
    |tmp_V_1701_reg_6493                                                                         |    6|   0|    6|          0|
    |tmp_V_1702_reg_6498                                                                         |    6|   0|    6|          0|
    |tmp_V_1703_reg_6503                                                                         |    6|   0|    6|          0|
    |tmp_V_1704_reg_6508                                                                         |    6|   0|    6|          0|
    |tmp_V_1705_reg_6513                                                                         |    6|   0|    6|          0|
    |tmp_V_1706_reg_6518                                                                         |    6|   0|    6|          0|
    |tmp_V_1707_reg_6523                                                                         |    6|   0|    6|          0|
    |tmp_V_1708_reg_6528                                                                         |    6|   0|    6|          0|
    |tmp_V_1709_reg_6533                                                                         |    6|   0|    6|          0|
    |tmp_V_1710_reg_6538                                                                         |    6|   0|    6|          0|
    |tmp_V_1711_reg_6543                                                                         |    6|   0|    6|          0|
    |tmp_V_1712_reg_6548                                                                         |    6|   0|    6|          0|
    |tmp_V_1713_reg_6553                                                                         |    6|   0|    6|          0|
    |tmp_V_1714_reg_6558                                                                         |    6|   0|    6|          0|
    |tmp_V_1715_reg_6563                                                                         |    6|   0|    6|          0|
    |tmp_V_1716_reg_6568                                                                         |    6|   0|    6|          0|
    |tmp_V_1717_reg_6573                                                                         |    6|   0|    6|          0|
    |tmp_V_1718_reg_6578                                                                         |    6|   0|    6|          0|
    |tmp_V_1719_reg_6583                                                                         |    6|   0|    6|          0|
    |tmp_V_1720_reg_6588                                                                         |    6|   0|    6|          0|
    |tmp_V_1721_reg_6593                                                                         |    6|   0|    6|          0|
    |tmp_V_1722_reg_6598                                                                         |    6|   0|    6|          0|
    |tmp_V_1723_reg_6603                                                                         |    6|   0|    6|          0|
    |tmp_V_1724_reg_6608                                                                         |    6|   0|    6|          0|
    |tmp_V_1725_reg_6613                                                                         |    6|   0|    6|          0|
    |tmp_V_1726_reg_6618                                                                         |    6|   0|    6|          0|
    |tmp_V_1727_reg_6623                                                                         |    6|   0|    6|          0|
    |tmp_V_1728_reg_6628                                                                         |    6|   0|    6|          0|
    |tmp_V_1729_reg_6633                                                                         |    6|   0|    6|          0|
    |tmp_V_1730_reg_6638                                                                         |    6|   0|    6|          0|
    |tmp_V_1731_reg_6643                                                                         |    6|   0|    6|          0|
    |tmp_V_1732_reg_6648                                                                         |    6|   0|    6|          0|
    |tmp_V_1733_reg_6653                                                                         |    6|   0|    6|          0|
    |tmp_V_1734_reg_6658                                                                         |    6|   0|    6|          0|
    |tmp_V_1735_reg_6663                                                                         |    6|   0|    6|          0|
    |tmp_V_1736_reg_6668                                                                         |    6|   0|    6|          0|
    |tmp_V_1737_reg_6673                                                                         |    6|   0|    6|          0|
    |tmp_V_1738_reg_6678                                                                         |    6|   0|    6|          0|
    |tmp_V_1739_reg_6683                                                                         |    6|   0|    6|          0|
    |tmp_V_1740_reg_6688                                                                         |    6|   0|    6|          0|
    |tmp_V_1741_reg_6693                                                                         |    6|   0|    6|          0|
    |tmp_V_1742_reg_6698                                                                         |    6|   0|    6|          0|
    |tmp_V_1743_reg_6703                                                                         |    6|   0|    6|          0|
    |tmp_V_1744_reg_6708                                                                         |    6|   0|    6|          0|
    |tmp_V_1745_reg_6713                                                                         |    6|   0|    6|          0|
    |tmp_V_1746_reg_6718                                                                         |    6|   0|    6|          0|
    |tmp_V_1747_reg_6723                                                                         |    6|   0|    6|          0|
    |tmp_V_1748_reg_6728                                                                         |    6|   0|    6|          0|
    |tmp_V_1749_reg_6733                                                                         |    6|   0|    6|          0|
    |tmp_V_1750_reg_6738                                                                         |    6|   0|    6|          0|
    |tmp_V_1751_reg_6743                                                                         |    6|   0|    6|          0|
    |tmp_V_1752_reg_6748                                                                         |    6|   0|    6|          0|
    |tmp_V_1753_reg_6753                                                                         |    6|   0|    6|          0|
    |tmp_V_1754_reg_6758                                                                         |    6|   0|    6|          0|
    |tmp_V_1755_reg_6763                                                                         |    6|   0|    6|          0|
    |tmp_V_1756_reg_6768                                                                         |    6|   0|    6|          0|
    |tmp_V_1757_reg_6773                                                                         |    6|   0|    6|          0|
    |tmp_V_1758_reg_6778                                                                         |    6|   0|    6|          0|
    |tmp_V_1759_reg_6783                                                                         |    6|   0|    6|          0|
    |tmp_V_1760_reg_6788                                                                         |    6|   0|    6|          0|
    |tmp_V_1761_reg_6793                                                                         |    6|   0|    6|          0|
    |tmp_V_1762_reg_6798                                                                         |    6|   0|    6|          0|
    |tmp_V_1763_reg_6803                                                                         |    6|   0|    6|          0|
    |tmp_V_1764_reg_6808                                                                         |    6|   0|    6|          0|
    |tmp_V_1765_reg_6813                                                                         |    6|   0|    6|          0|
    |tmp_V_1766_reg_6818                                                                         |    6|   0|    6|          0|
    |tmp_V_1767_reg_6823                                                                         |    6|   0|    6|          0|
    |tmp_V_1768_reg_6828                                                                         |    6|   0|    6|          0|
    |tmp_V_1769_reg_6833                                                                         |    6|   0|    6|          0|
    |tmp_V_1770_reg_6838                                                                         |    6|   0|    6|          0|
    |tmp_V_1771_reg_6843                                                                         |    6|   0|    6|          0|
    |tmp_V_1772_reg_6848                                                                         |    6|   0|    6|          0|
    |tmp_V_1773_reg_6853                                                                         |    6|   0|    6|          0|
    |tmp_V_1774_reg_6858                                                                         |    6|   0|    6|          0|
    |tmp_V_1775_reg_6863                                                                         |    6|   0|    6|          0|
    |tmp_V_1776_reg_6868                                                                         |    6|   0|    6|          0|
    |tmp_V_1777_reg_6873                                                                         |    6|   0|    6|          0|
    |tmp_V_1778_reg_6878                                                                         |    6|   0|    6|          0|
    |tmp_V_1779_reg_6883                                                                         |    6|   0|    6|          0|
    |tmp_V_1780_reg_6888                                                                         |    6|   0|    6|          0|
    |tmp_V_1781_reg_6893                                                                         |    6|   0|    6|          0|
    |tmp_V_1782_reg_6898                                                                         |    6|   0|    6|          0|
    |tmp_V_1783_reg_6903                                                                         |    6|   0|    6|          0|
    |tmp_V_1784_reg_6908                                                                         |    6|   0|    6|          0|
    |tmp_V_1785_reg_6913                                                                         |    6|   0|    6|          0|
    |tmp_V_1786_reg_6918                                                                         |    6|   0|    6|          0|
    |tmp_V_1787_reg_6923                                                                         |    6|   0|    6|          0|
    |tmp_V_1788_reg_6928                                                                         |    6|   0|    6|          0|
    |tmp_V_1789_reg_6933                                                                         |    6|   0|    6|          0|
    |tmp_V_1790_reg_6938                                                                         |    6|   0|    6|          0|
    |tmp_V_1791_reg_6943                                                                         |    6|   0|    6|          0|
    |tmp_V_1792_reg_6948                                                                         |    6|   0|    6|          0|
    |tmp_V_1793_reg_6953                                                                         |    6|   0|    6|          0|
    |tmp_V_1794_reg_6958                                                                         |    6|   0|    6|          0|
    |tmp_V_1795_reg_6963                                                                         |    6|   0|    6|          0|
    |tmp_V_1796_reg_6968                                                                         |    6|   0|    6|          0|
    |tmp_V_1797_reg_6973                                                                         |    6|   0|    6|          0|
    |tmp_V_1798_reg_6978                                                                         |    6|   0|    6|          0|
    |tmp_V_1799_reg_6983                                                                         |    6|   0|    6|          0|
    |tmp_V_1800_reg_6988                                                                         |    6|   0|    6|          0|
    |tmp_V_1801_reg_6993                                                                         |    6|   0|    6|          0|
    |tmp_V_reg_5037                                                                              |    6|   0|    6|          0|
    +--------------------------------------------------------------------------------------------+-----+----+-----+-----------+
    |Total                                                                                       | 2973|   0| 2973|          0|
    +--------------------------------------------------------------------------------------------+-----+----+-----+-----------+



================================================================
== Interface
================================================================
* Summary: 
+------------------+-----+-----+------------+-------------------------------------------------------------------------------+--------------+
|     RTL Ports    | Dir | Bits|  Protocol  |                                 Source Object                                 |    C Type    |
+------------------+-----+-----+------------+-------------------------------------------------------------------------------+--------------+
|ap_clk            |  in |    1| ap_ctrl_hs | conv_2d_cl_switch<ap_fixed<6, 2, 5, 3, 0>, ap_fixed<6, 2, 4, 0, 0>, config70> | return value |
|ap_rst            |  in |    1| ap_ctrl_hs | conv_2d_cl_switch<ap_fixed<6, 2, 5, 3, 0>, ap_fixed<6, 2, 4, 0, 0>, config70> | return value |
|ap_start          |  in |    1| ap_ctrl_hs | conv_2d_cl_switch<ap_fixed<6, 2, 5, 3, 0>, ap_fixed<6, 2, 4, 0, 0>, config70> | return value |
|start_full_n      |  in |    1| ap_ctrl_hs | conv_2d_cl_switch<ap_fixed<6, 2, 5, 3, 0>, ap_fixed<6, 2, 4, 0, 0>, config70> | return value |
|ap_done           | out |    1| ap_ctrl_hs | conv_2d_cl_switch<ap_fixed<6, 2, 5, 3, 0>, ap_fixed<6, 2, 4, 0, 0>, config70> | return value |
|ap_continue       |  in |    1| ap_ctrl_hs | conv_2d_cl_switch<ap_fixed<6, 2, 5, 3, 0>, ap_fixed<6, 2, 4, 0, 0>, config70> | return value |
|ap_idle           | out |    1| ap_ctrl_hs | conv_2d_cl_switch<ap_fixed<6, 2, 5, 3, 0>, ap_fixed<6, 2, 4, 0, 0>, config70> | return value |
|ap_ready          | out |    1| ap_ctrl_hs | conv_2d_cl_switch<ap_fixed<6, 2, 5, 3, 0>, ap_fixed<6, 2, 4, 0, 0>, config70> | return value |
|start_out         | out |    1| ap_ctrl_hs | conv_2d_cl_switch<ap_fixed<6, 2, 5, 3, 0>, ap_fixed<6, 2, 4, 0, 0>, config70> | return value |
|start_write       | out |    1| ap_ctrl_hs | conv_2d_cl_switch<ap_fixed<6, 2, 5, 3, 0>, ap_fixed<6, 2, 4, 0, 0>, config70> | return value |
|data_V_V_dout     |  in |    6|   ap_fifo  |                                    data_V_V                                   |    pointer   |
|data_V_V_empty_n  |  in |    1|   ap_fifo  |                                    data_V_V                                   |    pointer   |
|data_V_V_read     | out |    1|   ap_fifo  |                                    data_V_V                                   |    pointer   |
|res_V_V_din       | out |    6|   ap_fifo  |                                    res_V_V                                    |    pointer   |
|res_V_V_full_n    |  in |    1|   ap_fifo  |                                    res_V_V                                    |    pointer   |
|res_V_V_write     | out |    1|   ap_fifo  |                                    res_V_V                                    |    pointer   |
+------------------+-----+-----+------------+-------------------------------------------------------------------------------+--------------+

