

================================================================
== Vivado HLS Report for 'conv_2d_large_cl_nopad_pad_s2s_ap_fixed_ap_fixed_8_2_4_0_0_config66_s'
================================================================
* Date:           Sat Jan 21 04:33:50 2023

* Version:        2019.2 (Build 2704478 on Wed Nov 06 22:10:23 MST 2019)
* Project:        alveo_hls4ml
* Solution:       solution
* Product family: virtexuplus
* Target device:  xcu50-fsvh2104-2L-e


================================================================
== Performance Estimates
================================================================
+ Timing: 
    * Summary: 
    +--------+---------+----------+------------+
    |  Clock |  Target | Estimated| Uncertainty|
    +--------+---------+----------+------------+
    |ap_clk  | 4.00 ns | 2.864 ns |   0.90 ns  |
    +--------+---------+----------+------------+

+ Latency: 
    * Summary: 
    +---------+---------+-----------+----------+------+-------+---------+
    |  Latency (cycles) |  Latency (absolute)  |   Interval   | Pipeline|
    |   min   |   max   |    min    |    max   |  min |  max  |   Type  |
    +---------+---------+-----------+----------+------+-------+---------+
    |     9937|    61993| 39.748 us | 0.248 ms |  9937|  61993|   none  |
    +---------+---------+-----------+----------+------+-------+---------+

    + Detail: 
        * Instance: 
        +-------------------------------------------------------------------------------+-------------------------------------------------------------------+---------+---------+-----------+-----------+-----+-----+----------+
        |                                                                               |                                                                   |  Latency (cycles) |   Latency (absolute)  |  Interval | Pipeline |
        |                                    Instance                                   |                               Module                              |   min   |   max   |    min    |    max    | min | max |   Type   |
        +-------------------------------------------------------------------------------+-------------------------------------------------------------------+---------+---------+-----------+-----------+-----+-----+----------+
        |grp_dense_large_ap_fixed_8_2_5_3_0_ap_fixed_8_2_4_0_0_config66_mult_s_fu_1124  |dense_large_ap_fixed_8_2_5_3_0_ap_fixed_8_2_4_0_0_config66_mult_s  |      594|      594|  2.376 us |  2.376 us |  594|  594|   none   |
        |grp_cnnshift_arr_ap_fixed_8_2_5_3_0_ap_fixed_8_2_4_0_0_config66_s_fu_1132      |cnnshift_arr_ap_fixed_8_2_5_3_0_ap_fixed_8_2_4_0_0_config66_s      |        8|        8| 32.000 ns | 32.000 ns |    9|    9| function |
        +-------------------------------------------------------------------------------+-------------------------------------------------------------------+---------+---------+-----------+-----------+-----+-----+----------+

        * Loop: 
        +----------+---------+---------+-----------+-----------+-----------+------+----------+
        |          |  Latency (cycles) | Iteration |  Initiation Interval  | Trip |          |
        | Loop Name|   min   |   max   |  Latency  |  achieved |   target  | Count| Pipelined|
        +----------+---------+---------+-----------+-----------+-----------+------+----------+
        |- Loop 1  |     9936|    61992| 138 ~ 861 |          -|          -|    72|    no    |
        +----------+---------+---------+-----------+-----------+-----------+------+----------+



================================================================
== Utilization Estimates
================================================================
* Summary: 
+---------------------+---------+-------+---------+--------+-----+
|         Name        | BRAM_18K| DSP48E|    FF   |   LUT  | URAM|
+---------------------+---------+-------+---------+--------+-----+
|DSP                  |        -|      -|        -|       -|    -|
|Expression           |        -|      -|        0|     346|    -|
|FIFO                 |        -|      -|        -|       -|    -|
|Instance             |      114|      3|    90778|  153006|    -|
|Memory               |        0|      -|        0|       0|   15|
|Multiplexer          |        -|      -|        -|    1967|    -|
|Register             |        -|      -|     2593|       -|    -|
+---------------------+---------+-------+---------+--------+-----+
|Total                |      114|      3|    93371|  155319|   15|
+---------------------+---------+-------+---------+--------+-----+
|Available SLR        |     1344|   2976|   871680|  435840|  320|
+---------------------+---------+-------+---------+--------+-----+
|Utilization SLR (%)  |        8|   ~0  |       10|      35|    4|
+---------------------+---------+-------+---------+--------+-----+
|Available            |     2688|   5952|  1743360|  871680|  640|
+---------------------+---------+-------+---------+--------+-----+
|Utilization (%)      |        4|   ~0  |        5|      17|    2|
+---------------------+---------+-------+---------+--------+-----+

+ Detail: 
    * Instance: 
    +-------------------------------------------------------------------------------+-------------------------------------------------------------------+---------+-------+-------+--------+-----+
    |                                    Instance                                   |                               Module                              | BRAM_18K| DSP48E|   FF  |   LUT  | URAM|
    +-------------------------------------------------------------------------------+-------------------------------------------------------------------+---------+-------+-------+--------+-----+
    |grp_cnnshift_arr_ap_fixed_8_2_5_3_0_ap_fixed_8_2_4_0_0_config66_s_fu_1132      |cnnshift_arr_ap_fixed_8_2_5_3_0_ap_fixed_8_2_4_0_0_config66_s      |        0|      0|  25609|    8393|    0|
    |grp_dense_large_ap_fixed_8_2_5_3_0_ap_fixed_8_2_4_0_0_config66_mult_s_fu_1124  |dense_large_ap_fixed_8_2_5_3_0_ap_fixed_8_2_4_0_0_config66_mult_s  |      114|      3|  65169|  144613|    0|
    +-------------------------------------------------------------------------------+-------------------------------------------------------------------+---------+-------+-------+--------+-----+
    |Total                                                                          |                                                                   |      114|      3|  90778|  153006|    0|
    +-------------------------------------------------------------------------------+-------------------------------------------------------------------+---------+-------+-------+--------+-----+

    * DSP48E: 
    N/A

    * Memory: 
    +-----------------+----------------------------------------------------------------------------------+---------+---+----+-----+------+------+------+-------------+
    |      Memory     |                                      Module                                      | BRAM_18K| FF| LUT| URAM| Words| Bits | Banks| W*Bits*Banks|
    +-----------------+----------------------------------------------------------------------------------+---------+---+----+-----+------+------+------+-------------+
    |layer_in_V_14_U  |conv_2d_large_cl_nopad_pad_s2s_ap_fixed_ap_fixed_8_2_4_0_0_config66_s_layer_illb  |        0|  0|   0|   15|     9|  1024|     1|         9216|
    +-----------------+----------------------------------------------------------------------------------+---------+---+----+-----+------+------+------+-------------+
    |Total            |                                                                                  |        0|  0|   0|   15|     9|  1024|     1|         9216|
    +-----------------+----------------------------------------------------------------------------------+---------+---+----+-----+------+------+------+-------------+

    * FIFO: 
    N/A

    * Expression: 
    +-------------------------+----------+-------+---+----+------------+------------+
    |      Variable Name      | Operation| DSP48E| FF| LUT| Bitwidth P0| Bitwidth P1|
    +-------------------------+----------+-------+---+----+------------+------------+
    |add_ln446_fu_3199_p2     |     +    |      0|  0|  32|          32|           1|
    |add_ln448_fu_3210_p2     |     +    |      0|  0|  32|          32|           1|
    |add_ln451_fu_3153_p2     |     +    |      0|  0|  32|          32|           1|
    |add_ln453_fu_3164_p2     |     +    |      0|  0|  32|          32|           1|
    |i_fu_1657_p2             |     +    |      0|  0|   7|           7|           1|
    |and_ln420_5_fu_1862_p2   |    and   |      0|  0|   2|           1|           1|
    |and_ln420_6_fu_1868_p2   |    and   |      0|  0|   2|           1|           1|
    |and_ln420_fu_1856_p2     |    and   |      0|  0|   2|           1|           1|
    |ap_block_state2          |    and   |      0|  0|   2|           1|           1|
    |ap_block_state268        |    and   |      0|  0|   2|           1|           1|
    |ap_condition_2471        |    and   |      0|  0|   2|           1|           1|
    |ap_condition_2555        |    and   |      0|  0|   2|           1|           1|
    |icmp_ln411_fu_1651_p2    |   icmp   |      0|  0|  11|           7|           7|
    |icmp_ln420_7_fu_1810_p2  |   icmp   |      0|  0|  20|          32|           2|
    |icmp_ln420_8_fu_1830_p2  |   icmp   |      0|  0|  20|          31|           1|
    |icmp_ln420_9_fu_1850_p2  |   icmp   |      0|  0|  20|          31|           1|
    |icmp_ln420_fu_1800_p2    |   icmp   |      0|  0|  20|          32|           2|
    |icmp_ln438_fu_3148_p2    |   icmp   |      0|  0|  20|          32|           3|
    |icmp_ln442_fu_3194_p2    |   icmp   |      0|  0|  20|          32|           4|
    |ap_block_state1          |    or    |      0|  0|   2|           1|           1|
    |select_ln448_fu_3215_p3  |  select  |      0|  0|  32|           1|           2|
    |select_ln453_fu_3169_p3  |  select  |      0|  0|  32|           1|           2|
    +-------------------------+----------+-------+---+----+------------+------------+
    |Total                    |          |      0|  0| 346|         342|          37|
    +-------------------------+----------+-------+---+----+------------+------------+

    * Multiplexer: 
    +--------------------------------------+------+-----------+-----+-----------+
    |                 Name                 |  LUT | Input Size| Bits| Total Bits|
    +--------------------------------------+------+-----------+-----+-----------+
    |ap_NS_fsm                             |  1221|        269|    1|        269|
    |ap_done                               |     9|          2|    1|          2|
    |ap_phi_mux_storemerge_phi_fu_1117_p4  |    15|          3|   32|         96|
    |data_V_V_blk_n                        |     9|          2|    1|          2|
    |i_0_reg_1103                          |     9|          2|    7|         14|
    |layer_in_V_14_address0                |    15|          3|    4|         12|
    |layer_in_V_14_address1                |    15|          3|    4|         12|
    |layer_in_V_14_ce0                     |    15|          3|    1|          3|
    |layer_in_V_14_ce1                     |    15|          3|    1|          3|
    |layer_in_V_14_we0                     |     9|          2|    1|          2|
    |layer_in_V_14_we1                     |     9|          2|    1|          2|
    |pX_8                                  |     9|          2|   32|         64|
    |pY_8                                  |     9|          2|   32|         64|
    |real_start                            |     9|          2|    1|          2|
    |res_V_V_blk_n                         |     9|          2|    1|          2|
    |res_V_V_din                           |   581|        129|    8|       1032|
    |sX_8                                  |     9|          2|   32|         64|
    +--------------------------------------+------+-----------+-----+-----------+
    |Total                                 |  1967|        433|  160|       1645|
    +--------------------------------------+------+-----------+-----+-----------+

    * Register: 
    +--------------------------------------------------------------------------------------------+-----+----+-----+-----------+
    |                                            Name                                            |  FF | LUT| Bits| Const Bits|
    +--------------------------------------------------------------------------------------------+-----+----+-----+-----------+
    |and_ln420_6_reg_3920                                                                        |    1|   0|    1|          0|
    |ap_CS_fsm                                                                                   |  268|   0|  268|          0|
    |ap_done_reg                                                                                 |    1|   0|    1|          0|
    |grp_cnnshift_arr_ap_fixed_8_2_5_3_0_ap_fixed_8_2_4_0_0_config66_s_fu_1132_ap_start_reg      |    1|   0|    1|          0|
    |grp_dense_large_ap_fixed_8_2_5_3_0_ap_fixed_8_2_4_0_0_config66_mult_s_fu_1124_ap_start_reg  |    1|   0|    1|          0|
    |i_0_reg_1103                                                                                |    7|   0|    7|          0|
    |i_reg_3238                                                                                  |    7|   0|    7|          0|
    |icmp_ln420_7_reg_3903                                                                       |    1|   0|    1|          0|
    |icmp_ln420_reg_3893                                                                         |    1|   0|    1|          0|
    |pX_8                                                                                        |   32|   0|   32|          0|
    |pX_8_load_reg_3914                                                                          |   32|   0|   32|          0|
    |pY_8                                                                                        |   32|   0|   32|          0|
    |pY_8_load_reg_3908                                                                          |   32|   0|   32|          0|
    |sX_8                                                                                        |   32|   0|   32|          0|
    |sX_8_load_reg_3888                                                                          |   32|   0|   32|          0|
    |sY_8                                                                                        |   32|   0|   32|          0|
    |sY_8_load_reg_3898                                                                          |   32|   0|   32|          0|
    |start_once_reg                                                                              |    1|   0|    1|          0|
    |tmp_V_1266_reg_3248                                                                         |    8|   0|    8|          0|
    |tmp_V_1267_reg_3253                                                                         |    8|   0|    8|          0|
    |tmp_V_1268_reg_3258                                                                         |    8|   0|    8|          0|
    |tmp_V_1269_reg_3263                                                                         |    8|   0|    8|          0|
    |tmp_V_1270_reg_3268                                                                         |    8|   0|    8|          0|
    |tmp_V_1271_reg_3273                                                                         |    8|   0|    8|          0|
    |tmp_V_1272_reg_3278                                                                         |    8|   0|    8|          0|
    |tmp_V_1273_reg_3283                                                                         |    8|   0|    8|          0|
    |tmp_V_1274_reg_3288                                                                         |    8|   0|    8|          0|
    |tmp_V_1275_reg_3293                                                                         |    8|   0|    8|          0|
    |tmp_V_1276_reg_3298                                                                         |    8|   0|    8|          0|
    |tmp_V_1277_reg_3303                                                                         |    8|   0|    8|          0|
    |tmp_V_1278_reg_3308                                                                         |    8|   0|    8|          0|
    |tmp_V_1279_reg_3313                                                                         |    8|   0|    8|          0|
    |tmp_V_1280_reg_3318                                                                         |    8|   0|    8|          0|
    |tmp_V_1281_reg_3323                                                                         |    8|   0|    8|          0|
    |tmp_V_1282_reg_3328                                                                         |    8|   0|    8|          0|
    |tmp_V_1283_reg_3333                                                                         |    8|   0|    8|          0|
    |tmp_V_1284_reg_3338                                                                         |    8|   0|    8|          0|
    |tmp_V_1285_reg_3343                                                                         |    8|   0|    8|          0|
    |tmp_V_1286_reg_3348                                                                         |    8|   0|    8|          0|
    |tmp_V_1287_reg_3353                                                                         |    8|   0|    8|          0|
    |tmp_V_1288_reg_3358                                                                         |    8|   0|    8|          0|
    |tmp_V_1289_reg_3363                                                                         |    8|   0|    8|          0|
    |tmp_V_1290_reg_3368                                                                         |    8|   0|    8|          0|
    |tmp_V_1291_reg_3373                                                                         |    8|   0|    8|          0|
    |tmp_V_1292_reg_3378                                                                         |    8|   0|    8|          0|
    |tmp_V_1293_reg_3383                                                                         |    8|   0|    8|          0|
    |tmp_V_1294_reg_3388                                                                         |    8|   0|    8|          0|
    |tmp_V_1295_reg_3393                                                                         |    8|   0|    8|          0|
    |tmp_V_1296_reg_3398                                                                         |    8|   0|    8|          0|
    |tmp_V_1297_reg_3403                                                                         |    8|   0|    8|          0|
    |tmp_V_1298_reg_3408                                                                         |    8|   0|    8|          0|
    |tmp_V_1299_reg_3413                                                                         |    8|   0|    8|          0|
    |tmp_V_1300_reg_3418                                                                         |    8|   0|    8|          0|
    |tmp_V_1301_reg_3423                                                                         |    8|   0|    8|          0|
    |tmp_V_1302_reg_3428                                                                         |    8|   0|    8|          0|
    |tmp_V_1303_reg_3433                                                                         |    8|   0|    8|          0|
    |tmp_V_1304_reg_3438                                                                         |    8|   0|    8|          0|
    |tmp_V_1305_reg_3443                                                                         |    8|   0|    8|          0|
    |tmp_V_1306_reg_3448                                                                         |    8|   0|    8|          0|
    |tmp_V_1307_reg_3453                                                                         |    8|   0|    8|          0|
    |tmp_V_1308_reg_3458                                                                         |    8|   0|    8|          0|
    |tmp_V_1309_reg_3463                                                                         |    8|   0|    8|          0|
    |tmp_V_1310_reg_3468                                                                         |    8|   0|    8|          0|
    |tmp_V_1311_reg_3473                                                                         |    8|   0|    8|          0|
    |tmp_V_1312_reg_3478                                                                         |    8|   0|    8|          0|
    |tmp_V_1313_reg_3483                                                                         |    8|   0|    8|          0|
    |tmp_V_1314_reg_3488                                                                         |    8|   0|    8|          0|
    |tmp_V_1315_reg_3493                                                                         |    8|   0|    8|          0|
    |tmp_V_1316_reg_3498                                                                         |    8|   0|    8|          0|
    |tmp_V_1317_reg_3503                                                                         |    8|   0|    8|          0|
    |tmp_V_1318_reg_3508                                                                         |    8|   0|    8|          0|
    |tmp_V_1319_reg_3513                                                                         |    8|   0|    8|          0|
    |tmp_V_1320_reg_3518                                                                         |    8|   0|    8|          0|
    |tmp_V_1321_reg_3523                                                                         |    8|   0|    8|          0|
    |tmp_V_1322_reg_3528                                                                         |    8|   0|    8|          0|
    |tmp_V_1323_reg_3533                                                                         |    8|   0|    8|          0|
    |tmp_V_1324_reg_3538                                                                         |    8|   0|    8|          0|
    |tmp_V_1325_reg_3543                                                                         |    8|   0|    8|          0|
    |tmp_V_1326_reg_3548                                                                         |    8|   0|    8|          0|
    |tmp_V_1327_reg_3553                                                                         |    8|   0|    8|          0|
    |tmp_V_1328_reg_3558                                                                         |    8|   0|    8|          0|
    |tmp_V_1329_reg_3563                                                                         |    8|   0|    8|          0|
    |tmp_V_1330_reg_3568                                                                         |    8|   0|    8|          0|
    |tmp_V_1331_reg_3573                                                                         |    8|   0|    8|          0|
    |tmp_V_1332_reg_3578                                                                         |    8|   0|    8|          0|
    |tmp_V_1333_reg_3583                                                                         |    8|   0|    8|          0|
    |tmp_V_1334_reg_3588                                                                         |    8|   0|    8|          0|
    |tmp_V_1335_reg_3593                                                                         |    8|   0|    8|          0|
    |tmp_V_1336_reg_3598                                                                         |    8|   0|    8|          0|
    |tmp_V_1337_reg_3603                                                                         |    8|   0|    8|          0|
    |tmp_V_1338_reg_3608                                                                         |    8|   0|    8|          0|
    |tmp_V_1339_reg_3613                                                                         |    8|   0|    8|          0|
    |tmp_V_1340_reg_3618                                                                         |    8|   0|    8|          0|
    |tmp_V_1341_reg_3623                                                                         |    8|   0|    8|          0|
    |tmp_V_1342_reg_3628                                                                         |    8|   0|    8|          0|
    |tmp_V_1343_reg_3633                                                                         |    8|   0|    8|          0|
    |tmp_V_1344_reg_3638                                                                         |    8|   0|    8|          0|
    |tmp_V_1345_reg_3643                                                                         |    8|   0|    8|          0|
    |tmp_V_1346_reg_3648                                                                         |    8|   0|    8|          0|
    |tmp_V_1347_reg_3653                                                                         |    8|   0|    8|          0|
    |tmp_V_1348_reg_3658                                                                         |    8|   0|    8|          0|
    |tmp_V_1349_reg_3663                                                                         |    8|   0|    8|          0|
    |tmp_V_1350_reg_3668                                                                         |    8|   0|    8|          0|
    |tmp_V_1351_reg_3673                                                                         |    8|   0|    8|          0|
    |tmp_V_1352_reg_3678                                                                         |    8|   0|    8|          0|
    |tmp_V_1353_reg_3683                                                                         |    8|   0|    8|          0|
    |tmp_V_1354_reg_3688                                                                         |    8|   0|    8|          0|
    |tmp_V_1355_reg_3693                                                                         |    8|   0|    8|          0|
    |tmp_V_1356_reg_3698                                                                         |    8|   0|    8|          0|
    |tmp_V_1357_reg_3703                                                                         |    8|   0|    8|          0|
    |tmp_V_1358_reg_3708                                                                         |    8|   0|    8|          0|
    |tmp_V_1359_reg_3713                                                                         |    8|   0|    8|          0|
    |tmp_V_1360_reg_3718                                                                         |    8|   0|    8|          0|
    |tmp_V_1361_reg_3723                                                                         |    8|   0|    8|          0|
    |tmp_V_1362_reg_3728                                                                         |    8|   0|    8|          0|
    |tmp_V_1363_reg_3733                                                                         |    8|   0|    8|          0|
    |tmp_V_1364_reg_3738                                                                         |    8|   0|    8|          0|
    |tmp_V_1365_reg_3743                                                                         |    8|   0|    8|          0|
    |tmp_V_1366_reg_3748                                                                         |    8|   0|    8|          0|
    |tmp_V_1367_reg_3753                                                                         |    8|   0|    8|          0|
    |tmp_V_1368_reg_3758                                                                         |    8|   0|    8|          0|
    |tmp_V_1369_reg_3763                                                                         |    8|   0|    8|          0|
    |tmp_V_1370_reg_3768                                                                         |    8|   0|    8|          0|
    |tmp_V_1371_reg_3773                                                                         |    8|   0|    8|          0|
    |tmp_V_1372_reg_3778                                                                         |    8|   0|    8|          0|
    |tmp_V_1373_reg_3783                                                                         |    8|   0|    8|          0|
    |tmp_V_1374_reg_3788                                                                         |    8|   0|    8|          0|
    |tmp_V_1375_reg_3793                                                                         |    8|   0|    8|          0|
    |tmp_V_1376_reg_3798                                                                         |    8|   0|    8|          0|
    |tmp_V_1377_reg_3803                                                                         |    8|   0|    8|          0|
    |tmp_V_1378_reg_3808                                                                         |    8|   0|    8|          0|
    |tmp_V_1379_reg_3813                                                                         |    8|   0|    8|          0|
    |tmp_V_1380_reg_3818                                                                         |    8|   0|    8|          0|
    |tmp_V_1381_reg_3823                                                                         |    8|   0|    8|          0|
    |tmp_V_1382_reg_3828                                                                         |    8|   0|    8|          0|
    |tmp_V_1383_reg_3833                                                                         |    8|   0|    8|          0|
    |tmp_V_1384_reg_3838                                                                         |    8|   0|    8|          0|
    |tmp_V_1385_reg_3843                                                                         |    8|   0|    8|          0|
    |tmp_V_1386_reg_3848                                                                         |    8|   0|    8|          0|
    |tmp_V_1387_reg_3853                                                                         |    8|   0|    8|          0|
    |tmp_V_1388_reg_3858                                                                         |    8|   0|    8|          0|
    |tmp_V_1389_reg_3863                                                                         |    8|   0|    8|          0|
    |tmp_V_1390_reg_3868                                                                         |    8|   0|    8|          0|
    |tmp_V_1391_reg_3873                                                                         |    8|   0|    8|          0|
    |tmp_V_1392_reg_3878                                                                         |    8|   0|    8|          0|
    |tmp_V_1393_reg_3924                                                                         |    8|   0|    8|          0|
    |tmp_V_1394_reg_3929                                                                         |    8|   0|    8|          0|
    |tmp_V_1395_reg_3934                                                                         |    8|   0|    8|          0|
    |tmp_V_1396_reg_3939                                                                         |    8|   0|    8|          0|
    |tmp_V_1397_reg_3944                                                                         |    8|   0|    8|          0|
    |tmp_V_1398_reg_3949                                                                         |    8|   0|    8|          0|
    |tmp_V_1399_reg_3954                                                                         |    8|   0|    8|          0|
    |tmp_V_1400_reg_3959                                                                         |    8|   0|    8|          0|
    |tmp_V_1401_reg_3964                                                                         |    8|   0|    8|          0|
    |tmp_V_1402_reg_3969                                                                         |    8|   0|    8|          0|
    |tmp_V_1403_reg_3974                                                                         |    8|   0|    8|          0|
    |tmp_V_1404_reg_3979                                                                         |    8|   0|    8|          0|
    |tmp_V_1405_reg_3984                                                                         |    8|   0|    8|          0|
    |tmp_V_1406_reg_3989                                                                         |    8|   0|    8|          0|
    |tmp_V_1407_reg_3994                                                                         |    8|   0|    8|          0|
    |tmp_V_1408_reg_3999                                                                         |    8|   0|    8|          0|
    |tmp_V_1409_reg_4004                                                                         |    8|   0|    8|          0|
    |tmp_V_1410_reg_4009                                                                         |    8|   0|    8|          0|
    |tmp_V_1411_reg_4014                                                                         |    8|   0|    8|          0|
    |tmp_V_1412_reg_4019                                                                         |    8|   0|    8|          0|
    |tmp_V_1413_reg_4024                                                                         |    8|   0|    8|          0|
    |tmp_V_1414_reg_4029                                                                         |    8|   0|    8|          0|
    |tmp_V_1415_reg_4034                                                                         |    8|   0|    8|          0|
    |tmp_V_1416_reg_4039                                                                         |    8|   0|    8|          0|
    |tmp_V_1417_reg_4044                                                                         |    8|   0|    8|          0|
    |tmp_V_1418_reg_4049                                                                         |    8|   0|    8|          0|
    |tmp_V_1419_reg_4054                                                                         |    8|   0|    8|          0|
    |tmp_V_1420_reg_4059                                                                         |    8|   0|    8|          0|
    |tmp_V_1421_reg_4064                                                                         |    8|   0|    8|          0|
    |tmp_V_1422_reg_4069                                                                         |    8|   0|    8|          0|
    |tmp_V_1423_reg_4074                                                                         |    8|   0|    8|          0|
    |tmp_V_1424_reg_4079                                                                         |    8|   0|    8|          0|
    |tmp_V_1425_reg_4084                                                                         |    8|   0|    8|          0|
    |tmp_V_1426_reg_4089                                                                         |    8|   0|    8|          0|
    |tmp_V_1427_reg_4094                                                                         |    8|   0|    8|          0|
    |tmp_V_1428_reg_4099                                                                         |    8|   0|    8|          0|
    |tmp_V_1429_reg_4104                                                                         |    8|   0|    8|          0|
    |tmp_V_1430_reg_4109                                                                         |    8|   0|    8|          0|
    |tmp_V_1431_reg_4114                                                                         |    8|   0|    8|          0|
    |tmp_V_1432_reg_4119                                                                         |    8|   0|    8|          0|
    |tmp_V_1433_reg_4124                                                                         |    8|   0|    8|          0|
    |tmp_V_1434_reg_4129                                                                         |    8|   0|    8|          0|
    |tmp_V_1435_reg_4134                                                                         |    8|   0|    8|          0|
    |tmp_V_1436_reg_4139                                                                         |    8|   0|    8|          0|
    |tmp_V_1437_reg_4144                                                                         |    8|   0|    8|          0|
    |tmp_V_1438_reg_4149                                                                         |    8|   0|    8|          0|
    |tmp_V_1439_reg_4154                                                                         |    8|   0|    8|          0|
    |tmp_V_1440_reg_4159                                                                         |    8|   0|    8|          0|
    |tmp_V_1441_reg_4164                                                                         |    8|   0|    8|          0|
    |tmp_V_1442_reg_4169                                                                         |    8|   0|    8|          0|
    |tmp_V_1443_reg_4174                                                                         |    8|   0|    8|          0|
    |tmp_V_1444_reg_4179                                                                         |    8|   0|    8|          0|
    |tmp_V_1445_reg_4184                                                                         |    8|   0|    8|          0|
    |tmp_V_1446_reg_4189                                                                         |    8|   0|    8|          0|
    |tmp_V_1447_reg_4194                                                                         |    8|   0|    8|          0|
    |tmp_V_1448_reg_4199                                                                         |    8|   0|    8|          0|
    |tmp_V_1449_reg_4204                                                                         |    8|   0|    8|          0|
    |tmp_V_1450_reg_4209                                                                         |    8|   0|    8|          0|
    |tmp_V_1451_reg_4214                                                                         |    8|   0|    8|          0|
    |tmp_V_1452_reg_4219                                                                         |    8|   0|    8|          0|
    |tmp_V_1453_reg_4224                                                                         |    8|   0|    8|          0|
    |tmp_V_1454_reg_4229                                                                         |    8|   0|    8|          0|
    |tmp_V_1455_reg_4234                                                                         |    8|   0|    8|          0|
    |tmp_V_1456_reg_4239                                                                         |    8|   0|    8|          0|
    |tmp_V_1457_reg_4244                                                                         |    8|   0|    8|          0|
    |tmp_V_1458_reg_4249                                                                         |    8|   0|    8|          0|
    |tmp_V_1459_reg_4254                                                                         |    8|   0|    8|          0|
    |tmp_V_1460_reg_4259                                                                         |    8|   0|    8|          0|
    |tmp_V_1461_reg_4264                                                                         |    8|   0|    8|          0|
    |tmp_V_1462_reg_4269                                                                         |    8|   0|    8|          0|
    |tmp_V_1463_reg_4274                                                                         |    8|   0|    8|          0|
    |tmp_V_1464_reg_4279                                                                         |    8|   0|    8|          0|
    |tmp_V_1465_reg_4284                                                                         |    8|   0|    8|          0|
    |tmp_V_1466_reg_4289                                                                         |    8|   0|    8|          0|
    |tmp_V_1467_reg_4294                                                                         |    8|   0|    8|          0|
    |tmp_V_1468_reg_4299                                                                         |    8|   0|    8|          0|
    |tmp_V_1469_reg_4304                                                                         |    8|   0|    8|          0|
    |tmp_V_1470_reg_4309                                                                         |    8|   0|    8|          0|
    |tmp_V_1471_reg_4314                                                                         |    8|   0|    8|          0|
    |tmp_V_1472_reg_4319                                                                         |    8|   0|    8|          0|
    |tmp_V_1473_reg_4324                                                                         |    8|   0|    8|          0|
    |tmp_V_1474_reg_4329                                                                         |    8|   0|    8|          0|
    |tmp_V_1475_reg_4334                                                                         |    8|   0|    8|          0|
    |tmp_V_1476_reg_4339                                                                         |    8|   0|    8|          0|
    |tmp_V_1477_reg_4344                                                                         |    8|   0|    8|          0|
    |tmp_V_1478_reg_4349                                                                         |    8|   0|    8|          0|
    |tmp_V_1479_reg_4354                                                                         |    8|   0|    8|          0|
    |tmp_V_1480_reg_4359                                                                         |    8|   0|    8|          0|
    |tmp_V_1481_reg_4364                                                                         |    8|   0|    8|          0|
    |tmp_V_1482_reg_4369                                                                         |    8|   0|    8|          0|
    |tmp_V_1483_reg_4374                                                                         |    8|   0|    8|          0|
    |tmp_V_1484_reg_4379                                                                         |    8|   0|    8|          0|
    |tmp_V_1485_reg_4384                                                                         |    8|   0|    8|          0|
    |tmp_V_1486_reg_4389                                                                         |    8|   0|    8|          0|
    |tmp_V_1487_reg_4394                                                                         |    8|   0|    8|          0|
    |tmp_V_1488_reg_4399                                                                         |    8|   0|    8|          0|
    |tmp_V_1489_reg_4404                                                                         |    8|   0|    8|          0|
    |tmp_V_1490_reg_4409                                                                         |    8|   0|    8|          0|
    |tmp_V_1491_reg_4414                                                                         |    8|   0|    8|          0|
    |tmp_V_1492_reg_4419                                                                         |    8|   0|    8|          0|
    |tmp_V_1493_reg_4424                                                                         |    8|   0|    8|          0|
    |tmp_V_1494_reg_4429                                                                         |    8|   0|    8|          0|
    |tmp_V_1495_reg_4434                                                                         |    8|   0|    8|          0|
    |tmp_V_1496_reg_4439                                                                         |    8|   0|    8|          0|
    |tmp_V_1497_reg_4444                                                                         |    8|   0|    8|          0|
    |tmp_V_1498_reg_4449                                                                         |    8|   0|    8|          0|
    |tmp_V_1499_reg_4454                                                                         |    8|   0|    8|          0|
    |tmp_V_1500_reg_4459                                                                         |    8|   0|    8|          0|
    |tmp_V_1501_reg_4464                                                                         |    8|   0|    8|          0|
    |tmp_V_1502_reg_4469                                                                         |    8|   0|    8|          0|
    |tmp_V_1503_reg_4474                                                                         |    8|   0|    8|          0|
    |tmp_V_1504_reg_4479                                                                         |    8|   0|    8|          0|
    |tmp_V_1505_reg_4484                                                                         |    8|   0|    8|          0|
    |tmp_V_1506_reg_4489                                                                         |    8|   0|    8|          0|
    |tmp_V_1507_reg_4494                                                                         |    8|   0|    8|          0|
    |tmp_V_1508_reg_4499                                                                         |    8|   0|    8|          0|
    |tmp_V_1509_reg_4504                                                                         |    8|   0|    8|          0|
    |tmp_V_1510_reg_4509                                                                         |    8|   0|    8|          0|
    |tmp_V_1511_reg_4514                                                                         |    8|   0|    8|          0|
    |tmp_V_1512_reg_4519                                                                         |    8|   0|    8|          0|
    |tmp_V_1513_reg_4524                                                                         |    8|   0|    8|          0|
    |tmp_V_1514_reg_4529                                                                         |    8|   0|    8|          0|
    |tmp_V_1515_reg_4534                                                                         |    8|   0|    8|          0|
    |tmp_V_1516_reg_4539                                                                         |    8|   0|    8|          0|
    |tmp_V_1517_reg_4544                                                                         |    8|   0|    8|          0|
    |tmp_V_1518_reg_4549                                                                         |    8|   0|    8|          0|
    |tmp_V_1519_reg_4554                                                                         |    8|   0|    8|          0|
    |tmp_V_1520_reg_4559                                                                         |    8|   0|    8|          0|
    |tmp_V_reg_3243                                                                              |    8|   0|    8|          0|
    +--------------------------------------------------------------------------------------------+-----+----+-----+-----------+
    |Total                                                                                       | 2593|   0| 2593|          0|
    +--------------------------------------------------------------------------------------------+-----+----+-----+-----------+



================================================================
== Interface
================================================================
* Summary: 
+------------------+-----+-----+------------+-----------------------------------------------------------------------+--------------+
|     RTL Ports    | Dir | Bits|  Protocol  |                             Source Object                             |    C Type    |
+------------------+-----+-----+------------+-----------------------------------------------------------------------+--------------+
|ap_clk            |  in |    1| ap_ctrl_hs | conv_2d_large_cl_nopad_pad_s2s<ap_fixed,ap_fixed<8,2,4,0,0>,config66> | return value |
|ap_rst            |  in |    1| ap_ctrl_hs | conv_2d_large_cl_nopad_pad_s2s<ap_fixed,ap_fixed<8,2,4,0,0>,config66> | return value |
|ap_start          |  in |    1| ap_ctrl_hs | conv_2d_large_cl_nopad_pad_s2s<ap_fixed,ap_fixed<8,2,4,0,0>,config66> | return value |
|start_full_n      |  in |    1| ap_ctrl_hs | conv_2d_large_cl_nopad_pad_s2s<ap_fixed,ap_fixed<8,2,4,0,0>,config66> | return value |
|ap_done           | out |    1| ap_ctrl_hs | conv_2d_large_cl_nopad_pad_s2s<ap_fixed,ap_fixed<8,2,4,0,0>,config66> | return value |
|ap_continue       |  in |    1| ap_ctrl_hs | conv_2d_large_cl_nopad_pad_s2s<ap_fixed,ap_fixed<8,2,4,0,0>,config66> | return value |
|ap_idle           | out |    1| ap_ctrl_hs | conv_2d_large_cl_nopad_pad_s2s<ap_fixed,ap_fixed<8,2,4,0,0>,config66> | return value |
|ap_ready          | out |    1| ap_ctrl_hs | conv_2d_large_cl_nopad_pad_s2s<ap_fixed,ap_fixed<8,2,4,0,0>,config66> | return value |
|start_out         | out |    1| ap_ctrl_hs | conv_2d_large_cl_nopad_pad_s2s<ap_fixed,ap_fixed<8,2,4,0,0>,config66> | return value |
|start_write       | out |    1| ap_ctrl_hs | conv_2d_large_cl_nopad_pad_s2s<ap_fixed,ap_fixed<8,2,4,0,0>,config66> | return value |
|data_V_V_dout     |  in |    8|   ap_fifo  |                                data_V_V                               |    pointer   |
|data_V_V_empty_n  |  in |    1|   ap_fifo  |                                data_V_V                               |    pointer   |
|data_V_V_read     | out |    1|   ap_fifo  |                                data_V_V                               |    pointer   |
|res_V_V_din       | out |    8|   ap_fifo  |                                res_V_V                                |    pointer   |
|res_V_V_full_n    |  in |    1|   ap_fifo  |                                res_V_V                                |    pointer   |
|res_V_V_write     | out |    1|   ap_fifo  |                                res_V_V                                |    pointer   |
+------------------+-----+-----+------------+-----------------------------------------------------------------------+--------------+

