

================================================================
== Vivado HLS Report for 'conv_2d_large_cl_nopad_pad_s2s_ap_fixed_ap_fixed_8_2_4_0_0_config76_s'
================================================================
* Date:           Sat Jan 21 05:04:23 2023

* Version:        2019.2 (Build 2704478 on Wed Nov 06 22:10:23 MST 2019)
* Project:        alveo_hls4ml
* Solution:       solution
* Product family: virtexuplus
* Target device:  xcu50-fsvh2104-2L-e


================================================================
== Performance Estimates
================================================================
+ Timing: 
    * Summary: 
    +--------+---------+----------+------------+
    |  Clock |  Target | Estimated| Uncertainty|
    +--------+---------+----------+------------+
    |ap_clk  | 4.00 ns | 2.775 ns |   0.90 ns  |
    +--------+---------+----------+------------+

+ Latency: 
    * Summary: 
    +---------+---------+-----------+----------+------+-------+---------+
    |  Latency (cycles) |  Latency (absolute)  |   Interval   | Pipeline|
    |   min   |   max   |    min    |    max   |  min |  max  |   Type  |
    +---------+---------+-----------+----------+------+-------+---------+
    |     6651|    42351| 26.604 us | 0.169 ms |  6651|  42351|   none  |
    +---------+---------+-----------+----------+------+-------+---------+

    + Detail: 
        * Instance: 
        +-------------------------------------------------------------------------------+-------------------------------------------------------------------+---------+---------+-----------+-----------+------+------+----------+
        |                                                                               |                                                                   |  Latency (cycles) |   Latency (absolute)  |   Interval  | Pipeline |
        |                                    Instance                                   |                               Module                              |   min   |   max   |    min    |    max    |  min |  max |   Type   |
        +-------------------------------------------------------------------------------+-------------------------------------------------------------------+---------+---------+-----------+-----------+------+------+----------+
        |grp_dense_large_ap_fixed_8_2_5_3_0_ap_fixed_8_2_4_0_0_config76_mult_s_fu_2148  |dense_large_ap_fixed_8_2_5_3_0_ap_fixed_8_2_4_0_0_config76_mult_s  |     1171|     1171|  4.684 us |  4.684 us |  1171|  1171|   none   |
        |grp_cnnshift_arr_ap_fixed_8_2_5_3_0_ap_fixed_8_2_4_0_0_config76_s_fu_2156      |cnnshift_arr_ap_fixed_8_2_5_3_0_ap_fixed_8_2_4_0_0_config76_s      |        8|        8| 32.000 ns | 32.000 ns |     9|     9| function |
        +-------------------------------------------------------------------------------+-------------------------------------------------------------------+---------+---------+-----------+-----------+------+------+----------+

        * Loop: 
        +----------+---------+---------+------------+-----------+-----------+------+----------+
        |          |  Latency (cycles) |  Iteration |  Initiation Interval  | Trip |          |
        | Loop Name|   min   |   max   |   Latency  |  achieved |   target  | Count| Pipelined|
        +----------+---------+---------+------------+-----------+-----------+------+----------+
        |- Loop 1  |     6650|    42350| 266 ~ 1694 |          -|          -|    25|    no    |
        +----------+---------+---------+------------+-----------+-----------+------+----------+



================================================================
== Utilization Estimates
================================================================
* Summary: 
+---------------------+---------+-------+---------+--------+-----+
|         Name        | BRAM_18K| DSP48E|    FF   |   LUT  | URAM|
+---------------------+---------+-------+---------+--------+-----+
|DSP                  |        -|      -|        -|       -|    -|
|Expression           |        -|      -|        0|     345|    -|
|FIFO                 |        -|      -|        -|       -|    -|
|Instance             |      342|      1|    74949|  136733|    -|
|Memory               |        0|      -|        0|       0|   29|
|Multiplexer          |        -|      -|        -|    3531|    -|
|Register             |        -|      -|     4893|       -|    -|
+---------------------+---------+-------+---------+--------+-----+
|Total                |      342|      1|    79842|  140609|   29|
+---------------------+---------+-------+---------+--------+-----+
|Available SLR        |     1344|   2976|   871680|  435840|  320|
+---------------------+---------+-------+---------+--------+-----+
|Utilization SLR (%)  |       25|   ~0  |        9|      32|    9|
+---------------------+---------+-------+---------+--------+-----+
|Available            |     2688|   5952|  1743360|  871680|  640|
+---------------------+---------+-------+---------+--------+-----+
|Utilization (%)      |       12|   ~0  |        4|      16|    4|
+---------------------+---------+-------+---------+--------+-----+

+ Detail: 
    * Instance: 
    +-------------------------------------------------------------------------------+-------------------------------------------------------------------+---------+-------+-------+--------+-----+
    |                                    Instance                                   |                               Module                              | BRAM_18K| DSP48E|   FF  |   LUT  | URAM|
    +-------------------------------------------------------------------------------+-------------------------------------------------------------------+---------+-------+-------+--------+-----+
    |grp_cnnshift_arr_ap_fixed_8_2_5_3_0_ap_fixed_8_2_4_0_0_config76_s_fu_2156      |cnnshift_arr_ap_fixed_8_2_5_3_0_ap_fixed_8_2_4_0_0_config76_s      |        0|      0|  49385|   16585|    0|
    |grp_dense_large_ap_fixed_8_2_5_3_0_ap_fixed_8_2_4_0_0_config76_mult_s_fu_2148  |dense_large_ap_fixed_8_2_5_3_0_ap_fixed_8_2_4_0_0_config76_mult_s  |      342|      1|  25564|  120148|    0|
    +-------------------------------------------------------------------------------+-------------------------------------------------------------------+---------+-------+-------+--------+-----+
    |Total                                                                          |                                                                   |      342|      1|  74949|  136733|    0|
    +-------------------------------------------------------------------------------+-------------------------------------------------------------------+---------+-------+-------+--------+-----+

    * DSP48E: 
    N/A

    * Memory: 
    +-----------------+----------------------------------------------------------------------------------+---------+---+----+-----+------+------+------+-------------+
    |      Memory     |                                      Module                                      | BRAM_18K| FF| LUT| URAM| Words| Bits | Banks| W*Bits*Banks|
    +-----------------+----------------------------------------------------------------------------------+---------+---+----+-----+------+------+------+-------------+
    |layer_in_V_12_U  |conv_2d_large_cl_nopad_pad_s2s_ap_fixed_ap_fixed_8_2_4_0_0_config76_s_layer_ixLd  |        0|  0|   0|   29|     9|  2048|     1|        18432|
    +-----------------+----------------------------------------------------------------------------------+---------+---+----+-----+------+------+------+-------------+
    |Total            |                                                                                  |        0|  0|   0|   29|     9|  2048|     1|        18432|
    +-----------------+----------------------------------------------------------------------------------+---------+---+----+-----+------+------+------+-------------+

    * FIFO: 
    N/A

    * Expression: 
    +-------------------------+----------+-------+---+----+------------+------------+
    |      Variable Name      | Operation| DSP48E| FF| LUT| Bitwidth P0| Bitwidth P1|
    +-------------------------+----------+-------+---+----+------------+------------+
    |add_ln446_fu_6143_p2     |     +    |      0|  0|  32|          32|           1|
    |add_ln448_fu_6154_p2     |     +    |      0|  0|  32|          32|           1|
    |add_ln451_fu_6097_p2     |     +    |      0|  0|  32|          32|           1|
    |add_ln453_fu_6108_p2     |     +    |      0|  0|  32|          32|           1|
    |i_fu_3193_p2             |     +    |      0|  0|   6|           5|           1|
    |and_ln420_1_fu_3526_p2   |    and   |      0|  0|   2|           1|           1|
    |and_ln420_2_fu_3532_p2   |    and   |      0|  0|   2|           1|           1|
    |and_ln420_fu_3520_p2     |    and   |      0|  0|   2|           1|           1|
    |ap_block_state2          |    and   |      0|  0|   2|           1|           1|
    |ap_block_state524        |    and   |      0|  0|   2|           1|           1|
    |ap_condition_4775        |    and   |      0|  0|   2|           1|           1|
    |ap_condition_4859        |    and   |      0|  0|   2|           1|           1|
    |icmp_ln411_fu_3187_p2    |   icmp   |      0|  0|  11|           5|           4|
    |icmp_ln420_1_fu_3474_p2  |   icmp   |      0|  0|  20|          32|           2|
    |icmp_ln420_2_fu_3494_p2  |   icmp   |      0|  0|  20|          31|           1|
    |icmp_ln420_3_fu_3514_p2  |   icmp   |      0|  0|  20|          31|           1|
    |icmp_ln420_fu_3464_p2    |   icmp   |      0|  0|  20|          32|           2|
    |icmp_ln438_fu_6092_p2    |   icmp   |      0|  0|  20|          32|           3|
    |icmp_ln442_fu_6138_p2    |   icmp   |      0|  0|  20|          32|           3|
    |ap_block_state1          |    or    |      0|  0|   2|           1|           1|
    |select_ln448_fu_6159_p3  |  select  |      0|  0|  32|           1|           2|
    |select_ln453_fu_6113_p3  |  select  |      0|  0|  32|           1|           2|
    +-------------------------+----------+-------+---+----+------------+------------+
    |Total                    |          |      0|  0| 345|         338|          33|
    +-------------------------+----------+-------+---+----+------------+------------+

    * Multiplexer: 
    +--------------------------------------+------+-----------+-----+-----------+
    |                 Name                 |  LUT | Input Size| Bits| Total Bits|
    +--------------------------------------+------+-----------+-----+-----------+
    |ap_NS_fsm                             |  2193|        525|    1|        525|
    |ap_done                               |     9|          2|    1|          2|
    |ap_phi_mux_storemerge_phi_fu_2141_p4  |    15|          3|   32|         96|
    |data_V_V_blk_n                        |     9|          2|    1|          2|
    |i_0_reg_2127                          |     9|          2|    5|         10|
    |layer_in_V_12_address0                |    15|          3|    4|         12|
    |layer_in_V_12_address1                |    15|          3|    4|         12|
    |layer_in_V_12_ce0                     |    15|          3|    1|          3|
    |layer_in_V_12_ce1                     |    15|          3|    1|          3|
    |layer_in_V_12_we0                     |     9|          2|    1|          2|
    |layer_in_V_12_we1                     |     9|          2|    1|          2|
    |pX                                    |     9|          2|   32|         64|
    |pY                                    |     9|          2|   32|         64|
    |real_start                            |     9|          2|    1|          2|
    |res_V_V_blk_n                         |     9|          2|    1|          2|
    |res_V_V_din                           |  1173|        257|    8|       2056|
    |sX                                    |     9|          2|   32|         64|
    +--------------------------------------+------+-----------+-----+-----------+
    |Total                                 |  3531|        817|  158|       2921|
    +--------------------------------------+------+-----------+-----+-----------+

    * Register: 
    +--------------------------------------------------------------------------------------------+-----+----+-----+-----------+
    |                                            Name                                            |  FF | LUT| Bits| Const Bits|
    +--------------------------------------------------------------------------------------------+-----+----+-----+-----------+
    |and_ln420_2_reg_7504                                                                        |    1|   0|    1|          0|
    |ap_CS_fsm                                                                                   |  524|   0|  524|          0|
    |ap_done_reg                                                                                 |    1|   0|    1|          0|
    |grp_cnnshift_arr_ap_fixed_8_2_5_3_0_ap_fixed_8_2_4_0_0_config76_s_fu_2156_ap_start_reg      |    1|   0|    1|          0|
    |grp_dense_large_ap_fixed_8_2_5_3_0_ap_fixed_8_2_4_0_0_config76_mult_s_fu_2148_ap_start_reg  |    1|   0|    1|          0|
    |i_0_reg_2127                                                                                |    5|   0|    5|          0|
    |i_reg_6182                                                                                  |    5|   0|    5|          0|
    |icmp_ln420_1_reg_7487                                                                       |    1|   0|    1|          0|
    |icmp_ln420_reg_7477                                                                         |    1|   0|    1|          0|
    |pX                                                                                          |   32|   0|   32|          0|
    |pX_load_reg_7498                                                                            |   32|   0|   32|          0|
    |pY                                                                                          |   32|   0|   32|          0|
    |pY_load_reg_7492                                                                            |   32|   0|   32|          0|
    |sX                                                                                          |   32|   0|   32|          0|
    |sX_load_reg_7472                                                                            |   32|   0|   32|          0|
    |sY                                                                                          |   32|   0|   32|          0|
    |sY_load_reg_7482                                                                            |   32|   0|   32|          0|
    |start_once_reg                                                                              |    1|   0|    1|          0|
    |tmp_V_117_reg_6192                                                                          |    8|   0|    8|          0|
    |tmp_V_118_reg_6197                                                                          |    8|   0|    8|          0|
    |tmp_V_119_reg_6202                                                                          |    8|   0|    8|          0|
    |tmp_V_120_reg_6207                                                                          |    8|   0|    8|          0|
    |tmp_V_121_reg_6212                                                                          |    8|   0|    8|          0|
    |tmp_V_122_reg_6217                                                                          |    8|   0|    8|          0|
    |tmp_V_123_reg_6222                                                                          |    8|   0|    8|          0|
    |tmp_V_124_reg_6227                                                                          |    8|   0|    8|          0|
    |tmp_V_125_reg_6232                                                                          |    8|   0|    8|          0|
    |tmp_V_126_reg_6237                                                                          |    8|   0|    8|          0|
    |tmp_V_127_reg_6242                                                                          |    8|   0|    8|          0|
    |tmp_V_128_reg_6247                                                                          |    8|   0|    8|          0|
    |tmp_V_129_reg_6252                                                                          |    8|   0|    8|          0|
    |tmp_V_130_reg_6257                                                                          |    8|   0|    8|          0|
    |tmp_V_131_reg_6262                                                                          |    8|   0|    8|          0|
    |tmp_V_132_reg_6267                                                                          |    8|   0|    8|          0|
    |tmp_V_133_reg_6272                                                                          |    8|   0|    8|          0|
    |tmp_V_134_reg_6277                                                                          |    8|   0|    8|          0|
    |tmp_V_135_reg_6282                                                                          |    8|   0|    8|          0|
    |tmp_V_136_reg_6287                                                                          |    8|   0|    8|          0|
    |tmp_V_137_reg_6292                                                                          |    8|   0|    8|          0|
    |tmp_V_138_reg_6297                                                                          |    8|   0|    8|          0|
    |tmp_V_139_reg_6302                                                                          |    8|   0|    8|          0|
    |tmp_V_140_reg_6307                                                                          |    8|   0|    8|          0|
    |tmp_V_141_reg_6312                                                                          |    8|   0|    8|          0|
    |tmp_V_142_reg_6317                                                                          |    8|   0|    8|          0|
    |tmp_V_143_reg_6322                                                                          |    8|   0|    8|          0|
    |tmp_V_144_reg_6327                                                                          |    8|   0|    8|          0|
    |tmp_V_145_reg_6332                                                                          |    8|   0|    8|          0|
    |tmp_V_146_reg_6337                                                                          |    8|   0|    8|          0|
    |tmp_V_147_reg_6342                                                                          |    8|   0|    8|          0|
    |tmp_V_148_reg_6347                                                                          |    8|   0|    8|          0|
    |tmp_V_149_reg_6352                                                                          |    8|   0|    8|          0|
    |tmp_V_150_reg_6357                                                                          |    8|   0|    8|          0|
    |tmp_V_151_reg_6362                                                                          |    8|   0|    8|          0|
    |tmp_V_152_reg_6367                                                                          |    8|   0|    8|          0|
    |tmp_V_153_reg_6372                                                                          |    8|   0|    8|          0|
    |tmp_V_154_reg_6377                                                                          |    8|   0|    8|          0|
    |tmp_V_155_reg_6382                                                                          |    8|   0|    8|          0|
    |tmp_V_156_reg_6387                                                                          |    8|   0|    8|          0|
    |tmp_V_157_reg_6392                                                                          |    8|   0|    8|          0|
    |tmp_V_158_reg_6397                                                                          |    8|   0|    8|          0|
    |tmp_V_159_reg_6402                                                                          |    8|   0|    8|          0|
    |tmp_V_160_reg_6407                                                                          |    8|   0|    8|          0|
    |tmp_V_161_reg_6412                                                                          |    8|   0|    8|          0|
    |tmp_V_162_reg_6417                                                                          |    8|   0|    8|          0|
    |tmp_V_163_reg_6422                                                                          |    8|   0|    8|          0|
    |tmp_V_164_reg_6427                                                                          |    8|   0|    8|          0|
    |tmp_V_165_reg_6432                                                                          |    8|   0|    8|          0|
    |tmp_V_166_reg_6437                                                                          |    8|   0|    8|          0|
    |tmp_V_167_reg_6442                                                                          |    8|   0|    8|          0|
    |tmp_V_168_reg_6447                                                                          |    8|   0|    8|          0|
    |tmp_V_169_reg_6452                                                                          |    8|   0|    8|          0|
    |tmp_V_170_reg_6457                                                                          |    8|   0|    8|          0|
    |tmp_V_171_reg_6462                                                                          |    8|   0|    8|          0|
    |tmp_V_172_reg_6467                                                                          |    8|   0|    8|          0|
    |tmp_V_173_reg_6472                                                                          |    8|   0|    8|          0|
    |tmp_V_174_reg_6477                                                                          |    8|   0|    8|          0|
    |tmp_V_175_reg_6482                                                                          |    8|   0|    8|          0|
    |tmp_V_176_reg_6487                                                                          |    8|   0|    8|          0|
    |tmp_V_177_reg_6492                                                                          |    8|   0|    8|          0|
    |tmp_V_178_reg_6497                                                                          |    8|   0|    8|          0|
    |tmp_V_179_reg_6502                                                                          |    8|   0|    8|          0|
    |tmp_V_180_reg_6507                                                                          |    8|   0|    8|          0|
    |tmp_V_181_reg_6512                                                                          |    8|   0|    8|          0|
    |tmp_V_182_reg_6517                                                                          |    8|   0|    8|          0|
    |tmp_V_183_reg_6522                                                                          |    8|   0|    8|          0|
    |tmp_V_184_reg_6527                                                                          |    8|   0|    8|          0|
    |tmp_V_185_reg_6532                                                                          |    8|   0|    8|          0|
    |tmp_V_186_reg_6537                                                                          |    8|   0|    8|          0|
    |tmp_V_187_reg_6542                                                                          |    8|   0|    8|          0|
    |tmp_V_188_reg_6547                                                                          |    8|   0|    8|          0|
    |tmp_V_189_reg_6552                                                                          |    8|   0|    8|          0|
    |tmp_V_190_reg_6557                                                                          |    8|   0|    8|          0|
    |tmp_V_191_reg_6562                                                                          |    8|   0|    8|          0|
    |tmp_V_192_reg_6567                                                                          |    8|   0|    8|          0|
    |tmp_V_193_reg_6572                                                                          |    8|   0|    8|          0|
    |tmp_V_194_reg_6577                                                                          |    8|   0|    8|          0|
    |tmp_V_195_reg_6582                                                                          |    8|   0|    8|          0|
    |tmp_V_196_reg_6587                                                                          |    8|   0|    8|          0|
    |tmp_V_197_reg_6592                                                                          |    8|   0|    8|          0|
    |tmp_V_198_reg_6597                                                                          |    8|   0|    8|          0|
    |tmp_V_199_reg_6602                                                                          |    8|   0|    8|          0|
    |tmp_V_200_reg_6607                                                                          |    8|   0|    8|          0|
    |tmp_V_456_reg_6612                                                                          |    8|   0|    8|          0|
    |tmp_V_457_reg_6617                                                                          |    8|   0|    8|          0|
    |tmp_V_458_reg_6622                                                                          |    8|   0|    8|          0|
    |tmp_V_459_reg_6627                                                                          |    8|   0|    8|          0|
    |tmp_V_460_reg_6632                                                                          |    8|   0|    8|          0|
    |tmp_V_461_reg_6637                                                                          |    8|   0|    8|          0|
    |tmp_V_462_reg_6642                                                                          |    8|   0|    8|          0|
    |tmp_V_463_reg_6647                                                                          |    8|   0|    8|          0|
    |tmp_V_464_reg_6652                                                                          |    8|   0|    8|          0|
    |tmp_V_465_reg_6657                                                                          |    8|   0|    8|          0|
    |tmp_V_466_reg_6662                                                                          |    8|   0|    8|          0|
    |tmp_V_467_reg_6667                                                                          |    8|   0|    8|          0|
    |tmp_V_468_reg_6672                                                                          |    8|   0|    8|          0|
    |tmp_V_469_reg_6677                                                                          |    8|   0|    8|          0|
    |tmp_V_470_reg_6682                                                                          |    8|   0|    8|          0|
    |tmp_V_471_reg_6687                                                                          |    8|   0|    8|          0|
    |tmp_V_472_reg_6692                                                                          |    8|   0|    8|          0|
    |tmp_V_473_reg_6697                                                                          |    8|   0|    8|          0|
    |tmp_V_474_reg_6702                                                                          |    8|   0|    8|          0|
    |tmp_V_475_reg_6707                                                                          |    8|   0|    8|          0|
    |tmp_V_476_reg_6712                                                                          |    8|   0|    8|          0|
    |tmp_V_477_reg_6717                                                                          |    8|   0|    8|          0|
    |tmp_V_478_reg_6722                                                                          |    8|   0|    8|          0|
    |tmp_V_479_reg_6727                                                                          |    8|   0|    8|          0|
    |tmp_V_480_reg_6732                                                                          |    8|   0|    8|          0|
    |tmp_V_481_reg_6737                                                                          |    8|   0|    8|          0|
    |tmp_V_482_reg_6742                                                                          |    8|   0|    8|          0|
    |tmp_V_483_reg_6747                                                                          |    8|   0|    8|          0|
    |tmp_V_484_reg_6752                                                                          |    8|   0|    8|          0|
    |tmp_V_485_reg_6757                                                                          |    8|   0|    8|          0|
    |tmp_V_486_reg_6762                                                                          |    8|   0|    8|          0|
    |tmp_V_487_reg_6767                                                                          |    8|   0|    8|          0|
    |tmp_V_488_reg_6772                                                                          |    8|   0|    8|          0|
    |tmp_V_489_reg_6777                                                                          |    8|   0|    8|          0|
    |tmp_V_490_reg_6782                                                                          |    8|   0|    8|          0|
    |tmp_V_491_reg_6787                                                                          |    8|   0|    8|          0|
    |tmp_V_492_reg_6792                                                                          |    8|   0|    8|          0|
    |tmp_V_493_reg_6797                                                                          |    8|   0|    8|          0|
    |tmp_V_494_reg_6802                                                                          |    8|   0|    8|          0|
    |tmp_V_495_reg_6807                                                                          |    8|   0|    8|          0|
    |tmp_V_496_reg_6812                                                                          |    8|   0|    8|          0|
    |tmp_V_497_reg_6817                                                                          |    8|   0|    8|          0|
    |tmp_V_498_reg_6822                                                                          |    8|   0|    8|          0|
    |tmp_V_499_reg_6827                                                                          |    8|   0|    8|          0|
    |tmp_V_500_reg_6832                                                                          |    8|   0|    8|          0|
    |tmp_V_501_reg_6837                                                                          |    8|   0|    8|          0|
    |tmp_V_502_reg_6842                                                                          |    8|   0|    8|          0|
    |tmp_V_503_reg_6847                                                                          |    8|   0|    8|          0|
    |tmp_V_504_reg_6852                                                                          |    8|   0|    8|          0|
    |tmp_V_505_reg_6857                                                                          |    8|   0|    8|          0|
    |tmp_V_506_reg_6862                                                                          |    8|   0|    8|          0|
    |tmp_V_507_reg_6867                                                                          |    8|   0|    8|          0|
    |tmp_V_508_reg_6872                                                                          |    8|   0|    8|          0|
    |tmp_V_509_reg_6877                                                                          |    8|   0|    8|          0|
    |tmp_V_510_reg_6882                                                                          |    8|   0|    8|          0|
    |tmp_V_511_reg_6887                                                                          |    8|   0|    8|          0|
    |tmp_V_512_reg_6892                                                                          |    8|   0|    8|          0|
    |tmp_V_513_reg_6897                                                                          |    8|   0|    8|          0|
    |tmp_V_514_reg_6902                                                                          |    8|   0|    8|          0|
    |tmp_V_515_reg_6907                                                                          |    8|   0|    8|          0|
    |tmp_V_516_reg_6912                                                                          |    8|   0|    8|          0|
    |tmp_V_517_reg_6917                                                                          |    8|   0|    8|          0|
    |tmp_V_518_reg_6922                                                                          |    8|   0|    8|          0|
    |tmp_V_519_reg_6927                                                                          |    8|   0|    8|          0|
    |tmp_V_520_reg_6932                                                                          |    8|   0|    8|          0|
    |tmp_V_521_reg_6937                                                                          |    8|   0|    8|          0|
    |tmp_V_522_reg_6942                                                                          |    8|   0|    8|          0|
    |tmp_V_523_reg_6947                                                                          |    8|   0|    8|          0|
    |tmp_V_524_reg_6952                                                                          |    8|   0|    8|          0|
    |tmp_V_525_reg_6957                                                                          |    8|   0|    8|          0|
    |tmp_V_526_reg_6962                                                                          |    8|   0|    8|          0|
    |tmp_V_527_reg_6967                                                                          |    8|   0|    8|          0|
    |tmp_V_528_reg_6972                                                                          |    8|   0|    8|          0|
    |tmp_V_529_reg_6977                                                                          |    8|   0|    8|          0|
    |tmp_V_530_reg_6982                                                                          |    8|   0|    8|          0|
    |tmp_V_531_reg_6987                                                                          |    8|   0|    8|          0|
    |tmp_V_532_reg_6992                                                                          |    8|   0|    8|          0|
    |tmp_V_533_reg_6997                                                                          |    8|   0|    8|          0|
    |tmp_V_534_reg_7002                                                                          |    8|   0|    8|          0|
    |tmp_V_535_reg_7007                                                                          |    8|   0|    8|          0|
    |tmp_V_536_reg_7012                                                                          |    8|   0|    8|          0|
    |tmp_V_537_reg_7017                                                                          |    8|   0|    8|          0|
    |tmp_V_538_reg_7022                                                                          |    8|   0|    8|          0|
    |tmp_V_539_reg_7027                                                                          |    8|   0|    8|          0|
    |tmp_V_540_reg_7032                                                                          |    8|   0|    8|          0|
    |tmp_V_541_reg_7037                                                                          |    8|   0|    8|          0|
    |tmp_V_542_reg_7042                                                                          |    8|   0|    8|          0|
    |tmp_V_543_reg_7047                                                                          |    8|   0|    8|          0|
    |tmp_V_544_reg_7052                                                                          |    8|   0|    8|          0|
    |tmp_V_545_reg_7057                                                                          |    8|   0|    8|          0|
    |tmp_V_546_reg_7062                                                                          |    8|   0|    8|          0|
    |tmp_V_547_reg_7067                                                                          |    8|   0|    8|          0|
    |tmp_V_548_reg_7072                                                                          |    8|   0|    8|          0|
    |tmp_V_549_reg_7077                                                                          |    8|   0|    8|          0|
    |tmp_V_550_reg_7082                                                                          |    8|   0|    8|          0|
    |tmp_V_551_reg_7087                                                                          |    8|   0|    8|          0|
    |tmp_V_552_reg_7092                                                                          |    8|   0|    8|          0|
    |tmp_V_553_reg_7097                                                                          |    8|   0|    8|          0|
    |tmp_V_554_reg_7102                                                                          |    8|   0|    8|          0|
    |tmp_V_555_reg_7107                                                                          |    8|   0|    8|          0|
    |tmp_V_556_reg_7112                                                                          |    8|   0|    8|          0|
    |tmp_V_557_reg_7117                                                                          |    8|   0|    8|          0|
    |tmp_V_558_reg_7122                                                                          |    8|   0|    8|          0|
    |tmp_V_559_reg_7127                                                                          |    8|   0|    8|          0|
    |tmp_V_560_reg_7132                                                                          |    8|   0|    8|          0|
    |tmp_V_561_reg_7137                                                                          |    8|   0|    8|          0|
    |tmp_V_562_reg_7142                                                                          |    8|   0|    8|          0|
    |tmp_V_563_reg_7147                                                                          |    8|   0|    8|          0|
    |tmp_V_564_reg_7152                                                                          |    8|   0|    8|          0|
    |tmp_V_565_reg_7157                                                                          |    8|   0|    8|          0|
    |tmp_V_566_reg_7162                                                                          |    8|   0|    8|          0|
    |tmp_V_567_reg_7167                                                                          |    8|   0|    8|          0|
    |tmp_V_568_reg_7172                                                                          |    8|   0|    8|          0|
    |tmp_V_569_reg_7177                                                                          |    8|   0|    8|          0|
    |tmp_V_570_reg_7182                                                                          |    8|   0|    8|          0|
    |tmp_V_571_reg_7187                                                                          |    8|   0|    8|          0|
    |tmp_V_572_reg_7192                                                                          |    8|   0|    8|          0|
    |tmp_V_573_reg_7197                                                                          |    8|   0|    8|          0|
    |tmp_V_574_reg_7202                                                                          |    8|   0|    8|          0|
    |tmp_V_575_reg_7207                                                                          |    8|   0|    8|          0|
    |tmp_V_576_reg_7212                                                                          |    8|   0|    8|          0|
    |tmp_V_577_reg_7217                                                                          |    8|   0|    8|          0|
    |tmp_V_578_reg_7222                                                                          |    8|   0|    8|          0|
    |tmp_V_579_reg_7227                                                                          |    8|   0|    8|          0|
    |tmp_V_580_reg_7232                                                                          |    8|   0|    8|          0|
    |tmp_V_581_reg_7237                                                                          |    8|   0|    8|          0|
    |tmp_V_582_reg_7242                                                                          |    8|   0|    8|          0|
    |tmp_V_583_reg_7247                                                                          |    8|   0|    8|          0|
    |tmp_V_584_reg_7252                                                                          |    8|   0|    8|          0|
    |tmp_V_585_reg_7257                                                                          |    8|   0|    8|          0|
    |tmp_V_586_reg_7262                                                                          |    8|   0|    8|          0|
    |tmp_V_587_reg_7267                                                                          |    8|   0|    8|          0|
    |tmp_V_588_reg_7272                                                                          |    8|   0|    8|          0|
    |tmp_V_589_reg_7277                                                                          |    8|   0|    8|          0|
    |tmp_V_590_reg_7282                                                                          |    8|   0|    8|          0|
    |tmp_V_591_reg_7287                                                                          |    8|   0|    8|          0|
    |tmp_V_592_reg_7292                                                                          |    8|   0|    8|          0|
    |tmp_V_593_reg_7297                                                                          |    8|   0|    8|          0|
    |tmp_V_594_reg_7302                                                                          |    8|   0|    8|          0|
    |tmp_V_595_reg_7307                                                                          |    8|   0|    8|          0|
    |tmp_V_596_reg_7312                                                                          |    8|   0|    8|          0|
    |tmp_V_597_reg_7317                                                                          |    8|   0|    8|          0|
    |tmp_V_598_reg_7322                                                                          |    8|   0|    8|          0|
    |tmp_V_599_reg_7327                                                                          |    8|   0|    8|          0|
    |tmp_V_600_reg_7332                                                                          |    8|   0|    8|          0|
    |tmp_V_601_reg_7337                                                                          |    8|   0|    8|          0|
    |tmp_V_602_reg_7342                                                                          |    8|   0|    8|          0|
    |tmp_V_603_reg_7347                                                                          |    8|   0|    8|          0|
    |tmp_V_604_reg_7352                                                                          |    8|   0|    8|          0|
    |tmp_V_605_reg_7357                                                                          |    8|   0|    8|          0|
    |tmp_V_606_reg_7362                                                                          |    8|   0|    8|          0|
    |tmp_V_607_reg_7367                                                                          |    8|   0|    8|          0|
    |tmp_V_608_reg_7372                                                                          |    8|   0|    8|          0|
    |tmp_V_609_reg_7377                                                                          |    8|   0|    8|          0|
    |tmp_V_610_reg_7382                                                                          |    8|   0|    8|          0|
    |tmp_V_611_reg_7387                                                                          |    8|   0|    8|          0|
    |tmp_V_612_reg_7392                                                                          |    8|   0|    8|          0|
    |tmp_V_613_reg_7397                                                                          |    8|   0|    8|          0|
    |tmp_V_614_reg_7402                                                                          |    8|   0|    8|          0|
    |tmp_V_615_reg_7407                                                                          |    8|   0|    8|          0|
    |tmp_V_616_reg_7412                                                                          |    8|   0|    8|          0|
    |tmp_V_617_reg_7417                                                                          |    8|   0|    8|          0|
    |tmp_V_618_reg_7422                                                                          |    8|   0|    8|          0|
    |tmp_V_619_reg_7427                                                                          |    8|   0|    8|          0|
    |tmp_V_620_reg_7432                                                                          |    8|   0|    8|          0|
    |tmp_V_621_reg_7437                                                                          |    8|   0|    8|          0|
    |tmp_V_622_reg_7442                                                                          |    8|   0|    8|          0|
    |tmp_V_623_reg_7447                                                                          |    8|   0|    8|          0|
    |tmp_V_624_reg_7452                                                                          |    8|   0|    8|          0|
    |tmp_V_625_reg_7457                                                                          |    8|   0|    8|          0|
    |tmp_V_626_reg_7462                                                                          |    8|   0|    8|          0|
    |tmp_V_627_reg_7508                                                                          |    8|   0|    8|          0|
    |tmp_V_628_reg_7513                                                                          |    8|   0|    8|          0|
    |tmp_V_629_reg_7518                                                                          |    8|   0|    8|          0|
    |tmp_V_630_reg_7523                                                                          |    8|   0|    8|          0|
    |tmp_V_631_reg_7528                                                                          |    8|   0|    8|          0|
    |tmp_V_632_reg_7533                                                                          |    8|   0|    8|          0|
    |tmp_V_633_reg_7538                                                                          |    8|   0|    8|          0|
    |tmp_V_634_reg_7543                                                                          |    8|   0|    8|          0|
    |tmp_V_635_reg_7548                                                                          |    8|   0|    8|          0|
    |tmp_V_636_reg_7553                                                                          |    8|   0|    8|          0|
    |tmp_V_637_reg_7558                                                                          |    8|   0|    8|          0|
    |tmp_V_638_reg_7563                                                                          |    8|   0|    8|          0|
    |tmp_V_639_reg_7568                                                                          |    8|   0|    8|          0|
    |tmp_V_640_reg_7573                                                                          |    8|   0|    8|          0|
    |tmp_V_641_reg_7578                                                                          |    8|   0|    8|          0|
    |tmp_V_642_reg_7583                                                                          |    8|   0|    8|          0|
    |tmp_V_643_reg_7588                                                                          |    8|   0|    8|          0|
    |tmp_V_644_reg_7593                                                                          |    8|   0|    8|          0|
    |tmp_V_645_reg_7598                                                                          |    8|   0|    8|          0|
    |tmp_V_646_reg_7603                                                                          |    8|   0|    8|          0|
    |tmp_V_647_reg_7608                                                                          |    8|   0|    8|          0|
    |tmp_V_648_reg_7613                                                                          |    8|   0|    8|          0|
    |tmp_V_649_reg_7618                                                                          |    8|   0|    8|          0|
    |tmp_V_650_reg_7623                                                                          |    8|   0|    8|          0|
    |tmp_V_651_reg_7628                                                                          |    8|   0|    8|          0|
    |tmp_V_652_reg_7633                                                                          |    8|   0|    8|          0|
    |tmp_V_653_reg_7638                                                                          |    8|   0|    8|          0|
    |tmp_V_654_reg_7643                                                                          |    8|   0|    8|          0|
    |tmp_V_655_reg_7648                                                                          |    8|   0|    8|          0|
    |tmp_V_656_reg_7653                                                                          |    8|   0|    8|          0|
    |tmp_V_657_reg_7658                                                                          |    8|   0|    8|          0|
    |tmp_V_658_reg_7663                                                                          |    8|   0|    8|          0|
    |tmp_V_659_reg_7668                                                                          |    8|   0|    8|          0|
    |tmp_V_660_reg_7673                                                                          |    8|   0|    8|          0|
    |tmp_V_661_reg_7678                                                                          |    8|   0|    8|          0|
    |tmp_V_662_reg_7683                                                                          |    8|   0|    8|          0|
    |tmp_V_663_reg_7688                                                                          |    8|   0|    8|          0|
    |tmp_V_664_reg_7693                                                                          |    8|   0|    8|          0|
    |tmp_V_665_reg_7698                                                                          |    8|   0|    8|          0|
    |tmp_V_666_reg_7703                                                                          |    8|   0|    8|          0|
    |tmp_V_667_reg_7708                                                                          |    8|   0|    8|          0|
    |tmp_V_668_reg_7713                                                                          |    8|   0|    8|          0|
    |tmp_V_669_reg_7718                                                                          |    8|   0|    8|          0|
    |tmp_V_670_reg_7723                                                                          |    8|   0|    8|          0|
    |tmp_V_671_reg_7728                                                                          |    8|   0|    8|          0|
    |tmp_V_672_reg_7733                                                                          |    8|   0|    8|          0|
    |tmp_V_673_reg_7738                                                                          |    8|   0|    8|          0|
    |tmp_V_674_reg_7743                                                                          |    8|   0|    8|          0|
    |tmp_V_675_reg_7748                                                                          |    8|   0|    8|          0|
    |tmp_V_676_reg_7753                                                                          |    8|   0|    8|          0|
    |tmp_V_677_reg_7758                                                                          |    8|   0|    8|          0|
    |tmp_V_678_reg_7763                                                                          |    8|   0|    8|          0|
    |tmp_V_679_reg_7768                                                                          |    8|   0|    8|          0|
    |tmp_V_680_reg_7773                                                                          |    8|   0|    8|          0|
    |tmp_V_681_reg_7778                                                                          |    8|   0|    8|          0|
    |tmp_V_682_reg_7783                                                                          |    8|   0|    8|          0|
    |tmp_V_683_reg_7788                                                                          |    8|   0|    8|          0|
    |tmp_V_684_reg_7793                                                                          |    8|   0|    8|          0|
    |tmp_V_685_reg_7798                                                                          |    8|   0|    8|          0|
    |tmp_V_686_reg_7803                                                                          |    8|   0|    8|          0|
    |tmp_V_687_reg_7808                                                                          |    8|   0|    8|          0|
    |tmp_V_688_reg_7813                                                                          |    8|   0|    8|          0|
    |tmp_V_689_reg_7818                                                                          |    8|   0|    8|          0|
    |tmp_V_690_reg_7823                                                                          |    8|   0|    8|          0|
    |tmp_V_691_reg_7828                                                                          |    8|   0|    8|          0|
    |tmp_V_692_reg_7833                                                                          |    8|   0|    8|          0|
    |tmp_V_693_reg_7838                                                                          |    8|   0|    8|          0|
    |tmp_V_694_reg_7843                                                                          |    8|   0|    8|          0|
    |tmp_V_695_reg_7848                                                                          |    8|   0|    8|          0|
    |tmp_V_696_reg_7853                                                                          |    8|   0|    8|          0|
    |tmp_V_697_reg_7858                                                                          |    8|   0|    8|          0|
    |tmp_V_698_reg_7863                                                                          |    8|   0|    8|          0|
    |tmp_V_699_reg_7868                                                                          |    8|   0|    8|          0|
    |tmp_V_700_reg_7873                                                                          |    8|   0|    8|          0|
    |tmp_V_701_reg_7878                                                                          |    8|   0|    8|          0|
    |tmp_V_702_reg_7883                                                                          |    8|   0|    8|          0|
    |tmp_V_703_reg_7888                                                                          |    8|   0|    8|          0|
    |tmp_V_704_reg_7893                                                                          |    8|   0|    8|          0|
    |tmp_V_705_reg_7898                                                                          |    8|   0|    8|          0|
    |tmp_V_706_reg_7903                                                                          |    8|   0|    8|          0|
    |tmp_V_707_reg_7908                                                                          |    8|   0|    8|          0|
    |tmp_V_708_reg_7913                                                                          |    8|   0|    8|          0|
    |tmp_V_709_reg_7918                                                                          |    8|   0|    8|          0|
    |tmp_V_710_reg_7923                                                                          |    8|   0|    8|          0|
    |tmp_V_711_reg_7928                                                                          |    8|   0|    8|          0|
    |tmp_V_712_reg_7933                                                                          |    8|   0|    8|          0|
    |tmp_V_713_reg_7938                                                                          |    8|   0|    8|          0|
    |tmp_V_714_reg_7943                                                                          |    8|   0|    8|          0|
    |tmp_V_715_reg_7948                                                                          |    8|   0|    8|          0|
    |tmp_V_716_reg_7953                                                                          |    8|   0|    8|          0|
    |tmp_V_717_reg_7958                                                                          |    8|   0|    8|          0|
    |tmp_V_718_reg_7963                                                                          |    8|   0|    8|          0|
    |tmp_V_719_reg_7968                                                                          |    8|   0|    8|          0|
    |tmp_V_720_reg_7973                                                                          |    8|   0|    8|          0|
    |tmp_V_721_reg_7978                                                                          |    8|   0|    8|          0|
    |tmp_V_722_reg_7983                                                                          |    8|   0|    8|          0|
    |tmp_V_723_reg_7988                                                                          |    8|   0|    8|          0|
    |tmp_V_724_reg_7993                                                                          |    8|   0|    8|          0|
    |tmp_V_725_reg_7998                                                                          |    8|   0|    8|          0|
    |tmp_V_726_reg_8003                                                                          |    8|   0|    8|          0|
    |tmp_V_727_reg_8008                                                                          |    8|   0|    8|          0|
    |tmp_V_728_reg_8013                                                                          |    8|   0|    8|          0|
    |tmp_V_729_reg_8018                                                                          |    8|   0|    8|          0|
    |tmp_V_730_reg_8023                                                                          |    8|   0|    8|          0|
    |tmp_V_731_reg_8028                                                                          |    8|   0|    8|          0|
    |tmp_V_732_reg_8033                                                                          |    8|   0|    8|          0|
    |tmp_V_733_reg_8038                                                                          |    8|   0|    8|          0|
    |tmp_V_734_reg_8043                                                                          |    8|   0|    8|          0|
    |tmp_V_735_reg_8048                                                                          |    8|   0|    8|          0|
    |tmp_V_736_reg_8053                                                                          |    8|   0|    8|          0|
    |tmp_V_737_reg_8058                                                                          |    8|   0|    8|          0|
    |tmp_V_738_reg_8063                                                                          |    8|   0|    8|          0|
    |tmp_V_739_reg_8068                                                                          |    8|   0|    8|          0|
    |tmp_V_740_reg_8073                                                                          |    8|   0|    8|          0|
    |tmp_V_741_reg_8078                                                                          |    8|   0|    8|          0|
    |tmp_V_742_reg_8083                                                                          |    8|   0|    8|          0|
    |tmp_V_743_reg_8088                                                                          |    8|   0|    8|          0|
    |tmp_V_744_reg_8093                                                                          |    8|   0|    8|          0|
    |tmp_V_745_reg_8098                                                                          |    8|   0|    8|          0|
    |tmp_V_746_reg_8103                                                                          |    8|   0|    8|          0|
    |tmp_V_747_reg_8108                                                                          |    8|   0|    8|          0|
    |tmp_V_748_reg_8113                                                                          |    8|   0|    8|          0|
    |tmp_V_749_reg_8118                                                                          |    8|   0|    8|          0|
    |tmp_V_750_reg_8123                                                                          |    8|   0|    8|          0|
    |tmp_V_751_reg_8128                                                                          |    8|   0|    8|          0|
    |tmp_V_752_reg_8133                                                                          |    8|   0|    8|          0|
    |tmp_V_753_reg_8138                                                                          |    8|   0|    8|          0|
    |tmp_V_754_reg_8143                                                                          |    8|   0|    8|          0|
    |tmp_V_755_reg_8148                                                                          |    8|   0|    8|          0|
    |tmp_V_756_reg_8153                                                                          |    8|   0|    8|          0|
    |tmp_V_757_reg_8158                                                                          |    8|   0|    8|          0|
    |tmp_V_758_reg_8163                                                                          |    8|   0|    8|          0|
    |tmp_V_759_reg_8168                                                                          |    8|   0|    8|          0|
    |tmp_V_760_reg_8173                                                                          |    8|   0|    8|          0|
    |tmp_V_761_reg_8178                                                                          |    8|   0|    8|          0|
    |tmp_V_762_reg_8183                                                                          |    8|   0|    8|          0|
    |tmp_V_763_reg_8188                                                                          |    8|   0|    8|          0|
    |tmp_V_764_reg_8193                                                                          |    8|   0|    8|          0|
    |tmp_V_765_reg_8198                                                                          |    8|   0|    8|          0|
    |tmp_V_766_reg_8203                                                                          |    8|   0|    8|          0|
    |tmp_V_767_reg_8208                                                                          |    8|   0|    8|          0|
    |tmp_V_768_reg_8213                                                                          |    8|   0|    8|          0|
    |tmp_V_769_reg_8218                                                                          |    8|   0|    8|          0|
    |tmp_V_770_reg_8223                                                                          |    8|   0|    8|          0|
    |tmp_V_771_reg_8228                                                                          |    8|   0|    8|          0|
    |tmp_V_772_reg_8233                                                                          |    8|   0|    8|          0|
    |tmp_V_773_reg_8238                                                                          |    8|   0|    8|          0|
    |tmp_V_774_reg_8243                                                                          |    8|   0|    8|          0|
    |tmp_V_775_reg_8248                                                                          |    8|   0|    8|          0|
    |tmp_V_776_reg_8253                                                                          |    8|   0|    8|          0|
    |tmp_V_777_reg_8258                                                                          |    8|   0|    8|          0|
    |tmp_V_778_reg_8263                                                                          |    8|   0|    8|          0|
    |tmp_V_779_reg_8268                                                                          |    8|   0|    8|          0|
    |tmp_V_780_reg_8273                                                                          |    8|   0|    8|          0|
    |tmp_V_781_reg_8278                                                                          |    8|   0|    8|          0|
    |tmp_V_782_reg_8283                                                                          |    8|   0|    8|          0|
    |tmp_V_783_reg_8288                                                                          |    8|   0|    8|          0|
    |tmp_V_784_reg_8293                                                                          |    8|   0|    8|          0|
    |tmp_V_785_reg_8298                                                                          |    8|   0|    8|          0|
    |tmp_V_786_reg_8303                                                                          |    8|   0|    8|          0|
    |tmp_V_787_reg_8308                                                                          |    8|   0|    8|          0|
    |tmp_V_788_reg_8313                                                                          |    8|   0|    8|          0|
    |tmp_V_789_reg_8318                                                                          |    8|   0|    8|          0|
    |tmp_V_790_reg_8323                                                                          |    8|   0|    8|          0|
    |tmp_V_791_reg_8328                                                                          |    8|   0|    8|          0|
    |tmp_V_792_reg_8333                                                                          |    8|   0|    8|          0|
    |tmp_V_793_reg_8338                                                                          |    8|   0|    8|          0|
    |tmp_V_794_reg_8343                                                                          |    8|   0|    8|          0|
    |tmp_V_795_reg_8348                                                                          |    8|   0|    8|          0|
    |tmp_V_796_reg_8353                                                                          |    8|   0|    8|          0|
    |tmp_V_797_reg_8358                                                                          |    8|   0|    8|          0|
    |tmp_V_798_reg_8363                                                                          |    8|   0|    8|          0|
    |tmp_V_799_reg_8368                                                                          |    8|   0|    8|          0|
    |tmp_V_800_reg_8373                                                                          |    8|   0|    8|          0|
    |tmp_V_801_reg_8378                                                                          |    8|   0|    8|          0|
    |tmp_V_802_reg_8383                                                                          |    8|   0|    8|          0|
    |tmp_V_803_reg_8388                                                                          |    8|   0|    8|          0|
    |tmp_V_804_reg_8393                                                                          |    8|   0|    8|          0|
    |tmp_V_805_reg_8398                                                                          |    8|   0|    8|          0|
    |tmp_V_806_reg_8403                                                                          |    8|   0|    8|          0|
    |tmp_V_807_reg_8408                                                                          |    8|   0|    8|          0|
    |tmp_V_808_reg_8413                                                                          |    8|   0|    8|          0|
    |tmp_V_809_reg_8418                                                                          |    8|   0|    8|          0|
    |tmp_V_810_reg_8423                                                                          |    8|   0|    8|          0|
    |tmp_V_811_reg_8428                                                                          |    8|   0|    8|          0|
    |tmp_V_812_reg_8433                                                                          |    8|   0|    8|          0|
    |tmp_V_813_reg_8438                                                                          |    8|   0|    8|          0|
    |tmp_V_814_reg_8443                                                                          |    8|   0|    8|          0|
    |tmp_V_815_reg_8448                                                                          |    8|   0|    8|          0|
    |tmp_V_816_reg_8453                                                                          |    8|   0|    8|          0|
    |tmp_V_817_reg_8458                                                                          |    8|   0|    8|          0|
    |tmp_V_818_reg_8463                                                                          |    8|   0|    8|          0|
    |tmp_V_819_reg_8468                                                                          |    8|   0|    8|          0|
    |tmp_V_820_reg_8473                                                                          |    8|   0|    8|          0|
    |tmp_V_821_reg_8478                                                                          |    8|   0|    8|          0|
    |tmp_V_822_reg_8483                                                                          |    8|   0|    8|          0|
    |tmp_V_823_reg_8488                                                                          |    8|   0|    8|          0|
    |tmp_V_824_reg_8493                                                                          |    8|   0|    8|          0|
    |tmp_V_825_reg_8498                                                                          |    8|   0|    8|          0|
    |tmp_V_826_reg_8503                                                                          |    8|   0|    8|          0|
    |tmp_V_827_reg_8508                                                                          |    8|   0|    8|          0|
    |tmp_V_828_reg_8513                                                                          |    8|   0|    8|          0|
    |tmp_V_829_reg_8518                                                                          |    8|   0|    8|          0|
    |tmp_V_830_reg_8523                                                                          |    8|   0|    8|          0|
    |tmp_V_831_reg_8528                                                                          |    8|   0|    8|          0|
    |tmp_V_832_reg_8533                                                                          |    8|   0|    8|          0|
    |tmp_V_833_reg_8538                                                                          |    8|   0|    8|          0|
    |tmp_V_834_reg_8543                                                                          |    8|   0|    8|          0|
    |tmp_V_835_reg_8548                                                                          |    8|   0|    8|          0|
    |tmp_V_836_reg_8553                                                                          |    8|   0|    8|          0|
    |tmp_V_837_reg_8558                                                                          |    8|   0|    8|          0|
    |tmp_V_838_reg_8563                                                                          |    8|   0|    8|          0|
    |tmp_V_839_reg_8568                                                                          |    8|   0|    8|          0|
    |tmp_V_840_reg_8573                                                                          |    8|   0|    8|          0|
    |tmp_V_841_reg_8578                                                                          |    8|   0|    8|          0|
    |tmp_V_842_reg_8583                                                                          |    8|   0|    8|          0|
    |tmp_V_843_reg_8588                                                                          |    8|   0|    8|          0|
    |tmp_V_844_reg_8593                                                                          |    8|   0|    8|          0|
    |tmp_V_845_reg_8598                                                                          |    8|   0|    8|          0|
    |tmp_V_846_reg_8603                                                                          |    8|   0|    8|          0|
    |tmp_V_847_reg_8608                                                                          |    8|   0|    8|          0|
    |tmp_V_848_reg_8613                                                                          |    8|   0|    8|          0|
    |tmp_V_849_reg_8618                                                                          |    8|   0|    8|          0|
    |tmp_V_850_reg_8623                                                                          |    8|   0|    8|          0|
    |tmp_V_851_reg_8628                                                                          |    8|   0|    8|          0|
    |tmp_V_852_reg_8633                                                                          |    8|   0|    8|          0|
    |tmp_V_853_reg_8638                                                                          |    8|   0|    8|          0|
    |tmp_V_854_reg_8643                                                                          |    8|   0|    8|          0|
    |tmp_V_855_reg_8648                                                                          |    8|   0|    8|          0|
    |tmp_V_856_reg_8653                                                                          |    8|   0|    8|          0|
    |tmp_V_857_reg_8658                                                                          |    8|   0|    8|          0|
    |tmp_V_858_reg_8663                                                                          |    8|   0|    8|          0|
    |tmp_V_859_reg_8668                                                                          |    8|   0|    8|          0|
    |tmp_V_860_reg_8673                                                                          |    8|   0|    8|          0|
    |tmp_V_861_reg_8678                                                                          |    8|   0|    8|          0|
    |tmp_V_862_reg_8683                                                                          |    8|   0|    8|          0|
    |tmp_V_863_reg_8688                                                                          |    8|   0|    8|          0|
    |tmp_V_864_reg_8693                                                                          |    8|   0|    8|          0|
    |tmp_V_865_reg_8698                                                                          |    8|   0|    8|          0|
    |tmp_V_866_reg_8703                                                                          |    8|   0|    8|          0|
    |tmp_V_867_reg_8708                                                                          |    8|   0|    8|          0|
    |tmp_V_868_reg_8713                                                                          |    8|   0|    8|          0|
    |tmp_V_869_reg_8718                                                                          |    8|   0|    8|          0|
    |tmp_V_870_reg_8723                                                                          |    8|   0|    8|          0|
    |tmp_V_871_reg_8728                                                                          |    8|   0|    8|          0|
    |tmp_V_872_reg_8733                                                                          |    8|   0|    8|          0|
    |tmp_V_873_reg_8738                                                                          |    8|   0|    8|          0|
    |tmp_V_874_reg_8743                                                                          |    8|   0|    8|          0|
    |tmp_V_875_reg_8748                                                                          |    8|   0|    8|          0|
    |tmp_V_876_reg_8753                                                                          |    8|   0|    8|          0|
    |tmp_V_877_reg_8758                                                                          |    8|   0|    8|          0|
    |tmp_V_878_reg_8763                                                                          |    8|   0|    8|          0|
    |tmp_V_879_reg_8768                                                                          |    8|   0|    8|          0|
    |tmp_V_880_reg_8773                                                                          |    8|   0|    8|          0|
    |tmp_V_881_reg_8778                                                                          |    8|   0|    8|          0|
    |tmp_V_882_reg_8783                                                                          |    8|   0|    8|          0|
    |tmp_V_reg_6187                                                                              |    8|   0|    8|          0|
    +--------------------------------------------------------------------------------------------+-----+----+-----+-----------+
    |Total                                                                                       | 4893|   0| 4893|          0|
    +--------------------------------------------------------------------------------------------+-----+----+-----+-----------+



================================================================
== Interface
================================================================
* Summary: 
+------------------+-----+-----+------------+-----------------------------------------------------------------------+--------------+
|     RTL Ports    | Dir | Bits|  Protocol  |                             Source Object                             |    C Type    |
+------------------+-----+-----+------------+-----------------------------------------------------------------------+--------------+
|ap_clk            |  in |    1| ap_ctrl_hs | conv_2d_large_cl_nopad_pad_s2s<ap_fixed,ap_fixed<8,2,4,0,0>,config76> | return value |
|ap_rst            |  in |    1| ap_ctrl_hs | conv_2d_large_cl_nopad_pad_s2s<ap_fixed,ap_fixed<8,2,4,0,0>,config76> | return value |
|ap_start          |  in |    1| ap_ctrl_hs | conv_2d_large_cl_nopad_pad_s2s<ap_fixed,ap_fixed<8,2,4,0,0>,config76> | return value |
|start_full_n      |  in |    1| ap_ctrl_hs | conv_2d_large_cl_nopad_pad_s2s<ap_fixed,ap_fixed<8,2,4,0,0>,config76> | return value |
|ap_done           | out |    1| ap_ctrl_hs | conv_2d_large_cl_nopad_pad_s2s<ap_fixed,ap_fixed<8,2,4,0,0>,config76> | return value |
|ap_continue       |  in |    1| ap_ctrl_hs | conv_2d_large_cl_nopad_pad_s2s<ap_fixed,ap_fixed<8,2,4,0,0>,config76> | return value |
|ap_idle           | out |    1| ap_ctrl_hs | conv_2d_large_cl_nopad_pad_s2s<ap_fixed,ap_fixed<8,2,4,0,0>,config76> | return value |
|ap_ready          | out |    1| ap_ctrl_hs | conv_2d_large_cl_nopad_pad_s2s<ap_fixed,ap_fixed<8,2,4,0,0>,config76> | return value |
|start_out         | out |    1| ap_ctrl_hs | conv_2d_large_cl_nopad_pad_s2s<ap_fixed,ap_fixed<8,2,4,0,0>,config76> | return value |
|start_write       | out |    1| ap_ctrl_hs | conv_2d_large_cl_nopad_pad_s2s<ap_fixed,ap_fixed<8,2,4,0,0>,config76> | return value |
|data_V_V_dout     |  in |    8|   ap_fifo  |                                data_V_V                               |    pointer   |
|data_V_V_empty_n  |  in |    1|   ap_fifo  |                                data_V_V                               |    pointer   |
|data_V_V_read     | out |    1|   ap_fifo  |                                data_V_V                               |    pointer   |
|res_V_V_din       | out |    8|   ap_fifo  |                                res_V_V                                |    pointer   |
|res_V_V_full_n    |  in |    1|   ap_fifo  |                                res_V_V                                |    pointer   |
|res_V_V_write     | out |    1|   ap_fifo  |                                res_V_V                                |    pointer   |
+------------------+-----+-----+------------+-----------------------------------------------------------------------+--------------+

