

================================================================
== Vivado HLS Report for 'conv_2d_cl_switch_ap_fixed_6_2_5_3_0_ap_fixed_6_2_4_0_0_config55_s'
================================================================
* Date:           Fri Jan 27 15:23:53 2023

* Version:        2019.2 (Build 2704478 on Wed Nov 06 22:10:23 MST 2019)
* Project:        alveo_hls4ml
* Solution:       solution
* Product family: virtexuplus
* Target device:  xcu50-fsvh2104-2L-e


================================================================
== Performance Estimates
================================================================
+ Timing: 
    * Summary: 
    +--------+---------+----------+------------+
    |  Clock |  Target | Estimated| Uncertainty|
    +--------+---------+----------+------------+
    |ap_clk  | 4.00 ns | 3.011 ns |   0.90 ns  |
    +--------+---------+----------+------------+

+ Latency: 
    * Summary: 
    +---------+---------+-----------+----------+-------+-------+---------+
    |  Latency (cycles) |  Latency (absolute)  |    Interval   | Pipeline|
    |   min   |   max   |    min    |    max   |  min  |  max  |   Type  |
    +---------+---------+-----------+----------+-------+-------+---------+
    |    15601|    55681| 62.404 us | 0.223 ms |  15601|  55681|   none  |
    +---------+---------+-----------+----------+-------+-------+---------+

    + Detail: 
        * Instance: 
        +-------------------------------------------------------------------------------+-------------------------------------------------------------------+---------+---------+----------+----------+-----+-----+----------+
        |                                                                               |                                                                   |  Latency (cycles) |  Latency (absolute) |  Interval | Pipeline |
        |                                    Instance                                   |                               Module                              |   min   |   max   |    min   |    max   | min | max |   Type   |
        +-------------------------------------------------------------------------------+-------------------------------------------------------------------+---------+---------+----------+----------+-----+-----+----------+
        |grp_dense_large_ap_fixed_6_2_5_3_0_ap_fixed_6_2_4_0_0_config55_mult_s_fu_604   |dense_large_ap_fixed_6_2_5_3_0_ap_fixed_6_2_4_0_0_config55_mult_s  |      103|      103| 0.412 us | 0.412 us |  103|  103|   none   |
        |call_ret_cnnshift_arr_ap_fixed_6_2_5_3_0_ap_fixed_6_2_4_0_0_config55_s_fu_611  |cnnshift_arr_ap_fixed_6_2_5_3_0_ap_fixed_6_2_4_0_0_config55_s      |        0|        0|   0 ns   |   0 ns   |    1|    1| function |
        +-------------------------------------------------------------------------------+-------------------------------------------------------------------+---------+---------+----------+----------+-----+-----+----------+

        * Loop: 
        +----------+---------+---------+----------+-----------+-----------+------+----------+
        |          |  Latency (cycles) | Iteration|  Initiation Interval  | Trip |          |
        | Loop Name|   min   |   max   |  Latency |  achieved |   target  | Count| Pipelined|
        +----------+---------+---------+----------+-----------+-----------+------+----------+
        |- Loop 1  |    15600|    55680| 65 ~ 232 |          -|          -|   240|    no    |
        +----------+---------+---------+----------+-----------+-----------+------+----------+



================================================================
== Utilization Estimates
================================================================
* Summary: 
+---------------------+---------+-------+---------+--------+-----+
|         Name        | BRAM_18K| DSP48E|    FF   |   LUT  | URAM|
+---------------------+---------+-------+---------+--------+-----+
|DSP                  |        -|      -|        -|       -|    -|
|Expression           |        -|      -|        0|     347|    -|
|FIFO                 |        -|      -|        -|       -|    -|
|Instance             |       64|    384|    25264|   76112|    -|
|Memory               |        -|      -|        -|       -|    -|
|Multiplexer          |        -|      -|        -|     969|    -|
|Register             |        -|      -|     8082|       -|    -|
+---------------------+---------+-------+---------+--------+-----+
|Total                |       64|    384|    33346|   77428|    0|
+---------------------+---------+-------+---------+--------+-----+
|Available SLR        |     1344|   2976|   871680|  435840|  320|
+---------------------+---------+-------+---------+--------+-----+
|Utilization SLR (%)  |        4|     12|        3|      17|    0|
+---------------------+---------+-------+---------+--------+-----+
|Available            |     2688|   5952|  1743360|  871680|  640|
+---------------------+---------+-------+---------+--------+-----+
|Utilization (%)      |        2|      6|        1|       8|    0|
+---------------------+---------+-------+---------+--------+-----+

+ Detail: 
    * Instance: 
    +-------------------------------------------------------------------------------+-------------------------------------------------------------------+---------+-------+-------+-------+-----+
    |                                    Instance                                   |                               Module                              | BRAM_18K| DSP48E|   FF  |  LUT  | URAM|
    +-------------------------------------------------------------------------------+-------------------------------------------------------------------+---------+-------+-------+-------+-----+
    |call_ret_cnnshift_arr_ap_fixed_6_2_5_3_0_ap_fixed_6_2_4_0_0_config55_s_fu_611  |cnnshift_arr_ap_fixed_6_2_5_3_0_ap_fixed_6_2_4_0_0_config55_s      |        0|      0|   8193|   4096|    0|
    |grp_dense_large_ap_fixed_6_2_5_3_0_ap_fixed_6_2_4_0_0_config55_mult_s_fu_604   |dense_large_ap_fixed_6_2_5_3_0_ap_fixed_6_2_4_0_0_config55_mult_s  |       64|    384|  17071|  72016|    0|
    +-------------------------------------------------------------------------------+-------------------------------------------------------------------+---------+-------+-------+-------+-----+
    |Total                                                                          |                                                                   |       64|    384|  25264|  76112|    0|
    +-------------------------------------------------------------------------------+-------------------------------------------------------------------+---------+-------+-------+-------+-----+

    * DSP48E: 
    N/A

    * Memory: 
    N/A

    * FIFO: 
    N/A

    * Expression: 
    +--------------------------+----------+-------+---+----+------------+------------+
    |       Variable Name      | Operation| DSP48E| FF| LUT| Bitwidth P0| Bitwidth P1|
    +--------------------------+----------+-------+---+----+------------+------------+
    |add_ln448_fu_1730_p2      |     +    |      0|  0|  32|          32|           1|
    |add_ln450_fu_1741_p2      |     +    |      0|  0|  32|          32|           1|
    |add_ln453_fu_1684_p2      |     +    |      0|  0|  32|          32|           1|
    |add_ln455_fu_1695_p2      |     +    |      0|  0|  32|          32|           1|
    |i_fu_880_p2               |     +    |      0|  0|   8|           8|           1|
    |and_ln422_10_fu_1039_p2   |    and   |      0|  0|   2|           1|           1|
    |and_ln422_9_fu_1033_p2    |    and   |      0|  0|   2|           1|           1|
    |and_ln422_fu_1027_p2      |    and   |      0|  0|   2|           1|           1|
    |ap_block_state130         |    and   |      0|  0|   2|           1|           1|
    |ap_block_state2           |    and   |      0|  0|   2|           1|           1|
    |ap_condition_1271         |    and   |      0|  0|   2|           1|           1|
    |ap_condition_1306         |    and   |      0|  0|   2|           1|           1|
    |icmp_ln413_fu_874_p2      |   icmp   |      0|  0|  11|           8|           6|
    |icmp_ln422_13_fu_981_p2   |   icmp   |      0|  0|  20|          32|           2|
    |icmp_ln422_14_fu_1001_p2  |   icmp   |      0|  0|  20|          31|           1|
    |icmp_ln422_15_fu_1021_p2  |   icmp   |      0|  0|  20|          31|           1|
    |icmp_ln422_fu_971_p2      |   icmp   |      0|  0|  20|          32|           2|
    |icmp_ln440_fu_1679_p2     |   icmp   |      0|  0|  20|          32|           4|
    |icmp_ln444_fu_1725_p2     |   icmp   |      0|  0|  20|          32|           4|
    |ap_block_state1           |    or    |      0|  0|   2|           1|           1|
    |select_ln450_fu_1746_p3   |  select  |      0|  0|  32|           1|           2|
    |select_ln455_fu_1700_p3   |  select  |      0|  0|  32|           1|           2|
    +--------------------------+----------+-------+---+----+------------+------------+
    |Total                     |          |      0|  0| 347|         344|          37|
    +--------------------------+----------+-------+---+----+------------+------------+

    * Multiplexer: 
    +---------------------------------------+-----+-----------+-----+-----------+
    |                  Name                 | LUT | Input Size| Bits| Total Bits|
    +---------------------------------------+-----+-----------+-----+-----------+
    |ap_NS_fsm                              |  589|        131|    1|        131|
    |ap_done                                |    9|          2|    1|          2|
    |ap_phi_mux_storemerge_i_phi_fu_597_p4  |   15|          3|   32|         96|
    |data_V_V_blk_n                         |    9|          2|    1|          2|
    |i_0_i_reg_583                          |    9|          2|    8|         16|
    |pX_2                                   |    9|          2|   32|         64|
    |pY_2                                   |    9|          2|   32|         64|
    |real_start                             |    9|          2|    1|          2|
    |res_V_V_blk_n                          |    9|          2|    1|          2|
    |res_V_V_din                            |  293|         65|    6|        390|
    |sX_2                                   |    9|          2|   32|         64|
    +---------------------------------------+-----+-----------+-----+-----------+
    |Total                                  |  969|        215|  147|        833|
    +---------------------------------------+-----+-----------+-----+-----------+

    * Register: 
    +-------------------------------------------------------------------------------------------+------+----+------+-----------+
    |                                            Name                                           |  FF  | LUT| Bits | Const Bits|
    +-------------------------------------------------------------------------------------------+------+----+------+-----------+
    |and_ln422_10_reg_2126                                                                      |     1|   0|     1|          0|
    |ap_CS_fsm                                                                                  |   130|   0|   130|          0|
    |ap_done_reg                                                                                |     1|   0|     1|          0|
    |call_ret_reg_2089                                                                          |  3456|   0|  3456|          0|
    |grp_dense_large_ap_fixed_6_2_5_3_0_ap_fixed_6_2_4_0_0_config55_mult_s_fu_604_ap_start_reg  |     1|   0|     1|          0|
    |i_0_i_reg_583                                                                              |     8|   0|     8|          0|
    |i_reg_1769                                                                                 |     8|   0|     8|          0|
    |icmp_ln422_13_reg_2109                                                                     |     1|   0|     1|          0|
    |icmp_ln422_reg_2099                                                                        |     1|   0|     1|          0|
    |layer_in_V_8                                                                               |  3456|   0|  3456|          0|
    |pX_2                                                                                       |    32|   0|    32|          0|
    |pX_2_load_reg_2120                                                                         |    32|   0|    32|          0|
    |pY_2                                                                                       |    32|   0|    32|          0|
    |pY_2_load_reg_2114                                                                         |    32|   0|    32|          0|
    |sX_2                                                                                       |    32|   0|    32|          0|
    |sX_2_load_reg_2094                                                                         |    32|   0|    32|          0|
    |sY_2                                                                                       |    32|   0|    32|          0|
    |sY_2_load_reg_2104                                                                         |    32|   0|    32|          0|
    |start_once_reg                                                                             |     1|   0|     1|          0|
    |tmp_V_2248_reg_1779                                                                        |     6|   0|     6|          0|
    |tmp_V_2249_reg_1784                                                                        |     6|   0|     6|          0|
    |tmp_V_2250_reg_1789                                                                        |     6|   0|     6|          0|
    |tmp_V_2251_reg_1794                                                                        |     6|   0|     6|          0|
    |tmp_V_2252_reg_1799                                                                        |     6|   0|     6|          0|
    |tmp_V_2253_reg_1804                                                                        |     6|   0|     6|          0|
    |tmp_V_2254_reg_1809                                                                        |     6|   0|     6|          0|
    |tmp_V_2255_reg_1814                                                                        |     6|   0|     6|          0|
    |tmp_V_2256_reg_1819                                                                        |     6|   0|     6|          0|
    |tmp_V_2257_reg_1824                                                                        |     6|   0|     6|          0|
    |tmp_V_2258_reg_1829                                                                        |     6|   0|     6|          0|
    |tmp_V_2259_reg_1834                                                                        |     6|   0|     6|          0|
    |tmp_V_2260_reg_1839                                                                        |     6|   0|     6|          0|
    |tmp_V_2261_reg_1844                                                                        |     6|   0|     6|          0|
    |tmp_V_2262_reg_1849                                                                        |     6|   0|     6|          0|
    |tmp_V_2263_reg_1854                                                                        |     6|   0|     6|          0|
    |tmp_V_2264_reg_1859                                                                        |     6|   0|     6|          0|
    |tmp_V_2265_reg_1864                                                                        |     6|   0|     6|          0|
    |tmp_V_2266_reg_1869                                                                        |     6|   0|     6|          0|
    |tmp_V_2267_reg_1874                                                                        |     6|   0|     6|          0|
    |tmp_V_2268_reg_1879                                                                        |     6|   0|     6|          0|
    |tmp_V_2269_reg_1884                                                                        |     6|   0|     6|          0|
    |tmp_V_2270_reg_1889                                                                        |     6|   0|     6|          0|
    |tmp_V_2271_reg_1894                                                                        |     6|   0|     6|          0|
    |tmp_V_2272_reg_1899                                                                        |     6|   0|     6|          0|
    |tmp_V_2273_reg_1904                                                                        |     6|   0|     6|          0|
    |tmp_V_2274_reg_1909                                                                        |     6|   0|     6|          0|
    |tmp_V_2275_reg_1914                                                                        |     6|   0|     6|          0|
    |tmp_V_2276_reg_1919                                                                        |     6|   0|     6|          0|
    |tmp_V_2277_reg_1924                                                                        |     6|   0|     6|          0|
    |tmp_V_2278_reg_1929                                                                        |     6|   0|     6|          0|
    |tmp_V_2279_reg_1934                                                                        |     6|   0|     6|          0|
    |tmp_V_2280_reg_1939                                                                        |     6|   0|     6|          0|
    |tmp_V_2281_reg_1944                                                                        |     6|   0|     6|          0|
    |tmp_V_2282_reg_1949                                                                        |     6|   0|     6|          0|
    |tmp_V_2283_reg_1954                                                                        |     6|   0|     6|          0|
    |tmp_V_2284_reg_1959                                                                        |     6|   0|     6|          0|
    |tmp_V_2285_reg_1964                                                                        |     6|   0|     6|          0|
    |tmp_V_2286_reg_1969                                                                        |     6|   0|     6|          0|
    |tmp_V_2287_reg_1974                                                                        |     6|   0|     6|          0|
    |tmp_V_2288_reg_1979                                                                        |     6|   0|     6|          0|
    |tmp_V_2289_reg_1984                                                                        |     6|   0|     6|          0|
    |tmp_V_2290_reg_1989                                                                        |     6|   0|     6|          0|
    |tmp_V_2291_reg_1994                                                                        |     6|   0|     6|          0|
    |tmp_V_2292_reg_1999                                                                        |     6|   0|     6|          0|
    |tmp_V_2293_reg_2004                                                                        |     6|   0|     6|          0|
    |tmp_V_2294_reg_2009                                                                        |     6|   0|     6|          0|
    |tmp_V_2295_reg_2014                                                                        |     6|   0|     6|          0|
    |tmp_V_2296_reg_2019                                                                        |     6|   0|     6|          0|
    |tmp_V_2297_reg_2024                                                                        |     6|   0|     6|          0|
    |tmp_V_2298_reg_2029                                                                        |     6|   0|     6|          0|
    |tmp_V_2299_reg_2034                                                                        |     6|   0|     6|          0|
    |tmp_V_2300_reg_2039                                                                        |     6|   0|     6|          0|
    |tmp_V_2301_reg_2044                                                                        |     6|   0|     6|          0|
    |tmp_V_2302_reg_2049                                                                        |     6|   0|     6|          0|
    |tmp_V_2303_reg_2054                                                                        |     6|   0|     6|          0|
    |tmp_V_2304_reg_2059                                                                        |     6|   0|     6|          0|
    |tmp_V_2305_reg_2064                                                                        |     6|   0|     6|          0|
    |tmp_V_2306_reg_2069                                                                        |     6|   0|     6|          0|
    |tmp_V_2307_reg_2074                                                                        |     6|   0|     6|          0|
    |tmp_V_2308_reg_2079                                                                        |     6|   0|     6|          0|
    |tmp_V_2309_reg_2084                                                                        |     6|   0|     6|          0|
    |tmp_V_2311_reg_2130                                                                        |     6|   0|     6|          0|
    |tmp_V_2312_reg_2135                                                                        |     6|   0|     6|          0|
    |tmp_V_2313_reg_2140                                                                        |     6|   0|     6|          0|
    |tmp_V_2314_reg_2145                                                                        |     6|   0|     6|          0|
    |tmp_V_2315_reg_2150                                                                        |     6|   0|     6|          0|
    |tmp_V_2316_reg_2155                                                                        |     6|   0|     6|          0|
    |tmp_V_2317_reg_2160                                                                        |     6|   0|     6|          0|
    |tmp_V_2318_reg_2165                                                                        |     6|   0|     6|          0|
    |tmp_V_2319_reg_2170                                                                        |     6|   0|     6|          0|
    |tmp_V_2320_reg_2175                                                                        |     6|   0|     6|          0|
    |tmp_V_2321_reg_2180                                                                        |     6|   0|     6|          0|
    |tmp_V_2322_reg_2185                                                                        |     6|   0|     6|          0|
    |tmp_V_2323_reg_2190                                                                        |     6|   0|     6|          0|
    |tmp_V_2324_reg_2195                                                                        |     6|   0|     6|          0|
    |tmp_V_2325_reg_2200                                                                        |     6|   0|     6|          0|
    |tmp_V_2326_reg_2205                                                                        |     6|   0|     6|          0|
    |tmp_V_2327_reg_2210                                                                        |     6|   0|     6|          0|
    |tmp_V_2328_reg_2215                                                                        |     6|   0|     6|          0|
    |tmp_V_2329_reg_2220                                                                        |     6|   0|     6|          0|
    |tmp_V_2330_reg_2225                                                                        |     6|   0|     6|          0|
    |tmp_V_2331_reg_2230                                                                        |     6|   0|     6|          0|
    |tmp_V_2332_reg_2235                                                                        |     6|   0|     6|          0|
    |tmp_V_2333_reg_2240                                                                        |     6|   0|     6|          0|
    |tmp_V_2334_reg_2245                                                                        |     6|   0|     6|          0|
    |tmp_V_2335_reg_2250                                                                        |     6|   0|     6|          0|
    |tmp_V_2336_reg_2255                                                                        |     6|   0|     6|          0|
    |tmp_V_2337_reg_2260                                                                        |     6|   0|     6|          0|
    |tmp_V_2338_reg_2265                                                                        |     6|   0|     6|          0|
    |tmp_V_2339_reg_2270                                                                        |     6|   0|     6|          0|
    |tmp_V_2340_reg_2275                                                                        |     6|   0|     6|          0|
    |tmp_V_2341_reg_2280                                                                        |     6|   0|     6|          0|
    |tmp_V_2342_reg_2285                                                                        |     6|   0|     6|          0|
    |tmp_V_2343_reg_2290                                                                        |     6|   0|     6|          0|
    |tmp_V_2344_reg_2295                                                                        |     6|   0|     6|          0|
    |tmp_V_2345_reg_2300                                                                        |     6|   0|     6|          0|
    |tmp_V_2346_reg_2305                                                                        |     6|   0|     6|          0|
    |tmp_V_2347_reg_2310                                                                        |     6|   0|     6|          0|
    |tmp_V_2348_reg_2315                                                                        |     6|   0|     6|          0|
    |tmp_V_2349_reg_2320                                                                        |     6|   0|     6|          0|
    |tmp_V_2350_reg_2325                                                                        |     6|   0|     6|          0|
    |tmp_V_2351_reg_2330                                                                        |     6|   0|     6|          0|
    |tmp_V_2352_reg_2335                                                                        |     6|   0|     6|          0|
    |tmp_V_2353_reg_2340                                                                        |     6|   0|     6|          0|
    |tmp_V_2354_reg_2345                                                                        |     6|   0|     6|          0|
    |tmp_V_2355_reg_2350                                                                        |     6|   0|     6|          0|
    |tmp_V_2356_reg_2355                                                                        |     6|   0|     6|          0|
    |tmp_V_2357_reg_2360                                                                        |     6|   0|     6|          0|
    |tmp_V_2358_reg_2365                                                                        |     6|   0|     6|          0|
    |tmp_V_2359_reg_2370                                                                        |     6|   0|     6|          0|
    |tmp_V_2360_reg_2375                                                                        |     6|   0|     6|          0|
    |tmp_V_2361_reg_2380                                                                        |     6|   0|     6|          0|
    |tmp_V_2362_reg_2385                                                                        |     6|   0|     6|          0|
    |tmp_V_2363_reg_2390                                                                        |     6|   0|     6|          0|
    |tmp_V_2364_reg_2395                                                                        |     6|   0|     6|          0|
    |tmp_V_2365_reg_2400                                                                        |     6|   0|     6|          0|
    |tmp_V_2366_reg_2405                                                                        |     6|   0|     6|          0|
    |tmp_V_2367_reg_2410                                                                        |     6|   0|     6|          0|
    |tmp_V_2368_reg_2415                                                                        |     6|   0|     6|          0|
    |tmp_V_2369_reg_2420                                                                        |     6|   0|     6|          0|
    |tmp_V_2370_reg_2425                                                                        |     6|   0|     6|          0|
    |tmp_V_2371_reg_2430                                                                        |     6|   0|     6|          0|
    |tmp_V_2372_reg_2435                                                                        |     6|   0|     6|          0|
    |tmp_V_2373_reg_2440                                                                        |     6|   0|     6|          0|
    |tmp_V_2374_reg_2445                                                                        |     6|   0|     6|          0|
    |tmp_V_reg_1774                                                                             |     6|   0|     6|          0|
    +-------------------------------------------------------------------------------------------+------+----+------+-----------+
    |Total                                                                                      |  8082|   0|  8082|          0|
    +-------------------------------------------------------------------------------------------+------+----+------+-----------+



================================================================
== Interface
================================================================
* Summary: 
+------------------+-----+-----+------------+-------------------------------------------------------------------------------+--------------+
|     RTL Ports    | Dir | Bits|  Protocol  |                                 Source Object                                 |    C Type    |
+------------------+-----+-----+------------+-------------------------------------------------------------------------------+--------------+
|ap_clk            |  in |    1| ap_ctrl_hs | conv_2d_cl_switch<ap_fixed<6, 2, 5, 3, 0>, ap_fixed<6, 2, 4, 0, 0>, config55> | return value |
|ap_rst            |  in |    1| ap_ctrl_hs | conv_2d_cl_switch<ap_fixed<6, 2, 5, 3, 0>, ap_fixed<6, 2, 4, 0, 0>, config55> | return value |
|ap_start          |  in |    1| ap_ctrl_hs | conv_2d_cl_switch<ap_fixed<6, 2, 5, 3, 0>, ap_fixed<6, 2, 4, 0, 0>, config55> | return value |
|start_full_n      |  in |    1| ap_ctrl_hs | conv_2d_cl_switch<ap_fixed<6, 2, 5, 3, 0>, ap_fixed<6, 2, 4, 0, 0>, config55> | return value |
|ap_done           | out |    1| ap_ctrl_hs | conv_2d_cl_switch<ap_fixed<6, 2, 5, 3, 0>, ap_fixed<6, 2, 4, 0, 0>, config55> | return value |
|ap_continue       |  in |    1| ap_ctrl_hs | conv_2d_cl_switch<ap_fixed<6, 2, 5, 3, 0>, ap_fixed<6, 2, 4, 0, 0>, config55> | return value |
|ap_idle           | out |    1| ap_ctrl_hs | conv_2d_cl_switch<ap_fixed<6, 2, 5, 3, 0>, ap_fixed<6, 2, 4, 0, 0>, config55> | return value |
|ap_ready          | out |    1| ap_ctrl_hs | conv_2d_cl_switch<ap_fixed<6, 2, 5, 3, 0>, ap_fixed<6, 2, 4, 0, 0>, config55> | return value |
|start_out         | out |    1| ap_ctrl_hs | conv_2d_cl_switch<ap_fixed<6, 2, 5, 3, 0>, ap_fixed<6, 2, 4, 0, 0>, config55> | return value |
|start_write       | out |    1| ap_ctrl_hs | conv_2d_cl_switch<ap_fixed<6, 2, 5, 3, 0>, ap_fixed<6, 2, 4, 0, 0>, config55> | return value |
|data_V_V_dout     |  in |    6|   ap_fifo  |                                    data_V_V                                   |    pointer   |
|data_V_V_empty_n  |  in |    1|   ap_fifo  |                                    data_V_V                                   |    pointer   |
|data_V_V_read     | out |    1|   ap_fifo  |                                    data_V_V                                   |    pointer   |
|res_V_V_din       | out |    6|   ap_fifo  |                                    res_V_V                                    |    pointer   |
|res_V_V_full_n    |  in |    1|   ap_fifo  |                                    res_V_V                                    |    pointer   |
|res_V_V_write     | out |    1|   ap_fifo  |                                    res_V_V                                    |    pointer   |
+------------------+-----+-----+------------+-------------------------------------------------------------------------------+--------------+

