

================================================================
== Vivado HLS Report for 'conv_2d_large_cl_nopad_pad_s2s_ap_fixed_ap_fixed_8_2_4_0_0_config44_s'
================================================================
* Date:           Fri Feb  3 01:58:53 2023

* Version:        2019.2 (Build 2704478 on Wed Nov 06 22:10:23 MST 2019)
* Project:        alveo_hls4ml
* Solution:       solution
* Product family: virtexuplus
* Target device:  xcu50-fsvh2104-2L-e


================================================================
== Performance Estimates
================================================================
+ Timing: 
    * Summary: 
    +--------+---------+----------+------------+
    |  Clock |  Target | Estimated| Uncertainty|
    +--------+---------+----------+------------+
    |ap_clk  | 4.00 ns | 3.047 ns |   0.90 ns  |
    +--------+---------+----------+------------+

+ Latency: 
    * Summary: 
    +---------+---------+----------+----------+-------+-------+---------+
    |  Latency (cycles) |  Latency (absolute) |    Interval   | Pipeline|
    |   min   |   max   |    min   |    max   |  min  |  max  |   Type  |
    +---------+---------+----------+----------+-------+-------+---------+
    |    28711|    83521| 0.115 ms | 0.334 ms |  28711|  83521|   none  |
    +---------+---------+----------+----------+-------+-------+---------+

    + Detail: 
        * Instance: 
        +-------------------------------------------------------------------------------+-------------------------------------------------------------------+---------+---------+----------+----------+-----+-----+----------+
        |                                                                               |                                                                   |  Latency (cycles) |  Latency (absolute) |  Interval | Pipeline |
        |                                    Instance                                   |                               Module                              |   min   |   max   |    min   |    max   | min | max |   Type   |
        +-------------------------------------------------------------------------------+-------------------------------------------------------------------+---------+---------+----------+----------+-----+-----+----------+
        |grp_dense_large_ap_fixed_8_2_5_3_0_ap_fixed_8_2_4_0_0_config44_mult_s_fu_344   |dense_large_ap_fixed_8_2_5_3_0_ap_fixed_8_2_4_0_0_config44_mult_s  |       31|       31| 0.124 us | 0.124 us |   31|   31|   none   |
        |call_ret_cnnshift_arr_ap_fixed_8_2_5_3_0_ap_fixed_8_2_4_0_0_config44_s_fu_351  |cnnshift_arr_ap_fixed_8_2_5_3_0_ap_fixed_8_2_4_0_0_config44_s      |        0|        0|   0 ns   |   0 ns   |    1|    1| function |
        +-------------------------------------------------------------------------------+-------------------------------------------------------------------+---------+---------+----------+----------+-----+-----+----------+

        * Loop: 
        +----------+---------+---------+----------+-----------+-----------+------+----------+
        |          |  Latency (cycles) | Iteration|  Initiation Interval  | Trip |          |
        | Loop Name|   min   |   max   |  Latency |  achieved |   target  | Count| Pipelined|
        +----------+---------+---------+----------+-----------+-----------+------+----------+
        |- Loop 1  |    28710|    83520|  33 ~ 96 |          -|          -|   870|    no    |
        +----------+---------+---------+----------+-----------+-----------+------+----------+



================================================================
== Utilization Estimates
================================================================
* Summary: 
+---------------------+---------+-------+---------+--------+-----+
|         Name        | BRAM_18K| DSP48E|    FF   |   LUT  | URAM|
+---------------------+---------+-------+---------+--------+-----+
|DSP                  |        -|      -|        -|       -|    -|
|Expression           |        -|      -|        0|     351|    -|
|FIFO                 |        -|      -|        -|       -|    -|
|Instance             |       86|    384|    41369|  130607|    -|
|Memory               |        -|      -|        -|       -|    -|
|Multiplexer          |        -|      -|        -|     537|    -|
|Register             |        -|      -|     5460|       -|    -|
+---------------------+---------+-------+---------+--------+-----+
|Total                |       86|    384|    46829|  131495|    0|
+---------------------+---------+-------+---------+--------+-----+
|Available SLR        |     1344|   2976|   871680|  435840|  320|
+---------------------+---------+-------+---------+--------+-----+
|Utilization SLR (%)  |        6|     12|        5|      30|    0|
+---------------------+---------+-------+---------+--------+-----+
|Available            |     2688|   5952|  1743360|  871680|  640|
+---------------------+---------+-------+---------+--------+-----+
|Utilization (%)      |        3|      6|        2|      15|    0|
+---------------------+---------+-------+---------+--------+-----+

+ Detail: 
    * Instance: 
    +-------------------------------------------------------------------------------+-------------------------------------------------------------------+---------+-------+-------+--------+-----+
    |                                    Instance                                   |                               Module                              | BRAM_18K| DSP48E|   FF  |   LUT  | URAM|
    +-------------------------------------------------------------------------------+-------------------------------------------------------------------+---------+-------+-------+--------+-----+
    |call_ret_cnnshift_arr_ap_fixed_8_2_5_3_0_ap_fixed_8_2_4_0_0_config44_s_fu_351  |cnnshift_arr_ap_fixed_8_2_5_3_0_ap_fixed_8_2_4_0_0_config44_s      |        0|      0|   4097|    2048|    0|
    |grp_dense_large_ap_fixed_8_2_5_3_0_ap_fixed_8_2_4_0_0_config44_mult_s_fu_344   |dense_large_ap_fixed_8_2_5_3_0_ap_fixed_8_2_4_0_0_config44_mult_s  |       86|    384|  37272|  128559|    0|
    +-------------------------------------------------------------------------------+-------------------------------------------------------------------+---------+-------+-------+--------+-----+
    |Total                                                                          |                                                                   |       86|    384|  41369|  130607|    0|
    +-------------------------------------------------------------------------------+-------------------------------------------------------------------+---------+-------+-------+--------+-----+

    * DSP48E: 
    N/A

    * Memory: 
    N/A

    * FIFO: 
    N/A

    * Expression: 
    +-------------------------+----------+-------+---+----+------------+------------+
    |      Variable Name      | Operation| DSP48E| FF| LUT| Bitwidth P0| Bitwidth P1|
    +-------------------------+----------+-------+---+----+------------+------------+
    |add_ln446_fu_990_p2      |     +    |      0|  0|  32|          32|           1|
    |add_ln448_fu_1001_p2     |     +    |      0|  0|  32|          32|           1|
    |add_ln451_fu_944_p2      |     +    |      0|  0|  32|          32|           1|
    |add_ln453_fu_955_p2      |     +    |      0|  0|  32|          32|           1|
    |i_fu_492_p2              |     +    |      0|  0|  10|          10|           1|
    |and_ln420_13_fu_613_p2   |    and   |      0|  0|   2|           1|           1|
    |and_ln420_14_fu_619_p2   |    and   |      0|  0|   2|           1|           1|
    |and_ln420_fu_607_p2      |    and   |      0|  0|   2|           1|           1|
    |ap_block_state2          |    and   |      0|  0|   2|           1|           1|
    |ap_block_state66         |    and   |      0|  0|   2|           1|           1|
    |ap_condition_695         |    and   |      0|  0|   2|           1|           1|
    |ap_condition_730         |    and   |      0|  0|   2|           1|           1|
    |icmp_ln411_fu_486_p2     |   icmp   |      0|  0|  13|          10|           9|
    |icmp_ln420_19_fu_561_p2  |   icmp   |      0|  0|  20|          32|           2|
    |icmp_ln420_20_fu_581_p2  |   icmp   |      0|  0|  20|          31|           1|
    |icmp_ln420_21_fu_601_p2  |   icmp   |      0|  0|  20|          31|           1|
    |icmp_ln420_fu_551_p2     |   icmp   |      0|  0|  20|          32|           2|
    |icmp_ln438_fu_939_p2     |   icmp   |      0|  0|  20|          32|           5|
    |icmp_ln442_fu_985_p2     |   icmp   |      0|  0|  20|          32|           5|
    |ap_block_state1          |    or    |      0|  0|   2|           1|           1|
    |select_ln448_fu_1006_p3  |  select  |      0|  0|  32|           1|           2|
    |select_ln453_fu_960_p3   |  select  |      0|  0|  32|           1|           2|
    +-------------------------+----------+-------+---+----+------------+------------+
    |Total                    |          |      0|  0| 351|         348|          42|
    +-------------------------+----------+-------+---+----+------------+------------+

    * Multiplexer: 
    +-------------------------------------+-----+-----------+-----+-----------+
    |                 Name                | LUT | Input Size| Bits| Total Bits|
    +-------------------------------------+-----+-----------+-----+-----------+
    |ap_NS_fsm                            |  301|         67|    1|         67|
    |ap_done                              |    9|          2|    1|          2|
    |ap_phi_mux_storemerge_phi_fu_337_p4  |   15|          3|   32|         96|
    |data_V_V_blk_n                       |    9|          2|    1|          2|
    |i_0_reg_323                          |    9|          2|   10|         20|
    |pX_4                                 |    9|          2|   32|         64|
    |pY_4                                 |    9|          2|   32|         64|
    |real_start                           |    9|          2|    1|          2|
    |res_V_V_blk_n                        |    9|          2|    1|          2|
    |res_V_V_din                          |  149|         33|    8|        264|
    |sX_4                                 |    9|          2|   32|         64|
    +-------------------------------------+-----+-----------+-----+-----------+
    |Total                                |  537|        119|  151|        647|
    +-------------------------------------+-----+-----------+-----+-----------+

    * Register: 
    +-------------------------------------------------------------------------------------------+------+----+------+-----------+
    |                                            Name                                           |  FF  | LUT| Bits | Const Bits|
    +-------------------------------------------------------------------------------------------+------+----+------+-----------+
    |and_ln420_14_reg_1226                                                                      |     1|   0|     1|          0|
    |ap_CS_fsm                                                                                  |    66|   0|    66|          0|
    |ap_done_reg                                                                                |     1|   0|     1|          0|
    |call_ret_reg_1189                                                                          |  2304|   0|  2304|          0|
    |grp_dense_large_ap_fixed_8_2_5_3_0_ap_fixed_8_2_4_0_0_config44_mult_s_fu_344_ap_start_reg  |     1|   0|     1|          0|
    |i_0_reg_323                                                                                |    10|   0|    10|          0|
    |i_reg_1029                                                                                 |    10|   0|    10|          0|
    |icmp_ln420_19_reg_1209                                                                     |     1|   0|     1|          0|
    |icmp_ln420_reg_1199                                                                        |     1|   0|     1|          0|
    |layer_in_V_10                                                                              |  2304|   0|  2304|          0|
    |pX_4                                                                                       |    32|   0|    32|          0|
    |pX_4_load_reg_1220                                                                         |    32|   0|    32|          0|
    |pY_4                                                                                       |    32|   0|    32|          0|
    |pY_4_load_reg_1214                                                                         |    32|   0|    32|          0|
    |sX_4                                                                                       |    32|   0|    32|          0|
    |sX_4_load_reg_1194                                                                         |    32|   0|    32|          0|
    |sY_4                                                                                       |    32|   0|    32|          0|
    |sY_4_load_reg_1204                                                                         |    32|   0|    32|          0|
    |start_once_reg                                                                             |     1|   0|     1|          0|
    |tmp_V_1934_reg_1039                                                                        |     8|   0|     8|          0|
    |tmp_V_1935_reg_1044                                                                        |     8|   0|     8|          0|
    |tmp_V_1936_reg_1049                                                                        |     8|   0|     8|          0|
    |tmp_V_1937_reg_1054                                                                        |     8|   0|     8|          0|
    |tmp_V_1938_reg_1059                                                                        |     8|   0|     8|          0|
    |tmp_V_1939_reg_1064                                                                        |     8|   0|     8|          0|
    |tmp_V_1940_reg_1069                                                                        |     8|   0|     8|          0|
    |tmp_V_1941_reg_1074                                                                        |     8|   0|     8|          0|
    |tmp_V_1942_reg_1079                                                                        |     8|   0|     8|          0|
    |tmp_V_1943_reg_1084                                                                        |     8|   0|     8|          0|
    |tmp_V_1944_reg_1089                                                                        |     8|   0|     8|          0|
    |tmp_V_1945_reg_1094                                                                        |     8|   0|     8|          0|
    |tmp_V_1946_reg_1099                                                                        |     8|   0|     8|          0|
    |tmp_V_1947_reg_1104                                                                        |     8|   0|     8|          0|
    |tmp_V_1948_reg_1109                                                                        |     8|   0|     8|          0|
    |tmp_V_1949_reg_1114                                                                        |     8|   0|     8|          0|
    |tmp_V_1950_reg_1119                                                                        |     8|   0|     8|          0|
    |tmp_V_1951_reg_1124                                                                        |     8|   0|     8|          0|
    |tmp_V_1952_reg_1129                                                                        |     8|   0|     8|          0|
    |tmp_V_1953_reg_1134                                                                        |     8|   0|     8|          0|
    |tmp_V_1954_reg_1139                                                                        |     8|   0|     8|          0|
    |tmp_V_1955_reg_1144                                                                        |     8|   0|     8|          0|
    |tmp_V_1956_reg_1149                                                                        |     8|   0|     8|          0|
    |tmp_V_1957_reg_1154                                                                        |     8|   0|     8|          0|
    |tmp_V_1958_reg_1159                                                                        |     8|   0|     8|          0|
    |tmp_V_1959_reg_1164                                                                        |     8|   0|     8|          0|
    |tmp_V_1960_reg_1169                                                                        |     8|   0|     8|          0|
    |tmp_V_1961_reg_1174                                                                        |     8|   0|     8|          0|
    |tmp_V_1962_reg_1179                                                                        |     8|   0|     8|          0|
    |tmp_V_1963_reg_1184                                                                        |     8|   0|     8|          0|
    |tmp_V_1965_reg_1230                                                                        |     8|   0|     8|          0|
    |tmp_V_1966_reg_1235                                                                        |     8|   0|     8|          0|
    |tmp_V_1967_reg_1240                                                                        |     8|   0|     8|          0|
    |tmp_V_1968_reg_1245                                                                        |     8|   0|     8|          0|
    |tmp_V_1969_reg_1250                                                                        |     8|   0|     8|          0|
    |tmp_V_1970_reg_1255                                                                        |     8|   0|     8|          0|
    |tmp_V_1971_reg_1260                                                                        |     8|   0|     8|          0|
    |tmp_V_1972_reg_1265                                                                        |     8|   0|     8|          0|
    |tmp_V_1973_reg_1270                                                                        |     8|   0|     8|          0|
    |tmp_V_1974_reg_1275                                                                        |     8|   0|     8|          0|
    |tmp_V_1975_reg_1280                                                                        |     8|   0|     8|          0|
    |tmp_V_1976_reg_1285                                                                        |     8|   0|     8|          0|
    |tmp_V_1977_reg_1290                                                                        |     8|   0|     8|          0|
    |tmp_V_1978_reg_1295                                                                        |     8|   0|     8|          0|
    |tmp_V_1979_reg_1300                                                                        |     8|   0|     8|          0|
    |tmp_V_1980_reg_1305                                                                        |     8|   0|     8|          0|
    |tmp_V_1981_reg_1310                                                                        |     8|   0|     8|          0|
    |tmp_V_1982_reg_1315                                                                        |     8|   0|     8|          0|
    |tmp_V_1983_reg_1320                                                                        |     8|   0|     8|          0|
    |tmp_V_1984_reg_1325                                                                        |     8|   0|     8|          0|
    |tmp_V_1985_reg_1330                                                                        |     8|   0|     8|          0|
    |tmp_V_1986_reg_1335                                                                        |     8|   0|     8|          0|
    |tmp_V_1987_reg_1340                                                                        |     8|   0|     8|          0|
    |tmp_V_1988_reg_1345                                                                        |     8|   0|     8|          0|
    |tmp_V_1989_reg_1350                                                                        |     8|   0|     8|          0|
    |tmp_V_1990_reg_1355                                                                        |     8|   0|     8|          0|
    |tmp_V_1991_reg_1360                                                                        |     8|   0|     8|          0|
    |tmp_V_1992_reg_1365                                                                        |     8|   0|     8|          0|
    |tmp_V_1993_reg_1370                                                                        |     8|   0|     8|          0|
    |tmp_V_1994_reg_1375                                                                        |     8|   0|     8|          0|
    |tmp_V_1995_reg_1380                                                                        |     8|   0|     8|          0|
    |tmp_V_1996_reg_1385                                                                        |     8|   0|     8|          0|
    |tmp_V_reg_1034                                                                             |     8|   0|     8|          0|
    +-------------------------------------------------------------------------------------------+------+----+------+-----------+
    |Total                                                                                      |  5460|   0|  5460|          0|
    +-------------------------------------------------------------------------------------------+------+----+------+-----------+



================================================================
== Interface
================================================================
* Summary: 
+------------------+-----+-----+------------+-----------------------------------------------------------------------+--------------+
|     RTL Ports    | Dir | Bits|  Protocol  |                             Source Object                             |    C Type    |
+------------------+-----+-----+------------+-----------------------------------------------------------------------+--------------+
|ap_clk            |  in |    1| ap_ctrl_hs | conv_2d_large_cl_nopad_pad_s2s<ap_fixed,ap_fixed<8,2,4,0,0>,config44> | return value |
|ap_rst            |  in |    1| ap_ctrl_hs | conv_2d_large_cl_nopad_pad_s2s<ap_fixed,ap_fixed<8,2,4,0,0>,config44> | return value |
|ap_start          |  in |    1| ap_ctrl_hs | conv_2d_large_cl_nopad_pad_s2s<ap_fixed,ap_fixed<8,2,4,0,0>,config44> | return value |
|start_full_n      |  in |    1| ap_ctrl_hs | conv_2d_large_cl_nopad_pad_s2s<ap_fixed,ap_fixed<8,2,4,0,0>,config44> | return value |
|ap_done           | out |    1| ap_ctrl_hs | conv_2d_large_cl_nopad_pad_s2s<ap_fixed,ap_fixed<8,2,4,0,0>,config44> | return value |
|ap_continue       |  in |    1| ap_ctrl_hs | conv_2d_large_cl_nopad_pad_s2s<ap_fixed,ap_fixed<8,2,4,0,0>,config44> | return value |
|ap_idle           | out |    1| ap_ctrl_hs | conv_2d_large_cl_nopad_pad_s2s<ap_fixed,ap_fixed<8,2,4,0,0>,config44> | return value |
|ap_ready          | out |    1| ap_ctrl_hs | conv_2d_large_cl_nopad_pad_s2s<ap_fixed,ap_fixed<8,2,4,0,0>,config44> | return value |
|start_out         | out |    1| ap_ctrl_hs | conv_2d_large_cl_nopad_pad_s2s<ap_fixed,ap_fixed<8,2,4,0,0>,config44> | return value |
|start_write       | out |    1| ap_ctrl_hs | conv_2d_large_cl_nopad_pad_s2s<ap_fixed,ap_fixed<8,2,4,0,0>,config44> | return value |
|data_V_V_dout     |  in |    8|   ap_fifo  |                                data_V_V                               |    pointer   |
|data_V_V_empty_n  |  in |    1|   ap_fifo  |                                data_V_V                               |    pointer   |
|data_V_V_read     | out |    1|   ap_fifo  |                                data_V_V                               |    pointer   |
|res_V_V_din       | out |    8|   ap_fifo  |                                res_V_V                                |    pointer   |
|res_V_V_full_n    |  in |    1|   ap_fifo  |                                res_V_V                                |    pointer   |
|res_V_V_write     | out |    1|   ap_fifo  |                                res_V_V                                |    pointer   |
+------------------+-----+-----+------------+-----------------------------------------------------------------------+--------------+

