

================================================================
== Vivado HLS Report for 'conv_2d_cl_switch_ap_fixed_8_2_5_3_0_ap_fixed_8_2_4_0_0_config55_s'
================================================================
* Date:           Fri Feb  3 03:14:22 2023

* Version:        2019.2 (Build 2704478 on Wed Nov 06 22:10:23 MST 2019)
* Project:        alveo_hls4ml
* Solution:       solution
* Product family: virtexuplus
* Target device:  xcu50-fsvh2104-2L-e


================================================================
== Performance Estimates
================================================================
+ Timing: 
    * Summary: 
    +--------+---------+----------+------------+
    |  Clock |  Target | Estimated| Uncertainty|
    +--------+---------+----------+------------+
    |ap_clk  | 4.00 ns | 3.092 ns |   0.90 ns  |
    +--------+---------+----------+------------+

+ Latency: 
    * Summary: 
    +---------+---------+-----------+----------+-------+-------+---------+
    |  Latency (cycles) |  Latency (absolute)  |    Interval   | Pipeline|
    |   min   |   max   |    min    |    max   |  min  |  max  |   Type  |
    +---------+---------+-----------+----------+-------+-------+---------+
    |    15601|    55441| 62.404 us | 0.222 ms |  15601|  55441|   none  |
    +---------+---------+-----------+----------+-------+-------+---------+

    + Detail: 
        * Instance: 
        +-------------------------------------------------------------------------------+-------------------------------------------------------------------+---------+---------+----------+----------+-----+-----+----------+
        |                                                                               |                                                                   |  Latency (cycles) |  Latency (absolute) |  Interval | Pipeline |
        |                                    Instance                                   |                               Module                              |   min   |   max   |    min   |    max   | min | max |   Type   |
        +-------------------------------------------------------------------------------+-------------------------------------------------------------------+---------+---------+----------+----------+-----+-----+----------+
        |grp_dense_large_ap_fixed_8_2_5_3_0_ap_fixed_8_2_4_0_0_config55_mult_s_fu_598   |dense_large_ap_fixed_8_2_5_3_0_ap_fixed_8_2_4_0_0_config55_mult_s  |      102|      102| 0.408 us | 0.408 us |  102|  102|   none   |
        |call_ret_cnnshift_arr_ap_fixed_8_2_5_3_0_ap_fixed_8_2_4_0_0_config55_s_fu_605  |cnnshift_arr_ap_fixed_8_2_5_3_0_ap_fixed_8_2_4_0_0_config55_s      |        0|        0|   0 ns   |   0 ns   |    1|    1| function |
        +-------------------------------------------------------------------------------+-------------------------------------------------------------------+---------+---------+----------+----------+-----+-----+----------+

        * Loop: 
        +----------+---------+---------+----------+-----------+-----------+------+----------+
        |          |  Latency (cycles) | Iteration|  Initiation Interval  | Trip |          |
        | Loop Name|   min   |   max   |  Latency |  achieved |   target  | Count| Pipelined|
        +----------+---------+---------+----------+-----------+-----------+------+----------+
        |- Loop 1  |    15600|    55440| 65 ~ 231 |          -|          -|   240|    no    |
        +----------+---------+---------+----------+-----------+-----------+------+----------+



================================================================
== Utilization Estimates
================================================================
* Summary: 
+---------------------+---------+-------+---------+--------+-----+
|         Name        | BRAM_18K| DSP48E|    FF   |   LUT  | URAM|
+---------------------+---------+-------+---------+--------+-----+
|DSP                  |        -|      -|        -|       -|    -|
|Expression           |        -|      -|        0|     347|    -|
|FIFO                 |        -|      -|        -|       -|    -|
|Instance             |       86|    384|    47506|  104437|    -|
|Memory               |        -|      -|        -|       -|    -|
|Multiplexer          |        -|      -|        -|     969|    -|
|Register             |        -|      -|    10640|       -|    -|
+---------------------+---------+-------+---------+--------+-----+
|Total                |       86|    384|    58146|  105753|    0|
+---------------------+---------+-------+---------+--------+-----+
|Available SLR        |     1344|   2976|   871680|  435840|  320|
+---------------------+---------+-------+---------+--------+-----+
|Utilization SLR (%)  |        6|     12|        6|      24|    0|
+---------------------+---------+-------+---------+--------+-----+
|Available            |     2688|   5952|  1743360|  871680|  640|
+---------------------+---------+-------+---------+--------+-----+
|Utilization (%)      |        3|      6|        3|      12|    0|
+---------------------+---------+-------+---------+--------+-----+

+ Detail: 
    * Instance: 
    +-------------------------------------------------------------------------------+-------------------------------------------------------------------+---------+-------+-------+--------+-----+
    |                                    Instance                                   |                               Module                              | BRAM_18K| DSP48E|   FF  |   LUT  | URAM|
    +-------------------------------------------------------------------------------+-------------------------------------------------------------------+---------+-------+-------+--------+-----+
    |call_ret_cnnshift_arr_ap_fixed_8_2_5_3_0_ap_fixed_8_2_4_0_0_config55_s_fu_605  |cnnshift_arr_ap_fixed_8_2_5_3_0_ap_fixed_8_2_4_0_0_config55_s      |        0|      0|   8193|    4096|    0|
    |grp_dense_large_ap_fixed_8_2_5_3_0_ap_fixed_8_2_4_0_0_config55_mult_s_fu_598   |dense_large_ap_fixed_8_2_5_3_0_ap_fixed_8_2_4_0_0_config55_mult_s  |       86|    384|  39313|  100341|    0|
    +-------------------------------------------------------------------------------+-------------------------------------------------------------------+---------+-------+-------+--------+-----+
    |Total                                                                          |                                                                   |       86|    384|  47506|  104437|    0|
    +-------------------------------------------------------------------------------+-------------------------------------------------------------------+---------+-------+-------+--------+-----+

    * DSP48E: 
    N/A

    * Memory: 
    N/A

    * FIFO: 
    N/A

    * Expression: 
    +--------------------------+----------+-------+---+----+------------+------------+
    |       Variable Name      | Operation| DSP48E| FF| LUT| Bitwidth P0| Bitwidth P1|
    +--------------------------+----------+-------+---+----+------------+------------+
    |add_ln448_fu_1724_p2      |     +    |      0|  0|  32|          32|           1|
    |add_ln450_fu_1735_p2      |     +    |      0|  0|  32|          32|           1|
    |add_ln453_fu_1678_p2      |     +    |      0|  0|  32|          32|           1|
    |add_ln455_fu_1689_p2      |     +    |      0|  0|  32|          32|           1|
    |i_fu_874_p2               |     +    |      0|  0|   8|           8|           1|
    |and_ln422_10_fu_1033_p2   |    and   |      0|  0|   2|           1|           1|
    |and_ln422_9_fu_1027_p2    |    and   |      0|  0|   2|           1|           1|
    |and_ln422_fu_1021_p2      |    and   |      0|  0|   2|           1|           1|
    |ap_block_state130         |    and   |      0|  0|   2|           1|           1|
    |ap_block_state2           |    and   |      0|  0|   2|           1|           1|
    |ap_condition_1271         |    and   |      0|  0|   2|           1|           1|
    |ap_condition_1306         |    and   |      0|  0|   2|           1|           1|
    |icmp_ln413_fu_868_p2      |   icmp   |      0|  0|  11|           8|           6|
    |icmp_ln422_13_fu_975_p2   |   icmp   |      0|  0|  20|          32|           2|
    |icmp_ln422_14_fu_995_p2   |   icmp   |      0|  0|  20|          31|           1|
    |icmp_ln422_15_fu_1015_p2  |   icmp   |      0|  0|  20|          31|           1|
    |icmp_ln422_fu_965_p2      |   icmp   |      0|  0|  20|          32|           2|
    |icmp_ln440_fu_1673_p2     |   icmp   |      0|  0|  20|          32|           4|
    |icmp_ln444_fu_1719_p2     |   icmp   |      0|  0|  20|          32|           4|
    |ap_block_state1           |    or    |      0|  0|   2|           1|           1|
    |select_ln450_fu_1740_p3   |  select  |      0|  0|  32|           1|           2|
    |select_ln455_fu_1694_p3   |  select  |      0|  0|  32|           1|           2|
    +--------------------------+----------+-------+---+----+------------+------------+
    |Total                     |          |      0|  0| 347|         344|          37|
    +--------------------------+----------+-------+---+----+------------+------------+

    * Multiplexer: 
    +---------------------------------------+-----+-----------+-----+-----------+
    |                  Name                 | LUT | Input Size| Bits| Total Bits|
    +---------------------------------------+-----+-----------+-----+-----------+
    |ap_NS_fsm                              |  589|        131|    1|        131|
    |ap_done                                |    9|          2|    1|          2|
    |ap_phi_mux_storemerge_i_phi_fu_591_p4  |   15|          3|   32|         96|
    |data_V_V_blk_n                         |    9|          2|    1|          2|
    |i_0_i_reg_577                          |    9|          2|    8|         16|
    |pX_2                                   |    9|          2|   32|         64|
    |pY_2                                   |    9|          2|   32|         64|
    |real_start                             |    9|          2|    1|          2|
    |res_V_V_blk_n                          |    9|          2|    1|          2|
    |res_V_V_din                            |  293|         65|    8|        520|
    |sX_2                                   |    9|          2|   32|         64|
    +---------------------------------------+-----+-----------+-----+-----------+
    |Total                                  |  969|        215|  149|        963|
    +---------------------------------------+-----+-----------+-----+-----------+

    * Register: 
    +-------------------------------------------------------------------------------------------+------+----+------+-----------+
    |                                            Name                                           |  FF  | LUT| Bits | Const Bits|
    +-------------------------------------------------------------------------------------------+------+----+------+-----------+
    |and_ln422_10_reg_2120                                                                      |     1|   0|     1|          0|
    |ap_CS_fsm                                                                                  |   130|   0|   130|          0|
    |ap_done_reg                                                                                |     1|   0|     1|          0|
    |call_ret_reg_2083                                                                          |  4608|   0|  4608|          0|
    |grp_dense_large_ap_fixed_8_2_5_3_0_ap_fixed_8_2_4_0_0_config55_mult_s_fu_598_ap_start_reg  |     1|   0|     1|          0|
    |i_0_i_reg_577                                                                              |     8|   0|     8|          0|
    |i_reg_1763                                                                                 |     8|   0|     8|          0|
    |icmp_ln422_13_reg_2103                                                                     |     1|   0|     1|          0|
    |icmp_ln422_reg_2093                                                                        |     1|   0|     1|          0|
    |layer_in_V_8                                                                               |  4608|   0|  4608|          0|
    |pX_2                                                                                       |    32|   0|    32|          0|
    |pX_2_load_reg_2114                                                                         |    32|   0|    32|          0|
    |pY_2                                                                                       |    32|   0|    32|          0|
    |pY_2_load_reg_2108                                                                         |    32|   0|    32|          0|
    |sX_2                                                                                       |    32|   0|    32|          0|
    |sX_2_load_reg_2088                                                                         |    32|   0|    32|          0|
    |sY_2                                                                                       |    32|   0|    32|          0|
    |sY_2_load_reg_2098                                                                         |    32|   0|    32|          0|
    |start_once_reg                                                                             |     1|   0|     1|          0|
    |tmp_V_2248_reg_1773                                                                        |     8|   0|     8|          0|
    |tmp_V_2249_reg_1778                                                                        |     8|   0|     8|          0|
    |tmp_V_2250_reg_1783                                                                        |     8|   0|     8|          0|
    |tmp_V_2251_reg_1788                                                                        |     8|   0|     8|          0|
    |tmp_V_2252_reg_1793                                                                        |     8|   0|     8|          0|
    |tmp_V_2253_reg_1798                                                                        |     8|   0|     8|          0|
    |tmp_V_2254_reg_1803                                                                        |     8|   0|     8|          0|
    |tmp_V_2255_reg_1808                                                                        |     8|   0|     8|          0|
    |tmp_V_2256_reg_1813                                                                        |     8|   0|     8|          0|
    |tmp_V_2257_reg_1818                                                                        |     8|   0|     8|          0|
    |tmp_V_2258_reg_1823                                                                        |     8|   0|     8|          0|
    |tmp_V_2259_reg_1828                                                                        |     8|   0|     8|          0|
    |tmp_V_2260_reg_1833                                                                        |     8|   0|     8|          0|
    |tmp_V_2261_reg_1838                                                                        |     8|   0|     8|          0|
    |tmp_V_2262_reg_1843                                                                        |     8|   0|     8|          0|
    |tmp_V_2263_reg_1848                                                                        |     8|   0|     8|          0|
    |tmp_V_2264_reg_1853                                                                        |     8|   0|     8|          0|
    |tmp_V_2265_reg_1858                                                                        |     8|   0|     8|          0|
    |tmp_V_2266_reg_1863                                                                        |     8|   0|     8|          0|
    |tmp_V_2267_reg_1868                                                                        |     8|   0|     8|          0|
    |tmp_V_2268_reg_1873                                                                        |     8|   0|     8|          0|
    |tmp_V_2269_reg_1878                                                                        |     8|   0|     8|          0|
    |tmp_V_2270_reg_1883                                                                        |     8|   0|     8|          0|
    |tmp_V_2271_reg_1888                                                                        |     8|   0|     8|          0|
    |tmp_V_2272_reg_1893                                                                        |     8|   0|     8|          0|
    |tmp_V_2273_reg_1898                                                                        |     8|   0|     8|          0|
    |tmp_V_2274_reg_1903                                                                        |     8|   0|     8|          0|
    |tmp_V_2275_reg_1908                                                                        |     8|   0|     8|          0|
    |tmp_V_2276_reg_1913                                                                        |     8|   0|     8|          0|
    |tmp_V_2277_reg_1918                                                                        |     8|   0|     8|          0|
    |tmp_V_2278_reg_1923                                                                        |     8|   0|     8|          0|
    |tmp_V_2279_reg_1928                                                                        |     8|   0|     8|          0|
    |tmp_V_2280_reg_1933                                                                        |     8|   0|     8|          0|
    |tmp_V_2281_reg_1938                                                                        |     8|   0|     8|          0|
    |tmp_V_2282_reg_1943                                                                        |     8|   0|     8|          0|
    |tmp_V_2283_reg_1948                                                                        |     8|   0|     8|          0|
    |tmp_V_2284_reg_1953                                                                        |     8|   0|     8|          0|
    |tmp_V_2285_reg_1958                                                                        |     8|   0|     8|          0|
    |tmp_V_2286_reg_1963                                                                        |     8|   0|     8|          0|
    |tmp_V_2287_reg_1968                                                                        |     8|   0|     8|          0|
    |tmp_V_2288_reg_1973                                                                        |     8|   0|     8|          0|
    |tmp_V_2289_reg_1978                                                                        |     8|   0|     8|          0|
    |tmp_V_2290_reg_1983                                                                        |     8|   0|     8|          0|
    |tmp_V_2291_reg_1988                                                                        |     8|   0|     8|          0|
    |tmp_V_2292_reg_1993                                                                        |     8|   0|     8|          0|
    |tmp_V_2293_reg_1998                                                                        |     8|   0|     8|          0|
    |tmp_V_2294_reg_2003                                                                        |     8|   0|     8|          0|
    |tmp_V_2295_reg_2008                                                                        |     8|   0|     8|          0|
    |tmp_V_2296_reg_2013                                                                        |     8|   0|     8|          0|
    |tmp_V_2297_reg_2018                                                                        |     8|   0|     8|          0|
    |tmp_V_2298_reg_2023                                                                        |     8|   0|     8|          0|
    |tmp_V_2299_reg_2028                                                                        |     8|   0|     8|          0|
    |tmp_V_2300_reg_2033                                                                        |     8|   0|     8|          0|
    |tmp_V_2301_reg_2038                                                                        |     8|   0|     8|          0|
    |tmp_V_2302_reg_2043                                                                        |     8|   0|     8|          0|
    |tmp_V_2303_reg_2048                                                                        |     8|   0|     8|          0|
    |tmp_V_2304_reg_2053                                                                        |     8|   0|     8|          0|
    |tmp_V_2305_reg_2058                                                                        |     8|   0|     8|          0|
    |tmp_V_2306_reg_2063                                                                        |     8|   0|     8|          0|
    |tmp_V_2307_reg_2068                                                                        |     8|   0|     8|          0|
    |tmp_V_2308_reg_2073                                                                        |     8|   0|     8|          0|
    |tmp_V_2309_reg_2078                                                                        |     8|   0|     8|          0|
    |tmp_V_2311_reg_2124                                                                        |     8|   0|     8|          0|
    |tmp_V_2312_reg_2129                                                                        |     8|   0|     8|          0|
    |tmp_V_2313_reg_2134                                                                        |     8|   0|     8|          0|
    |tmp_V_2314_reg_2139                                                                        |     8|   0|     8|          0|
    |tmp_V_2315_reg_2144                                                                        |     8|   0|     8|          0|
    |tmp_V_2316_reg_2149                                                                        |     8|   0|     8|          0|
    |tmp_V_2317_reg_2154                                                                        |     8|   0|     8|          0|
    |tmp_V_2318_reg_2159                                                                        |     8|   0|     8|          0|
    |tmp_V_2319_reg_2164                                                                        |     8|   0|     8|          0|
    |tmp_V_2320_reg_2169                                                                        |     8|   0|     8|          0|
    |tmp_V_2321_reg_2174                                                                        |     8|   0|     8|          0|
    |tmp_V_2322_reg_2179                                                                        |     8|   0|     8|          0|
    |tmp_V_2323_reg_2184                                                                        |     8|   0|     8|          0|
    |tmp_V_2324_reg_2189                                                                        |     8|   0|     8|          0|
    |tmp_V_2325_reg_2194                                                                        |     8|   0|     8|          0|
    |tmp_V_2326_reg_2199                                                                        |     8|   0|     8|          0|
    |tmp_V_2327_reg_2204                                                                        |     8|   0|     8|          0|
    |tmp_V_2328_reg_2209                                                                        |     8|   0|     8|          0|
    |tmp_V_2329_reg_2214                                                                        |     8|   0|     8|          0|
    |tmp_V_2330_reg_2219                                                                        |     8|   0|     8|          0|
    |tmp_V_2331_reg_2224                                                                        |     8|   0|     8|          0|
    |tmp_V_2332_reg_2229                                                                        |     8|   0|     8|          0|
    |tmp_V_2333_reg_2234                                                                        |     8|   0|     8|          0|
    |tmp_V_2334_reg_2239                                                                        |     8|   0|     8|          0|
    |tmp_V_2335_reg_2244                                                                        |     8|   0|     8|          0|
    |tmp_V_2336_reg_2249                                                                        |     8|   0|     8|          0|
    |tmp_V_2337_reg_2254                                                                        |     8|   0|     8|          0|
    |tmp_V_2338_reg_2259                                                                        |     8|   0|     8|          0|
    |tmp_V_2339_reg_2264                                                                        |     8|   0|     8|          0|
    |tmp_V_2340_reg_2269                                                                        |     8|   0|     8|          0|
    |tmp_V_2341_reg_2274                                                                        |     8|   0|     8|          0|
    |tmp_V_2342_reg_2279                                                                        |     8|   0|     8|          0|
    |tmp_V_2343_reg_2284                                                                        |     8|   0|     8|          0|
    |tmp_V_2344_reg_2289                                                                        |     8|   0|     8|          0|
    |tmp_V_2345_reg_2294                                                                        |     8|   0|     8|          0|
    |tmp_V_2346_reg_2299                                                                        |     8|   0|     8|          0|
    |tmp_V_2347_reg_2304                                                                        |     8|   0|     8|          0|
    |tmp_V_2348_reg_2309                                                                        |     8|   0|     8|          0|
    |tmp_V_2349_reg_2314                                                                        |     8|   0|     8|          0|
    |tmp_V_2350_reg_2319                                                                        |     8|   0|     8|          0|
    |tmp_V_2351_reg_2324                                                                        |     8|   0|     8|          0|
    |tmp_V_2352_reg_2329                                                                        |     8|   0|     8|          0|
    |tmp_V_2353_reg_2334                                                                        |     8|   0|     8|          0|
    |tmp_V_2354_reg_2339                                                                        |     8|   0|     8|          0|
    |tmp_V_2355_reg_2344                                                                        |     8|   0|     8|          0|
    |tmp_V_2356_reg_2349                                                                        |     8|   0|     8|          0|
    |tmp_V_2357_reg_2354                                                                        |     8|   0|     8|          0|
    |tmp_V_2358_reg_2359                                                                        |     8|   0|     8|          0|
    |tmp_V_2359_reg_2364                                                                        |     8|   0|     8|          0|
    |tmp_V_2360_reg_2369                                                                        |     8|   0|     8|          0|
    |tmp_V_2361_reg_2374                                                                        |     8|   0|     8|          0|
    |tmp_V_2362_reg_2379                                                                        |     8|   0|     8|          0|
    |tmp_V_2363_reg_2384                                                                        |     8|   0|     8|          0|
    |tmp_V_2364_reg_2389                                                                        |     8|   0|     8|          0|
    |tmp_V_2365_reg_2394                                                                        |     8|   0|     8|          0|
    |tmp_V_2366_reg_2399                                                                        |     8|   0|     8|          0|
    |tmp_V_2367_reg_2404                                                                        |     8|   0|     8|          0|
    |tmp_V_2368_reg_2409                                                                        |     8|   0|     8|          0|
    |tmp_V_2369_reg_2414                                                                        |     8|   0|     8|          0|
    |tmp_V_2370_reg_2419                                                                        |     8|   0|     8|          0|
    |tmp_V_2371_reg_2424                                                                        |     8|   0|     8|          0|
    |tmp_V_2372_reg_2429                                                                        |     8|   0|     8|          0|
    |tmp_V_2373_reg_2434                                                                        |     8|   0|     8|          0|
    |tmp_V_2374_reg_2439                                                                        |     8|   0|     8|          0|
    |tmp_V_reg_1768                                                                             |     8|   0|     8|          0|
    +-------------------------------------------------------------------------------------------+------+----+------+-----------+
    |Total                                                                                      | 10640|   0| 10640|          0|
    +-------------------------------------------------------------------------------------------+------+----+------+-----------+



================================================================
== Interface
================================================================
* Summary: 
+------------------+-----+-----+------------+-------------------------------------------------------------------------------+--------------+
|     RTL Ports    | Dir | Bits|  Protocol  |                                 Source Object                                 |    C Type    |
+------------------+-----+-----+------------+-------------------------------------------------------------------------------+--------------+
|ap_clk            |  in |    1| ap_ctrl_hs | conv_2d_cl_switch<ap_fixed<8, 2, 5, 3, 0>, ap_fixed<8, 2, 4, 0, 0>, config55> | return value |
|ap_rst            |  in |    1| ap_ctrl_hs | conv_2d_cl_switch<ap_fixed<8, 2, 5, 3, 0>, ap_fixed<8, 2, 4, 0, 0>, config55> | return value |
|ap_start          |  in |    1| ap_ctrl_hs | conv_2d_cl_switch<ap_fixed<8, 2, 5, 3, 0>, ap_fixed<8, 2, 4, 0, 0>, config55> | return value |
|start_full_n      |  in |    1| ap_ctrl_hs | conv_2d_cl_switch<ap_fixed<8, 2, 5, 3, 0>, ap_fixed<8, 2, 4, 0, 0>, config55> | return value |
|ap_done           | out |    1| ap_ctrl_hs | conv_2d_cl_switch<ap_fixed<8, 2, 5, 3, 0>, ap_fixed<8, 2, 4, 0, 0>, config55> | return value |
|ap_continue       |  in |    1| ap_ctrl_hs | conv_2d_cl_switch<ap_fixed<8, 2, 5, 3, 0>, ap_fixed<8, 2, 4, 0, 0>, config55> | return value |
|ap_idle           | out |    1| ap_ctrl_hs | conv_2d_cl_switch<ap_fixed<8, 2, 5, 3, 0>, ap_fixed<8, 2, 4, 0, 0>, config55> | return value |
|ap_ready          | out |    1| ap_ctrl_hs | conv_2d_cl_switch<ap_fixed<8, 2, 5, 3, 0>, ap_fixed<8, 2, 4, 0, 0>, config55> | return value |
|start_out         | out |    1| ap_ctrl_hs | conv_2d_cl_switch<ap_fixed<8, 2, 5, 3, 0>, ap_fixed<8, 2, 4, 0, 0>, config55> | return value |
|start_write       | out |    1| ap_ctrl_hs | conv_2d_cl_switch<ap_fixed<8, 2, 5, 3, 0>, ap_fixed<8, 2, 4, 0, 0>, config55> | return value |
|data_V_V_dout     |  in |    8|   ap_fifo  |                                    data_V_V                                   |    pointer   |
|data_V_V_empty_n  |  in |    1|   ap_fifo  |                                    data_V_V                                   |    pointer   |
|data_V_V_read     | out |    1|   ap_fifo  |                                    data_V_V                                   |    pointer   |
|res_V_V_din       | out |    8|   ap_fifo  |                                    res_V_V                                    |    pointer   |
|res_V_V_full_n    |  in |    1|   ap_fifo  |                                    res_V_V                                    |    pointer   |
|res_V_V_write     | out |    1|   ap_fifo  |                                    res_V_V                                    |    pointer   |
+------------------+-----+-----+------------+-------------------------------------------------------------------------------+--------------+

