

================================================================
== Vivado HLS Report for 'conv_2d_large_cl_nopad_pad_s2s_ap_fixed_ap_fixed_8_2_4_0_0_config37_s'
================================================================
* Date:           Sat Jan 21 03:57:55 2023

* Version:        2019.2 (Build 2704478 on Wed Nov 06 22:10:23 MST 2019)
* Project:        alveo_hls4ml
* Solution:       solution
* Product family: virtexuplus
* Target device:  xcu50-fsvh2104-2L-e


================================================================
== Performance Estimates
================================================================
+ Timing: 
    * Summary: 
    +--------+---------+----------+------------+
    |  Clock |  Target | Estimated| Uncertainty|
    +--------+---------+----------+------------+
    |ap_clk  | 4.00 ns | 2.794 ns |   0.90 ns  |
    +--------+---------+----------+------------+

+ Latency: 
    * Summary: 
    +---------+---------+-----------+----------+-------+-------+---------+
    |  Latency (cycles) |  Latency (absolute)  |    Interval   | Pipeline|
    |   min   |   max   |    min    |    max   |  min  |  max  |   Type  |
    +---------+---------+-----------+----------+-------+-------+---------+
    |    14791|    66121| 59.164 us | 0.264 ms |  14791|  66121|   none  |
    +---------+---------+-----------+----------+-------+-------+---------+

    + Detail: 
        * Instance: 
        +-------------------------------------------------------------------------------+-------------------------------------------------------------------+---------+---------+----------+----------+-----+-----+----------+
        |                                                                               |                                                                   |  Latency (cycles) |  Latency (absolute) |  Interval | Pipeline |
        |                                    Instance                                   |                               Module                              |   min   |   max   |    min   |    max   | min | max |   Type   |
        +-------------------------------------------------------------------------------+-------------------------------------------------------------------+---------+---------+----------+----------+-----+-----+----------+
        |grp_dense_large_ap_fixed_8_2_5_3_0_ap_fixed_8_2_4_0_0_config37_mult_s_fu_280   |dense_large_ap_fixed_8_2_5_3_0_ap_fixed_8_2_4_0_0_config37_mult_s  |       27|       27| 0.108 us | 0.108 us |   27|   27|   none   |
        |call_ret_cnnshift_arr_ap_fixed_8_2_5_3_0_ap_fixed_8_2_4_0_0_config37_s_fu_287  |cnnshift_arr_ap_fixed_8_2_5_3_0_ap_fixed_8_2_4_0_0_config37_s      |        0|        0|   0 ns   |   0 ns   |    1|    1| function |
        +-------------------------------------------------------------------------------+-------------------------------------------------------------------+---------+---------+----------+----------+-----+-----+----------+

        * Loop: 
        +----------+---------+---------+----------+-----------+-----------+------+----------+
        |          |  Latency (cycles) | Iteration|  Initiation Interval  | Trip |          |
        | Loop Name|   min   |   max   |  Latency |  achieved |   target  | Count| Pipelined|
        +----------+---------+---------+----------+-----------+-----------+------+----------+
        |- Loop 1  |    14790|    66120|  17 ~ 76 |          -|          -|   870|    no    |
        +----------+---------+---------+----------+-----------+-----------+------+----------+



================================================================
== Utilization Estimates
================================================================
* Summary: 
+---------------------+---------+-------+---------+--------+-----+
|         Name        | BRAM_18K| DSP48E|    FF   |   LUT  | URAM|
+---------------------+---------+-------+---------+--------+-----+
|DSP                  |        -|      -|        -|       -|    -|
|Expression           |        -|      -|        0|     351|    -|
|FIFO                 |        -|      -|        -|       -|    -|
|Instance             |       43|      0|    10694|   57866|    -|
|Memory               |        -|      -|        -|       -|    -|
|Multiplexer          |        -|      -|        -|     457|    -|
|Register             |        -|      -|     3012|       -|    -|
+---------------------+---------+-------+---------+--------+-----+
|Total                |       43|      0|    13706|   58674|    0|
+---------------------+---------+-------+---------+--------+-----+
|Available SLR        |     1344|   2976|   871680|  435840|  320|
+---------------------+---------+-------+---------+--------+-----+
|Utilization SLR (%)  |        3|      0|        1|      13|    0|
+---------------------+---------+-------+---------+--------+-----+
|Available            |     2688|   5952|  1743360|  871680|  640|
+---------------------+---------+-------+---------+--------+-----+
|Utilization (%)      |        1|      0|    ~0   |       6|    0|
+---------------------+---------+-------+---------+--------+-----+

+ Detail: 
    * Instance: 
    +-------------------------------------------------------------------------------+-------------------------------------------------------------------+---------+-------+------+-------+-----+
    |                                    Instance                                   |                               Module                              | BRAM_18K| DSP48E|  FF  |  LUT  | URAM|
    +-------------------------------------------------------------------------------+-------------------------------------------------------------------+---------+-------+------+-------+-----+
    |call_ret_cnnshift_arr_ap_fixed_8_2_5_3_0_ap_fixed_8_2_4_0_0_config37_s_fu_287  |cnnshift_arr_ap_fixed_8_2_5_3_0_ap_fixed_8_2_4_0_0_config37_s      |        0|      0|  2049|   1024|    0|
    |grp_dense_large_ap_fixed_8_2_5_3_0_ap_fixed_8_2_4_0_0_config37_mult_s_fu_280   |dense_large_ap_fixed_8_2_5_3_0_ap_fixed_8_2_4_0_0_config37_mult_s  |       43|      0|  8645|  56842|    0|
    +-------------------------------------------------------------------------------+-------------------------------------------------------------------+---------+-------+------+-------+-----+
    |Total                                                                          |                                                                   |       43|      0| 10694|  57866|    0|
    +-------------------------------------------------------------------------------+-------------------------------------------------------------------+---------+-------+------+-------+-----+

    * DSP48E: 
    N/A

    * Memory: 
    N/A

    * FIFO: 
    N/A

    * Expression: 
    +-------------------------+----------+-------+---+----+------------+------------+
    |      Variable Name      | Operation| DSP48E| FF| LUT| Bitwidth P0| Bitwidth P1|
    +-------------------------+----------+-------+---+----+------------+------------+
    |add_ln446_fu_846_p2      |     +    |      0|  0|  32|          32|           1|
    |add_ln448_fu_857_p2      |     +    |      0|  0|  32|          32|           1|
    |add_ln451_fu_800_p2      |     +    |      0|  0|  32|          32|           1|
    |add_ln453_fu_811_p2      |     +    |      0|  0|  32|          32|           1|
    |i_fu_364_p2              |     +    |      0|  0|  10|          10|           1|
    |and_ln420_15_fu_469_p2   |    and   |      0|  0|   2|           1|           1|
    |and_ln420_16_fu_475_p2   |    and   |      0|  0|   2|           1|           1|
    |and_ln420_fu_463_p2      |    and   |      0|  0|   2|           1|           1|
    |ap_block_state2          |    and   |      0|  0|   2|           1|           1|
    |ap_block_state50         |    and   |      0|  0|   2|           1|           1|
    |ap_condition_551         |    and   |      0|  0|   2|           1|           1|
    |ap_condition_586         |    and   |      0|  0|   2|           1|           1|
    |icmp_ln411_fu_358_p2     |   icmp   |      0|  0|  13|          10|           9|
    |icmp_ln420_22_fu_417_p2  |   icmp   |      0|  0|  20|          32|           2|
    |icmp_ln420_23_fu_437_p2  |   icmp   |      0|  0|  20|          31|           1|
    |icmp_ln420_24_fu_457_p2  |   icmp   |      0|  0|  20|          31|           1|
    |icmp_ln420_fu_407_p2     |   icmp   |      0|  0|  20|          32|           2|
    |icmp_ln438_fu_795_p2     |   icmp   |      0|  0|  20|          32|           5|
    |icmp_ln442_fu_841_p2     |   icmp   |      0|  0|  20|          32|           5|
    |ap_block_state1          |    or    |      0|  0|   2|           1|           1|
    |select_ln448_fu_862_p3   |  select  |      0|  0|  32|           1|           2|
    |select_ln453_fu_816_p3   |  select  |      0|  0|  32|           1|           2|
    +-------------------------+----------+-------+---+----+------------+------------+
    |Total                    |          |      0|  0| 351|         348|          42|
    +-------------------------+----------+-------+---+----+------------+------------+

    * Multiplexer: 
    +-------------------------------------+-----+-----------+-----+-----------+
    |                 Name                | LUT | Input Size| Bits| Total Bits|
    +-------------------------------------+-----+-----------+-----+-----------+
    |ap_NS_fsm                            |  221|         51|    1|         51|
    |ap_done                              |    9|          2|    1|          2|
    |ap_phi_mux_storemerge_phi_fu_273_p4  |   15|          3|   32|         96|
    |data_V_V_blk_n                       |    9|          2|    1|          2|
    |i_0_reg_259                          |    9|          2|   10|         20|
    |pX_5                                 |    9|          2|   32|         64|
    |pY_5                                 |    9|          2|   32|         64|
    |real_start                           |    9|          2|    1|          2|
    |res_V_V_blk_n                        |    9|          2|    1|          2|
    |res_V_V_din                          |  149|         33|    8|        264|
    |sX_5                                 |    9|          2|   32|         64|
    +-------------------------------------+-----+-----------+-----+-----------+
    |Total                                |  457|        103|  151|        631|
    +-------------------------------------+-----+-----------+-----+-----------+

    * Register: 
    +-------------------------------------------------------------------------------------------+------+----+------+-----------+
    |                                            Name                                           |  FF  | LUT| Bits | Const Bits|
    +-------------------------------------------------------------------------------------------+------+----+------+-----------+
    |and_ln420_16_reg_1002                                                                      |     1|   0|     1|          0|
    |ap_CS_fsm                                                                                  |    50|   0|    50|          0|
    |ap_done_reg                                                                                |     1|   0|     1|          0|
    |call_ret_reg_965                                                                           |  1152|   0|  1152|          0|
    |grp_dense_large_ap_fixed_8_2_5_3_0_ap_fixed_8_2_4_0_0_config37_mult_s_fu_280_ap_start_reg  |     1|   0|     1|          0|
    |i_0_reg_259                                                                                |    10|   0|    10|          0|
    |i_reg_885                                                                                  |    10|   0|    10|          0|
    |icmp_ln420_22_reg_985                                                                      |     1|   0|     1|          0|
    |icmp_ln420_reg_975                                                                         |     1|   0|     1|          0|
    |layer_in_V_11                                                                              |  1152|   0|  1152|          0|
    |pX_5                                                                                       |    32|   0|    32|          0|
    |pX_5_load_reg_996                                                                          |    32|   0|    32|          0|
    |pY_5                                                                                       |    32|   0|    32|          0|
    |pY_5_load_reg_990                                                                          |    32|   0|    32|          0|
    |sX_5                                                                                       |    32|   0|    32|          0|
    |sX_5_load_reg_970                                                                          |    32|   0|    32|          0|
    |sY_5                                                                                       |    32|   0|    32|          0|
    |sY_5_load_reg_980                                                                          |    32|   0|    32|          0|
    |start_once_reg                                                                             |     1|   0|     1|          0|
    |tmp_V_1997_reg_895                                                                         |     8|   0|     8|          0|
    |tmp_V_1998_reg_900                                                                         |     8|   0|     8|          0|
    |tmp_V_1999_reg_905                                                                         |     8|   0|     8|          0|
    |tmp_V_2000_reg_910                                                                         |     8|   0|     8|          0|
    |tmp_V_2001_reg_915                                                                         |     8|   0|     8|          0|
    |tmp_V_2002_reg_920                                                                         |     8|   0|     8|          0|
    |tmp_V_2003_reg_925                                                                         |     8|   0|     8|          0|
    |tmp_V_2004_reg_930                                                                         |     8|   0|     8|          0|
    |tmp_V_2005_reg_935                                                                         |     8|   0|     8|          0|
    |tmp_V_2006_reg_940                                                                         |     8|   0|     8|          0|
    |tmp_V_2007_reg_945                                                                         |     8|   0|     8|          0|
    |tmp_V_2008_reg_950                                                                         |     8|   0|     8|          0|
    |tmp_V_2009_reg_955                                                                         |     8|   0|     8|          0|
    |tmp_V_2010_reg_960                                                                         |     8|   0|     8|          0|
    |tmp_V_2012_reg_1006                                                                        |     8|   0|     8|          0|
    |tmp_V_2013_reg_1011                                                                        |     8|   0|     8|          0|
    |tmp_V_2014_reg_1016                                                                        |     8|   0|     8|          0|
    |tmp_V_2015_reg_1021                                                                        |     8|   0|     8|          0|
    |tmp_V_2016_reg_1026                                                                        |     8|   0|     8|          0|
    |tmp_V_2017_reg_1031                                                                        |     8|   0|     8|          0|
    |tmp_V_2018_reg_1036                                                                        |     8|   0|     8|          0|
    |tmp_V_2019_reg_1041                                                                        |     8|   0|     8|          0|
    |tmp_V_2020_reg_1046                                                                        |     8|   0|     8|          0|
    |tmp_V_2021_reg_1051                                                                        |     8|   0|     8|          0|
    |tmp_V_2022_reg_1056                                                                        |     8|   0|     8|          0|
    |tmp_V_2023_reg_1061                                                                        |     8|   0|     8|          0|
    |tmp_V_2024_reg_1066                                                                        |     8|   0|     8|          0|
    |tmp_V_2025_reg_1071                                                                        |     8|   0|     8|          0|
    |tmp_V_2026_reg_1076                                                                        |     8|   0|     8|          0|
    |tmp_V_2027_reg_1081                                                                        |     8|   0|     8|          0|
    |tmp_V_2028_reg_1086                                                                        |     8|   0|     8|          0|
    |tmp_V_2029_reg_1091                                                                        |     8|   0|     8|          0|
    |tmp_V_2030_reg_1096                                                                        |     8|   0|     8|          0|
    |tmp_V_2031_reg_1101                                                                        |     8|   0|     8|          0|
    |tmp_V_2032_reg_1106                                                                        |     8|   0|     8|          0|
    |tmp_V_2033_reg_1111                                                                        |     8|   0|     8|          0|
    |tmp_V_2034_reg_1116                                                                        |     8|   0|     8|          0|
    |tmp_V_2035_reg_1121                                                                        |     8|   0|     8|          0|
    |tmp_V_2036_reg_1126                                                                        |     8|   0|     8|          0|
    |tmp_V_2037_reg_1131                                                                        |     8|   0|     8|          0|
    |tmp_V_2038_reg_1136                                                                        |     8|   0|     8|          0|
    |tmp_V_2039_reg_1141                                                                        |     8|   0|     8|          0|
    |tmp_V_2040_reg_1146                                                                        |     8|   0|     8|          0|
    |tmp_V_2041_reg_1151                                                                        |     8|   0|     8|          0|
    |tmp_V_2042_reg_1156                                                                        |     8|   0|     8|          0|
    |tmp_V_2043_reg_1161                                                                        |     8|   0|     8|          0|
    |tmp_V_reg_890                                                                              |     8|   0|     8|          0|
    +-------------------------------------------------------------------------------------------+------+----+------+-----------+
    |Total                                                                                      |  3012|   0|  3012|          0|
    +-------------------------------------------------------------------------------------------+------+----+------+-----------+



================================================================
== Interface
================================================================
* Summary: 
+------------------+-----+-----+------------+-----------------------------------------------------------------------+--------------+
|     RTL Ports    | Dir | Bits|  Protocol  |                             Source Object                             |    C Type    |
+------------------+-----+-----+------------+-----------------------------------------------------------------------+--------------+
|ap_clk            |  in |    1| ap_ctrl_hs | conv_2d_large_cl_nopad_pad_s2s<ap_fixed,ap_fixed<8,2,4,0,0>,config37> | return value |
|ap_rst            |  in |    1| ap_ctrl_hs | conv_2d_large_cl_nopad_pad_s2s<ap_fixed,ap_fixed<8,2,4,0,0>,config37> | return value |
|ap_start          |  in |    1| ap_ctrl_hs | conv_2d_large_cl_nopad_pad_s2s<ap_fixed,ap_fixed<8,2,4,0,0>,config37> | return value |
|start_full_n      |  in |    1| ap_ctrl_hs | conv_2d_large_cl_nopad_pad_s2s<ap_fixed,ap_fixed<8,2,4,0,0>,config37> | return value |
|ap_done           | out |    1| ap_ctrl_hs | conv_2d_large_cl_nopad_pad_s2s<ap_fixed,ap_fixed<8,2,4,0,0>,config37> | return value |
|ap_continue       |  in |    1| ap_ctrl_hs | conv_2d_large_cl_nopad_pad_s2s<ap_fixed,ap_fixed<8,2,4,0,0>,config37> | return value |
|ap_idle           | out |    1| ap_ctrl_hs | conv_2d_large_cl_nopad_pad_s2s<ap_fixed,ap_fixed<8,2,4,0,0>,config37> | return value |
|ap_ready          | out |    1| ap_ctrl_hs | conv_2d_large_cl_nopad_pad_s2s<ap_fixed,ap_fixed<8,2,4,0,0>,config37> | return value |
|start_out         | out |    1| ap_ctrl_hs | conv_2d_large_cl_nopad_pad_s2s<ap_fixed,ap_fixed<8,2,4,0,0>,config37> | return value |
|start_write       | out |    1| ap_ctrl_hs | conv_2d_large_cl_nopad_pad_s2s<ap_fixed,ap_fixed<8,2,4,0,0>,config37> | return value |
|data_V_V_dout     |  in |    8|   ap_fifo  |                                data_V_V                               |    pointer   |
|data_V_V_empty_n  |  in |    1|   ap_fifo  |                                data_V_V                               |    pointer   |
|data_V_V_read     | out |    1|   ap_fifo  |                                data_V_V                               |    pointer   |
|res_V_V_din       | out |    8|   ap_fifo  |                                res_V_V                                |    pointer   |
|res_V_V_full_n    |  in |    1|   ap_fifo  |                                res_V_V                                |    pointer   |
|res_V_V_write     | out |    1|   ap_fifo  |                                res_V_V                                |    pointer   |
+------------------+-----+-----+------------+-----------------------------------------------------------------------+--------------+

