

================================================================
== Vivado HLS Report for 'conv_2d_cl_switch_ap_fixed_8_2_5_3_0_ap_fixed_8_2_4_0_0_config66_s'
================================================================
* Date:           Sun Jan 22 21:14:32 2023

* Version:        2019.2 (Build 2704478 on Wed Nov 06 22:10:23 MST 2019)
* Project:        alveo_hls4ml
* Solution:       solution
* Product family: virtexuplus
* Target device:  xcu50-fsvh2104-2L-e


================================================================
== Performance Estimates
================================================================
+ Timing: 
    * Summary: 
    +--------+---------+----------+------------+
    |  Clock |  Target | Estimated| Uncertainty|
    +--------+---------+----------+------------+
    |ap_clk  | 4.00 ns | 2.864 ns |   0.90 ns  |
    +--------+---------+----------+------------+

+ Latency: 
    * Summary: 
    +---------+---------+-----------+----------+------+-------+---------+
    |  Latency (cycles) |  Latency (absolute)  |   Interval   | Pipeline|
    |   min   |   max   |    min    |    max   |  min |  max  |   Type  |
    +---------+---------+-----------+----------+------+-------+---------+
    |     9937|    61993| 39.748 us | 0.248 ms |  9937|  61993|   none  |
    +---------+---------+-----------+----------+------+-------+---------+

    + Detail: 
        * Instance: 
        +-------------------------------------------------------------------------------+-------------------------------------------------------------------+---------+---------+-----------+-----------+-----+-----+----------+
        |                                                                               |                                                                   |  Latency (cycles) |   Latency (absolute)  |  Interval | Pipeline |
        |                                    Instance                                   |                               Module                              |   min   |   max   |    min    |    max    | min | max |   Type   |
        +-------------------------------------------------------------------------------+-------------------------------------------------------------------+---------+---------+-----------+-----------+-----+-----+----------+
        |grp_dense_large_ap_fixed_8_2_5_3_0_ap_fixed_8_2_4_0_0_config66_mult_s_fu_1122  |dense_large_ap_fixed_8_2_5_3_0_ap_fixed_8_2_4_0_0_config66_mult_s  |      594|      594|  2.376 us |  2.376 us |  594|  594|   none   |
        |grp_cnnshift_arr_ap_fixed_8_2_5_3_0_ap_fixed_8_2_4_0_0_config66_s_fu_1130      |cnnshift_arr_ap_fixed_8_2_5_3_0_ap_fixed_8_2_4_0_0_config66_s      |        8|        8| 32.000 ns | 32.000 ns |    9|    9| function |
        +-------------------------------------------------------------------------------+-------------------------------------------------------------------+---------+---------+-----------+-----------+-----+-----+----------+

        * Loop: 
        +----------+---------+---------+-----------+-----------+-----------+------+----------+
        |          |  Latency (cycles) | Iteration |  Initiation Interval  | Trip |          |
        | Loop Name|   min   |   max   |  Latency  |  achieved |   target  | Count| Pipelined|
        +----------+---------+---------+-----------+-----------+-----------+------+----------+
        |- Loop 1  |     9936|    61992| 138 ~ 861 |          -|          -|    72|    no    |
        +----------+---------+---------+-----------+-----------+-----------+------+----------+



================================================================
== Utilization Estimates
================================================================
* Summary: 
+---------------------+---------+-------+---------+--------+-----+
|         Name        | BRAM_18K| DSP48E|    FF   |   LUT  | URAM|
+---------------------+---------+-------+---------+--------+-----+
|DSP                  |        -|      -|        -|       -|    -|
|Expression           |        -|      -|        0|     346|    -|
|FIFO                 |        -|      -|        -|       -|    -|
|Instance             |      114|      3|    90778|  153006|    -|
|Memory               |        0|      -|        0|       0|   15|
|Multiplexer          |        -|      -|        -|    1967|    -|
|Register             |        -|      -|     2593|       -|    -|
+---------------------+---------+-------+---------+--------+-----+
|Total                |      114|      3|    93371|  155319|   15|
+---------------------+---------+-------+---------+--------+-----+
|Available SLR        |     1344|   2976|   871680|  435840|  320|
+---------------------+---------+-------+---------+--------+-----+
|Utilization SLR (%)  |        8|   ~0  |       10|      35|    4|
+---------------------+---------+-------+---------+--------+-----+
|Available            |     2688|   5952|  1743360|  871680|  640|
+---------------------+---------+-------+---------+--------+-----+
|Utilization (%)      |        4|   ~0  |        5|      17|    2|
+---------------------+---------+-------+---------+--------+-----+

+ Detail: 
    * Instance: 
    +-------------------------------------------------------------------------------+-------------------------------------------------------------------+---------+-------+-------+--------+-----+
    |                                    Instance                                   |                               Module                              | BRAM_18K| DSP48E|   FF  |   LUT  | URAM|
    +-------------------------------------------------------------------------------+-------------------------------------------------------------------+---------+-------+-------+--------+-----+
    |grp_cnnshift_arr_ap_fixed_8_2_5_3_0_ap_fixed_8_2_4_0_0_config66_s_fu_1130      |cnnshift_arr_ap_fixed_8_2_5_3_0_ap_fixed_8_2_4_0_0_config66_s      |        0|      0|  25609|    8393|    0|
    |grp_dense_large_ap_fixed_8_2_5_3_0_ap_fixed_8_2_4_0_0_config66_mult_s_fu_1122  |dense_large_ap_fixed_8_2_5_3_0_ap_fixed_8_2_4_0_0_config66_mult_s  |      114|      3|  65169|  144613|    0|
    +-------------------------------------------------------------------------------+-------------------------------------------------------------------+---------+-------+-------+--------+-----+
    |Total                                                                          |                                                                   |      114|      3|  90778|  153006|    0|
    +-------------------------------------------------------------------------------+-------------------------------------------------------------------+---------+-------+-------+--------+-----+

    * DSP48E: 
    N/A

    * Memory: 
    +-----------------+----------------------------------------------------------------------------------+---------+---+----+-----+------+------+------+-------------+
    |      Memory     |                                      Module                                      | BRAM_18K| FF| LUT| URAM| Words| Bits | Banks| W*Bits*Banks|
    +-----------------+----------------------------------------------------------------------------------+---------+---+----+-----+------+------+------+-------------+
    |layer_in_V_14_U  |conv_2d_cl_switch_ap_fixed_8_2_5_3_0_ap_fixed_8_2_4_0_0_config66_s_layer_in_VmVc  |        0|  0|   0|   15|     9|  1024|     1|         9216|
    +-----------------+----------------------------------------------------------------------------------+---------+---+----+-----+------+------+------+-------------+
    |Total            |                                                                                  |        0|  0|   0|   15|     9|  1024|     1|         9216|
    +-----------------+----------------------------------------------------------------------------------+---------+---+----+-----+------+------+------+-------------+

    * FIFO: 
    N/A

    * Expression: 
    +-------------------------+----------+-------+---+----+------------+------------+
    |      Variable Name      | Operation| DSP48E| FF| LUT| Bitwidth P0| Bitwidth P1|
    +-------------------------+----------+-------+---+----+------------+------------+
    |add_ln448_fu_3197_p2     |     +    |      0|  0|  32|          32|           1|
    |add_ln450_fu_3208_p2     |     +    |      0|  0|  32|          32|           1|
    |add_ln453_fu_3151_p2     |     +    |      0|  0|  32|          32|           1|
    |add_ln455_fu_3162_p2     |     +    |      0|  0|  32|          32|           1|
    |i_fu_1655_p2             |     +    |      0|  0|   7|           7|           1|
    |and_ln422_5_fu_1860_p2   |    and   |      0|  0|   2|           1|           1|
    |and_ln422_6_fu_1866_p2   |    and   |      0|  0|   2|           1|           1|
    |and_ln422_fu_1854_p2     |    and   |      0|  0|   2|           1|           1|
    |ap_block_state2          |    and   |      0|  0|   2|           1|           1|
    |ap_block_state268        |    and   |      0|  0|   2|           1|           1|
    |ap_condition_2471        |    and   |      0|  0|   2|           1|           1|
    |ap_condition_2555        |    and   |      0|  0|   2|           1|           1|
    |icmp_ln413_fu_1649_p2    |   icmp   |      0|  0|  11|           7|           7|
    |icmp_ln422_7_fu_1808_p2  |   icmp   |      0|  0|  20|          32|           2|
    |icmp_ln422_8_fu_1828_p2  |   icmp   |      0|  0|  20|          31|           1|
    |icmp_ln422_9_fu_1848_p2  |   icmp   |      0|  0|  20|          31|           1|
    |icmp_ln422_fu_1798_p2    |   icmp   |      0|  0|  20|          32|           2|
    |icmp_ln440_fu_3146_p2    |   icmp   |      0|  0|  20|          32|           3|
    |icmp_ln444_fu_3192_p2    |   icmp   |      0|  0|  20|          32|           4|
    |ap_block_state1          |    or    |      0|  0|   2|           1|           1|
    |select_ln450_fu_3213_p3  |  select  |      0|  0|  32|           1|           2|
    |select_ln455_fu_3167_p3  |  select  |      0|  0|  32|           1|           2|
    +-------------------------+----------+-------+---+----+------------+------------+
    |Total                    |          |      0|  0| 346|         342|          37|
    +-------------------------+----------+-------+---+----+------------+------------+

    * Multiplexer: 
    +----------------------------------------+------+-----------+-----+-----------+
    |                  Name                  |  LUT | Input Size| Bits| Total Bits|
    +----------------------------------------+------+-----------+-----+-----------+
    |ap_NS_fsm                               |  1221|        269|    1|        269|
    |ap_done                                 |     9|          2|    1|          2|
    |ap_phi_mux_storemerge_i_phi_fu_1115_p4  |    15|          3|   32|         96|
    |data_V_V_blk_n                          |     9|          2|    1|          2|
    |i_0_i_reg_1101                          |     9|          2|    7|         14|
    |layer_in_V_14_address0                  |    15|          3|    4|         12|
    |layer_in_V_14_address1                  |    15|          3|    4|         12|
    |layer_in_V_14_ce0                       |    15|          3|    1|          3|
    |layer_in_V_14_ce1                       |    15|          3|    1|          3|
    |layer_in_V_14_we0                       |     9|          2|    1|          2|
    |layer_in_V_14_we1                       |     9|          2|    1|          2|
    |pX_8                                    |     9|          2|   32|         64|
    |pY_8                                    |     9|          2|   32|         64|
    |real_start                              |     9|          2|    1|          2|
    |res_V_V_blk_n                           |     9|          2|    1|          2|
    |res_V_V_din                             |   581|        129|    8|       1032|
    |sX_8                                    |     9|          2|   32|         64|
    +----------------------------------------+------+-----------+-----+-----------+
    |Total                                   |  1967|        433|  160|       1645|
    +----------------------------------------+------+-----------+-----+-----------+

    * Register: 
    +--------------------------------------------------------------------------------------------+-----+----+-----+-----------+
    |                                            Name                                            |  FF | LUT| Bits| Const Bits|
    +--------------------------------------------------------------------------------------------+-----+----+-----+-----------+
    |and_ln422_6_reg_3918                                                                        |    1|   0|    1|          0|
    |ap_CS_fsm                                                                                   |  268|   0|  268|          0|
    |ap_done_reg                                                                                 |    1|   0|    1|          0|
    |grp_cnnshift_arr_ap_fixed_8_2_5_3_0_ap_fixed_8_2_4_0_0_config66_s_fu_1130_ap_start_reg      |    1|   0|    1|          0|
    |grp_dense_large_ap_fixed_8_2_5_3_0_ap_fixed_8_2_4_0_0_config66_mult_s_fu_1122_ap_start_reg  |    1|   0|    1|          0|
    |i_0_i_reg_1101                                                                              |    7|   0|    7|          0|
    |i_reg_3236                                                                                  |    7|   0|    7|          0|
    |icmp_ln422_7_reg_3901                                                                       |    1|   0|    1|          0|
    |icmp_ln422_reg_3891                                                                         |    1|   0|    1|          0|
    |pX_8                                                                                        |   32|   0|   32|          0|
    |pX_8_load_reg_3912                                                                          |   32|   0|   32|          0|
    |pY_8                                                                                        |   32|   0|   32|          0|
    |pY_8_load_reg_3906                                                                          |   32|   0|   32|          0|
    |sX_8                                                                                        |   32|   0|   32|          0|
    |sX_8_load_reg_3886                                                                          |   32|   0|   32|          0|
    |sY_8                                                                                        |   32|   0|   32|          0|
    |sY_8_load_reg_3896                                                                          |   32|   0|   32|          0|
    |start_once_reg                                                                              |    1|   0|    1|          0|
    |tmp_V_1802_reg_3246                                                                         |    8|   0|    8|          0|
    |tmp_V_1803_reg_3251                                                                         |    8|   0|    8|          0|
    |tmp_V_1804_reg_3256                                                                         |    8|   0|    8|          0|
    |tmp_V_1805_reg_3261                                                                         |    8|   0|    8|          0|
    |tmp_V_1806_reg_3266                                                                         |    8|   0|    8|          0|
    |tmp_V_1807_reg_3271                                                                         |    8|   0|    8|          0|
    |tmp_V_1808_reg_3276                                                                         |    8|   0|    8|          0|
    |tmp_V_1809_reg_3281                                                                         |    8|   0|    8|          0|
    |tmp_V_1810_reg_3286                                                                         |    8|   0|    8|          0|
    |tmp_V_1811_reg_3291                                                                         |    8|   0|    8|          0|
    |tmp_V_1812_reg_3296                                                                         |    8|   0|    8|          0|
    |tmp_V_1813_reg_3301                                                                         |    8|   0|    8|          0|
    |tmp_V_1814_reg_3306                                                                         |    8|   0|    8|          0|
    |tmp_V_1815_reg_3311                                                                         |    8|   0|    8|          0|
    |tmp_V_1816_reg_3316                                                                         |    8|   0|    8|          0|
    |tmp_V_1817_reg_3321                                                                         |    8|   0|    8|          0|
    |tmp_V_1818_reg_3326                                                                         |    8|   0|    8|          0|
    |tmp_V_1819_reg_3331                                                                         |    8|   0|    8|          0|
    |tmp_V_1820_reg_3336                                                                         |    8|   0|    8|          0|
    |tmp_V_1821_reg_3341                                                                         |    8|   0|    8|          0|
    |tmp_V_1822_reg_3346                                                                         |    8|   0|    8|          0|
    |tmp_V_1823_reg_3351                                                                         |    8|   0|    8|          0|
    |tmp_V_1824_reg_3356                                                                         |    8|   0|    8|          0|
    |tmp_V_1825_reg_3361                                                                         |    8|   0|    8|          0|
    |tmp_V_1826_reg_3366                                                                         |    8|   0|    8|          0|
    |tmp_V_1827_reg_3371                                                                         |    8|   0|    8|          0|
    |tmp_V_1828_reg_3376                                                                         |    8|   0|    8|          0|
    |tmp_V_1829_reg_3381                                                                         |    8|   0|    8|          0|
    |tmp_V_1830_reg_3386                                                                         |    8|   0|    8|          0|
    |tmp_V_1831_reg_3391                                                                         |    8|   0|    8|          0|
    |tmp_V_1832_reg_3396                                                                         |    8|   0|    8|          0|
    |tmp_V_1833_reg_3401                                                                         |    8|   0|    8|          0|
    |tmp_V_1834_reg_3406                                                                         |    8|   0|    8|          0|
    |tmp_V_1835_reg_3411                                                                         |    8|   0|    8|          0|
    |tmp_V_1836_reg_3416                                                                         |    8|   0|    8|          0|
    |tmp_V_1837_reg_3421                                                                         |    8|   0|    8|          0|
    |tmp_V_1838_reg_3426                                                                         |    8|   0|    8|          0|
    |tmp_V_1839_reg_3431                                                                         |    8|   0|    8|          0|
    |tmp_V_1840_reg_3436                                                                         |    8|   0|    8|          0|
    |tmp_V_1841_reg_3441                                                                         |    8|   0|    8|          0|
    |tmp_V_1842_reg_3446                                                                         |    8|   0|    8|          0|
    |tmp_V_1843_reg_3451                                                                         |    8|   0|    8|          0|
    |tmp_V_1844_reg_3456                                                                         |    8|   0|    8|          0|
    |tmp_V_1845_reg_3461                                                                         |    8|   0|    8|          0|
    |tmp_V_1846_reg_3466                                                                         |    8|   0|    8|          0|
    |tmp_V_1847_reg_3471                                                                         |    8|   0|    8|          0|
    |tmp_V_1848_reg_3476                                                                         |    8|   0|    8|          0|
    |tmp_V_1849_reg_3481                                                                         |    8|   0|    8|          0|
    |tmp_V_1850_reg_3486                                                                         |    8|   0|    8|          0|
    |tmp_V_1851_reg_3491                                                                         |    8|   0|    8|          0|
    |tmp_V_1852_reg_3496                                                                         |    8|   0|    8|          0|
    |tmp_V_1853_reg_3501                                                                         |    8|   0|    8|          0|
    |tmp_V_1854_reg_3506                                                                         |    8|   0|    8|          0|
    |tmp_V_1855_reg_3511                                                                         |    8|   0|    8|          0|
    |tmp_V_1856_reg_3516                                                                         |    8|   0|    8|          0|
    |tmp_V_1857_reg_3521                                                                         |    8|   0|    8|          0|
    |tmp_V_1858_reg_3526                                                                         |    8|   0|    8|          0|
    |tmp_V_1859_reg_3531                                                                         |    8|   0|    8|          0|
    |tmp_V_1860_reg_3536                                                                         |    8|   0|    8|          0|
    |tmp_V_1861_reg_3541                                                                         |    8|   0|    8|          0|
    |tmp_V_1862_reg_3546                                                                         |    8|   0|    8|          0|
    |tmp_V_1863_reg_3551                                                                         |    8|   0|    8|          0|
    |tmp_V_1864_reg_3556                                                                         |    8|   0|    8|          0|
    |tmp_V_1865_reg_3561                                                                         |    8|   0|    8|          0|
    |tmp_V_1866_reg_3566                                                                         |    8|   0|    8|          0|
    |tmp_V_1867_reg_3571                                                                         |    8|   0|    8|          0|
    |tmp_V_1868_reg_3576                                                                         |    8|   0|    8|          0|
    |tmp_V_1869_reg_3581                                                                         |    8|   0|    8|          0|
    |tmp_V_1870_reg_3586                                                                         |    8|   0|    8|          0|
    |tmp_V_1871_reg_3591                                                                         |    8|   0|    8|          0|
    |tmp_V_1872_reg_3596                                                                         |    8|   0|    8|          0|
    |tmp_V_1873_reg_3601                                                                         |    8|   0|    8|          0|
    |tmp_V_1874_reg_3606                                                                         |    8|   0|    8|          0|
    |tmp_V_1875_reg_3611                                                                         |    8|   0|    8|          0|
    |tmp_V_1876_reg_3616                                                                         |    8|   0|    8|          0|
    |tmp_V_1877_reg_3621                                                                         |    8|   0|    8|          0|
    |tmp_V_1878_reg_3626                                                                         |    8|   0|    8|          0|
    |tmp_V_1879_reg_3631                                                                         |    8|   0|    8|          0|
    |tmp_V_1880_reg_3636                                                                         |    8|   0|    8|          0|
    |tmp_V_1881_reg_3641                                                                         |    8|   0|    8|          0|
    |tmp_V_1882_reg_3646                                                                         |    8|   0|    8|          0|
    |tmp_V_1883_reg_3651                                                                         |    8|   0|    8|          0|
    |tmp_V_1884_reg_3656                                                                         |    8|   0|    8|          0|
    |tmp_V_1885_reg_3661                                                                         |    8|   0|    8|          0|
    |tmp_V_1886_reg_3666                                                                         |    8|   0|    8|          0|
    |tmp_V_1887_reg_3671                                                                         |    8|   0|    8|          0|
    |tmp_V_1888_reg_3676                                                                         |    8|   0|    8|          0|
    |tmp_V_1889_reg_3681                                                                         |    8|   0|    8|          0|
    |tmp_V_1890_reg_3686                                                                         |    8|   0|    8|          0|
    |tmp_V_1891_reg_3691                                                                         |    8|   0|    8|          0|
    |tmp_V_1892_reg_3696                                                                         |    8|   0|    8|          0|
    |tmp_V_1893_reg_3701                                                                         |    8|   0|    8|          0|
    |tmp_V_1894_reg_3706                                                                         |    8|   0|    8|          0|
    |tmp_V_1895_reg_3711                                                                         |    8|   0|    8|          0|
    |tmp_V_1896_reg_3716                                                                         |    8|   0|    8|          0|
    |tmp_V_1897_reg_3721                                                                         |    8|   0|    8|          0|
    |tmp_V_1898_reg_3726                                                                         |    8|   0|    8|          0|
    |tmp_V_1899_reg_3731                                                                         |    8|   0|    8|          0|
    |tmp_V_1900_reg_3736                                                                         |    8|   0|    8|          0|
    |tmp_V_1901_reg_3741                                                                         |    8|   0|    8|          0|
    |tmp_V_1902_reg_3746                                                                         |    8|   0|    8|          0|
    |tmp_V_1903_reg_3751                                                                         |    8|   0|    8|          0|
    |tmp_V_1904_reg_3756                                                                         |    8|   0|    8|          0|
    |tmp_V_1905_reg_3761                                                                         |    8|   0|    8|          0|
    |tmp_V_1906_reg_3766                                                                         |    8|   0|    8|          0|
    |tmp_V_1907_reg_3771                                                                         |    8|   0|    8|          0|
    |tmp_V_1908_reg_3776                                                                         |    8|   0|    8|          0|
    |tmp_V_1909_reg_3781                                                                         |    8|   0|    8|          0|
    |tmp_V_1910_reg_3786                                                                         |    8|   0|    8|          0|
    |tmp_V_1911_reg_3791                                                                         |    8|   0|    8|          0|
    |tmp_V_1912_reg_3796                                                                         |    8|   0|    8|          0|
    |tmp_V_1913_reg_3801                                                                         |    8|   0|    8|          0|
    |tmp_V_1914_reg_3806                                                                         |    8|   0|    8|          0|
    |tmp_V_1915_reg_3811                                                                         |    8|   0|    8|          0|
    |tmp_V_1916_reg_3816                                                                         |    8|   0|    8|          0|
    |tmp_V_1917_reg_3821                                                                         |    8|   0|    8|          0|
    |tmp_V_1918_reg_3826                                                                         |    8|   0|    8|          0|
    |tmp_V_1919_reg_3831                                                                         |    8|   0|    8|          0|
    |tmp_V_1920_reg_3836                                                                         |    8|   0|    8|          0|
    |tmp_V_1921_reg_3841                                                                         |    8|   0|    8|          0|
    |tmp_V_1922_reg_3846                                                                         |    8|   0|    8|          0|
    |tmp_V_1923_reg_3851                                                                         |    8|   0|    8|          0|
    |tmp_V_1924_reg_3856                                                                         |    8|   0|    8|          0|
    |tmp_V_1925_reg_3861                                                                         |    8|   0|    8|          0|
    |tmp_V_1926_reg_3866                                                                         |    8|   0|    8|          0|
    |tmp_V_1927_reg_3871                                                                         |    8|   0|    8|          0|
    |tmp_V_1928_reg_3876                                                                         |    8|   0|    8|          0|
    |tmp_V_1929_reg_3922                                                                         |    8|   0|    8|          0|
    |tmp_V_1930_reg_3927                                                                         |    8|   0|    8|          0|
    |tmp_V_1931_reg_3932                                                                         |    8|   0|    8|          0|
    |tmp_V_1932_reg_3937                                                                         |    8|   0|    8|          0|
    |tmp_V_1933_reg_3942                                                                         |    8|   0|    8|          0|
    |tmp_V_1934_reg_3947                                                                         |    8|   0|    8|          0|
    |tmp_V_1935_reg_3952                                                                         |    8|   0|    8|          0|
    |tmp_V_1936_reg_3957                                                                         |    8|   0|    8|          0|
    |tmp_V_1937_reg_3962                                                                         |    8|   0|    8|          0|
    |tmp_V_1938_reg_3967                                                                         |    8|   0|    8|          0|
    |tmp_V_1939_reg_3972                                                                         |    8|   0|    8|          0|
    |tmp_V_1940_reg_3977                                                                         |    8|   0|    8|          0|
    |tmp_V_1941_reg_3982                                                                         |    8|   0|    8|          0|
    |tmp_V_1942_reg_3987                                                                         |    8|   0|    8|          0|
    |tmp_V_1943_reg_3992                                                                         |    8|   0|    8|          0|
    |tmp_V_1944_reg_3997                                                                         |    8|   0|    8|          0|
    |tmp_V_1945_reg_4002                                                                         |    8|   0|    8|          0|
    |tmp_V_1946_reg_4007                                                                         |    8|   0|    8|          0|
    |tmp_V_1947_reg_4012                                                                         |    8|   0|    8|          0|
    |tmp_V_1948_reg_4017                                                                         |    8|   0|    8|          0|
    |tmp_V_1949_reg_4022                                                                         |    8|   0|    8|          0|
    |tmp_V_1950_reg_4027                                                                         |    8|   0|    8|          0|
    |tmp_V_1951_reg_4032                                                                         |    8|   0|    8|          0|
    |tmp_V_1952_reg_4037                                                                         |    8|   0|    8|          0|
    |tmp_V_1953_reg_4042                                                                         |    8|   0|    8|          0|
    |tmp_V_1954_reg_4047                                                                         |    8|   0|    8|          0|
    |tmp_V_1955_reg_4052                                                                         |    8|   0|    8|          0|
    |tmp_V_1956_reg_4057                                                                         |    8|   0|    8|          0|
    |tmp_V_1957_reg_4062                                                                         |    8|   0|    8|          0|
    |tmp_V_1958_reg_4067                                                                         |    8|   0|    8|          0|
    |tmp_V_1959_reg_4072                                                                         |    8|   0|    8|          0|
    |tmp_V_1960_reg_4077                                                                         |    8|   0|    8|          0|
    |tmp_V_1961_reg_4082                                                                         |    8|   0|    8|          0|
    |tmp_V_1962_reg_4087                                                                         |    8|   0|    8|          0|
    |tmp_V_1963_reg_4092                                                                         |    8|   0|    8|          0|
    |tmp_V_1964_reg_4097                                                                         |    8|   0|    8|          0|
    |tmp_V_1965_reg_4102                                                                         |    8|   0|    8|          0|
    |tmp_V_1966_reg_4107                                                                         |    8|   0|    8|          0|
    |tmp_V_1967_reg_4112                                                                         |    8|   0|    8|          0|
    |tmp_V_1968_reg_4117                                                                         |    8|   0|    8|          0|
    |tmp_V_1969_reg_4122                                                                         |    8|   0|    8|          0|
    |tmp_V_1970_reg_4127                                                                         |    8|   0|    8|          0|
    |tmp_V_1971_reg_4132                                                                         |    8|   0|    8|          0|
    |tmp_V_1972_reg_4137                                                                         |    8|   0|    8|          0|
    |tmp_V_1973_reg_4142                                                                         |    8|   0|    8|          0|
    |tmp_V_1974_reg_4147                                                                         |    8|   0|    8|          0|
    |tmp_V_1975_reg_4152                                                                         |    8|   0|    8|          0|
    |tmp_V_1976_reg_4157                                                                         |    8|   0|    8|          0|
    |tmp_V_1977_reg_4162                                                                         |    8|   0|    8|          0|
    |tmp_V_1978_reg_4167                                                                         |    8|   0|    8|          0|
    |tmp_V_1979_reg_4172                                                                         |    8|   0|    8|          0|
    |tmp_V_1980_reg_4177                                                                         |    8|   0|    8|          0|
    |tmp_V_1981_reg_4182                                                                         |    8|   0|    8|          0|
    |tmp_V_1982_reg_4187                                                                         |    8|   0|    8|          0|
    |tmp_V_1983_reg_4192                                                                         |    8|   0|    8|          0|
    |tmp_V_1984_reg_4197                                                                         |    8|   0|    8|          0|
    |tmp_V_1985_reg_4202                                                                         |    8|   0|    8|          0|
    |tmp_V_1986_reg_4207                                                                         |    8|   0|    8|          0|
    |tmp_V_1987_reg_4212                                                                         |    8|   0|    8|          0|
    |tmp_V_1988_reg_4217                                                                         |    8|   0|    8|          0|
    |tmp_V_1989_reg_4222                                                                         |    8|   0|    8|          0|
    |tmp_V_1990_reg_4227                                                                         |    8|   0|    8|          0|
    |tmp_V_1991_reg_4232                                                                         |    8|   0|    8|          0|
    |tmp_V_1992_reg_4237                                                                         |    8|   0|    8|          0|
    |tmp_V_1993_reg_4242                                                                         |    8|   0|    8|          0|
    |tmp_V_1994_reg_4247                                                                         |    8|   0|    8|          0|
    |tmp_V_1995_reg_4252                                                                         |    8|   0|    8|          0|
    |tmp_V_1996_reg_4257                                                                         |    8|   0|    8|          0|
    |tmp_V_1997_reg_4262                                                                         |    8|   0|    8|          0|
    |tmp_V_1998_reg_4267                                                                         |    8|   0|    8|          0|
    |tmp_V_1999_reg_4272                                                                         |    8|   0|    8|          0|
    |tmp_V_2000_reg_4277                                                                         |    8|   0|    8|          0|
    |tmp_V_2001_reg_4282                                                                         |    8|   0|    8|          0|
    |tmp_V_2002_reg_4287                                                                         |    8|   0|    8|          0|
    |tmp_V_2003_reg_4292                                                                         |    8|   0|    8|          0|
    |tmp_V_2004_reg_4297                                                                         |    8|   0|    8|          0|
    |tmp_V_2005_reg_4302                                                                         |    8|   0|    8|          0|
    |tmp_V_2006_reg_4307                                                                         |    8|   0|    8|          0|
    |tmp_V_2007_reg_4312                                                                         |    8|   0|    8|          0|
    |tmp_V_2008_reg_4317                                                                         |    8|   0|    8|          0|
    |tmp_V_2009_reg_4322                                                                         |    8|   0|    8|          0|
    |tmp_V_2010_reg_4327                                                                         |    8|   0|    8|          0|
    |tmp_V_2011_reg_4332                                                                         |    8|   0|    8|          0|
    |tmp_V_2012_reg_4337                                                                         |    8|   0|    8|          0|
    |tmp_V_2013_reg_4342                                                                         |    8|   0|    8|          0|
    |tmp_V_2014_reg_4347                                                                         |    8|   0|    8|          0|
    |tmp_V_2015_reg_4352                                                                         |    8|   0|    8|          0|
    |tmp_V_2016_reg_4357                                                                         |    8|   0|    8|          0|
    |tmp_V_2017_reg_4362                                                                         |    8|   0|    8|          0|
    |tmp_V_2018_reg_4367                                                                         |    8|   0|    8|          0|
    |tmp_V_2019_reg_4372                                                                         |    8|   0|    8|          0|
    |tmp_V_2020_reg_4377                                                                         |    8|   0|    8|          0|
    |tmp_V_2021_reg_4382                                                                         |    8|   0|    8|          0|
    |tmp_V_2022_reg_4387                                                                         |    8|   0|    8|          0|
    |tmp_V_2023_reg_4392                                                                         |    8|   0|    8|          0|
    |tmp_V_2024_reg_4397                                                                         |    8|   0|    8|          0|
    |tmp_V_2025_reg_4402                                                                         |    8|   0|    8|          0|
    |tmp_V_2026_reg_4407                                                                         |    8|   0|    8|          0|
    |tmp_V_2027_reg_4412                                                                         |    8|   0|    8|          0|
    |tmp_V_2028_reg_4417                                                                         |    8|   0|    8|          0|
    |tmp_V_2029_reg_4422                                                                         |    8|   0|    8|          0|
    |tmp_V_2030_reg_4427                                                                         |    8|   0|    8|          0|
    |tmp_V_2031_reg_4432                                                                         |    8|   0|    8|          0|
    |tmp_V_2032_reg_4437                                                                         |    8|   0|    8|          0|
    |tmp_V_2033_reg_4442                                                                         |    8|   0|    8|          0|
    |tmp_V_2034_reg_4447                                                                         |    8|   0|    8|          0|
    |tmp_V_2035_reg_4452                                                                         |    8|   0|    8|          0|
    |tmp_V_2036_reg_4457                                                                         |    8|   0|    8|          0|
    |tmp_V_2037_reg_4462                                                                         |    8|   0|    8|          0|
    |tmp_V_2038_reg_4467                                                                         |    8|   0|    8|          0|
    |tmp_V_2039_reg_4472                                                                         |    8|   0|    8|          0|
    |tmp_V_2040_reg_4477                                                                         |    8|   0|    8|          0|
    |tmp_V_2041_reg_4482                                                                         |    8|   0|    8|          0|
    |tmp_V_2042_reg_4487                                                                         |    8|   0|    8|          0|
    |tmp_V_2043_reg_4492                                                                         |    8|   0|    8|          0|
    |tmp_V_2044_reg_4497                                                                         |    8|   0|    8|          0|
    |tmp_V_2045_reg_4502                                                                         |    8|   0|    8|          0|
    |tmp_V_2046_reg_4507                                                                         |    8|   0|    8|          0|
    |tmp_V_2047_reg_4512                                                                         |    8|   0|    8|          0|
    |tmp_V_2048_reg_4517                                                                         |    8|   0|    8|          0|
    |tmp_V_2049_reg_4522                                                                         |    8|   0|    8|          0|
    |tmp_V_2050_reg_4527                                                                         |    8|   0|    8|          0|
    |tmp_V_2051_reg_4532                                                                         |    8|   0|    8|          0|
    |tmp_V_2052_reg_4537                                                                         |    8|   0|    8|          0|
    |tmp_V_2053_reg_4542                                                                         |    8|   0|    8|          0|
    |tmp_V_2054_reg_4547                                                                         |    8|   0|    8|          0|
    |tmp_V_2055_reg_4552                                                                         |    8|   0|    8|          0|
    |tmp_V_2056_reg_4557                                                                         |    8|   0|    8|          0|
    |tmp_V_reg_3241                                                                              |    8|   0|    8|          0|
    +--------------------------------------------------------------------------------------------+-----+----+-----+-----------+
    |Total                                                                                       | 2593|   0| 2593|          0|
    +--------------------------------------------------------------------------------------------+-----+----+-----+-----------+



================================================================
== Interface
================================================================
* Summary: 
+------------------+-----+-----+------------+-------------------------------------------------------------------------------+--------------+
|     RTL Ports    | Dir | Bits|  Protocol  |                                 Source Object                                 |    C Type    |
+------------------+-----+-----+------------+-------------------------------------------------------------------------------+--------------+
|ap_clk            |  in |    1| ap_ctrl_hs | conv_2d_cl_switch<ap_fixed<8, 2, 5, 3, 0>, ap_fixed<8, 2, 4, 0, 0>, config66> | return value |
|ap_rst            |  in |    1| ap_ctrl_hs | conv_2d_cl_switch<ap_fixed<8, 2, 5, 3, 0>, ap_fixed<8, 2, 4, 0, 0>, config66> | return value |
|ap_start          |  in |    1| ap_ctrl_hs | conv_2d_cl_switch<ap_fixed<8, 2, 5, 3, 0>, ap_fixed<8, 2, 4, 0, 0>, config66> | return value |
|start_full_n      |  in |    1| ap_ctrl_hs | conv_2d_cl_switch<ap_fixed<8, 2, 5, 3, 0>, ap_fixed<8, 2, 4, 0, 0>, config66> | return value |
|ap_done           | out |    1| ap_ctrl_hs | conv_2d_cl_switch<ap_fixed<8, 2, 5, 3, 0>, ap_fixed<8, 2, 4, 0, 0>, config66> | return value |
|ap_continue       |  in |    1| ap_ctrl_hs | conv_2d_cl_switch<ap_fixed<8, 2, 5, 3, 0>, ap_fixed<8, 2, 4, 0, 0>, config66> | return value |
|ap_idle           | out |    1| ap_ctrl_hs | conv_2d_cl_switch<ap_fixed<8, 2, 5, 3, 0>, ap_fixed<8, 2, 4, 0, 0>, config66> | return value |
|ap_ready          | out |    1| ap_ctrl_hs | conv_2d_cl_switch<ap_fixed<8, 2, 5, 3, 0>, ap_fixed<8, 2, 4, 0, 0>, config66> | return value |
|start_out         | out |    1| ap_ctrl_hs | conv_2d_cl_switch<ap_fixed<8, 2, 5, 3, 0>, ap_fixed<8, 2, 4, 0, 0>, config66> | return value |
|start_write       | out |    1| ap_ctrl_hs | conv_2d_cl_switch<ap_fixed<8, 2, 5, 3, 0>, ap_fixed<8, 2, 4, 0, 0>, config66> | return value |
|data_V_V_dout     |  in |    8|   ap_fifo  |                                    data_V_V                                   |    pointer   |
|data_V_V_empty_n  |  in |    1|   ap_fifo  |                                    data_V_V                                   |    pointer   |
|data_V_V_read     | out |    1|   ap_fifo  |                                    data_V_V                                   |    pointer   |
|res_V_V_din       | out |    8|   ap_fifo  |                                    res_V_V                                    |    pointer   |
|res_V_V_full_n    |  in |    1|   ap_fifo  |                                    res_V_V                                    |    pointer   |
|res_V_V_write     | out |    1|   ap_fifo  |                                    res_V_V                                    |    pointer   |
+------------------+-----+-----+------------+-------------------------------------------------------------------------------+--------------+

