

================================================================
== Vivado HLS Report for 'conv_2d_cl_switch_ap_fixed_8_2_5_3_0_ap_fixed_8_2_4_0_0_config44_s'
================================================================
* Date:           Sun Jan 22 20:40:07 2023

* Version:        2019.2 (Build 2704478 on Wed Nov 06 22:10:23 MST 2019)
* Project:        alveo_hls4ml
* Solution:       solution
* Product family: virtexuplus
* Target device:  xcu50-fsvh2104-2L-e


================================================================
== Performance Estimates
================================================================
+ Timing: 
    * Summary: 
    +--------+---------+----------+------------+
    |  Clock |  Target | Estimated| Uncertainty|
    +--------+---------+----------+------------+
    |ap_clk  | 4.00 ns | 2.958 ns |   0.90 ns  |
    +--------+---------+----------+------------+

+ Latency: 
    * Summary: 
    +---------+---------+-----------+----------+------+-------+---------+
    |  Latency (cycles) |  Latency (absolute)  |   Interval   | Pipeline|
    |   min   |   max   |    min    |    max   |  min |  max  |   Type  |
    +---------+---------+-----------+----------+------+-------+---------+
    |     2611|    26971| 10.444 us | 0.108 ms |  2611|  26971|   none  |
    +---------+---------+-----------+----------+------+-------+---------+

    + Detail: 
        * Instance: 
        +-------------------------------------------------------------------------------+-------------------------------------------------------------------+---------+---------+----------+----------+-----+-----+----------+
        |                                                                               |                                                                   |  Latency (cycles) |  Latency (absolute) |  Interval | Pipeline |
        |                                    Instance                                   |                               Module                              |   min   |   max   |    min   |    max   | min | max |   Type   |
        +-------------------------------------------------------------------------------+-------------------------------------------------------------------+---------+---------+----------+----------+-----+-----+----------+
        |grp_dense_large_ap_fixed_8_2_5_3_0_ap_fixed_8_2_4_0_0_config44_mult_s_fu_871   |dense_large_ap_fixed_8_2_5_3_0_ap_fixed_8_2_4_0_0_config44_mult_s  |       27|       27| 0.108 us | 0.108 us |   27|   27|   none   |
        |call_ret_cnnshift_arr_ap_fixed_8_2_5_3_0_ap_fixed_8_2_4_0_0_config44_s_fu_878  |cnnshift_arr_ap_fixed_8_2_5_3_0_ap_fixed_8_2_4_0_0_config44_s      |        0|        0|   0 ns   |   0 ns   |    1|    1| function |
        +-------------------------------------------------------------------------------+-------------------------------------------------------------------+---------+---------+----------+----------+-----+-----+----------+

        * Loop: 
        +----------+---------+---------+----------+-----------+-----------+------+----------+
        |          |  Latency (cycles) | Iteration|  Initiation Interval  | Trip |          |
        | Loop Name|   min   |   max   |  Latency |  achieved |   target  | Count| Pipelined|
        +----------+---------+---------+----------+-----------+-----------+------+----------+
        |- Loop 1  |     2610|    26970|  3 ~ 31  |          -|          -|   870|    no    |
        +----------+---------+---------+----------+-----------+-----------+------+----------+



================================================================
== Utilization Estimates
================================================================
* Summary: 
+---------------------+---------+-------+---------+--------+-----+
|         Name        | BRAM_18K| DSP48E|    FF   |   LUT  | URAM|
+---------------------+---------+-------+---------+--------+-----+
|DSP                  |        -|      -|        -|       -|    -|
|Expression           |        -|      -|        0|     351|    -|
|FIFO                 |        -|      -|        -|       -|    -|
|Instance             |       86|      0|    32038|  139023|    -|
|Memory               |        -|      -|        -|       -|    -|
|Multiplexer          |        -|      -|        -|     678|    -|
|Register             |        -|      -|     5151|       -|    -|
+---------------------+---------+-------+---------+--------+-----+
|Total                |       86|      0|    37189|  140052|    0|
+---------------------+---------+-------+---------+--------+-----+
|Available SLR        |     1344|   2976|   871680|  435840|  320|
+---------------------+---------+-------+---------+--------+-----+
|Utilization SLR (%)  |        6|      0|        4|      32|    0|
+---------------------+---------+-------+---------+--------+-----+
|Available            |     2688|   5952|  1743360|  871680|  640|
+---------------------+---------+-------+---------+--------+-----+
|Utilization (%)      |        3|      0|        2|      16|    0|
+---------------------+---------+-------+---------+--------+-----+

+ Detail: 
    * Instance: 
    +-------------------------------------------------------------------------------+-------------------------------------------------------------------+---------+-------+-------+--------+-----+
    |                                    Instance                                   |                               Module                              | BRAM_18K| DSP48E|   FF  |   LUT  | URAM|
    +-------------------------------------------------------------------------------+-------------------------------------------------------------------+---------+-------+-------+--------+-----+
    |call_ret_cnnshift_arr_ap_fixed_8_2_5_3_0_ap_fixed_8_2_4_0_0_config44_s_fu_878  |cnnshift_arr_ap_fixed_8_2_5_3_0_ap_fixed_8_2_4_0_0_config44_s      |        0|      0|   4097|    2048|    0|
    |grp_dense_large_ap_fixed_8_2_5_3_0_ap_fixed_8_2_4_0_0_config44_mult_s_fu_871   |dense_large_ap_fixed_8_2_5_3_0_ap_fixed_8_2_4_0_0_config44_mult_s  |       86|      0|  27941|  136975|    0|
    +-------------------------------------------------------------------------------+-------------------------------------------------------------------+---------+-------+-------+--------+-----+
    |Total                                                                          |                                                                   |       86|      0|  32038|  139023|    0|
    +-------------------------------------------------------------------------------+-------------------------------------------------------------------+---------+-------+-------+--------+-----+

    * DSP48E: 
    N/A

    * Memory: 
    N/A

    * FIFO: 
    N/A

    * Expression: 
    +-------------------------+----------+-------+---+----+------------+------------+
    |      Variable Name      | Operation| DSP48E| FF| LUT| Bitwidth P0| Bitwidth P1|
    +-------------------------+----------+-------+---+----+------------+------------+
    |add_ln630_fu_1548_p2     |     +    |      0|  0|  32|          32|           1|
    |add_ln632_fu_1559_p2     |     +    |      0|  0|  32|          32|           1|
    |add_ln635_fu_1502_p2     |     +    |      0|  0|  32|          32|           1|
    |add_ln637_fu_1513_p2     |     +    |      0|  0|  32|          32|           1|
    |i_fu_1019_p2             |     +    |      0|  0|  10|          10|           1|
    |and_ln603_1_fu_1171_p2   |    and   |      0|  0|   2|           1|           1|
    |and_ln603_2_fu_1177_p2   |    and   |      0|  0|   2|           1|           1|
    |and_ln603_fu_1165_p2     |    and   |      0|  0|   2|           1|           1|
    |ap_condition_662         |    and   |      0|  0|   2|           1|           1|
    |ap_condition_700         |    and   |      0|  0|   2|           1|           1|
    |icmp_ln594_fu_1013_p2    |   icmp   |      0|  0|  13|          10|           9|
    |icmp_ln603_1_fu_1119_p2  |   icmp   |      0|  0|  20|          32|           2|
    |icmp_ln603_2_fu_1139_p2  |   icmp   |      0|  0|  20|          31|           1|
    |icmp_ln603_3_fu_1159_p2  |   icmp   |      0|  0|  20|          31|           1|
    |icmp_ln603_fu_1109_p2    |   icmp   |      0|  0|  20|          32|           2|
    |icmp_ln622_fu_1497_p2    |   icmp   |      0|  0|  20|          32|           5|
    |icmp_ln626_fu_1543_p2    |   icmp   |      0|  0|  20|          32|           5|
    |ap_block_state1          |    or    |      0|  0|   2|           1|           1|
    |ap_block_state3          |    or    |      0|  0|   2|           1|           1|
    |ap_block_state5          |    or    |      0|  0|   2|           1|           1|
    |select_ln632_fu_1564_p3  |  select  |      0|  0|  32|           1|           2|
    |select_ln637_fu_1518_p3  |  select  |      0|  0|  32|           1|           2|
    +-------------------------+----------+-------+---+----+------------+------------+
    |Total                    |          |      0|  0| 351|         348|          42|
    +-------------------------+----------+-------+---+----+------------+------------+

    * Multiplexer: 
    +---------------------------------------+----+-----------+-----+-----------+
    |                  Name                 | LUT| Input Size| Bits| Total Bits|
    +---------------------------------------+----+-----------+-----+-----------+
    |ap_NS_fsm                              |  33|          6|    1|          6|
    |ap_done                                |   9|          2|    1|          2|
    |ap_phi_mux_storemerge_i_phi_fu_864_p4  |  15|          3|   32|         96|
    |data_0_V_V_blk_n                       |   9|          2|    1|          2|
    |data_10_V_V_blk_n                      |   9|          2|    1|          2|
    |data_11_V_V_blk_n                      |   9|          2|    1|          2|
    |data_12_V_V_blk_n                      |   9|          2|    1|          2|
    |data_13_V_V_blk_n                      |   9|          2|    1|          2|
    |data_14_V_V_blk_n                      |   9|          2|    1|          2|
    |data_15_V_V_blk_n                      |   9|          2|    1|          2|
    |data_16_V_V_blk_n                      |   9|          2|    1|          2|
    |data_17_V_V_blk_n                      |   9|          2|    1|          2|
    |data_18_V_V_blk_n                      |   9|          2|    1|          2|
    |data_19_V_V_blk_n                      |   9|          2|    1|          2|
    |data_1_V_V_blk_n                       |   9|          2|    1|          2|
    |data_20_V_V_blk_n                      |   9|          2|    1|          2|
    |data_21_V_V_blk_n                      |   9|          2|    1|          2|
    |data_22_V_V_blk_n                      |   9|          2|    1|          2|
    |data_23_V_V_blk_n                      |   9|          2|    1|          2|
    |data_24_V_V_blk_n                      |   9|          2|    1|          2|
    |data_25_V_V_blk_n                      |   9|          2|    1|          2|
    |data_26_V_V_blk_n                      |   9|          2|    1|          2|
    |data_27_V_V_blk_n                      |   9|          2|    1|          2|
    |data_28_V_V_blk_n                      |   9|          2|    1|          2|
    |data_29_V_V_blk_n                      |   9|          2|    1|          2|
    |data_2_V_V_blk_n                       |   9|          2|    1|          2|
    |data_30_V_V_blk_n                      |   9|          2|    1|          2|
    |data_31_V_V_blk_n                      |   9|          2|    1|          2|
    |data_3_V_V_blk_n                       |   9|          2|    1|          2|
    |data_4_V_V_blk_n                       |   9|          2|    1|          2|
    |data_5_V_V_blk_n                       |   9|          2|    1|          2|
    |data_6_V_V_blk_n                       |   9|          2|    1|          2|
    |data_7_V_V_blk_n                       |   9|          2|    1|          2|
    |data_8_V_V_blk_n                       |   9|          2|    1|          2|
    |data_9_V_V_blk_n                       |   9|          2|    1|          2|
    |i_0_i_reg_850                          |   9|          2|   10|         20|
    |pX_4                                   |   9|          2|   32|         64|
    |pY_4                                   |   9|          2|   32|         64|
    |real_start                             |   9|          2|    1|          2|
    |res_0_V_V_blk_n                        |   9|          2|    1|          2|
    |res_10_V_V_blk_n                       |   9|          2|    1|          2|
    |res_11_V_V_blk_n                       |   9|          2|    1|          2|
    |res_12_V_V_blk_n                       |   9|          2|    1|          2|
    |res_13_V_V_blk_n                       |   9|          2|    1|          2|
    |res_14_V_V_blk_n                       |   9|          2|    1|          2|
    |res_15_V_V_blk_n                       |   9|          2|    1|          2|
    |res_16_V_V_blk_n                       |   9|          2|    1|          2|
    |res_17_V_V_blk_n                       |   9|          2|    1|          2|
    |res_18_V_V_blk_n                       |   9|          2|    1|          2|
    |res_19_V_V_blk_n                       |   9|          2|    1|          2|
    |res_1_V_V_blk_n                        |   9|          2|    1|          2|
    |res_20_V_V_blk_n                       |   9|          2|    1|          2|
    |res_21_V_V_blk_n                       |   9|          2|    1|          2|
    |res_22_V_V_blk_n                       |   9|          2|    1|          2|
    |res_23_V_V_blk_n                       |   9|          2|    1|          2|
    |res_24_V_V_blk_n                       |   9|          2|    1|          2|
    |res_25_V_V_blk_n                       |   9|          2|    1|          2|
    |res_26_V_V_blk_n                       |   9|          2|    1|          2|
    |res_27_V_V_blk_n                       |   9|          2|    1|          2|
    |res_28_V_V_blk_n                       |   9|          2|    1|          2|
    |res_29_V_V_blk_n                       |   9|          2|    1|          2|
    |res_2_V_V_blk_n                        |   9|          2|    1|          2|
    |res_30_V_V_blk_n                       |   9|          2|    1|          2|
    |res_31_V_V_blk_n                       |   9|          2|    1|          2|
    |res_3_V_V_blk_n                        |   9|          2|    1|          2|
    |res_4_V_V_blk_n                        |   9|          2|    1|          2|
    |res_5_V_V_blk_n                        |   9|          2|    1|          2|
    |res_6_V_V_blk_n                        |   9|          2|    1|          2|
    |res_7_V_V_blk_n                        |   9|          2|    1|          2|
    |res_8_V_V_blk_n                        |   9|          2|    1|          2|
    |res_9_V_V_blk_n                        |   9|          2|    1|          2|
    |sX_4                                   |   9|          2|   32|         64|
    +---------------------------------------+----+-----------+-----+-----------+
    |Total                                  | 678|        149|  205|        446|
    +---------------------------------------+----+-----------+-----+-----------+

    * Register: 
    +-------------------------------------------------------------------------------------------+------+----+------+-----------+
    |                                            Name                                           |  FF  | LUT| Bits | Const Bits|
    +-------------------------------------------------------------------------------------------+------+----+------+-----------+
    |and_ln603_2_reg_1629                                                                       |     1|   0|     1|          0|
    |ap_CS_fsm                                                                                  |     5|   0|     5|          0|
    |ap_done_reg                                                                                |     1|   0|     1|          0|
    |call_ret_reg_1592                                                                          |  2304|   0|  2304|          0|
    |grp_dense_large_ap_fixed_8_2_5_3_0_ap_fixed_8_2_4_0_0_config44_mult_s_fu_871_ap_start_reg  |     1|   0|     1|          0|
    |i_0_i_reg_850                                                                              |    10|   0|    10|          0|
    |i_reg_1587                                                                                 |    10|   0|    10|          0|
    |icmp_ln603_1_reg_1612                                                                      |     1|   0|     1|          0|
    |icmp_ln603_reg_1602                                                                        |     1|   0|     1|          0|
    |layer_in_V_10                                                                              |  2304|   0|  2304|          0|
    |pX_4                                                                                       |    32|   0|    32|          0|
    |pX_4_load_reg_1623                                                                         |    32|   0|    32|          0|
    |pY_4                                                                                       |    32|   0|    32|          0|
    |pY_4_load_reg_1617                                                                         |    32|   0|    32|          0|
    |sX_4                                                                                       |    32|   0|    32|          0|
    |sX_4_load_reg_1597                                                                         |    32|   0|    32|          0|
    |sY_4                                                                                       |    32|   0|    32|          0|
    |sY_4_load_reg_1607                                                                         |    32|   0|    32|          0|
    |start_once_reg                                                                             |     1|   0|     1|          0|
    |tmp_V_2501_reg_1633                                                                        |     8|   0|     8|          0|
    |tmp_V_2502_reg_1638                                                                        |     8|   0|     8|          0|
    |tmp_V_2503_reg_1643                                                                        |     8|   0|     8|          0|
    |tmp_V_2504_reg_1648                                                                        |     8|   0|     8|          0|
    |tmp_V_2505_reg_1653                                                                        |     8|   0|     8|          0|
    |tmp_V_2506_reg_1658                                                                        |     8|   0|     8|          0|
    |tmp_V_2507_reg_1663                                                                        |     8|   0|     8|          0|
    |tmp_V_2508_reg_1668                                                                        |     8|   0|     8|          0|
    |tmp_V_2509_reg_1673                                                                        |     8|   0|     8|          0|
    |tmp_V_2510_reg_1678                                                                        |     8|   0|     8|          0|
    |tmp_V_2511_reg_1683                                                                        |     8|   0|     8|          0|
    |tmp_V_2512_reg_1688                                                                        |     8|   0|     8|          0|
    |tmp_V_2513_reg_1693                                                                        |     8|   0|     8|          0|
    |tmp_V_2514_reg_1698                                                                        |     8|   0|     8|          0|
    |tmp_V_2515_reg_1703                                                                        |     8|   0|     8|          0|
    |tmp_V_2516_reg_1708                                                                        |     8|   0|     8|          0|
    |tmp_V_2517_reg_1713                                                                        |     8|   0|     8|          0|
    |tmp_V_2518_reg_1718                                                                        |     8|   0|     8|          0|
    |tmp_V_2519_reg_1723                                                                        |     8|   0|     8|          0|
    |tmp_V_2520_reg_1728                                                                        |     8|   0|     8|          0|
    |tmp_V_2521_reg_1733                                                                        |     8|   0|     8|          0|
    |tmp_V_2522_reg_1738                                                                        |     8|   0|     8|          0|
    |tmp_V_2523_reg_1743                                                                        |     8|   0|     8|          0|
    |tmp_V_2524_reg_1748                                                                        |     8|   0|     8|          0|
    |tmp_V_2525_reg_1753                                                                        |     8|   0|     8|          0|
    |tmp_V_2526_reg_1758                                                                        |     8|   0|     8|          0|
    |tmp_V_2527_reg_1763                                                                        |     8|   0|     8|          0|
    |tmp_V_2528_reg_1768                                                                        |     8|   0|     8|          0|
    |tmp_V_2529_reg_1773                                                                        |     8|   0|     8|          0|
    |tmp_V_2530_reg_1778                                                                        |     8|   0|     8|          0|
    |tmp_V_2531_reg_1783                                                                        |     8|   0|     8|          0|
    |tmp_V_2532_reg_1788                                                                        |     8|   0|     8|          0|
    +-------------------------------------------------------------------------------------------+------+----+------+-----------+
    |Total                                                                                      |  5151|   0|  5151|          0|
    +-------------------------------------------------------------------------------------------+------+----+------+-----------+



================================================================
== Interface
================================================================
* Summary: 
+---------------------+-----+-----+------------+-------------------------------------------------------------------------------+--------------+
|      RTL Ports      | Dir | Bits|  Protocol  |                                 Source Object                                 |    C Type    |
+---------------------+-----+-----+------------+-------------------------------------------------------------------------------+--------------+
|ap_clk               |  in |    1| ap_ctrl_hs | conv_2d_cl_switch<ap_fixed<8, 2, 5, 3, 0>, ap_fixed<8, 2, 4, 0, 0>, config44> | return value |
|ap_rst               |  in |    1| ap_ctrl_hs | conv_2d_cl_switch<ap_fixed<8, 2, 5, 3, 0>, ap_fixed<8, 2, 4, 0, 0>, config44> | return value |
|ap_start             |  in |    1| ap_ctrl_hs | conv_2d_cl_switch<ap_fixed<8, 2, 5, 3, 0>, ap_fixed<8, 2, 4, 0, 0>, config44> | return value |
|start_full_n         |  in |    1| ap_ctrl_hs | conv_2d_cl_switch<ap_fixed<8, 2, 5, 3, 0>, ap_fixed<8, 2, 4, 0, 0>, config44> | return value |
|ap_done              | out |    1| ap_ctrl_hs | conv_2d_cl_switch<ap_fixed<8, 2, 5, 3, 0>, ap_fixed<8, 2, 4, 0, 0>, config44> | return value |
|ap_continue          |  in |    1| ap_ctrl_hs | conv_2d_cl_switch<ap_fixed<8, 2, 5, 3, 0>, ap_fixed<8, 2, 4, 0, 0>, config44> | return value |
|ap_idle              | out |    1| ap_ctrl_hs | conv_2d_cl_switch<ap_fixed<8, 2, 5, 3, 0>, ap_fixed<8, 2, 4, 0, 0>, config44> | return value |
|ap_ready             | out |    1| ap_ctrl_hs | conv_2d_cl_switch<ap_fixed<8, 2, 5, 3, 0>, ap_fixed<8, 2, 4, 0, 0>, config44> | return value |
|start_out            | out |    1| ap_ctrl_hs | conv_2d_cl_switch<ap_fixed<8, 2, 5, 3, 0>, ap_fixed<8, 2, 4, 0, 0>, config44> | return value |
|start_write          | out |    1| ap_ctrl_hs | conv_2d_cl_switch<ap_fixed<8, 2, 5, 3, 0>, ap_fixed<8, 2, 4, 0, 0>, config44> | return value |
|data_0_V_V_dout      |  in |    8|   ap_fifo  |                                   data_0_V_V                                  |    pointer   |
|data_0_V_V_empty_n   |  in |    1|   ap_fifo  |                                   data_0_V_V                                  |    pointer   |
|data_0_V_V_read      | out |    1|   ap_fifo  |                                   data_0_V_V                                  |    pointer   |
|data_1_V_V_dout      |  in |    8|   ap_fifo  |                                   data_1_V_V                                  |    pointer   |
|data_1_V_V_empty_n   |  in |    1|   ap_fifo  |                                   data_1_V_V                                  |    pointer   |
|data_1_V_V_read      | out |    1|   ap_fifo  |                                   data_1_V_V                                  |    pointer   |
|data_2_V_V_dout      |  in |    8|   ap_fifo  |                                   data_2_V_V                                  |    pointer   |
|data_2_V_V_empty_n   |  in |    1|   ap_fifo  |                                   data_2_V_V                                  |    pointer   |
|data_2_V_V_read      | out |    1|   ap_fifo  |                                   data_2_V_V                                  |    pointer   |
|data_3_V_V_dout      |  in |    8|   ap_fifo  |                                   data_3_V_V                                  |    pointer   |
|data_3_V_V_empty_n   |  in |    1|   ap_fifo  |                                   data_3_V_V                                  |    pointer   |
|data_3_V_V_read      | out |    1|   ap_fifo  |                                   data_3_V_V                                  |    pointer   |
|data_4_V_V_dout      |  in |    8|   ap_fifo  |                                   data_4_V_V                                  |    pointer   |
|data_4_V_V_empty_n   |  in |    1|   ap_fifo  |                                   data_4_V_V                                  |    pointer   |
|data_4_V_V_read      | out |    1|   ap_fifo  |                                   data_4_V_V                                  |    pointer   |
|data_5_V_V_dout      |  in |    8|   ap_fifo  |                                   data_5_V_V                                  |    pointer   |
|data_5_V_V_empty_n   |  in |    1|   ap_fifo  |                                   data_5_V_V                                  |    pointer   |
|data_5_V_V_read      | out |    1|   ap_fifo  |                                   data_5_V_V                                  |    pointer   |
|data_6_V_V_dout      |  in |    8|   ap_fifo  |                                   data_6_V_V                                  |    pointer   |
|data_6_V_V_empty_n   |  in |    1|   ap_fifo  |                                   data_6_V_V                                  |    pointer   |
|data_6_V_V_read      | out |    1|   ap_fifo  |                                   data_6_V_V                                  |    pointer   |
|data_7_V_V_dout      |  in |    8|   ap_fifo  |                                   data_7_V_V                                  |    pointer   |
|data_7_V_V_empty_n   |  in |    1|   ap_fifo  |                                   data_7_V_V                                  |    pointer   |
|data_7_V_V_read      | out |    1|   ap_fifo  |                                   data_7_V_V                                  |    pointer   |
|data_8_V_V_dout      |  in |    8|   ap_fifo  |                                   data_8_V_V                                  |    pointer   |
|data_8_V_V_empty_n   |  in |    1|   ap_fifo  |                                   data_8_V_V                                  |    pointer   |
|data_8_V_V_read      | out |    1|   ap_fifo  |                                   data_8_V_V                                  |    pointer   |
|data_9_V_V_dout      |  in |    8|   ap_fifo  |                                   data_9_V_V                                  |    pointer   |
|data_9_V_V_empty_n   |  in |    1|   ap_fifo  |                                   data_9_V_V                                  |    pointer   |
|data_9_V_V_read      | out |    1|   ap_fifo  |                                   data_9_V_V                                  |    pointer   |
|data_10_V_V_dout     |  in |    8|   ap_fifo  |                                  data_10_V_V                                  |    pointer   |
|data_10_V_V_empty_n  |  in |    1|   ap_fifo  |                                  data_10_V_V                                  |    pointer   |
|data_10_V_V_read     | out |    1|   ap_fifo  |                                  data_10_V_V                                  |    pointer   |
|data_11_V_V_dout     |  in |    8|   ap_fifo  |                                  data_11_V_V                                  |    pointer   |
|data_11_V_V_empty_n  |  in |    1|   ap_fifo  |                                  data_11_V_V                                  |    pointer   |
|data_11_V_V_read     | out |    1|   ap_fifo  |                                  data_11_V_V                                  |    pointer   |
|data_12_V_V_dout     |  in |    8|   ap_fifo  |                                  data_12_V_V                                  |    pointer   |
|data_12_V_V_empty_n  |  in |    1|   ap_fifo  |                                  data_12_V_V                                  |    pointer   |
|data_12_V_V_read     | out |    1|   ap_fifo  |                                  data_12_V_V                                  |    pointer   |
|data_13_V_V_dout     |  in |    8|   ap_fifo  |                                  data_13_V_V                                  |    pointer   |
|data_13_V_V_empty_n  |  in |    1|   ap_fifo  |                                  data_13_V_V                                  |    pointer   |
|data_13_V_V_read     | out |    1|   ap_fifo  |                                  data_13_V_V                                  |    pointer   |
|data_14_V_V_dout     |  in |    8|   ap_fifo  |                                  data_14_V_V                                  |    pointer   |
|data_14_V_V_empty_n  |  in |    1|   ap_fifo  |                                  data_14_V_V                                  |    pointer   |
|data_14_V_V_read     | out |    1|   ap_fifo  |                                  data_14_V_V                                  |    pointer   |
|data_15_V_V_dout     |  in |    8|   ap_fifo  |                                  data_15_V_V                                  |    pointer   |
|data_15_V_V_empty_n  |  in |    1|   ap_fifo  |                                  data_15_V_V                                  |    pointer   |
|data_15_V_V_read     | out |    1|   ap_fifo  |                                  data_15_V_V                                  |    pointer   |
|data_16_V_V_dout     |  in |    8|   ap_fifo  |                                  data_16_V_V                                  |    pointer   |
|data_16_V_V_empty_n  |  in |    1|   ap_fifo  |                                  data_16_V_V                                  |    pointer   |
|data_16_V_V_read     | out |    1|   ap_fifo  |                                  data_16_V_V                                  |    pointer   |
|data_17_V_V_dout     |  in |    8|   ap_fifo  |                                  data_17_V_V                                  |    pointer   |
|data_17_V_V_empty_n  |  in |    1|   ap_fifo  |                                  data_17_V_V                                  |    pointer   |
|data_17_V_V_read     | out |    1|   ap_fifo  |                                  data_17_V_V                                  |    pointer   |
|data_18_V_V_dout     |  in |    8|   ap_fifo  |                                  data_18_V_V                                  |    pointer   |
|data_18_V_V_empty_n  |  in |    1|   ap_fifo  |                                  data_18_V_V                                  |    pointer   |
|data_18_V_V_read     | out |    1|   ap_fifo  |                                  data_18_V_V                                  |    pointer   |
|data_19_V_V_dout     |  in |    8|   ap_fifo  |                                  data_19_V_V                                  |    pointer   |
|data_19_V_V_empty_n  |  in |    1|   ap_fifo  |                                  data_19_V_V                                  |    pointer   |
|data_19_V_V_read     | out |    1|   ap_fifo  |                                  data_19_V_V                                  |    pointer   |
|data_20_V_V_dout     |  in |    8|   ap_fifo  |                                  data_20_V_V                                  |    pointer   |
|data_20_V_V_empty_n  |  in |    1|   ap_fifo  |                                  data_20_V_V                                  |    pointer   |
|data_20_V_V_read     | out |    1|   ap_fifo  |                                  data_20_V_V                                  |    pointer   |
|data_21_V_V_dout     |  in |    8|   ap_fifo  |                                  data_21_V_V                                  |    pointer   |
|data_21_V_V_empty_n  |  in |    1|   ap_fifo  |                                  data_21_V_V                                  |    pointer   |
|data_21_V_V_read     | out |    1|   ap_fifo  |                                  data_21_V_V                                  |    pointer   |
|data_22_V_V_dout     |  in |    8|   ap_fifo  |                                  data_22_V_V                                  |    pointer   |
|data_22_V_V_empty_n  |  in |    1|   ap_fifo  |                                  data_22_V_V                                  |    pointer   |
|data_22_V_V_read     | out |    1|   ap_fifo  |                                  data_22_V_V                                  |    pointer   |
|data_23_V_V_dout     |  in |    8|   ap_fifo  |                                  data_23_V_V                                  |    pointer   |
|data_23_V_V_empty_n  |  in |    1|   ap_fifo  |                                  data_23_V_V                                  |    pointer   |
|data_23_V_V_read     | out |    1|   ap_fifo  |                                  data_23_V_V                                  |    pointer   |
|data_24_V_V_dout     |  in |    8|   ap_fifo  |                                  data_24_V_V                                  |    pointer   |
|data_24_V_V_empty_n  |  in |    1|   ap_fifo  |                                  data_24_V_V                                  |    pointer   |
|data_24_V_V_read     | out |    1|   ap_fifo  |                                  data_24_V_V                                  |    pointer   |
|data_25_V_V_dout     |  in |    8|   ap_fifo  |                                  data_25_V_V                                  |    pointer   |
|data_25_V_V_empty_n  |  in |    1|   ap_fifo  |                                  data_25_V_V                                  |    pointer   |
|data_25_V_V_read     | out |    1|   ap_fifo  |                                  data_25_V_V                                  |    pointer   |
|data_26_V_V_dout     |  in |    8|   ap_fifo  |                                  data_26_V_V                                  |    pointer   |
|data_26_V_V_empty_n  |  in |    1|   ap_fifo  |                                  data_26_V_V                                  |    pointer   |
|data_26_V_V_read     | out |    1|   ap_fifo  |                                  data_26_V_V                                  |    pointer   |
|data_27_V_V_dout     |  in |    8|   ap_fifo  |                                  data_27_V_V                                  |    pointer   |
|data_27_V_V_empty_n  |  in |    1|   ap_fifo  |                                  data_27_V_V                                  |    pointer   |
|data_27_V_V_read     | out |    1|   ap_fifo  |                                  data_27_V_V                                  |    pointer   |
|data_28_V_V_dout     |  in |    8|   ap_fifo  |                                  data_28_V_V                                  |    pointer   |
|data_28_V_V_empty_n  |  in |    1|   ap_fifo  |                                  data_28_V_V                                  |    pointer   |
|data_28_V_V_read     | out |    1|   ap_fifo  |                                  data_28_V_V                                  |    pointer   |
|data_29_V_V_dout     |  in |    8|   ap_fifo  |                                  data_29_V_V                                  |    pointer   |
|data_29_V_V_empty_n  |  in |    1|   ap_fifo  |                                  data_29_V_V                                  |    pointer   |
|data_29_V_V_read     | out |    1|   ap_fifo  |                                  data_29_V_V                                  |    pointer   |
|data_30_V_V_dout     |  in |    8|   ap_fifo  |                                  data_30_V_V                                  |    pointer   |
|data_30_V_V_empty_n  |  in |    1|   ap_fifo  |                                  data_30_V_V                                  |    pointer   |
|data_30_V_V_read     | out |    1|   ap_fifo  |                                  data_30_V_V                                  |    pointer   |
|data_31_V_V_dout     |  in |    8|   ap_fifo  |                                  data_31_V_V                                  |    pointer   |
|data_31_V_V_empty_n  |  in |    1|   ap_fifo  |                                  data_31_V_V                                  |    pointer   |
|data_31_V_V_read     | out |    1|   ap_fifo  |                                  data_31_V_V                                  |    pointer   |
|res_0_V_V_din        | out |    8|   ap_fifo  |                                   res_0_V_V                                   |    pointer   |
|res_0_V_V_full_n     |  in |    1|   ap_fifo  |                                   res_0_V_V                                   |    pointer   |
|res_0_V_V_write      | out |    1|   ap_fifo  |                                   res_0_V_V                                   |    pointer   |
|res_1_V_V_din        | out |    8|   ap_fifo  |                                   res_1_V_V                                   |    pointer   |
|res_1_V_V_full_n     |  in |    1|   ap_fifo  |                                   res_1_V_V                                   |    pointer   |
|res_1_V_V_write      | out |    1|   ap_fifo  |                                   res_1_V_V                                   |    pointer   |
|res_2_V_V_din        | out |    8|   ap_fifo  |                                   res_2_V_V                                   |    pointer   |
|res_2_V_V_full_n     |  in |    1|   ap_fifo  |                                   res_2_V_V                                   |    pointer   |
|res_2_V_V_write      | out |    1|   ap_fifo  |                                   res_2_V_V                                   |    pointer   |
|res_3_V_V_din        | out |    8|   ap_fifo  |                                   res_3_V_V                                   |    pointer   |
|res_3_V_V_full_n     |  in |    1|   ap_fifo  |                                   res_3_V_V                                   |    pointer   |
|res_3_V_V_write      | out |    1|   ap_fifo  |                                   res_3_V_V                                   |    pointer   |
|res_4_V_V_din        | out |    8|   ap_fifo  |                                   res_4_V_V                                   |    pointer   |
|res_4_V_V_full_n     |  in |    1|   ap_fifo  |                                   res_4_V_V                                   |    pointer   |
|res_4_V_V_write      | out |    1|   ap_fifo  |                                   res_4_V_V                                   |    pointer   |
|res_5_V_V_din        | out |    8|   ap_fifo  |                                   res_5_V_V                                   |    pointer   |
|res_5_V_V_full_n     |  in |    1|   ap_fifo  |                                   res_5_V_V                                   |    pointer   |
|res_5_V_V_write      | out |    1|   ap_fifo  |                                   res_5_V_V                                   |    pointer   |
|res_6_V_V_din        | out |    8|   ap_fifo  |                                   res_6_V_V                                   |    pointer   |
|res_6_V_V_full_n     |  in |    1|   ap_fifo  |                                   res_6_V_V                                   |    pointer   |
|res_6_V_V_write      | out |    1|   ap_fifo  |                                   res_6_V_V                                   |    pointer   |
|res_7_V_V_din        | out |    8|   ap_fifo  |                                   res_7_V_V                                   |    pointer   |
|res_7_V_V_full_n     |  in |    1|   ap_fifo  |                                   res_7_V_V                                   |    pointer   |
|res_7_V_V_write      | out |    1|   ap_fifo  |                                   res_7_V_V                                   |    pointer   |
|res_8_V_V_din        | out |    8|   ap_fifo  |                                   res_8_V_V                                   |    pointer   |
|res_8_V_V_full_n     |  in |    1|   ap_fifo  |                                   res_8_V_V                                   |    pointer   |
|res_8_V_V_write      | out |    1|   ap_fifo  |                                   res_8_V_V                                   |    pointer   |
|res_9_V_V_din        | out |    8|   ap_fifo  |                                   res_9_V_V                                   |    pointer   |
|res_9_V_V_full_n     |  in |    1|   ap_fifo  |                                   res_9_V_V                                   |    pointer   |
|res_9_V_V_write      | out |    1|   ap_fifo  |                                   res_9_V_V                                   |    pointer   |
|res_10_V_V_din       | out |    8|   ap_fifo  |                                   res_10_V_V                                  |    pointer   |
|res_10_V_V_full_n    |  in |    1|   ap_fifo  |                                   res_10_V_V                                  |    pointer   |
|res_10_V_V_write     | out |    1|   ap_fifo  |                                   res_10_V_V                                  |    pointer   |
|res_11_V_V_din       | out |    8|   ap_fifo  |                                   res_11_V_V                                  |    pointer   |
|res_11_V_V_full_n    |  in |    1|   ap_fifo  |                                   res_11_V_V                                  |    pointer   |
|res_11_V_V_write     | out |    1|   ap_fifo  |                                   res_11_V_V                                  |    pointer   |
|res_12_V_V_din       | out |    8|   ap_fifo  |                                   res_12_V_V                                  |    pointer   |
|res_12_V_V_full_n    |  in |    1|   ap_fifo  |                                   res_12_V_V                                  |    pointer   |
|res_12_V_V_write     | out |    1|   ap_fifo  |                                   res_12_V_V                                  |    pointer   |
|res_13_V_V_din       | out |    8|   ap_fifo  |                                   res_13_V_V                                  |    pointer   |
|res_13_V_V_full_n    |  in |    1|   ap_fifo  |                                   res_13_V_V                                  |    pointer   |
|res_13_V_V_write     | out |    1|   ap_fifo  |                                   res_13_V_V                                  |    pointer   |
|res_14_V_V_din       | out |    8|   ap_fifo  |                                   res_14_V_V                                  |    pointer   |
|res_14_V_V_full_n    |  in |    1|   ap_fifo  |                                   res_14_V_V                                  |    pointer   |
|res_14_V_V_write     | out |    1|   ap_fifo  |                                   res_14_V_V                                  |    pointer   |
|res_15_V_V_din       | out |    8|   ap_fifo  |                                   res_15_V_V                                  |    pointer   |
|res_15_V_V_full_n    |  in |    1|   ap_fifo  |                                   res_15_V_V                                  |    pointer   |
|res_15_V_V_write     | out |    1|   ap_fifo  |                                   res_15_V_V                                  |    pointer   |
|res_16_V_V_din       | out |    8|   ap_fifo  |                                   res_16_V_V                                  |    pointer   |
|res_16_V_V_full_n    |  in |    1|   ap_fifo  |                                   res_16_V_V                                  |    pointer   |
|res_16_V_V_write     | out |    1|   ap_fifo  |                                   res_16_V_V                                  |    pointer   |
|res_17_V_V_din       | out |    8|   ap_fifo  |                                   res_17_V_V                                  |    pointer   |
|res_17_V_V_full_n    |  in |    1|   ap_fifo  |                                   res_17_V_V                                  |    pointer   |
|res_17_V_V_write     | out |    1|   ap_fifo  |                                   res_17_V_V                                  |    pointer   |
|res_18_V_V_din       | out |    8|   ap_fifo  |                                   res_18_V_V                                  |    pointer   |
|res_18_V_V_full_n    |  in |    1|   ap_fifo  |                                   res_18_V_V                                  |    pointer   |
|res_18_V_V_write     | out |    1|   ap_fifo  |                                   res_18_V_V                                  |    pointer   |
|res_19_V_V_din       | out |    8|   ap_fifo  |                                   res_19_V_V                                  |    pointer   |
|res_19_V_V_full_n    |  in |    1|   ap_fifo  |                                   res_19_V_V                                  |    pointer   |
|res_19_V_V_write     | out |    1|   ap_fifo  |                                   res_19_V_V                                  |    pointer   |
|res_20_V_V_din       | out |    8|   ap_fifo  |                                   res_20_V_V                                  |    pointer   |
|res_20_V_V_full_n    |  in |    1|   ap_fifo  |                                   res_20_V_V                                  |    pointer   |
|res_20_V_V_write     | out |    1|   ap_fifo  |                                   res_20_V_V                                  |    pointer   |
|res_21_V_V_din       | out |    8|   ap_fifo  |                                   res_21_V_V                                  |    pointer   |
|res_21_V_V_full_n    |  in |    1|   ap_fifo  |                                   res_21_V_V                                  |    pointer   |
|res_21_V_V_write     | out |    1|   ap_fifo  |                                   res_21_V_V                                  |    pointer   |
|res_22_V_V_din       | out |    8|   ap_fifo  |                                   res_22_V_V                                  |    pointer   |
|res_22_V_V_full_n    |  in |    1|   ap_fifo  |                                   res_22_V_V                                  |    pointer   |
|res_22_V_V_write     | out |    1|   ap_fifo  |                                   res_22_V_V                                  |    pointer   |
|res_23_V_V_din       | out |    8|   ap_fifo  |                                   res_23_V_V                                  |    pointer   |
|res_23_V_V_full_n    |  in |    1|   ap_fifo  |                                   res_23_V_V                                  |    pointer   |
|res_23_V_V_write     | out |    1|   ap_fifo  |                                   res_23_V_V                                  |    pointer   |
|res_24_V_V_din       | out |    8|   ap_fifo  |                                   res_24_V_V                                  |    pointer   |
|res_24_V_V_full_n    |  in |    1|   ap_fifo  |                                   res_24_V_V                                  |    pointer   |
|res_24_V_V_write     | out |    1|   ap_fifo  |                                   res_24_V_V                                  |    pointer   |
|res_25_V_V_din       | out |    8|   ap_fifo  |                                   res_25_V_V                                  |    pointer   |
|res_25_V_V_full_n    |  in |    1|   ap_fifo  |                                   res_25_V_V                                  |    pointer   |
|res_25_V_V_write     | out |    1|   ap_fifo  |                                   res_25_V_V                                  |    pointer   |
|res_26_V_V_din       | out |    8|   ap_fifo  |                                   res_26_V_V                                  |    pointer   |
|res_26_V_V_full_n    |  in |    1|   ap_fifo  |                                   res_26_V_V                                  |    pointer   |
|res_26_V_V_write     | out |    1|   ap_fifo  |                                   res_26_V_V                                  |    pointer   |
|res_27_V_V_din       | out |    8|   ap_fifo  |                                   res_27_V_V                                  |    pointer   |
|res_27_V_V_full_n    |  in |    1|   ap_fifo  |                                   res_27_V_V                                  |    pointer   |
|res_27_V_V_write     | out |    1|   ap_fifo  |                                   res_27_V_V                                  |    pointer   |
|res_28_V_V_din       | out |    8|   ap_fifo  |                                   res_28_V_V                                  |    pointer   |
|res_28_V_V_full_n    |  in |    1|   ap_fifo  |                                   res_28_V_V                                  |    pointer   |
|res_28_V_V_write     | out |    1|   ap_fifo  |                                   res_28_V_V                                  |    pointer   |
|res_29_V_V_din       | out |    8|   ap_fifo  |                                   res_29_V_V                                  |    pointer   |
|res_29_V_V_full_n    |  in |    1|   ap_fifo  |                                   res_29_V_V                                  |    pointer   |
|res_29_V_V_write     | out |    1|   ap_fifo  |                                   res_29_V_V                                  |    pointer   |
|res_30_V_V_din       | out |    8|   ap_fifo  |                                   res_30_V_V                                  |    pointer   |
|res_30_V_V_full_n    |  in |    1|   ap_fifo  |                                   res_30_V_V                                  |    pointer   |
|res_30_V_V_write     | out |    1|   ap_fifo  |                                   res_30_V_V                                  |    pointer   |
|res_31_V_V_din       | out |    8|   ap_fifo  |                                   res_31_V_V                                  |    pointer   |
|res_31_V_V_full_n    |  in |    1|   ap_fifo  |                                   res_31_V_V                                  |    pointer   |
|res_31_V_V_write     | out |    1|   ap_fifo  |                                   res_31_V_V                                  |    pointer   |
+---------------------+-----+-----+------------+-------------------------------------------------------------------------------+--------------+

