

================================================================
== Vivado HLS Report for 'dataflow_in_loop'
================================================================
* Date:           Fri Jan 27 13:55:06 2023

* Version:        2019.2 (Build 2704478 on Wed Nov 06 22:10:23 MST 2019)
* Project:        alveo_hls4ml
* Solution:       solution
* Product family: virtexuplus
* Target device:  xcu50-fsvh2104-2L-e


================================================================
== Performance Estimates
================================================================
+ Timing: 
    * Summary: 
    +--------+---------+----------+------------+
    |  Clock |  Target | Estimated| Uncertainty|
    +--------+---------+----------+------------+
    |ap_clk  | 4.00 ns | 2.913 ns |   0.90 ns  |
    +--------+---------+----------+------------+

+ Latency: 
    * Summary: 
    +---------+---------+----------+----------+-----+-----+----------+
    |  Latency (cycles) |  Latency (absolute) |  Interval | Pipeline |
    |   min   |   max   |    min   |    max   | min | max |   Type   |
    +---------+---------+----------+----------+-----+-----+----------+
    |      529|      529| 2.116 us | 2.116 us |  523|  523| dataflow |
    +---------+---------+----------+----------+-----+-----+----------+

    + Detail: 
        * Instance: 
        +-----------------------------------------------------------------------+----------------------------------------------------------------------+---------+---------+----------+----------+-----+-----+---------+
        |                                                                       |                                                                      |  Latency (cycles) |  Latency (absolute) |  Interval | Pipeline|
        |                                Instance                               |                                Module                                |   min   |   max   |    min   |    max   | min | max |   Type  |
        +-----------------------------------------------------------------------+----------------------------------------------------------------------+---------+---------+----------+----------+-----+-----+---------+
        |dense_ss_test5_ap_fixed_6_2_5_3_0_ap_fixed_6_2_4_0_0_config3_mult1_U0  |dense_ss_test5_ap_fixed_6_2_5_3_0_ap_fixed_6_2_4_0_0_config3_mult1_s  |      156|      156| 0.624 us | 0.624 us |  156|  156|   none  |
        |dense_ss_test5_ap_fixed_6_2_4_0_0_ap_fixed_6_2_4_0_0_config3_mult2_U0  |dense_ss_test5_ap_fixed_6_2_4_0_0_ap_fixed_6_2_4_0_0_config3_mult2_s  |      522|      522| 2.088 us | 2.088 us |  522|  522|   none  |
        |relu_single_ap_fixed_6_2_4_0_0_ap_fixed_6_2_4_0_0_config3_relu1_U0     |relu_single_ap_fixed_6_2_4_0_0_ap_fixed_6_2_4_0_0_config3_relu1_s     |      131|      131| 0.524 us | 0.524 us |  131|  131|   none  |
        |relu_single_ap_fixed_6_2_4_0_0_ap_fixed_6_2_4_0_0_config3_relu2_U0     |relu_single_ap_fixed_6_2_4_0_0_ap_fixed_6_2_4_0_0_config3_relu2_s     |      131|      131| 0.524 us | 0.524 us |  131|  131|   none  |
        +-----------------------------------------------------------------------+----------------------------------------------------------------------+---------+---------+----------+----------+-----+-----+---------+

        * Loop: 
        N/A



================================================================
== Utilization Estimates
================================================================
* Summary: 
+---------------------+---------+-------+---------+--------+-----+
|         Name        | BRAM_18K| DSP48E|    FF   |   LUT  | URAM|
+---------------------+---------+-------+---------+--------+-----+
|DSP                  |        -|      -|        -|       -|    -|
|Expression           |        -|      -|        0|       2|    -|
|FIFO                 |        0|      -|       15|      54|    -|
|Instance             |       37|    128|    12833|   27058|    0|
|Memory               |        -|      -|        -|       -|    -|
|Multiplexer          |        -|      -|        -|       -|    -|
|Register             |        -|      -|        -|       -|    -|
+---------------------+---------+-------+---------+--------+-----+
|Total                |       37|    128|    12848|   27114|    0|
+---------------------+---------+-------+---------+--------+-----+
|Available SLR        |     1344|   2976|   871680|  435840|  320|
+---------------------+---------+-------+---------+--------+-----+
|Utilization SLR (%)  |        2|      4|        1|       6|    0|
+---------------------+---------+-------+---------+--------+-----+
|Available            |     2688|   5952|  1743360|  871680|  640|
+---------------------+---------+-------+---------+--------+-----+
|Utilization (%)      |        1|      2|    ~0   |       3|    0|
+---------------------+---------+-------+---------+--------+-----+

+ Detail: 
    * Instance: 
    +-----------------------------------------------------------------------+----------------------------------------------------------------------+---------+-------+------+-------+-----+
    |                                Instance                               |                                Module                                | BRAM_18K| DSP48E|  FF  |  LUT  | URAM|
    +-----------------------------------------------------------------------+----------------------------------------------------------------------+---------+-------+------+-------+-----+
    |dense_ss_test5_ap_fixed_6_2_4_0_0_ap_fixed_6_2_4_0_0_config3_mult2_U0  |dense_ss_test5_ap_fixed_6_2_4_0_0_ap_fixed_6_2_4_0_0_config3_mult2_s  |       37|     64|  5736|  13233|    0|
    |dense_ss_test5_ap_fixed_6_2_5_3_0_ap_fixed_6_2_4_0_0_config3_mult1_U0  |dense_ss_test5_ap_fixed_6_2_5_3_0_ap_fixed_6_2_4_0_0_config3_mult1_s  |        0|     64|  7052|  13568|    0|
    |relu_single_ap_fixed_6_2_4_0_0_ap_fixed_6_2_4_0_0_config3_relu1_U0     |relu_single_ap_fixed_6_2_4_0_0_ap_fixed_6_2_4_0_0_config3_relu1_s     |        0|      0|    23|    133|    0|
    |relu_single_ap_fixed_6_2_4_0_0_ap_fixed_6_2_4_0_0_config3_relu2_U0     |relu_single_ap_fixed_6_2_4_0_0_ap_fixed_6_2_4_0_0_config3_relu2_s     |        0|      0|    22|    124|    0|
    +-----------------------------------------------------------------------+----------------------------------------------------------------------+---------+-------+------+-------+-----+
    |Total                                                                  |                                                                      |       37|    128| 12833|  27058|    0|
    +-----------------------------------------------------------------------+----------------------------------------------------------------------+---------+-------+------+-------+-----+

    * DSP48E: 
    N/A

    * Memory: 
    N/A

    * FIFO: 
    +--------------------+---------+---+----+-----+------+-----+---------+
    |        Name        | BRAM_18K| FF| LUT| URAM| Depth| Bits| Size:D*B|
    +--------------------+---------+---+----+-----+------+-----+---------+
    |dense1_res_0_V_V_U  |        0|  5|   0|    -|     1|    6|        6|
    |dense2_res_0_V_V_U  |        0|  5|   0|    -|     1|    6|        6|
    |relu1_res_0_V_V_U   |        0|  5|   0|    -|     1|    6|        6|
    +--------------------+---------+---+----+-----+------+-----+---------+
    |Total               |        0| 15|   0|    0|     3|   18|       18|
    +--------------------+---------+---+----+-----+------+-----+---------+

    * Expression: 
    +--------------+----------+-------+---+----+------------+------------+
    | Variable Name| Operation| DSP48E| FF| LUT| Bitwidth P0| Bitwidth P1|
    +--------------+----------+-------+---+----+------------+------------+
    |ap_idle       |    and   |      0|  0|   2|           1|           1|
    +--------------+----------+-------+---+----+------------+------------+
    |Total         |          |      0|  0|   2|           1|           1|
    +--------------+----------+-------+---+----+------------+------------+

    * Multiplexer: 
    N/A

    * Register: 
    N/A



================================================================
== Interface
================================================================
* Summary: 
+------------------+-----+-----+------------+------------------+--------------+
|     RTL Ports    | Dir | Bits|  Protocol  |   Source Object  |    C Type    |
+------------------+-----+-----+------------+------------------+--------------+
|data_V_V_dout     |  in |    6|   ap_fifo  |     data_V_V     |    pointer   |
|data_V_V_empty_n  |  in |    1|   ap_fifo  |     data_V_V     |    pointer   |
|data_V_V_read     | out |    1|   ap_fifo  |     data_V_V     |    pointer   |
|res_V_V_din       | out |    6|   ap_fifo  |      res_V_V     |    pointer   |
|res_V_V_full_n    |  in |    1|   ap_fifo  |      res_V_V     |    pointer   |
|res_V_V_write     | out |    1|   ap_fifo  |      res_V_V     |    pointer   |
|ap_clk            |  in |    1| ap_ctrl_hs | dataflow_in_loop | return value |
|ap_rst            |  in |    1| ap_ctrl_hs | dataflow_in_loop | return value |
|ap_start          |  in |    1| ap_ctrl_hs | dataflow_in_loop | return value |
|ap_done           | out |    1| ap_ctrl_hs | dataflow_in_loop | return value |
|ap_ready          | out |    1| ap_ctrl_hs | dataflow_in_loop | return value |
|ap_idle           | out |    1| ap_ctrl_hs | dataflow_in_loop | return value |
|ap_continue       |  in |    1| ap_ctrl_hs | dataflow_in_loop | return value |
+------------------+-----+-----+------------+------------------+--------------+

