

================================================================
== Vivado HLS Report for 'film_single_ap_fixed_ap_fixed_ap_fixed_8_2_4_0_0_config64_s'
================================================================
* Date:           Fri Feb  3 02:18:52 2023

* Version:        2019.2 (Build 2704478 on Wed Nov 06 22:10:23 MST 2019)
* Project:        alveo_hls4ml
* Solution:       solution
* Product family: virtexuplus
* Target device:  xcu50-fsvh2104-2L-e


================================================================
== Performance Estimates
================================================================
+ Timing: 
    * Summary: 
    +--------+---------+----------+------------+
    |  Clock |  Target | Estimated| Uncertainty|
    +--------+---------+----------+------------+
    |ap_clk  | 4.00 ns | 2.949 ns |   0.90 ns  |
    +--------+---------+----------+------------+

+ Latency: 
    * Summary: 
    +---------+---------+-----------+-----------+------+------+---------+
    |  Latency (cycles) |   Latency (absolute)  |   Interval  | Pipeline|
    |   min   |   max   |    min    |    max    |  min |  max |   Type  |
    +---------+---------+-----------+-----------+------+------+---------+
    |     5638|     5638| 22.552 us | 22.552 us |  5638|  5638|   none  |
    +---------+---------+-----------+-----------+------+------+---------+

    + Detail: 
        * Instance: 
        N/A

        * Loop: 
        +--------------+---------+---------+----------+-----------+-----------+------+----------+
        |              |  Latency (cycles) | Iteration|  Initiation Interval  | Trip |          |
        |   Loop Name  |   min   |   max   |  Latency |  achieved |   target  | Count| Pipelined|
        +--------------+---------+---------+----------+-----------+-----------+------+----------+
        |- ScalarLoop  |      256|      256|         2|          1|          1|   256|    yes   |
        |- OutLoop_L   |     5378|     5378|         4|          1|          1|  5376|    yes   |
        +--------------+---------+---------+----------+-----------+-----------+------+----------+



================================================================
== Utilization Estimates
================================================================
* Summary: 
+---------------------+---------+-------+---------+--------+-----+
|         Name        | BRAM_18K| DSP48E|    FF   |   LUT  | URAM|
+---------------------+---------+-------+---------+--------+-----+
|DSP                  |        -|      -|        -|       -|    -|
|Expression           |        -|      0|        0|     297|    -|
|FIFO                 |        -|      -|        -|       -|    -|
|Instance             |        -|      -|        -|       -|    -|
|Memory               |        1|      -|        0|       0|    0|
|Multiplexer          |        -|      -|        -|     162|    -|
|Register             |        0|      -|      157|      32|    -|
+---------------------+---------+-------+---------+--------+-----+
|Total                |        1|      0|      157|     491|    0|
+---------------------+---------+-------+---------+--------+-----+
|Available SLR        |     1344|   2976|   871680|  435840|  320|
+---------------------+---------+-------+---------+--------+-----+
|Utilization SLR (%)  |    ~0   |      0|    ~0   |   ~0   |    0|
+---------------------+---------+-------+---------+--------+-----+
|Available            |     2688|   5952|  1743360|  871680|  640|
+---------------------+---------+-------+---------+--------+-----+
|Utilization (%)      |    ~0   |      0|    ~0   |   ~0   |    0|
+---------------------+---------+-------+---------+--------+-----+

+ Detail: 
    * Instance: 
    N/A

    * DSP48E: 
    N/A

    * Memory: 
    +------------+----------------------------------------------------------------------+---------+---+----+-----+------+-----+------+-------------+
    |   Memory   |                                Module                                | BRAM_18K| FF| LUT| URAM| Words| Bits| Banks| W*Bits*Banks|
    +------------+----------------------------------------------------------------------+---------+---+----+-----+------+-----+------+-------------+
    |scalar_V_U  |film_single_ap_fixed_ap_fixed_ap_fixed_8_2_4_0_0_config64_s_scalar_V  |        1|  0|   0|    0|   256|    8|     1|         2048|
    +------------+----------------------------------------------------------------------+---------+---+----+-----+------+-----+------+-------------+
    |Total       |                                                                      |        1|  0|   0|    0|   256|    8|     1|         2048|
    +------------+----------------------------------------------------------------------+---------+---+----+-----+------+-----+------+-------------+

    * FIFO: 
    N/A

    * Expression: 
    +----------------------------------+----------+-------+---+----+------------+------------+
    |           Variable Name          | Operation| DSP48E| FF| LUT| Bitwidth P0| Bitwidth P1|
    +----------------------------------+----------+-------+---+----+------------+------------+
    |mul_ln731_fu_274_p2               |     *    |      0|  0|  49|           9|           8|
    |add_ln104_fu_217_p2               |     +    |      0|  0|  13|          13|           1|
    |add_ln700_fu_310_p2               |     +    |      0|  0|  15|          15|          15|
    |add_ln731_2_fu_304_p2             |     +    |      0|  0|  16|          16|          16|
    |add_ln731_fu_252_p2               |     +    |      0|  0|   9|           7|           9|
    |i_fu_200_p2                       |     +    |      0|  0|   9|           9|           1|
    |j_fu_242_p2                       |     +    |      0|  0|   8|           1|           8|
    |out_data_V_3_fu_392_p2            |     +    |      0|  0|   8|           8|           8|
    |and_ln415_fu_382_p2               |    and   |      0|  0|   2|           1|           1|
    |and_ln779_fu_470_p2               |    and   |      0|  0|   2|           1|           1|
    |and_ln781_fu_495_p2               |    and   |      0|  0|   2|           1|           1|
    |and_ln786_fu_484_p2               |    and   |      0|  0|   2|           1|           1|
    |ap_block_pp0_stage0_11001         |    and   |      0|  0|   2|           1|           1|
    |ap_block_state3_pp0_stage0_iter1  |    and   |      0|  0|   2|           1|           1|
    |ap_block_state6_pp1_stage0_iter1  |    and   |      0|  0|   2|           1|           1|
    |ap_block_state8_pp1_stage0_iter3  |    and   |      0|  0|   2|           1|           1|
    |carry_3_fu_412_p2                 |    and   |      0|  0|   2|           1|           1|
    |overflow_fu_515_p2                |    and   |      0|  0|   2|           1|           1|
    |underflow_fu_532_p2               |    and   |      0|  0|   2|           1|           1|
    |Range1_all_ones_fu_444_p2         |   icmp   |      0|  0|   8|           2|           2|
    |Range1_all_zeros_fu_450_p2        |   icmp   |      0|  0|   8|           2|           1|
    |icmp_ln104_fu_211_p2              |   icmp   |      0|  0|  13|          13|          13|
    |icmp_ln105_fu_223_p2              |   icmp   |      0|  0|  13|           8|           9|
    |icmp_ln99_fu_194_p2               |   icmp   |      0|  0|  13|           9|          10|
    |r_3_fu_354_p2                     |   icmp   |      0|  0|  13|           9|           1|
    |ap_block_pp1_stage0_01001         |    or    |      0|  0|   2|           1|           1|
    |ap_block_state1                   |    or    |      0|  0|   2|           1|           1|
    |or_ln340_5_fu_548_p2              |    or    |      0|  0|   2|           1|           1|
    |or_ln340_6_fu_543_p2              |    or    |      0|  0|   2|           1|           1|
    |or_ln340_fu_537_p2                |    or    |      0|  0|   2|           1|           1|
    |or_ln785_fu_505_p2                |    or    |      0|  0|   2|           1|           1|
    |or_ln786_fu_521_p2                |    or    |      0|  0|   2|           1|           1|
    |r_fu_368_p2                       |    or    |      0|  0|   2|           1|           1|
    |deleted_ones_fu_476_p3            |  select  |      0|  0|   2|           1|           1|
    |deleted_zeros_fu_490_p3           |  select  |      0|  0|   2|           1|           1|
    |res_V_V_din                       |  select  |      0|  0|   8|           1|           8|
    |select_ln105_fu_229_p3            |  select  |      0|  0|   8|           1|           1|
    |select_ln340_fu_554_p3            |  select  |      0|  0|   8|           1|           7|
    |select_ln388_fu_561_p3            |  select  |      0|  0|   9|           1|           9|
    |ap_enable_pp0                     |    xor   |      0|  0|   2|           1|           2|
    |ap_enable_pp1                     |    xor   |      0|  0|   2|           1|           2|
    |ap_enable_reg_pp0_iter1           |    xor   |      0|  0|   2|           2|           1|
    |ap_enable_reg_pp1_iter1           |    xor   |      0|  0|   2|           2|           1|
    |xor_ln108_fu_258_p2               |    xor   |      0|  0|   9|           8|           9|
    |xor_ln416_fu_406_p2               |    xor   |      0|  0|   2|           1|           2|
    |xor_ln779_fu_464_p2               |    xor   |      0|  0|   2|           1|           2|
    |xor_ln785_3_fu_510_p2             |    xor   |      0|  0|   2|           1|           2|
    |xor_ln785_fu_499_p2               |    xor   |      0|  0|   2|           1|           2|
    |xor_ln786_fu_526_p2               |    xor   |      0|  0|   2|           1|           2|
    +----------------------------------+----------+-------+---+----+------------+------------+
    |Total                             |          |      0|  0| 297|         165|         173|
    +----------------------------------+----------+-------+---+----+------------+------------+

    * Multiplexer: 
    +------------------------------+----+-----------+-----+-----------+
    |             Name             | LUT| Input Size| Bits| Total Bits|
    +------------------------------+----+-----------+-----+-----------+
    |ap_NS_fsm                     |  33|          6|    1|          6|
    |ap_done                       |   9|          2|    1|          2|
    |ap_enable_reg_pp0_iter1       |  15|          3|    1|          3|
    |ap_enable_reg_pp1_iter1       |   9|          2|    1|          2|
    |ap_enable_reg_pp1_iter3       |   9|          2|    1|          2|
    |ap_phi_mux_i_0_phi_fu_164_p4  |   9|          2|    9|         18|
    |data1_V_V_blk_n               |   9|          2|    1|          2|
    |data2_V_V_blk_n               |   9|          2|    1|          2|
    |i_0_reg_160                   |   9|          2|    9|         18|
    |indvar_flatten_reg_172        |   9|          2|   13|         26|
    |j_0_reg_183                   |   9|          2|    8|         16|
    |real_start                    |   9|          2|    1|          2|
    |res_V_V_blk_n                 |   9|          2|    1|          2|
    |scalar_V_address0             |  15|          3|    8|         24|
    +------------------------------+----+-----------+-----+-----------+
    |Total                         | 162|         34|   56|        125|
    +------------------------------+----+-----------+-----+-----------+

    * Register: 
    +--------------------------+----+----+-----+-----------+
    |           Name           | FF | LUT| Bits| Const Bits|
    +--------------------------+----+----+-----+-----------+
    |Range1_all_ones_reg_648   |   1|   0|    1|          0|
    |Range1_all_zeros_reg_654  |   1|   0|    1|          0|
    |add_ln731_reg_615         |   9|   0|    9|          0|
    |and_ln786_reg_659         |   1|   0|    1|          0|
    |ap_CS_fsm                 |   5|   0|    5|          0|
    |ap_done_reg               |   1|   0|    1|          0|
    |ap_enable_reg_pp0_iter0   |   1|   0|    1|          0|
    |ap_enable_reg_pp0_iter1   |   1|   0|    1|          0|
    |ap_enable_reg_pp1_iter0   |   1|   0|    1|          0|
    |ap_enable_reg_pp1_iter1   |   1|   0|    1|          0|
    |ap_enable_reg_pp1_iter2   |   1|   0|    1|          0|
    |ap_enable_reg_pp1_iter3   |   1|   0|    1|          0|
    |carry_3_reg_637           |   1|   0|    1|          0|
    |i_0_reg_160               |   9|   0|    9|          0|
    |i_reg_581                 |   9|   0|    9|          0|
    |icmp_ln104_reg_586        |   1|   0|    1|          0|
    |icmp_ln99_reg_577         |   1|   0|    1|          0|
    |indvar_flatten_reg_172    |  13|   0|   13|          0|
    |j_0_reg_183               |   8|   0|    8|          0|
    |out_data_V_3_reg_631      |   8|   0|    8|          0|
    |p_Result_12_reg_625       |   1|   0|    1|          0|
    |p_Result_14_reg_643       |   1|   0|    1|          0|
    |select_ln105_reg_595      |   8|   0|    8|          0|
    |start_once_reg            |   1|   0|    1|          0|
    |tmp_V_97_reg_610          |   8|   0|    8|          0|
    |icmp_ln104_reg_586        |  64|  32|    1|          0|
    +--------------------------+----+----+-----+-----------+
    |Total                     | 157|  32|   94|          0|
    +--------------------------+----+----+-----+-----------+



================================================================
== Interface
================================================================
* Summary: 
+-------------------+-----+-----+------------+-------------------------------------------------------------+--------------+
|     RTL Ports     | Dir | Bits|  Protocol  |                        Source Object                        |    C Type    |
+-------------------+-----+-----+------------+-------------------------------------------------------------+--------------+
|ap_clk             |  in |    1| ap_ctrl_hs | film_single<ap_fixed,ap_fixed,ap_fixed<8,2,4,0,0>,config64> | return value |
|ap_rst             |  in |    1| ap_ctrl_hs | film_single<ap_fixed,ap_fixed,ap_fixed<8,2,4,0,0>,config64> | return value |
|ap_start           |  in |    1| ap_ctrl_hs | film_single<ap_fixed,ap_fixed,ap_fixed<8,2,4,0,0>,config64> | return value |
|start_full_n       |  in |    1| ap_ctrl_hs | film_single<ap_fixed,ap_fixed,ap_fixed<8,2,4,0,0>,config64> | return value |
|ap_done            | out |    1| ap_ctrl_hs | film_single<ap_fixed,ap_fixed,ap_fixed<8,2,4,0,0>,config64> | return value |
|ap_continue        |  in |    1| ap_ctrl_hs | film_single<ap_fixed,ap_fixed,ap_fixed<8,2,4,0,0>,config64> | return value |
|ap_idle            | out |    1| ap_ctrl_hs | film_single<ap_fixed,ap_fixed,ap_fixed<8,2,4,0,0>,config64> | return value |
|ap_ready           | out |    1| ap_ctrl_hs | film_single<ap_fixed,ap_fixed,ap_fixed<8,2,4,0,0>,config64> | return value |
|start_out          | out |    1| ap_ctrl_hs | film_single<ap_fixed,ap_fixed,ap_fixed<8,2,4,0,0>,config64> | return value |
|start_write        | out |    1| ap_ctrl_hs | film_single<ap_fixed,ap_fixed,ap_fixed<8,2,4,0,0>,config64> | return value |
|data1_V_V_dout     |  in |    8|   ap_fifo  |                          data1_V_V                          |    pointer   |
|data1_V_V_empty_n  |  in |    1|   ap_fifo  |                          data1_V_V                          |    pointer   |
|data1_V_V_read     | out |    1|   ap_fifo  |                          data1_V_V                          |    pointer   |
|data2_V_V_dout     |  in |    8|   ap_fifo  |                          data2_V_V                          |    pointer   |
|data2_V_V_empty_n  |  in |    1|   ap_fifo  |                          data2_V_V                          |    pointer   |
|data2_V_V_read     | out |    1|   ap_fifo  |                          data2_V_V                          |    pointer   |
|res_V_V_din        | out |    8|   ap_fifo  |                           res_V_V                           |    pointer   |
|res_V_V_full_n     |  in |    1|   ap_fifo  |                           res_V_V                           |    pointer   |
|res_V_V_write      | out |    1|   ap_fifo  |                           res_V_V                           |    pointer   |
+-------------------+-----+-----+------------+-------------------------------------------------------------+--------------+

