

================================================================
== Vivado HLS Report for 'film_single_ap_fixed_ap_fixed_ap_fixed_8_2_4_0_0_config34_s'
================================================================
* Date:           Sat Jan 21 03:54:41 2023

* Version:        2019.2 (Build 2704478 on Wed Nov 06 22:10:23 MST 2019)
* Project:        alveo_hls4ml
* Solution:       solution
* Product family: virtexuplus
* Target device:  xcu50-fsvh2104-2L-e


================================================================
== Performance Estimates
================================================================
+ Timing: 
    * Summary: 
    +--------+---------+----------+------------+
    |  Clock |  Target | Estimated| Uncertainty|
    +--------+---------+----------+------------+
    |ap_clk  | 4.00 ns | 2.949 ns |   0.90 ns  |
    +--------+---------+----------+------------+

+ Latency: 
    * Summary: 
    +---------+---------+----------+----------+-------+-------+---------+
    |  Latency (cycles) |  Latency (absolute) |    Interval   | Pipeline|
    |   min   |   max   |    min   |    max   |  min  |  max  |   Type  |
    +---------+---------+----------+----------+-------+-------+---------+
    |    49318|    49318| 0.197 ms | 0.197 ms |  49318|  49318|   none  |
    +---------+---------+----------+----------+-------+-------+---------+

    + Detail: 
        * Instance: 
        N/A

        * Loop: 
        +--------------+---------+---------+----------+-----------+-----------+-------+----------+
        |              |  Latency (cycles) | Iteration|  Initiation Interval  |  Trip |          |
        |   Loop Name  |   min   |   max   |  Latency |  achieved |   target  | Count | Pipelined|
        +--------------+---------+---------+----------+-----------+-----------+-------+----------+
        |- ScalarLoop  |       32|       32|         2|          1|          1|     32|    yes   |
        |- OutLoop_L   |    49282|    49282|         4|          1|          1|  49280|    yes   |
        +--------------+---------+---------+----------+-----------+-----------+-------+----------+



================================================================
== Utilization Estimates
================================================================
* Summary: 
+---------------------+---------+-------+---------+--------+-----+
|         Name        | BRAM_18K| DSP48E|    FF   |   LUT  | URAM|
+---------------------+---------+-------+---------+--------+-----+
|DSP                  |        -|      -|        -|       -|    -|
|Expression           |        -|      0|        0|     285|    -|
|FIFO                 |        -|      -|        -|       -|    -|
|Instance             |        -|      -|        -|       -|    -|
|Memory               |        0|      -|       16|       4|    0|
|Multiplexer          |        -|      -|        -|     162|    -|
|Register             |        0|      -|      148|      32|    -|
+---------------------+---------+-------+---------+--------+-----+
|Total                |        0|      0|      164|     483|    0|
+---------------------+---------+-------+---------+--------+-----+
|Available SLR        |     1344|   2976|   871680|  435840|  320|
+---------------------+---------+-------+---------+--------+-----+
|Utilization SLR (%)  |        0|      0|    ~0   |   ~0   |    0|
+---------------------+---------+-------+---------+--------+-----+
|Available            |     2688|   5952|  1743360|  871680|  640|
+---------------------+---------+-------+---------+--------+-----+
|Utilization (%)      |        0|      0|    ~0   |   ~0   |    0|
+---------------------+---------+-------+---------+--------+-----+

+ Detail: 
    * Instance: 
    N/A

    * DSP48E: 
    N/A

    * Memory: 
    +------------+----------------------------------------------------------------------+---------+----+----+-----+------+-----+------+-------------+
    |   Memory   |                                Module                                | BRAM_18K| FF | LUT| URAM| Words| Bits| Banks| W*Bits*Banks|
    +------------+----------------------------------------------------------------------+---------+----+----+-----+------+-----+------+-------------+
    |scalar_V_U  |film_single_ap_fixed_ap_fixed_ap_fixed_8_2_4_0_0_config34_s_scalar_V  |        0|  16|   4|    0|    32|    8|     1|          256|
    +------------+----------------------------------------------------------------------+---------+----+----+-----+------+-----+------+-------------+
    |Total       |                                                                      |        0|  16|   4|    0|    32|    8|     1|          256|
    +------------+----------------------------------------------------------------------+---------+----+----+-----+------+-----+------+-------------+

    * FIFO: 
    N/A

    * Expression: 
    +----------------------------------+----------+-------+---+----+------------+------------+
    |           Variable Name          | Operation| DSP48E| FF| LUT| Bitwidth P0| Bitwidth P1|
    +----------------------------------+----------+-------+---+----+------------+------------+
    |mul_ln731_fu_278_p2               |     *    |      0|  0|  49|           9|           8|
    |add_ln104_fu_221_p2               |     +    |      0|  0|  16|          16|           1|
    |add_ln700_fu_314_p2               |     +    |      0|  0|  15|          15|          15|
    |add_ln731_5_fu_308_p2             |     +    |      0|  0|  16|          16|          16|
    |add_ln731_fu_256_p2               |     +    |      0|  0|   9|           7|           9|
    |i_fu_204_p2                       |     +    |      0|  0|   6|           6|           1|
    |j_fu_246_p2                       |     +    |      0|  0|   6|           1|           5|
    |out_data_V_6_fu_396_p2            |     +    |      0|  0|   8|           8|           8|
    |and_ln415_fu_386_p2               |    and   |      0|  0|   2|           1|           1|
    |and_ln779_fu_474_p2               |    and   |      0|  0|   2|           1|           1|
    |and_ln781_fu_499_p2               |    and   |      0|  0|   2|           1|           1|
    |and_ln786_fu_488_p2               |    and   |      0|  0|   2|           1|           1|
    |ap_block_pp0_stage0_11001         |    and   |      0|  0|   2|           1|           1|
    |ap_block_state3_pp0_stage0_iter1  |    and   |      0|  0|   2|           1|           1|
    |ap_block_state6_pp1_stage0_iter1  |    and   |      0|  0|   2|           1|           1|
    |ap_block_state8_pp1_stage0_iter3  |    and   |      0|  0|   2|           1|           1|
    |carry_6_fu_416_p2                 |    and   |      0|  0|   2|           1|           1|
    |overflow_fu_519_p2                |    and   |      0|  0|   2|           1|           1|
    |underflow_fu_536_p2               |    and   |      0|  0|   2|           1|           1|
    |Range1_all_ones_fu_448_p2         |   icmp   |      0|  0|   8|           2|           2|
    |Range1_all_zeros_fu_454_p2        |   icmp   |      0|  0|   8|           2|           1|
    |icmp_ln104_fu_215_p2              |   icmp   |      0|  0|  13|          16|          15|
    |icmp_ln105_fu_227_p2              |   icmp   |      0|  0|  11|           5|           6|
    |icmp_ln99_fu_198_p2               |   icmp   |      0|  0|  11|           6|           7|
    |r_6_fu_358_p2                     |   icmp   |      0|  0|  13|           9|           1|
    |ap_block_pp1_stage0_01001         |    or    |      0|  0|   2|           1|           1|
    |ap_block_state1                   |    or    |      0|  0|   2|           1|           1|
    |or_ln340_11_fu_552_p2             |    or    |      0|  0|   2|           1|           1|
    |or_ln340_12_fu_547_p2             |    or    |      0|  0|   2|           1|           1|
    |or_ln340_fu_541_p2                |    or    |      0|  0|   2|           1|           1|
    |or_ln785_fu_509_p2                |    or    |      0|  0|   2|           1|           1|
    |or_ln786_fu_525_p2                |    or    |      0|  0|   2|           1|           1|
    |r_fu_372_p2                       |    or    |      0|  0|   2|           1|           1|
    |deleted_ones_fu_480_p3            |  select  |      0|  0|   2|           1|           1|
    |deleted_zeros_fu_494_p3           |  select  |      0|  0|   2|           1|           1|
    |res_V_V_din                       |  select  |      0|  0|   8|           1|           8|
    |select_ln105_fu_233_p3            |  select  |      0|  0|   5|           1|           1|
    |select_ln340_fu_558_p3            |  select  |      0|  0|   8|           1|           7|
    |select_ln388_fu_565_p3            |  select  |      0|  0|   9|           1|           9|
    |ap_enable_pp0                     |    xor   |      0|  0|   2|           1|           2|
    |ap_enable_pp1                     |    xor   |      0|  0|   2|           1|           2|
    |ap_enable_reg_pp0_iter1           |    xor   |      0|  0|   2|           2|           1|
    |ap_enable_reg_pp1_iter1           |    xor   |      0|  0|   2|           2|           1|
    |xor_ln108_fu_262_p2               |    xor   |      0|  0|   6|           5|           6|
    |xor_ln416_fu_410_p2               |    xor   |      0|  0|   2|           1|           2|
    |xor_ln779_fu_468_p2               |    xor   |      0|  0|   2|           1|           2|
    |xor_ln785_6_fu_514_p2             |    xor   |      0|  0|   2|           1|           2|
    |xor_ln785_fu_503_p2               |    xor   |      0|  0|   2|           1|           2|
    |xor_ln786_fu_530_p2               |    xor   |      0|  0|   2|           1|           2|
    +----------------------------------+----------+-------+---+----+------------+------------+
    |Total                             |          |      0|  0| 285|         159|         163|
    +----------------------------------+----------+-------+---+----+------------+------------+

    * Multiplexer: 
    +------------------------------+----+-----------+-----+-----------+
    |             Name             | LUT| Input Size| Bits| Total Bits|
    +------------------------------+----+-----------+-----+-----------+
    |ap_NS_fsm                     |  33|          6|    1|          6|
    |ap_done                       |   9|          2|    1|          2|
    |ap_enable_reg_pp0_iter1       |  15|          3|    1|          3|
    |ap_enable_reg_pp1_iter1       |   9|          2|    1|          2|
    |ap_enable_reg_pp1_iter3       |   9|          2|    1|          2|
    |ap_phi_mux_i_0_phi_fu_168_p4  |   9|          2|    6|         12|
    |data1_V_V_blk_n               |   9|          2|    1|          2|
    |data2_V_V_blk_n               |   9|          2|    1|          2|
    |i_0_reg_164                   |   9|          2|    6|         12|
    |indvar_flatten_reg_176        |   9|          2|   16|         32|
    |j_0_reg_187                   |   9|          2|    5|         10|
    |real_start                    |   9|          2|    1|          2|
    |res_V_V_blk_n                 |   9|          2|    1|          2|
    |scalar_V_address0             |  15|          3|    5|         15|
    +------------------------------+----+-----------+-----+-----------+
    |Total                         | 162|         34|   47|        104|
    +------------------------------+----+-----------+-----+-----------+

    * Register: 
    +--------------------------+----+----+-----+-----------+
    |           Name           | FF | LUT| Bits| Const Bits|
    +--------------------------+----+----+-----+-----------+
    |Range1_all_ones_reg_652   |   1|   0|    1|          0|
    |Range1_all_zeros_reg_658  |   1|   0|    1|          0|
    |add_ln731_reg_619         |   9|   0|    9|          0|
    |and_ln786_reg_663         |   1|   0|    1|          0|
    |ap_CS_fsm                 |   5|   0|    5|          0|
    |ap_done_reg               |   1|   0|    1|          0|
    |ap_enable_reg_pp0_iter0   |   1|   0|    1|          0|
    |ap_enable_reg_pp0_iter1   |   1|   0|    1|          0|
    |ap_enable_reg_pp1_iter0   |   1|   0|    1|          0|
    |ap_enable_reg_pp1_iter1   |   1|   0|    1|          0|
    |ap_enable_reg_pp1_iter2   |   1|   0|    1|          0|
    |ap_enable_reg_pp1_iter3   |   1|   0|    1|          0|
    |carry_6_reg_641           |   1|   0|    1|          0|
    |i_0_reg_164               |   6|   0|    6|          0|
    |i_reg_585                 |   6|   0|    6|          0|
    |icmp_ln104_reg_590        |   1|   0|    1|          0|
    |icmp_ln99_reg_581         |   1|   0|    1|          0|
    |indvar_flatten_reg_176    |  16|   0|   16|          0|
    |j_0_reg_187               |   5|   0|    5|          0|
    |out_data_V_6_reg_635      |   8|   0|    8|          0|
    |p_Result_30_reg_629       |   1|   0|    1|          0|
    |p_Result_32_reg_647       |   1|   0|    1|          0|
    |select_ln105_reg_599      |   5|   0|    5|          0|
    |start_once_reg            |   1|   0|    1|          0|
    |tmp_V_103_reg_614         |   8|   0|    8|          0|
    |icmp_ln104_reg_590        |  64|  32|    1|          0|
    +--------------------------+----+----+-----+-----------+
    |Total                     | 148|  32|   85|          0|
    +--------------------------+----+----+-----+-----------+



================================================================
== Interface
================================================================
* Summary: 
+-------------------+-----+-----+------------+-------------------------------------------------------------+--------------+
|     RTL Ports     | Dir | Bits|  Protocol  |                        Source Object                        |    C Type    |
+-------------------+-----+-----+------------+-------------------------------------------------------------+--------------+
|ap_clk             |  in |    1| ap_ctrl_hs | film_single<ap_fixed,ap_fixed,ap_fixed<8,2,4,0,0>,config34> | return value |
|ap_rst             |  in |    1| ap_ctrl_hs | film_single<ap_fixed,ap_fixed,ap_fixed<8,2,4,0,0>,config34> | return value |
|ap_start           |  in |    1| ap_ctrl_hs | film_single<ap_fixed,ap_fixed,ap_fixed<8,2,4,0,0>,config34> | return value |
|start_full_n       |  in |    1| ap_ctrl_hs | film_single<ap_fixed,ap_fixed,ap_fixed<8,2,4,0,0>,config34> | return value |
|ap_done            | out |    1| ap_ctrl_hs | film_single<ap_fixed,ap_fixed,ap_fixed<8,2,4,0,0>,config34> | return value |
|ap_continue        |  in |    1| ap_ctrl_hs | film_single<ap_fixed,ap_fixed,ap_fixed<8,2,4,0,0>,config34> | return value |
|ap_idle            | out |    1| ap_ctrl_hs | film_single<ap_fixed,ap_fixed,ap_fixed<8,2,4,0,0>,config34> | return value |
|ap_ready           | out |    1| ap_ctrl_hs | film_single<ap_fixed,ap_fixed,ap_fixed<8,2,4,0,0>,config34> | return value |
|start_out          | out |    1| ap_ctrl_hs | film_single<ap_fixed,ap_fixed,ap_fixed<8,2,4,0,0>,config34> | return value |
|start_write        | out |    1| ap_ctrl_hs | film_single<ap_fixed,ap_fixed,ap_fixed<8,2,4,0,0>,config34> | return value |
|data1_V_V_dout     |  in |    8|   ap_fifo  |                          data1_V_V                          |    pointer   |
|data1_V_V_empty_n  |  in |    1|   ap_fifo  |                          data1_V_V                          |    pointer   |
|data1_V_V_read     | out |    1|   ap_fifo  |                          data1_V_V                          |    pointer   |
|data2_V_V_dout     |  in |    8|   ap_fifo  |                          data2_V_V                          |    pointer   |
|data2_V_V_empty_n  |  in |    1|   ap_fifo  |                          data2_V_V                          |    pointer   |
|data2_V_V_read     | out |    1|   ap_fifo  |                          data2_V_V                          |    pointer   |
|res_V_V_din        | out |    8|   ap_fifo  |                           res_V_V                           |    pointer   |
|res_V_V_full_n     |  in |    1|   ap_fifo  |                           res_V_V                           |    pointer   |
|res_V_V_write      | out |    1|   ap_fifo  |                           res_V_V                           |    pointer   |
+-------------------+-----+-----+------------+-------------------------------------------------------------+--------------+

