

================================================================
== Vivado HLS Report for 'film_switch_ap_fixed_ap_fixed_ap_fixed_6_2_4_0_0_config34_s'
================================================================
* Date:           Fri Jan 27 14:50:06 2023

* Version:        2019.2 (Build 2704478 on Wed Nov 06 22:10:23 MST 2019)
* Project:        alveo_hls4ml
* Solution:       solution
* Product family: virtexuplus
* Target device:  xcu50-fsvh2104-2L-e


================================================================
== Performance Estimates
================================================================
+ Timing: 
    * Summary: 
    +--------+---------+----------+------------+
    |  Clock |  Target | Estimated| Uncertainty|
    +--------+---------+----------+------------+
    |ap_clk  | 4.00 ns | 2.721 ns |   0.90 ns  |
    +--------+---------+----------+------------+

+ Latency: 
    * Summary: 
    +---------+---------+-----------+-----------+------+------+---------+
    |  Latency (cycles) |   Latency (absolute)  |   Interval  | Pipeline|
    |   min   |   max   |    min    |    max    |  min |  max |   Type  |
    +---------+---------+-----------+-----------+------+------+---------+
    |     3118|     3118| 12.472 us | 12.472 us |  3118|  3118|   none  |
    +---------+---------+-----------+-----------+------+------+---------+

    + Detail: 
        * Instance: 
        N/A

        * Loop: 
        +--------------+---------+---------+----------+-----------+-----------+------+----------+
        |              |  Latency (cycles) | Iteration|  Initiation Interval  | Trip |          |
        |   Loop Name  |   min   |   max   |  Latency |  achieved |   target  | Count| Pipelined|
        +--------------+---------+---------+----------+-----------+-----------+------+----------+
        |- ScalarLoop  |       32|       32|         2|          1|          1|    32|    yes   |
        |- OutLoop     |     3082|     3082|         4|          1|          1|  3080|    yes   |
        +--------------+---------+---------+----------+-----------+-----------+------+----------+



================================================================
== Utilization Estimates
================================================================
* Summary: 
+---------------------+---------+-------+---------+--------+-----+
|         Name        | BRAM_18K| DSP48E|    FF   |   LUT  | URAM|
+---------------------+---------+-------+---------+--------+-----+
|DSP                  |        -|      -|        -|       -|    -|
|Expression           |        -|      0|        0|    2572|    -|
|FIFO                 |        -|      -|        -|       -|    -|
|Instance             |        -|      -|        -|       -|    -|
|Memory               |        -|      -|        -|       -|    -|
|Multiplexer          |        -|      -|        -|     399|    -|
|Register             |        0|      -|     1029|      32|    -|
+---------------------+---------+-------+---------+--------+-----+
|Total                |        0|      0|     1029|    3003|    0|
+---------------------+---------+-------+---------+--------+-----+
|Available SLR        |     1344|   2976|   871680|  435840|  320|
+---------------------+---------+-------+---------+--------+-----+
|Utilization SLR (%)  |        0|      0|    ~0   |   ~0   |    0|
+---------------------+---------+-------+---------+--------+-----+
|Available            |     2688|   5952|  1743360|  871680|  640|
+---------------------+---------+-------+---------+--------+-----+
|Utilization (%)      |        0|      0|    ~0   |   ~0   |    0|
+---------------------+---------+-------+---------+--------+-----+

+ Detail: 
    * Instance: 
    N/A

    * DSP48E: 
    N/A

    * Memory: 
    N/A

    * FIFO: 
    N/A

    * Expression: 
    +----------------------------------+----------+-------+---+----+------------+------------+
    |           Variable Name          | Operation| DSP48E| FF| LUT| Bitwidth P0| Bitwidth P1|
    +----------------------------------+----------+-------+---+----+------------+------------+
    |mul_ln731_10_fu_3349_p2           |     *    |      0|  0|  33|           6|           7|
    |mul_ln731_11_fu_3549_p2           |     *    |      0|  0|  33|           6|           7|
    |mul_ln731_12_fu_3749_p2           |     *    |      0|  0|  33|           6|           7|
    |mul_ln731_13_fu_3949_p2           |     *    |      0|  0|  33|           6|           7|
    |mul_ln731_14_fu_4149_p2           |     *    |      0|  0|  33|           6|           7|
    |mul_ln731_15_fu_4349_p2           |     *    |      0|  0|  33|           6|           7|
    |mul_ln731_1_fu_1549_p2            |     *    |      0|  0|  33|           6|           7|
    |mul_ln731_2_fu_1749_p2            |     *    |      0|  0|  33|           6|           7|
    |mul_ln731_3_fu_1949_p2            |     *    |      0|  0|  33|           6|           7|
    |mul_ln731_4_fu_2149_p2            |     *    |      0|  0|  33|           6|           7|
    |mul_ln731_5_fu_2349_p2            |     *    |      0|  0|  33|           6|           7|
    |mul_ln731_6_fu_2549_p2            |     *    |      0|  0|  33|           6|           7|
    |mul_ln731_7_fu_2749_p2            |     *    |      0|  0|  33|           6|           7|
    |mul_ln731_8_fu_2949_p2            |     *    |      0|  0|  33|           6|           7|
    |mul_ln731_9_fu_3149_p2            |     *    |      0|  0|  33|           6|           7|
    |mul_ln731_fu_1349_p2              |     *    |      0|  0|  33|           6|           7|
    |add_ln415_32_fu_1648_p2           |     +    |      0|  0|   6|           6|           6|
    |add_ln415_33_fu_1848_p2           |     +    |      0|  0|   6|           6|           6|
    |add_ln415_34_fu_2048_p2           |     +    |      0|  0|   6|           6|           6|
    |add_ln415_35_fu_2248_p2           |     +    |      0|  0|   6|           6|           6|
    |add_ln415_36_fu_2448_p2           |     +    |      0|  0|   6|           6|           6|
    |add_ln415_37_fu_2648_p2           |     +    |      0|  0|   6|           6|           6|
    |add_ln415_38_fu_2848_p2           |     +    |      0|  0|   6|           6|           6|
    |add_ln415_39_fu_3048_p2           |     +    |      0|  0|   6|           6|           6|
    |add_ln415_40_fu_3248_p2           |     +    |      0|  0|   6|           6|           6|
    |add_ln415_41_fu_3448_p2           |     +    |      0|  0|   6|           6|           6|
    |add_ln415_42_fu_3648_p2           |     +    |      0|  0|   6|           6|           6|
    |add_ln415_43_fu_3848_p2           |     +    |      0|  0|   6|           6|           6|
    |add_ln415_44_fu_4048_p2           |     +    |      0|  0|   6|           6|           6|
    |add_ln415_45_fu_4248_p2           |     +    |      0|  0|   6|           6|           6|
    |add_ln415_46_fu_4448_p2           |     +    |      0|  0|   6|           6|           6|
    |add_ln415_fu_1448_p2              |     +    |      0|  0|   6|           6|           6|
    |add_ln700_32_fu_1567_p2           |     +    |      0|  0|  11|          11|          11|
    |add_ln700_33_fu_1767_p2           |     +    |      0|  0|  11|          11|          11|
    |add_ln700_34_fu_1967_p2           |     +    |      0|  0|  11|          11|          11|
    |add_ln700_35_fu_2167_p2           |     +    |      0|  0|  11|          11|          11|
    |add_ln700_36_fu_2367_p2           |     +    |      0|  0|  11|          11|          11|
    |add_ln700_37_fu_2567_p2           |     +    |      0|  0|  11|          11|          11|
    |add_ln700_38_fu_2767_p2           |     +    |      0|  0|  11|          11|          11|
    |add_ln700_39_fu_2967_p2           |     +    |      0|  0|  11|          11|          11|
    |add_ln700_40_fu_3167_p2           |     +    |      0|  0|  11|          11|          11|
    |add_ln700_41_fu_3367_p2           |     +    |      0|  0|  11|          11|          11|
    |add_ln700_42_fu_3567_p2           |     +    |      0|  0|  11|          11|          11|
    |add_ln700_43_fu_3767_p2           |     +    |      0|  0|  11|          11|          11|
    |add_ln700_44_fu_3967_p2           |     +    |      0|  0|  11|          11|          11|
    |add_ln700_45_fu_4167_p2           |     +    |      0|  0|  11|          11|          11|
    |add_ln700_46_fu_4367_p2           |     +    |      0|  0|  11|          11|          11|
    |add_ln700_fu_1367_p2              |     +    |      0|  0|  11|          11|          11|
    |add_ln731_10_fu_1118_p2           |     +    |      0|  0|   7|           7|           5|
    |add_ln731_11_fu_1144_p2           |     +    |      0|  0|   7|           7|           5|
    |add_ln731_12_fu_1170_p2           |     +    |      0|  0|   7|           7|           5|
    |add_ln731_13_fu_1196_p2           |     +    |      0|  0|   7|           7|           5|
    |add_ln731_14_fu_1222_p2           |     +    |      0|  0|   7|           7|           5|
    |add_ln731_15_fu_1248_p2           |     +    |      0|  0|   7|           7|           5|
    |add_ln731_1_fu_884_p2             |     +    |      0|  0|   7|           7|           5|
    |add_ln731_2_fu_910_p2             |     +    |      0|  0|   7|           7|           5|
    |add_ln731_3_fu_936_p2             |     +    |      0|  0|   7|           7|           5|
    |add_ln731_4_fu_962_p2             |     +    |      0|  0|   7|           7|           5|
    |add_ln731_56_fu_988_p2            |     +    |      0|  0|   7|           7|           5|
    |add_ln731_64_fu_1362_p2           |     +    |      0|  0|  12|          12|          12|
    |add_ln731_65_fu_1562_p2           |     +    |      0|  0|  12|          12|          12|
    |add_ln731_66_fu_1762_p2           |     +    |      0|  0|  12|          12|          12|
    |add_ln731_67_fu_1962_p2           |     +    |      0|  0|  12|          12|          12|
    |add_ln731_68_fu_2162_p2           |     +    |      0|  0|  12|          12|          12|
    |add_ln731_69_fu_2362_p2           |     +    |      0|  0|  12|          12|          12|
    |add_ln731_6_fu_1014_p2            |     +    |      0|  0|   7|           7|           5|
    |add_ln731_70_fu_2562_p2           |     +    |      0|  0|  12|          12|          12|
    |add_ln731_71_fu_2762_p2           |     +    |      0|  0|  12|          12|          12|
    |add_ln731_72_fu_2962_p2           |     +    |      0|  0|  12|          12|          12|
    |add_ln731_73_fu_3162_p2           |     +    |      0|  0|  12|          12|          12|
    |add_ln731_74_fu_3362_p2           |     +    |      0|  0|  12|          12|          12|
    |add_ln731_75_fu_3562_p2           |     +    |      0|  0|  12|          12|          12|
    |add_ln731_76_fu_3762_p2           |     +    |      0|  0|  12|          12|          12|
    |add_ln731_77_fu_3962_p2           |     +    |      0|  0|  12|          12|          12|
    |add_ln731_78_fu_4162_p2           |     +    |      0|  0|  12|          12|          12|
    |add_ln731_79_fu_4362_p2           |     +    |      0|  0|  12|          12|          12|
    |add_ln731_7_fu_1040_p2            |     +    |      0|  0|   7|           7|           5|
    |add_ln731_8_fu_1066_p2            |     +    |      0|  0|   7|           7|           5|
    |add_ln731_9_fu_1092_p2            |     +    |      0|  0|   7|           7|           5|
    |add_ln731_fu_858_p2               |     +    |      0|  0|   7|           7|           5|
    |i_5_fu_588_p2                     |     +    |      0|  0|   6|           6|           1|
    |i_fu_1340_p2                      |     +    |      0|  0|  12|          12|           1|
    |and_ln415_10_fu_3438_p2           |    and   |      0|  0|   2|           1|           1|
    |and_ln415_11_fu_3638_p2           |    and   |      0|  0|   2|           1|           1|
    |and_ln415_12_fu_3838_p2           |    and   |      0|  0|   2|           1|           1|
    |and_ln415_13_fu_4038_p2           |    and   |      0|  0|   2|           1|           1|
    |and_ln415_14_fu_4238_p2           |    and   |      0|  0|   2|           1|           1|
    |and_ln415_15_fu_4438_p2           |    and   |      0|  0|   2|           1|           1|
    |and_ln415_1_fu_1638_p2            |    and   |      0|  0|   2|           1|           1|
    |and_ln415_2_fu_1838_p2            |    and   |      0|  0|   2|           1|           1|
    |and_ln415_3_fu_2038_p2            |    and   |      0|  0|   2|           1|           1|
    |and_ln415_4_fu_2238_p2            |    and   |      0|  0|   2|           1|           1|
    |and_ln415_5_fu_2438_p2            |    and   |      0|  0|   2|           1|           1|
    |and_ln415_6_fu_2638_p2            |    and   |      0|  0|   2|           1|           1|
    |and_ln415_7_fu_2838_p2            |    and   |      0|  0|   2|           1|           1|
    |and_ln415_8_fu_3038_p2            |    and   |      0|  0|   2|           1|           1|
    |and_ln415_9_fu_3238_p2            |    and   |      0|  0|   2|           1|           1|
    |and_ln415_fu_1438_p2              |    and   |      0|  0|   2|           1|           1|
    |and_ln416_32_fu_1668_p2           |    and   |      0|  0|   2|           1|           1|
    |and_ln416_33_fu_1868_p2           |    and   |      0|  0|   2|           1|           1|
    |and_ln416_34_fu_2068_p2           |    and   |      0|  0|   2|           1|           1|
    |and_ln416_35_fu_2268_p2           |    and   |      0|  0|   2|           1|           1|
    |and_ln416_36_fu_2468_p2           |    and   |      0|  0|   2|           1|           1|
    |and_ln416_37_fu_2668_p2           |    and   |      0|  0|   2|           1|           1|
    |and_ln416_38_fu_2868_p2           |    and   |      0|  0|   2|           1|           1|
    |and_ln416_39_fu_3068_p2           |    and   |      0|  0|   2|           1|           1|
    |and_ln416_40_fu_3268_p2           |    and   |      0|  0|   2|           1|           1|
    |and_ln416_41_fu_3468_p2           |    and   |      0|  0|   2|           1|           1|
    |and_ln416_42_fu_3668_p2           |    and   |      0|  0|   2|           1|           1|
    |and_ln416_43_fu_3868_p2           |    and   |      0|  0|   2|           1|           1|
    |and_ln416_44_fu_4068_p2           |    and   |      0|  0|   2|           1|           1|
    |and_ln416_45_fu_4268_p2           |    and   |      0|  0|   2|           1|           1|
    |and_ln416_46_fu_4468_p2           |    and   |      0|  0|   2|           1|           1|
    |and_ln416_fu_1468_p2              |    and   |      0|  0|   2|           1|           1|
    |and_ln779_10_fu_3526_p2           |    and   |      0|  0|   2|           1|           1|
    |and_ln779_11_fu_3726_p2           |    and   |      0|  0|   2|           1|           1|
    |and_ln779_12_fu_3926_p2           |    and   |      0|  0|   2|           1|           1|
    |and_ln779_13_fu_4126_p2           |    and   |      0|  0|   2|           1|           1|
    |and_ln779_14_fu_4326_p2           |    and   |      0|  0|   2|           1|           1|
    |and_ln779_15_fu_4526_p2           |    and   |      0|  0|   2|           1|           1|
    |and_ln779_1_fu_1726_p2            |    and   |      0|  0|   2|           1|           1|
    |and_ln779_2_fu_1926_p2            |    and   |      0|  0|   2|           1|           1|
    |and_ln779_3_fu_2126_p2            |    and   |      0|  0|   2|           1|           1|
    |and_ln779_4_fu_2326_p2            |    and   |      0|  0|   2|           1|           1|
    |and_ln779_5_fu_2526_p2            |    and   |      0|  0|   2|           1|           1|
    |and_ln779_6_fu_2726_p2            |    and   |      0|  0|   2|           1|           1|
    |and_ln779_7_fu_2926_p2            |    and   |      0|  0|   2|           1|           1|
    |and_ln779_8_fu_3126_p2            |    and   |      0|  0|   2|           1|           1|
    |and_ln779_9_fu_3326_p2            |    and   |      0|  0|   2|           1|           1|
    |and_ln779_fu_1526_p2              |    and   |      0|  0|   2|           1|           1|
    |and_ln781_10_fu_5421_p2           |    and   |      0|  0|   2|           1|           1|
    |and_ln781_11_fu_5508_p2           |    and   |      0|  0|   2|           1|           1|
    |and_ln781_12_fu_5595_p2           |    and   |      0|  0|   2|           1|           1|
    |and_ln781_13_fu_5682_p2           |    and   |      0|  0|   2|           1|           1|
    |and_ln781_14_fu_5769_p2           |    and   |      0|  0|   2|           1|           1|
    |and_ln781_15_fu_5856_p2           |    and   |      0|  0|   2|           1|           1|
    |and_ln781_1_fu_4638_p2            |    and   |      0|  0|   2|           1|           1|
    |and_ln781_2_fu_4725_p2            |    and   |      0|  0|   2|           1|           1|
    |and_ln781_3_fu_4812_p2            |    and   |      0|  0|   2|           1|           1|
    |and_ln781_4_fu_4899_p2            |    and   |      0|  0|   2|           1|           1|
    |and_ln781_5_fu_4986_p2            |    and   |      0|  0|   2|           1|           1|
    |and_ln781_6_fu_5073_p2            |    and   |      0|  0|   2|           1|           1|
    |and_ln781_7_fu_5160_p2            |    and   |      0|  0|   2|           1|           1|
    |and_ln781_8_fu_5247_p2            |    and   |      0|  0|   2|           1|           1|
    |and_ln781_9_fu_5334_p2            |    and   |      0|  0|   2|           1|           1|
    |and_ln781_fu_4551_p2              |    and   |      0|  0|   2|           1|           1|
    |and_ln785_32_fu_4658_p2           |    and   |      0|  0|   2|           1|           1|
    |and_ln785_33_fu_4745_p2           |    and   |      0|  0|   2|           1|           1|
    |and_ln785_34_fu_4832_p2           |    and   |      0|  0|   2|           1|           1|
    |and_ln785_35_fu_4919_p2           |    and   |      0|  0|   2|           1|           1|
    |and_ln785_36_fu_5006_p2           |    and   |      0|  0|   2|           1|           1|
    |and_ln785_37_fu_5093_p2           |    and   |      0|  0|   2|           1|           1|
    |and_ln785_38_fu_5180_p2           |    and   |      0|  0|   2|           1|           1|
    |and_ln785_39_fu_5267_p2           |    and   |      0|  0|   2|           1|           1|
    |and_ln785_40_fu_5354_p2           |    and   |      0|  0|   2|           1|           1|
    |and_ln785_41_fu_5441_p2           |    and   |      0|  0|   2|           1|           1|
    |and_ln785_42_fu_5528_p2           |    and   |      0|  0|   2|           1|           1|
    |and_ln785_43_fu_5615_p2           |    and   |      0|  0|   2|           1|           1|
    |and_ln785_44_fu_5702_p2           |    and   |      0|  0|   2|           1|           1|
    |and_ln785_45_fu_5789_p2           |    and   |      0|  0|   2|           1|           1|
    |and_ln785_46_fu_5876_p2           |    and   |      0|  0|   2|           1|           1|
    |and_ln785_fu_4571_p2              |    and   |      0|  0|   2|           1|           1|
    |and_ln786_10_fu_3540_p2           |    and   |      0|  0|   2|           1|           1|
    |and_ln786_11_fu_3740_p2           |    and   |      0|  0|   2|           1|           1|
    |and_ln786_12_fu_3940_p2           |    and   |      0|  0|   2|           1|           1|
    |and_ln786_13_fu_4140_p2           |    and   |      0|  0|   2|           1|           1|
    |and_ln786_14_fu_4340_p2           |    and   |      0|  0|   2|           1|           1|
    |and_ln786_15_fu_4540_p2           |    and   |      0|  0|   2|           1|           1|
    |and_ln786_1_fu_1740_p2            |    and   |      0|  0|   2|           1|           1|
    |and_ln786_2_fu_1940_p2            |    and   |      0|  0|   2|           1|           1|
    |and_ln786_3_fu_2140_p2            |    and   |      0|  0|   2|           1|           1|
    |and_ln786_4_fu_2340_p2            |    and   |      0|  0|   2|           1|           1|
    |and_ln786_5_fu_2540_p2            |    and   |      0|  0|   2|           1|           1|
    |and_ln786_64_fu_4588_p2           |    and   |      0|  0|   2|           1|           1|
    |and_ln786_65_fu_4675_p2           |    and   |      0|  0|   2|           1|           1|
    |and_ln786_66_fu_4762_p2           |    and   |      0|  0|   2|           1|           1|
    |and_ln786_67_fu_4849_p2           |    and   |      0|  0|   2|           1|           1|
    |and_ln786_68_fu_4936_p2           |    and   |      0|  0|   2|           1|           1|
    |and_ln786_69_fu_5023_p2           |    and   |      0|  0|   2|           1|           1|
    |and_ln786_6_fu_2740_p2            |    and   |      0|  0|   2|           1|           1|
    |and_ln786_70_fu_5110_p2           |    and   |      0|  0|   2|           1|           1|
    |and_ln786_71_fu_5197_p2           |    and   |      0|  0|   2|           1|           1|
    |and_ln786_72_fu_5284_p2           |    and   |      0|  0|   2|           1|           1|
    |and_ln786_73_fu_5371_p2           |    and   |      0|  0|   2|           1|           1|
    |and_ln786_74_fu_5458_p2           |    and   |      0|  0|   2|           1|           1|
    |and_ln786_75_fu_5545_p2           |    and   |      0|  0|   2|           1|           1|
    |and_ln786_76_fu_5632_p2           |    and   |      0|  0|   2|           1|           1|
    |and_ln786_77_fu_5719_p2           |    and   |      0|  0|   2|           1|           1|
    |and_ln786_78_fu_5806_p2           |    and   |      0|  0|   2|           1|           1|
    |and_ln786_79_fu_5893_p2           |    and   |      0|  0|   2|           1|           1|
    |and_ln786_7_fu_2940_p2            |    and   |      0|  0|   2|           1|           1|
    |and_ln786_8_fu_3140_p2            |    and   |      0|  0|   2|           1|           1|
    |and_ln786_9_fu_3340_p2            |    and   |      0|  0|   2|           1|           1|
    |and_ln786_fu_1540_p2              |    and   |      0|  0|   2|           1|           1|
    |ap_block_pp0_stage0_11001         |    and   |      0|  0|   2|           1|           1|
    |icmp_ln131_fu_582_p2              |   icmp   |      0|  0|  11|           6|           7|
    |icmp_ln136_fu_1334_p2             |   icmp   |      0|  0|  13|          12|          11|
    |icmp_ln718_32_fu_1610_p2          |   icmp   |      0|  0|  13|          11|           1|
    |icmp_ln718_33_fu_1810_p2          |   icmp   |      0|  0|  13|          11|           1|
    |icmp_ln718_34_fu_2010_p2          |   icmp   |      0|  0|  13|          11|           1|
    |icmp_ln718_35_fu_2210_p2          |   icmp   |      0|  0|  13|          11|           1|
    |icmp_ln718_36_fu_2410_p2          |   icmp   |      0|  0|  13|          11|           1|
    |icmp_ln718_37_fu_2610_p2          |   icmp   |      0|  0|  13|          11|           1|
    |icmp_ln718_38_fu_2810_p2          |   icmp   |      0|  0|  13|          11|           1|
    |icmp_ln718_39_fu_3010_p2          |   icmp   |      0|  0|  13|          11|           1|
    |icmp_ln718_40_fu_3210_p2          |   icmp   |      0|  0|  13|          11|           1|
    |icmp_ln718_41_fu_3410_p2          |   icmp   |      0|  0|  13|          11|           1|
    |icmp_ln718_42_fu_3610_p2          |   icmp   |      0|  0|  13|          11|           1|
    |icmp_ln718_43_fu_3810_p2          |   icmp   |      0|  0|  13|          11|           1|
    |icmp_ln718_44_fu_4010_p2          |   icmp   |      0|  0|  13|          11|           1|
    |icmp_ln718_45_fu_4210_p2          |   icmp   |      0|  0|  13|          11|           1|
    |icmp_ln718_46_fu_4410_p2          |   icmp   |      0|  0|  13|          11|           1|
    |icmp_ln718_fu_1410_p2             |   icmp   |      0|  0|  13|          11|           1|
    |icmp_ln768_32_fu_1706_p2          |   icmp   |      0|  0|   8|           2|           1|
    |icmp_ln768_33_fu_1906_p2          |   icmp   |      0|  0|   8|           2|           1|
    |icmp_ln768_34_fu_2106_p2          |   icmp   |      0|  0|   8|           2|           1|
    |icmp_ln768_35_fu_2306_p2          |   icmp   |      0|  0|   8|           2|           1|
    |icmp_ln768_36_fu_2506_p2          |   icmp   |      0|  0|   8|           2|           1|
    |icmp_ln768_37_fu_2706_p2          |   icmp   |      0|  0|   8|           2|           1|
    |icmp_ln768_38_fu_2906_p2          |   icmp   |      0|  0|   8|           2|           1|
    |icmp_ln768_39_fu_3106_p2          |   icmp   |      0|  0|   8|           2|           1|
    |icmp_ln768_40_fu_3306_p2          |   icmp   |      0|  0|   8|           2|           1|
    |icmp_ln768_41_fu_3506_p2          |   icmp   |      0|  0|   8|           2|           1|
    |icmp_ln768_42_fu_3706_p2          |   icmp   |      0|  0|   8|           2|           1|
    |icmp_ln768_43_fu_3906_p2          |   icmp   |      0|  0|   8|           2|           1|
    |icmp_ln768_44_fu_4106_p2          |   icmp   |      0|  0|   8|           2|           1|
    |icmp_ln768_45_fu_4306_p2          |   icmp   |      0|  0|   8|           2|           1|
    |icmp_ln768_46_fu_4506_p2          |   icmp   |      0|  0|   8|           2|           1|
    |icmp_ln768_fu_1506_p2             |   icmp   |      0|  0|   8|           2|           1|
    |icmp_ln879_32_fu_1700_p2          |   icmp   |      0|  0|   8|           2|           2|
    |icmp_ln879_33_fu_1900_p2          |   icmp   |      0|  0|   8|           2|           2|
    |icmp_ln879_34_fu_2100_p2          |   icmp   |      0|  0|   8|           2|           2|
    |icmp_ln879_35_fu_2300_p2          |   icmp   |      0|  0|   8|           2|           2|
    |icmp_ln879_36_fu_2500_p2          |   icmp   |      0|  0|   8|           2|           2|
    |icmp_ln879_37_fu_2700_p2          |   icmp   |      0|  0|   8|           2|           2|
    |icmp_ln879_38_fu_2900_p2          |   icmp   |      0|  0|   8|           2|           2|
    |icmp_ln879_39_fu_3100_p2          |   icmp   |      0|  0|   8|           2|           2|
    |icmp_ln879_40_fu_3300_p2          |   icmp   |      0|  0|   8|           2|           2|
    |icmp_ln879_41_fu_3500_p2          |   icmp   |      0|  0|   8|           2|           2|
    |icmp_ln879_42_fu_3700_p2          |   icmp   |      0|  0|   8|           2|           2|
    |icmp_ln879_43_fu_3900_p2          |   icmp   |      0|  0|   8|           2|           2|
    |icmp_ln879_44_fu_4100_p2          |   icmp   |      0|  0|   8|           2|           2|
    |icmp_ln879_45_fu_4300_p2          |   icmp   |      0|  0|   8|           2|           2|
    |icmp_ln879_46_fu_4500_p2          |   icmp   |      0|  0|   8|           2|           2|
    |icmp_ln879_fu_1500_p2             |   icmp   |      0|  0|   8|           2|           2|
    |ap_block_pp1_stage0_01001         |    or    |      0|  0|   2|           1|           1|
    |ap_block_state1                   |    or    |      0|  0|   2|           1|           1|
    |ap_block_state6_pp1_stage0_iter1  |    or    |      0|  0|   2|           1|           1|
    |ap_block_state8_pp1_stage0_iter3  |    or    |      0|  0|   2|           1|           1|
    |or_ln340_100_fu_4778_p2           |    or    |      0|  0|   2|           1|           1|
    |or_ln340_101_fu_4773_p2           |    or    |      0|  0|   2|           1|           1|
    |or_ln340_102_fu_4865_p2           |    or    |      0|  0|   2|           1|           1|
    |or_ln340_103_fu_4860_p2           |    or    |      0|  0|   2|           1|           1|
    |or_ln340_104_fu_4952_p2           |    or    |      0|  0|   2|           1|           1|
    |or_ln340_105_fu_4947_p2           |    or    |      0|  0|   2|           1|           1|
    |or_ln340_106_fu_5039_p2           |    or    |      0|  0|   2|           1|           1|
    |or_ln340_107_fu_5034_p2           |    or    |      0|  0|   2|           1|           1|
    |or_ln340_108_fu_5126_p2           |    or    |      0|  0|   2|           1|           1|
    |or_ln340_109_fu_5121_p2           |    or    |      0|  0|   2|           1|           1|
    |or_ln340_10_fu_5463_p2            |    or    |      0|  0|   2|           1|           1|
    |or_ln340_110_fu_5213_p2           |    or    |      0|  0|   2|           1|           1|
    |or_ln340_111_fu_5208_p2           |    or    |      0|  0|   2|           1|           1|
    |or_ln340_112_fu_5300_p2           |    or    |      0|  0|   2|           1|           1|
    |or_ln340_113_fu_5295_p2           |    or    |      0|  0|   2|           1|           1|
    |or_ln340_114_fu_5387_p2           |    or    |      0|  0|   2|           1|           1|
    |or_ln340_115_fu_5382_p2           |    or    |      0|  0|   2|           1|           1|
    |or_ln340_116_fu_5474_p2           |    or    |      0|  0|   2|           1|           1|
    |or_ln340_117_fu_5469_p2           |    or    |      0|  0|   2|           1|           1|
    |or_ln340_118_fu_5550_p2           |    or    |      0|  0|   2|           1|           1|
    |or_ln340_119_fu_5561_p2           |    or    |      0|  0|   2|           1|           1|
    |or_ln340_120_fu_5556_p2           |    or    |      0|  0|   2|           1|           1|
    |or_ln340_121_fu_5637_p2           |    or    |      0|  0|   2|           1|           1|
    |or_ln340_122_fu_5648_p2           |    or    |      0|  0|   2|           1|           1|
    |or_ln340_123_fu_5643_p2           |    or    |      0|  0|   2|           1|           1|
    |or_ln340_124_fu_5735_p2           |    or    |      0|  0|   2|           1|           1|
    |or_ln340_125_fu_5730_p2           |    or    |      0|  0|   2|           1|           1|
    |or_ln340_126_fu_5822_p2           |    or    |      0|  0|   2|           1|           1|
    |or_ln340_127_fu_5817_p2           |    or    |      0|  0|   2|           1|           1|
    |or_ln340_128_fu_5909_p2           |    or    |      0|  0|   2|           1|           1|
    |or_ln340_129_fu_5904_p2           |    or    |      0|  0|   2|           1|           1|
    |or_ln340_13_fu_5724_p2            |    or    |      0|  0|   2|           1|           1|
    |or_ln340_14_fu_5811_p2            |    or    |      0|  0|   2|           1|           1|
    |or_ln340_15_fu_5898_p2            |    or    |      0|  0|   2|           1|           1|
    |or_ln340_1_fu_4680_p2             |    or    |      0|  0|   2|           1|           1|
    |or_ln340_2_fu_4767_p2             |    or    |      0|  0|   2|           1|           1|
    |or_ln340_3_fu_4854_p2             |    or    |      0|  0|   2|           1|           1|
    |or_ln340_4_fu_4941_p2             |    or    |      0|  0|   2|           1|           1|
    |or_ln340_5_fu_5028_p2             |    or    |      0|  0|   2|           1|           1|
    |or_ln340_6_fu_5115_p2             |    or    |      0|  0|   2|           1|           1|
    |or_ln340_7_fu_5202_p2             |    or    |      0|  0|   2|           1|           1|
    |or_ln340_8_fu_5289_p2             |    or    |      0|  0|   2|           1|           1|
    |or_ln340_96_fu_4604_p2            |    or    |      0|  0|   2|           1|           1|
    |or_ln340_97_fu_4599_p2            |    or    |      0|  0|   2|           1|           1|
    |or_ln340_98_fu_4691_p2            |    or    |      0|  0|   2|           1|           1|
    |or_ln340_99_fu_4686_p2            |    or    |      0|  0|   2|           1|           1|
    |or_ln340_9_fu_5376_p2             |    or    |      0|  0|   2|           1|           1|
    |or_ln340_fu_4593_p2               |    or    |      0|  0|   2|           1|           1|
    |or_ln412_32_fu_1624_p2            |    or    |      0|  0|   2|           1|           1|
    |or_ln412_33_fu_1824_p2            |    or    |      0|  0|   2|           1|           1|
    |or_ln412_34_fu_2024_p2            |    or    |      0|  0|   2|           1|           1|
    |or_ln412_35_fu_2224_p2            |    or    |      0|  0|   2|           1|           1|
    |or_ln412_36_fu_2424_p2            |    or    |      0|  0|   2|           1|           1|
    |or_ln412_37_fu_2624_p2            |    or    |      0|  0|   2|           1|           1|
    |or_ln412_38_fu_2824_p2            |    or    |      0|  0|   2|           1|           1|
    |or_ln412_39_fu_3024_p2            |    or    |      0|  0|   2|           1|           1|
    |or_ln412_40_fu_3224_p2            |    or    |      0|  0|   2|           1|           1|
    |or_ln412_41_fu_3424_p2            |    or    |      0|  0|   2|           1|           1|
    |or_ln412_42_fu_3624_p2            |    or    |      0|  0|   2|           1|           1|
    |or_ln412_43_fu_3824_p2            |    or    |      0|  0|   2|           1|           1|
    |or_ln412_44_fu_4024_p2            |    or    |      0|  0|   2|           1|           1|
    |or_ln412_45_fu_4224_p2            |    or    |      0|  0|   2|           1|           1|
    |or_ln412_46_fu_4424_p2            |    or    |      0|  0|   2|           1|           1|
    |or_ln412_fu_1424_p2               |    or    |      0|  0|   2|           1|           1|
    |or_ln785_10_fu_5431_p2            |    or    |      0|  0|   2|           1|           1|
    |or_ln785_11_fu_5518_p2            |    or    |      0|  0|   2|           1|           1|
    |or_ln785_12_fu_5605_p2            |    or    |      0|  0|   2|           1|           1|
    |or_ln785_13_fu_5692_p2            |    or    |      0|  0|   2|           1|           1|
    |or_ln785_14_fu_5779_p2            |    or    |      0|  0|   2|           1|           1|
    |or_ln785_15_fu_5866_p2            |    or    |      0|  0|   2|           1|           1|
    |or_ln785_1_fu_4648_p2             |    or    |      0|  0|   2|           1|           1|
    |or_ln785_2_fu_4735_p2             |    or    |      0|  0|   2|           1|           1|
    |or_ln785_3_fu_4822_p2             |    or    |      0|  0|   2|           1|           1|
    |or_ln785_4_fu_4909_p2             |    or    |      0|  0|   2|           1|           1|
    |or_ln785_5_fu_4996_p2             |    or    |      0|  0|   2|           1|           1|
    |or_ln785_6_fu_5083_p2             |    or    |      0|  0|   2|           1|           1|
    |or_ln785_7_fu_5170_p2             |    or    |      0|  0|   2|           1|           1|
    |or_ln785_8_fu_5257_p2             |    or    |      0|  0|   2|           1|           1|
    |or_ln785_9_fu_5344_p2             |    or    |      0|  0|   2|           1|           1|
    |or_ln785_fu_4561_p2               |    or    |      0|  0|   2|           1|           1|
    |or_ln786_32_fu_4664_p2            |    or    |      0|  0|   2|           1|           1|
    |or_ln786_33_fu_4751_p2            |    or    |      0|  0|   2|           1|           1|
    |or_ln786_34_fu_4838_p2            |    or    |      0|  0|   2|           1|           1|
    |or_ln786_35_fu_4925_p2            |    or    |      0|  0|   2|           1|           1|
    |or_ln786_36_fu_5012_p2            |    or    |      0|  0|   2|           1|           1|
    |or_ln786_37_fu_5099_p2            |    or    |      0|  0|   2|           1|           1|
    |or_ln786_38_fu_5186_p2            |    or    |      0|  0|   2|           1|           1|
    |or_ln786_39_fu_5273_p2            |    or    |      0|  0|   2|           1|           1|
    |or_ln786_40_fu_5360_p2            |    or    |      0|  0|   2|           1|           1|
    |or_ln786_41_fu_5447_p2            |    or    |      0|  0|   2|           1|           1|
    |or_ln786_42_fu_5534_p2            |    or    |      0|  0|   2|           1|           1|
    |or_ln786_43_fu_5621_p2            |    or    |      0|  0|   2|           1|           1|
    |or_ln786_44_fu_5708_p2            |    or    |      0|  0|   2|           1|           1|
    |or_ln786_45_fu_5795_p2            |    or    |      0|  0|   2|           1|           1|
    |or_ln786_46_fu_5882_p2            |    or    |      0|  0|   2|           1|           1|
    |or_ln786_fu_4577_p2               |    or    |      0|  0|   2|           1|           1|
    |res_0_V_V_din                     |  select  |      0|  0|   6|           1|           6|
    |res_10_V_V_din                    |  select  |      0|  0|   6|           1|           6|
    |res_11_V_V_din                    |  select  |      0|  0|   6|           1|           6|
    |res_12_V_V_din                    |  select  |      0|  0|   6|           1|           6|
    |res_13_V_V_din                    |  select  |      0|  0|   6|           1|           6|
    |res_14_V_V_din                    |  select  |      0|  0|   6|           1|           6|
    |res_15_V_V_din                    |  select  |      0|  0|   6|           1|           6|
    |res_1_V_V_din                     |  select  |      0|  0|   6|           1|           6|
    |res_2_V_V_din                     |  select  |      0|  0|   6|           1|           6|
    |res_3_V_V_din                     |  select  |      0|  0|   6|           1|           6|
    |res_4_V_V_din                     |  select  |      0|  0|   6|           1|           6|
    |res_5_V_V_din                     |  select  |      0|  0|   6|           1|           6|
    |res_6_V_V_din                     |  select  |      0|  0|   6|           1|           6|
    |res_7_V_V_din                     |  select  |      0|  0|   6|           1|           6|
    |res_8_V_V_din                     |  select  |      0|  0|   6|           1|           6|
    |res_9_V_V_din                     |  select  |      0|  0|   6|           1|           6|
    |select_ln340_10_fu_5480_p3        |  select  |      0|  0|   6|           1|           5|
    |select_ln340_11_fu_5567_p3        |  select  |      0|  0|   6|           1|           5|
    |select_ln340_12_fu_5654_p3        |  select  |      0|  0|   6|           1|           5|
    |select_ln340_13_fu_5741_p3        |  select  |      0|  0|   6|           1|           5|
    |select_ln340_14_fu_5828_p3        |  select  |      0|  0|   6|           1|           5|
    |select_ln340_15_fu_5915_p3        |  select  |      0|  0|   6|           1|           5|
    |select_ln340_1_fu_4697_p3         |  select  |      0|  0|   6|           1|           5|
    |select_ln340_2_fu_4784_p3         |  select  |      0|  0|   6|           1|           5|
    |select_ln340_3_fu_4871_p3         |  select  |      0|  0|   6|           1|           5|
    |select_ln340_4_fu_4958_p3         |  select  |      0|  0|   6|           1|           5|
    |select_ln340_5_fu_5045_p3         |  select  |      0|  0|   6|           1|           5|
    |select_ln340_6_fu_5132_p3         |  select  |      0|  0|   6|           1|           5|
    |select_ln340_7_fu_5219_p3         |  select  |      0|  0|   6|           1|           5|
    |select_ln340_8_fu_5306_p3         |  select  |      0|  0|   6|           1|           5|
    |select_ln340_9_fu_5393_p3         |  select  |      0|  0|   6|           1|           5|
    |select_ln340_fu_4610_p3           |  select  |      0|  0|   6|           1|           5|
    |select_ln388_10_fu_5487_p3        |  select  |      0|  0|   7|           1|           7|
    |select_ln388_11_fu_5574_p3        |  select  |      0|  0|   7|           1|           7|
    |select_ln388_12_fu_5661_p3        |  select  |      0|  0|   7|           1|           7|
    |select_ln388_13_fu_5748_p3        |  select  |      0|  0|   7|           1|           7|
    |select_ln388_14_fu_5835_p3        |  select  |      0|  0|   7|           1|           7|
    |select_ln388_15_fu_5922_p3        |  select  |      0|  0|   7|           1|           7|
    |select_ln388_1_fu_4704_p3         |  select  |      0|  0|   7|           1|           7|
    |select_ln388_2_fu_4791_p3         |  select  |      0|  0|   7|           1|           7|
    |select_ln388_3_fu_4878_p3         |  select  |      0|  0|   7|           1|           7|
    |select_ln388_4_fu_4965_p3         |  select  |      0|  0|   7|           1|           7|
    |select_ln388_5_fu_5052_p3         |  select  |      0|  0|   7|           1|           7|
    |select_ln388_6_fu_5139_p3         |  select  |      0|  0|   7|           1|           7|
    |select_ln388_7_fu_5226_p3         |  select  |      0|  0|   7|           1|           7|
    |select_ln388_8_fu_5313_p3         |  select  |      0|  0|   7|           1|           7|
    |select_ln388_9_fu_5400_p3         |  select  |      0|  0|   7|           1|           7|
    |select_ln388_fu_4617_p3           |  select  |      0|  0|   7|           1|           7|
    |select_ln416_32_fu_1732_p3        |  select  |      0|  0|   2|           1|           1|
    |select_ln416_33_fu_1932_p3        |  select  |      0|  0|   2|           1|           1|
    |select_ln416_34_fu_2132_p3        |  select  |      0|  0|   2|           1|           1|
    |select_ln416_35_fu_2332_p3        |  select  |      0|  0|   2|           1|           1|
    |select_ln416_36_fu_2532_p3        |  select  |      0|  0|   2|           1|           1|
    |select_ln416_37_fu_2732_p3        |  select  |      0|  0|   2|           1|           1|
    |select_ln416_38_fu_2932_p3        |  select  |      0|  0|   2|           1|           1|
    |select_ln416_39_fu_3132_p3        |  select  |      0|  0|   2|           1|           1|
    |select_ln416_40_fu_3332_p3        |  select  |      0|  0|   2|           1|           1|
    |select_ln416_41_fu_3532_p3        |  select  |      0|  0|   2|           1|           1|
    |select_ln416_42_fu_3732_p3        |  select  |      0|  0|   2|           1|           1|
    |select_ln416_43_fu_3932_p3        |  select  |      0|  0|   2|           1|           1|
    |select_ln416_44_fu_4132_p3        |  select  |      0|  0|   2|           1|           1|
    |select_ln416_45_fu_4332_p3        |  select  |      0|  0|   2|           1|           1|
    |select_ln416_46_fu_4532_p3        |  select  |      0|  0|   2|           1|           1|
    |select_ln416_fu_1532_p3           |  select  |      0|  0|   2|           1|           1|
    |select_ln777_32_fu_4633_p3        |  select  |      0|  0|   2|           1|           1|
    |select_ln777_33_fu_4720_p3        |  select  |      0|  0|   2|           1|           1|
    |select_ln777_34_fu_4807_p3        |  select  |      0|  0|   2|           1|           1|
    |select_ln777_35_fu_4894_p3        |  select  |      0|  0|   2|           1|           1|
    |select_ln777_36_fu_4981_p3        |  select  |      0|  0|   2|           1|           1|
    |select_ln777_37_fu_5068_p3        |  select  |      0|  0|   2|           1|           1|
    |select_ln777_38_fu_5155_p3        |  select  |      0|  0|   2|           1|           1|
    |select_ln777_39_fu_5242_p3        |  select  |      0|  0|   2|           1|           1|
    |select_ln777_40_fu_5329_p3        |  select  |      0|  0|   2|           1|           1|
    |select_ln777_41_fu_5416_p3        |  select  |      0|  0|   2|           1|           1|
    |select_ln777_42_fu_5503_p3        |  select  |      0|  0|   2|           1|           1|
    |select_ln777_43_fu_5590_p3        |  select  |      0|  0|   2|           1|           1|
    |select_ln777_44_fu_5677_p3        |  select  |      0|  0|   2|           1|           1|
    |select_ln777_45_fu_5764_p3        |  select  |      0|  0|   2|           1|           1|
    |select_ln777_46_fu_5851_p3        |  select  |      0|  0|   2|           1|           1|
    |select_ln777_fu_4546_p3           |  select  |      0|  0|   2|           1|           1|
    |ap_enable_pp0                     |    xor   |      0|  0|   2|           1|           2|
    |ap_enable_pp1                     |    xor   |      0|  0|   2|           1|           2|
    |ap_enable_reg_pp0_iter1           |    xor   |      0|  0|   2|           2|           1|
    |ap_enable_reg_pp1_iter1           |    xor   |      0|  0|   2|           2|           1|
    |xor_ln416_32_fu_1662_p2           |    xor   |      0|  0|   2|           1|           2|
    |xor_ln416_33_fu_1862_p2           |    xor   |      0|  0|   2|           1|           2|
    |xor_ln416_34_fu_2062_p2           |    xor   |      0|  0|   2|           1|           2|
    |xor_ln416_35_fu_2262_p2           |    xor   |      0|  0|   2|           1|           2|
    |xor_ln416_36_fu_2462_p2           |    xor   |      0|  0|   2|           1|           2|
    |xor_ln416_37_fu_2662_p2           |    xor   |      0|  0|   2|           1|           2|
    |xor_ln416_38_fu_2862_p2           |    xor   |      0|  0|   2|           1|           2|
    |xor_ln416_39_fu_3062_p2           |    xor   |      0|  0|   2|           1|           2|
    |xor_ln416_40_fu_3262_p2           |    xor   |      0|  0|   2|           1|           2|
    |xor_ln416_41_fu_3462_p2           |    xor   |      0|  0|   2|           1|           2|
    |xor_ln416_42_fu_3662_p2           |    xor   |      0|  0|   2|           1|           2|
    |xor_ln416_43_fu_3862_p2           |    xor   |      0|  0|   2|           1|           2|
    |xor_ln416_44_fu_4062_p2           |    xor   |      0|  0|   2|           1|           2|
    |xor_ln416_45_fu_4262_p2           |    xor   |      0|  0|   2|           1|           2|
    |xor_ln416_46_fu_4462_p2           |    xor   |      0|  0|   2|           1|           2|
    |xor_ln416_fu_1462_p2              |    xor   |      0|  0|   2|           1|           2|
    |xor_ln779_32_fu_1720_p2           |    xor   |      0|  0|   2|           1|           2|
    |xor_ln779_33_fu_1920_p2           |    xor   |      0|  0|   2|           1|           2|
    |xor_ln779_34_fu_2120_p2           |    xor   |      0|  0|   2|           1|           2|
    |xor_ln779_35_fu_2320_p2           |    xor   |      0|  0|   2|           1|           2|
    |xor_ln779_36_fu_2520_p2           |    xor   |      0|  0|   2|           1|           2|
    |xor_ln779_37_fu_2720_p2           |    xor   |      0|  0|   2|           1|           2|
    |xor_ln779_38_fu_2920_p2           |    xor   |      0|  0|   2|           1|           2|
    |xor_ln779_39_fu_3120_p2           |    xor   |      0|  0|   2|           1|           2|
    |xor_ln779_40_fu_3320_p2           |    xor   |      0|  0|   2|           1|           2|
    |xor_ln779_41_fu_3520_p2           |    xor   |      0|  0|   2|           1|           2|
    |xor_ln779_42_fu_3720_p2           |    xor   |      0|  0|   2|           1|           2|
    |xor_ln779_43_fu_3920_p2           |    xor   |      0|  0|   2|           1|           2|
    |xor_ln779_44_fu_4120_p2           |    xor   |      0|  0|   2|           1|           2|
    |xor_ln779_45_fu_4320_p2           |    xor   |      0|  0|   2|           1|           2|
    |xor_ln779_46_fu_4520_p2           |    xor   |      0|  0|   2|           1|           2|
    |xor_ln779_fu_1520_p2              |    xor   |      0|  0|   2|           1|           2|
    |xor_ln785_10_fu_5425_p2           |    xor   |      0|  0|   2|           1|           2|
    |xor_ln785_11_fu_5512_p2           |    xor   |      0|  0|   2|           1|           2|
    |xor_ln785_12_fu_5599_p2           |    xor   |      0|  0|   2|           1|           2|
    |xor_ln785_13_fu_5686_p2           |    xor   |      0|  0|   2|           1|           2|
    |xor_ln785_14_fu_5773_p2           |    xor   |      0|  0|   2|           1|           2|
    |xor_ln785_15_fu_5860_p2           |    xor   |      0|  0|   2|           1|           2|
    |xor_ln785_1_fu_4642_p2            |    xor   |      0|  0|   2|           1|           2|
    |xor_ln785_2_fu_4729_p2            |    xor   |      0|  0|   2|           1|           2|
    |xor_ln785_3_fu_4816_p2            |    xor   |      0|  0|   2|           1|           2|
    |xor_ln785_4_fu_4903_p2            |    xor   |      0|  0|   2|           1|           2|
    |xor_ln785_5_fu_4990_p2            |    xor   |      0|  0|   2|           1|           2|
    |xor_ln785_64_fu_4566_p2           |    xor   |      0|  0|   2|           1|           2|
    |xor_ln785_65_fu_4653_p2           |    xor   |      0|  0|   2|           1|           2|
    |xor_ln785_66_fu_4740_p2           |    xor   |      0|  0|   2|           1|           2|
    |xor_ln785_67_fu_5077_p2           |    xor   |      0|  0|   2|           1|           2|
    |xor_ln785_68_fu_4827_p2           |    xor   |      0|  0|   2|           1|           2|
    |xor_ln785_69_fu_4914_p2           |    xor   |      0|  0|   2|           1|           2|
    |xor_ln785_70_fu_5001_p2           |    xor   |      0|  0|   2|           1|           2|
    |xor_ln785_71_fu_5088_p2           |    xor   |      0|  0|   2|           1|           2|
    |xor_ln785_72_fu_5175_p2           |    xor   |      0|  0|   2|           1|           2|
    |xor_ln785_73_fu_5262_p2           |    xor   |      0|  0|   2|           1|           2|
    |xor_ln785_74_fu_5349_p2           |    xor   |      0|  0|   2|           1|           2|
    |xor_ln785_75_fu_5436_p2           |    xor   |      0|  0|   2|           1|           2|
    |xor_ln785_76_fu_5523_p2           |    xor   |      0|  0|   2|           1|           2|
    |xor_ln785_77_fu_5610_p2           |    xor   |      0|  0|   2|           1|           2|
    |xor_ln785_78_fu_5697_p2           |    xor   |      0|  0|   2|           1|           2|
    |xor_ln785_79_fu_5784_p2           |    xor   |      0|  0|   2|           1|           2|
    |xor_ln785_7_fu_5164_p2            |    xor   |      0|  0|   2|           1|           2|
    |xor_ln785_80_fu_5871_p2           |    xor   |      0|  0|   2|           1|           2|
    |xor_ln785_8_fu_5251_p2            |    xor   |      0|  0|   2|           1|           2|
    |xor_ln785_9_fu_5338_p2            |    xor   |      0|  0|   2|           1|           2|
    |xor_ln785_fu_4555_p2              |    xor   |      0|  0|   2|           1|           2|
    |xor_ln786_32_fu_4669_p2           |    xor   |      0|  0|   2|           1|           2|
    |xor_ln786_33_fu_4756_p2           |    xor   |      0|  0|   2|           1|           2|
    |xor_ln786_34_fu_4843_p2           |    xor   |      0|  0|   2|           1|           2|
    |xor_ln786_35_fu_4930_p2           |    xor   |      0|  0|   2|           1|           2|
    |xor_ln786_36_fu_5017_p2           |    xor   |      0|  0|   2|           1|           2|
    |xor_ln786_37_fu_5104_p2           |    xor   |      0|  0|   2|           1|           2|
    |xor_ln786_38_fu_5191_p2           |    xor   |      0|  0|   2|           1|           2|
    |xor_ln786_39_fu_5278_p2           |    xor   |      0|  0|   2|           1|           2|
    |xor_ln786_40_fu_5365_p2           |    xor   |      0|  0|   2|           1|           2|
    |xor_ln786_41_fu_5452_p2           |    xor   |      0|  0|   2|           1|           2|
    |xor_ln786_42_fu_5539_p2           |    xor   |      0|  0|   2|           1|           2|
    |xor_ln786_43_fu_5626_p2           |    xor   |      0|  0|   2|           1|           2|
    |xor_ln786_44_fu_5713_p2           |    xor   |      0|  0|   2|           1|           2|
    |xor_ln786_45_fu_5800_p2           |    xor   |      0|  0|   2|           1|           2|
    |xor_ln786_46_fu_5887_p2           |    xor   |      0|  0|   2|           1|           2|
    |xor_ln786_fu_4582_p2              |    xor   |      0|  0|   2|           1|           2|
    +----------------------------------+----------+-------+---+----+------------+------------+
    |Total                             |          |      0|  0|2572|        1327|        1439|
    +----------------------------------+----------+-------+---+----+------------+------------+

    * Multiplexer: 
    +-------------------------+----+-----------+-----+-----------+
    |           Name          | LUT| Input Size| Bits| Total Bits|
    +-------------------------+----+-----------+-----+-----------+
    |ap_NS_fsm                |  33|          6|    1|          6|
    |ap_done                  |   9|          2|    1|          2|
    |ap_enable_reg_pp0_iter1  |  15|          3|    1|          3|
    |ap_enable_reg_pp1_iter1  |   9|          2|    1|          2|
    |ap_enable_reg_pp1_iter3  |   9|          2|    1|          2|
    |data1_0_V_V_blk_n        |   9|          2|    1|          2|
    |data1_10_V_V_blk_n       |   9|          2|    1|          2|
    |data1_11_V_V_blk_n       |   9|          2|    1|          2|
    |data1_12_V_V_blk_n       |   9|          2|    1|          2|
    |data1_13_V_V_blk_n       |   9|          2|    1|          2|
    |data1_14_V_V_blk_n       |   9|          2|    1|          2|
    |data1_15_V_V_blk_n       |   9|          2|    1|          2|
    |data1_1_V_V_blk_n        |   9|          2|    1|          2|
    |data1_2_V_V_blk_n        |   9|          2|    1|          2|
    |data1_3_V_V_blk_n        |   9|          2|    1|          2|
    |data1_4_V_V_blk_n        |   9|          2|    1|          2|
    |data1_5_V_V_blk_n        |   9|          2|    1|          2|
    |data1_6_V_V_blk_n        |   9|          2|    1|          2|
    |data1_7_V_V_blk_n        |   9|          2|    1|          2|
    |data1_8_V_V_blk_n        |   9|          2|    1|          2|
    |data1_9_V_V_blk_n        |   9|          2|    1|          2|
    |data2_V_V_blk_n          |   9|          2|    1|          2|
    |i1_0_i_reg_571           |   9|          2|   12|         24|
    |i_0_i_reg_560            |   9|          2|    6|         12|
    |real_start               |   9|          2|    1|          2|
    |res_0_V_V_blk_n          |   9|          2|    1|          2|
    |res_10_V_V_blk_n         |   9|          2|    1|          2|
    |res_11_V_V_blk_n         |   9|          2|    1|          2|
    |res_12_V_V_blk_n         |   9|          2|    1|          2|
    |res_13_V_V_blk_n         |   9|          2|    1|          2|
    |res_14_V_V_blk_n         |   9|          2|    1|          2|
    |res_15_V_V_blk_n         |   9|          2|    1|          2|
    |res_1_V_V_blk_n          |   9|          2|    1|          2|
    |res_2_V_V_blk_n          |   9|          2|    1|          2|
    |res_3_V_V_blk_n          |   9|          2|    1|          2|
    |res_4_V_V_blk_n          |   9|          2|    1|          2|
    |res_5_V_V_blk_n          |   9|          2|    1|          2|
    |res_6_V_V_blk_n          |   9|          2|    1|          2|
    |res_7_V_V_blk_n          |   9|          2|    1|          2|
    |res_8_V_V_blk_n          |   9|          2|    1|          2|
    |res_9_V_V_blk_n          |   9|          2|    1|          2|
    +-------------------------+----+-----------+-----+-----------+
    |Total                    | 399|         87|   57|        119|
    +-------------------------+----+-----------+-----+-----------+

    * Register: 
    +-------------------------+----+----+-----+-----------+
    |           Name          | FF | LUT| Bits| Const Bits|
    +-------------------------+----+----+-----+-----------+
    |add_ln415_32_reg_6518    |   6|   0|    6|          0|
    |add_ln415_33_reg_6558    |   6|   0|    6|          0|
    |add_ln415_34_reg_6598    |   6|   0|    6|          0|
    |add_ln415_35_reg_6638    |   6|   0|    6|          0|
    |add_ln415_36_reg_6678    |   6|   0|    6|          0|
    |add_ln415_37_reg_6718    |   6|   0|    6|          0|
    |add_ln415_38_reg_6758    |   6|   0|    6|          0|
    |add_ln415_39_reg_6798    |   6|   0|    6|          0|
    |add_ln415_40_reg_6838    |   6|   0|    6|          0|
    |add_ln415_41_reg_6878    |   6|   0|    6|          0|
    |add_ln415_42_reg_6918    |   6|   0|    6|          0|
    |add_ln415_43_reg_6958    |   6|   0|    6|          0|
    |add_ln415_44_reg_6998    |   6|   0|    6|          0|
    |add_ln415_45_reg_7038    |   6|   0|    6|          0|
    |add_ln415_46_reg_7078    |   6|   0|    6|          0|
    |add_ln415_reg_6478       |   6|   0|    6|          0|
    |and_ln416_32_reg_6524    |   1|   0|    1|          0|
    |and_ln416_33_reg_6564    |   1|   0|    1|          0|
    |and_ln416_34_reg_6604    |   1|   0|    1|          0|
    |and_ln416_35_reg_6644    |   1|   0|    1|          0|
    |and_ln416_36_reg_6684    |   1|   0|    1|          0|
    |and_ln416_37_reg_6724    |   1|   0|    1|          0|
    |and_ln416_38_reg_6764    |   1|   0|    1|          0|
    |and_ln416_39_reg_6804    |   1|   0|    1|          0|
    |and_ln416_40_reg_6844    |   1|   0|    1|          0|
    |and_ln416_41_reg_6884    |   1|   0|    1|          0|
    |and_ln416_42_reg_6924    |   1|   0|    1|          0|
    |and_ln416_43_reg_6964    |   1|   0|    1|          0|
    |and_ln416_44_reg_7004    |   1|   0|    1|          0|
    |and_ln416_45_reg_7044    |   1|   0|    1|          0|
    |and_ln416_46_reg_7084    |   1|   0|    1|          0|
    |and_ln416_reg_6484       |   1|   0|    1|          0|
    |and_ln786_10_reg_6906    |   1|   0|    1|          0|
    |and_ln786_11_reg_6946    |   1|   0|    1|          0|
    |and_ln786_12_reg_6986    |   1|   0|    1|          0|
    |and_ln786_13_reg_7026    |   1|   0|    1|          0|
    |and_ln786_14_reg_7066    |   1|   0|    1|          0|
    |and_ln786_15_reg_7106    |   1|   0|    1|          0|
    |and_ln786_1_reg_6546     |   1|   0|    1|          0|
    |and_ln786_2_reg_6586     |   1|   0|    1|          0|
    |and_ln786_3_reg_6626     |   1|   0|    1|          0|
    |and_ln786_4_reg_6666     |   1|   0|    1|          0|
    |and_ln786_5_reg_6706     |   1|   0|    1|          0|
    |and_ln786_6_reg_6746     |   1|   0|    1|          0|
    |and_ln786_7_reg_6786     |   1|   0|    1|          0|
    |and_ln786_8_reg_6826     |   1|   0|    1|          0|
    |and_ln786_9_reg_6866     |   1|   0|    1|          0|
    |and_ln786_reg_6506       |   1|   0|    1|          0|
    |ap_CS_fsm                |   5|   0|    5|          0|
    |ap_done_reg              |   1|   0|    1|          0|
    |ap_enable_reg_pp0_iter0  |   1|   0|    1|          0|
    |ap_enable_reg_pp0_iter1  |   1|   0|    1|          0|
    |ap_enable_reg_pp1_iter0  |   1|   0|    1|          0|
    |ap_enable_reg_pp1_iter1  |   1|   0|    1|          0|
    |ap_enable_reg_pp1_iter2  |   1|   0|    1|          0|
    |ap_enable_reg_pp1_iter3  |   1|   0|    1|          0|
    |i1_0_i_reg_571           |  12|   0|   12|          0|
    |i_0_i_reg_560            |   6|   0|    6|          0|
    |icmp_ln136_reg_6383      |   1|   0|    1|          0|
    |icmp_ln768_32_reg_6541   |   1|   0|    1|          0|
    |icmp_ln768_33_reg_6581   |   1|   0|    1|          0|
    |icmp_ln768_34_reg_6621   |   1|   0|    1|          0|
    |icmp_ln768_35_reg_6661   |   1|   0|    1|          0|
    |icmp_ln768_36_reg_6701   |   1|   0|    1|          0|
    |icmp_ln768_37_reg_6741   |   1|   0|    1|          0|
    |icmp_ln768_38_reg_6781   |   1|   0|    1|          0|
    |icmp_ln768_39_reg_6821   |   1|   0|    1|          0|
    |icmp_ln768_40_reg_6861   |   1|   0|    1|          0|
    |icmp_ln768_41_reg_6901   |   1|   0|    1|          0|
    |icmp_ln768_42_reg_6941   |   1|   0|    1|          0|
    |icmp_ln768_43_reg_6981   |   1|   0|    1|          0|
    |icmp_ln768_44_reg_7021   |   1|   0|    1|          0|
    |icmp_ln768_45_reg_7061   |   1|   0|    1|          0|
    |icmp_ln768_46_reg_7101   |   1|   0|    1|          0|
    |icmp_ln768_reg_6501      |   1|   0|    1|          0|
    |icmp_ln879_32_reg_6535   |   1|   0|    1|          0|
    |icmp_ln879_33_reg_6575   |   1|   0|    1|          0|
    |icmp_ln879_34_reg_6615   |   1|   0|    1|          0|
    |icmp_ln879_35_reg_6655   |   1|   0|    1|          0|
    |icmp_ln879_36_reg_6695   |   1|   0|    1|          0|
    |icmp_ln879_37_reg_6735   |   1|   0|    1|          0|
    |icmp_ln879_38_reg_6775   |   1|   0|    1|          0|
    |icmp_ln879_39_reg_6815   |   1|   0|    1|          0|
    |icmp_ln879_40_reg_6855   |   1|   0|    1|          0|
    |icmp_ln879_41_reg_6895   |   1|   0|    1|          0|
    |icmp_ln879_42_reg_6935   |   1|   0|    1|          0|
    |icmp_ln879_43_reg_6975   |   1|   0|    1|          0|
    |icmp_ln879_44_reg_7015   |   1|   0|    1|          0|
    |icmp_ln879_45_reg_7055   |   1|   0|    1|          0|
    |icmp_ln879_46_reg_7095   |   1|   0|    1|          0|
    |icmp_ln879_reg_6495      |   1|   0|    1|          0|
    |sext_ln731_172_reg_6143  |  13|   0|   13|          0|
    |sext_ln731_173_reg_6148  |   8|   0|   12|          4|
    |sext_ln731_175_reg_6153  |  13|   0|   13|          0|
    |sext_ln731_176_reg_6158  |   8|   0|   12|          4|
    |sext_ln731_178_reg_6163  |  13|   0|   13|          0|
    |sext_ln731_179_reg_6168  |   8|   0|   12|          4|
    |sext_ln731_181_reg_6173  |  13|   0|   13|          0|
    |sext_ln731_182_reg_6178  |   8|   0|   12|          4|
    |sext_ln731_184_reg_6183  |  13|   0|   13|          0|
    |sext_ln731_185_reg_6188  |   8|   0|   12|          4|
    |sext_ln731_187_reg_6193  |  13|   0|   13|          0|
    |sext_ln731_188_reg_6198  |   8|   0|   12|          4|
    |sext_ln731_190_reg_6203  |  13|   0|   13|          0|
    |sext_ln731_191_reg_6208  |   8|   0|   12|          4|
    |sext_ln731_193_reg_6213  |  13|   0|   13|          0|
    |sext_ln731_194_reg_6218  |   8|   0|   12|          4|
    |sext_ln731_196_reg_6223  |  13|   0|   13|          0|
    |sext_ln731_197_reg_6228  |   8|   0|   12|          4|
    |sext_ln731_199_reg_6233  |  13|   0|   13|          0|
    |sext_ln731_200_reg_6238  |   8|   0|   12|          4|
    |sext_ln731_202_reg_6243  |  13|   0|   13|          0|
    |sext_ln731_203_reg_6248  |   8|   0|   12|          4|
    |sext_ln731_205_reg_6253  |  13|   0|   13|          0|
    |sext_ln731_206_reg_6258  |   8|   0|   12|          4|
    |sext_ln731_208_reg_6263  |  13|   0|   13|          0|
    |sext_ln731_209_reg_6268  |   8|   0|   12|          4|
    |sext_ln731_211_reg_6273  |  13|   0|   13|          0|
    |sext_ln731_212_reg_6278  |   8|   0|   12|          4|
    |sext_ln731_214_reg_6283  |  13|   0|   13|          0|
    |sext_ln731_215_reg_6288  |   8|   0|   12|          4|
    |sext_ln731_217_reg_6293  |  13|   0|   13|          0|
    |sext_ln731_218_reg_6298  |   8|   0|   12|          4|
    |sext_ln731_220_reg_6303  |   7|   0|   11|          4|
    |sext_ln731_222_reg_6308  |   7|   0|   11|          4|
    |sext_ln731_224_reg_6313  |   7|   0|   11|          4|
    |sext_ln731_226_reg_6318  |   7|   0|   11|          4|
    |sext_ln731_228_reg_6323  |   7|   0|   11|          4|
    |sext_ln731_230_reg_6328  |   7|   0|   11|          4|
    |sext_ln731_232_reg_6333  |   7|   0|   11|          4|
    |sext_ln731_234_reg_6338  |   7|   0|   11|          4|
    |sext_ln731_236_reg_6343  |   7|   0|   11|          4|
    |sext_ln731_238_reg_6348  |   7|   0|   11|          4|
    |sext_ln731_240_reg_6353  |   7|   0|   11|          4|
    |sext_ln731_242_reg_6358  |   7|   0|   11|          4|
    |sext_ln731_244_reg_6363  |   7|   0|   11|          4|
    |sext_ln731_246_reg_6368  |   7|   0|   11|          4|
    |sext_ln731_248_reg_6373  |   7|   0|   11|          4|
    |sext_ln731_250_reg_6378  |   7|   0|   11|          4|
    |start_once_reg           |   1|   0|    1|          0|
    |tmp_312_reg_6472         |   1|   0|    1|          0|
    |tmp_317_reg_6490         |   1|   0|    1|          0|
    |tmp_320_reg_6512         |   1|   0|    1|          0|
    |tmp_325_reg_6530         |   1|   0|    1|          0|
    |tmp_328_reg_6552         |   1|   0|    1|          0|
    |tmp_333_reg_6570         |   1|   0|    1|          0|
    |tmp_336_reg_6592         |   1|   0|    1|          0|
    |tmp_341_reg_6610         |   1|   0|    1|          0|
    |tmp_344_reg_6632         |   1|   0|    1|          0|
    |tmp_349_reg_6650         |   1|   0|    1|          0|
    |tmp_352_reg_6672         |   1|   0|    1|          0|
    |tmp_357_reg_6690         |   1|   0|    1|          0|
    |tmp_360_reg_6712         |   1|   0|    1|          0|
    |tmp_365_reg_6730         |   1|   0|    1|          0|
    |tmp_368_reg_6752         |   1|   0|    1|          0|
    |tmp_373_reg_6770         |   1|   0|    1|          0|
    |tmp_376_reg_6792         |   1|   0|    1|          0|
    |tmp_381_reg_6810         |   1|   0|    1|          0|
    |tmp_384_reg_6832         |   1|   0|    1|          0|
    |tmp_389_reg_6850         |   1|   0|    1|          0|
    |tmp_392_reg_6872         |   1|   0|    1|          0|
    |tmp_397_reg_6890         |   1|   0|    1|          0|
    |tmp_400_reg_6912         |   1|   0|    1|          0|
    |tmp_405_reg_6930         |   1|   0|    1|          0|
    |tmp_408_reg_6952         |   1|   0|    1|          0|
    |tmp_413_reg_6970         |   1|   0|    1|          0|
    |tmp_416_reg_6992         |   1|   0|    1|          0|
    |tmp_421_reg_7010         |   1|   0|    1|          0|
    |tmp_424_reg_7032         |   1|   0|    1|          0|
    |tmp_429_reg_7050         |   1|   0|    1|          0|
    |tmp_432_reg_7072         |   1|   0|    1|          0|
    |tmp_437_reg_7090         |   1|   0|    1|          0|
    |tmp_V_832_fu_222         |   6|   0|    6|          0|
    |tmp_V_833_fu_226         |   6|   0|    6|          0|
    |tmp_V_834_fu_230         |   6|   0|    6|          0|
    |tmp_V_835_fu_234         |   6|   0|    6|          0|
    |tmp_V_836_fu_238         |   6|   0|    6|          0|
    |tmp_V_837_fu_242         |   6|   0|    6|          0|
    |tmp_V_838_fu_246         |   6|   0|    6|          0|
    |tmp_V_839_fu_250         |   6|   0|    6|          0|
    |tmp_V_840_fu_254         |   6|   0|    6|          0|
    |tmp_V_841_fu_258         |   6|   0|    6|          0|
    |tmp_V_842_fu_262         |   6|   0|    6|          0|
    |tmp_V_843_fu_266         |   6|   0|    6|          0|
    |tmp_V_844_fu_270         |   6|   0|    6|          0|
    |tmp_V_845_fu_274         |   6|   0|    6|          0|
    |tmp_V_846_fu_278         |   6|   0|    6|          0|
    |tmp_V_847_fu_282         |   6|   0|    6|          0|
    |tmp_V_848_fu_286         |   6|   0|    6|          0|
    |tmp_V_849_fu_290         |   6|   0|    6|          0|
    |tmp_V_850_fu_294         |   6|   0|    6|          0|
    |tmp_V_851_fu_298         |   6|   0|    6|          0|
    |tmp_V_852_fu_302         |   6|   0|    6|          0|
    |tmp_V_853_fu_306         |   6|   0|    6|          0|
    |tmp_V_854_fu_310         |   6|   0|    6|          0|
    |tmp_V_855_fu_314         |   6|   0|    6|          0|
    |tmp_V_856_fu_318         |   6|   0|    6|          0|
    |tmp_V_857_fu_322         |   6|   0|    6|          0|
    |tmp_V_858_fu_326         |   6|   0|    6|          0|
    |tmp_V_859_fu_330         |   6|   0|    6|          0|
    |tmp_V_860_fu_334         |   6|   0|    6|          0|
    |tmp_V_861_fu_338         |   6|   0|    6|          0|
    |tmp_V_862_fu_342         |   6|   0|    6|          0|
    |tmp_V_864_reg_6392       |   6|   0|    6|          0|
    |tmp_V_866_reg_6397       |   6|   0|    6|          0|
    |tmp_V_868_reg_6402       |   6|   0|    6|          0|
    |tmp_V_870_reg_6407       |   6|   0|    6|          0|
    |tmp_V_872_reg_6412       |   6|   0|    6|          0|
    |tmp_V_874_reg_6417       |   6|   0|    6|          0|
    |tmp_V_876_reg_6422       |   6|   0|    6|          0|
    |tmp_V_878_reg_6427       |   6|   0|    6|          0|
    |tmp_V_880_reg_6432       |   6|   0|    6|          0|
    |tmp_V_882_reg_6437       |   6|   0|    6|          0|
    |tmp_V_884_reg_6442       |   6|   0|    6|          0|
    |tmp_V_886_reg_6447       |   6|   0|    6|          0|
    |tmp_V_888_reg_6452       |   6|   0|    6|          0|
    |tmp_V_890_reg_6457       |   6|   0|    6|          0|
    |tmp_V_892_reg_6462       |   6|   0|    6|          0|
    |tmp_V_894_reg_6467       |   6|   0|    6|          0|
    |tmp_V_fu_218             |   6|   0|    6|          0|
    |trunc_ln203_reg_6139     |   5|   0|    5|          0|
    |icmp_ln136_reg_6383      |  64|  32|    1|          0|
    +-------------------------+----+----+-----+-----------+
    |Total                    |1029|  32| 1094|        128|
    +-------------------------+----+----+-----+-----------+



================================================================
== Interface
================================================================
* Summary: 
+----------------------+-----+-----+------------+-------------------------------------------------------------+--------------+
|       RTL Ports      | Dir | Bits|  Protocol  |                        Source Object                        |    C Type    |
+----------------------+-----+-----+------------+-------------------------------------------------------------+--------------+
|ap_clk                |  in |    1| ap_ctrl_hs | film_switch<ap_fixed,ap_fixed,ap_fixed<6,2,4,0,0>,config34> | return value |
|ap_rst                |  in |    1| ap_ctrl_hs | film_switch<ap_fixed,ap_fixed,ap_fixed<6,2,4,0,0>,config34> | return value |
|ap_start              |  in |    1| ap_ctrl_hs | film_switch<ap_fixed,ap_fixed,ap_fixed<6,2,4,0,0>,config34> | return value |
|start_full_n          |  in |    1| ap_ctrl_hs | film_switch<ap_fixed,ap_fixed,ap_fixed<6,2,4,0,0>,config34> | return value |
|ap_done               | out |    1| ap_ctrl_hs | film_switch<ap_fixed,ap_fixed,ap_fixed<6,2,4,0,0>,config34> | return value |
|ap_continue           |  in |    1| ap_ctrl_hs | film_switch<ap_fixed,ap_fixed,ap_fixed<6,2,4,0,0>,config34> | return value |
|ap_idle               | out |    1| ap_ctrl_hs | film_switch<ap_fixed,ap_fixed,ap_fixed<6,2,4,0,0>,config34> | return value |
|ap_ready              | out |    1| ap_ctrl_hs | film_switch<ap_fixed,ap_fixed,ap_fixed<6,2,4,0,0>,config34> | return value |
|start_out             | out |    1| ap_ctrl_hs | film_switch<ap_fixed,ap_fixed,ap_fixed<6,2,4,0,0>,config34> | return value |
|start_write           | out |    1| ap_ctrl_hs | film_switch<ap_fixed,ap_fixed,ap_fixed<6,2,4,0,0>,config34> | return value |
|data1_0_V_V_dout      |  in |    6|   ap_fifo  |                         data1_0_V_V                         |    pointer   |
|data1_0_V_V_empty_n   |  in |    1|   ap_fifo  |                         data1_0_V_V                         |    pointer   |
|data1_0_V_V_read      | out |    1|   ap_fifo  |                         data1_0_V_V                         |    pointer   |
|data1_1_V_V_dout      |  in |    6|   ap_fifo  |                         data1_1_V_V                         |    pointer   |
|data1_1_V_V_empty_n   |  in |    1|   ap_fifo  |                         data1_1_V_V                         |    pointer   |
|data1_1_V_V_read      | out |    1|   ap_fifo  |                         data1_1_V_V                         |    pointer   |
|data1_2_V_V_dout      |  in |    6|   ap_fifo  |                         data1_2_V_V                         |    pointer   |
|data1_2_V_V_empty_n   |  in |    1|   ap_fifo  |                         data1_2_V_V                         |    pointer   |
|data1_2_V_V_read      | out |    1|   ap_fifo  |                         data1_2_V_V                         |    pointer   |
|data1_3_V_V_dout      |  in |    6|   ap_fifo  |                         data1_3_V_V                         |    pointer   |
|data1_3_V_V_empty_n   |  in |    1|   ap_fifo  |                         data1_3_V_V                         |    pointer   |
|data1_3_V_V_read      | out |    1|   ap_fifo  |                         data1_3_V_V                         |    pointer   |
|data1_4_V_V_dout      |  in |    6|   ap_fifo  |                         data1_4_V_V                         |    pointer   |
|data1_4_V_V_empty_n   |  in |    1|   ap_fifo  |                         data1_4_V_V                         |    pointer   |
|data1_4_V_V_read      | out |    1|   ap_fifo  |                         data1_4_V_V                         |    pointer   |
|data1_5_V_V_dout      |  in |    6|   ap_fifo  |                         data1_5_V_V                         |    pointer   |
|data1_5_V_V_empty_n   |  in |    1|   ap_fifo  |                         data1_5_V_V                         |    pointer   |
|data1_5_V_V_read      | out |    1|   ap_fifo  |                         data1_5_V_V                         |    pointer   |
|data1_6_V_V_dout      |  in |    6|   ap_fifo  |                         data1_6_V_V                         |    pointer   |
|data1_6_V_V_empty_n   |  in |    1|   ap_fifo  |                         data1_6_V_V                         |    pointer   |
|data1_6_V_V_read      | out |    1|   ap_fifo  |                         data1_6_V_V                         |    pointer   |
|data1_7_V_V_dout      |  in |    6|   ap_fifo  |                         data1_7_V_V                         |    pointer   |
|data1_7_V_V_empty_n   |  in |    1|   ap_fifo  |                         data1_7_V_V                         |    pointer   |
|data1_7_V_V_read      | out |    1|   ap_fifo  |                         data1_7_V_V                         |    pointer   |
|data1_8_V_V_dout      |  in |    6|   ap_fifo  |                         data1_8_V_V                         |    pointer   |
|data1_8_V_V_empty_n   |  in |    1|   ap_fifo  |                         data1_8_V_V                         |    pointer   |
|data1_8_V_V_read      | out |    1|   ap_fifo  |                         data1_8_V_V                         |    pointer   |
|data1_9_V_V_dout      |  in |    6|   ap_fifo  |                         data1_9_V_V                         |    pointer   |
|data1_9_V_V_empty_n   |  in |    1|   ap_fifo  |                         data1_9_V_V                         |    pointer   |
|data1_9_V_V_read      | out |    1|   ap_fifo  |                         data1_9_V_V                         |    pointer   |
|data1_10_V_V_dout     |  in |    6|   ap_fifo  |                         data1_10_V_V                        |    pointer   |
|data1_10_V_V_empty_n  |  in |    1|   ap_fifo  |                         data1_10_V_V                        |    pointer   |
|data1_10_V_V_read     | out |    1|   ap_fifo  |                         data1_10_V_V                        |    pointer   |
|data1_11_V_V_dout     |  in |    6|   ap_fifo  |                         data1_11_V_V                        |    pointer   |
|data1_11_V_V_empty_n  |  in |    1|   ap_fifo  |                         data1_11_V_V                        |    pointer   |
|data1_11_V_V_read     | out |    1|   ap_fifo  |                         data1_11_V_V                        |    pointer   |
|data1_12_V_V_dout     |  in |    6|   ap_fifo  |                         data1_12_V_V                        |    pointer   |
|data1_12_V_V_empty_n  |  in |    1|   ap_fifo  |                         data1_12_V_V                        |    pointer   |
|data1_12_V_V_read     | out |    1|   ap_fifo  |                         data1_12_V_V                        |    pointer   |
|data1_13_V_V_dout     |  in |    6|   ap_fifo  |                         data1_13_V_V                        |    pointer   |
|data1_13_V_V_empty_n  |  in |    1|   ap_fifo  |                         data1_13_V_V                        |    pointer   |
|data1_13_V_V_read     | out |    1|   ap_fifo  |                         data1_13_V_V                        |    pointer   |
|data1_14_V_V_dout     |  in |    6|   ap_fifo  |                         data1_14_V_V                        |    pointer   |
|data1_14_V_V_empty_n  |  in |    1|   ap_fifo  |                         data1_14_V_V                        |    pointer   |
|data1_14_V_V_read     | out |    1|   ap_fifo  |                         data1_14_V_V                        |    pointer   |
|data1_15_V_V_dout     |  in |    6|   ap_fifo  |                         data1_15_V_V                        |    pointer   |
|data1_15_V_V_empty_n  |  in |    1|   ap_fifo  |                         data1_15_V_V                        |    pointer   |
|data1_15_V_V_read     | out |    1|   ap_fifo  |                         data1_15_V_V                        |    pointer   |
|data2_V_V_dout        |  in |    6|   ap_fifo  |                          data2_V_V                          |    pointer   |
|data2_V_V_empty_n     |  in |    1|   ap_fifo  |                          data2_V_V                          |    pointer   |
|data2_V_V_read        | out |    1|   ap_fifo  |                          data2_V_V                          |    pointer   |
|res_0_V_V_din         | out |    6|   ap_fifo  |                          res_0_V_V                          |    pointer   |
|res_0_V_V_full_n      |  in |    1|   ap_fifo  |                          res_0_V_V                          |    pointer   |
|res_0_V_V_write       | out |    1|   ap_fifo  |                          res_0_V_V                          |    pointer   |
|res_1_V_V_din         | out |    6|   ap_fifo  |                          res_1_V_V                          |    pointer   |
|res_1_V_V_full_n      |  in |    1|   ap_fifo  |                          res_1_V_V                          |    pointer   |
|res_1_V_V_write       | out |    1|   ap_fifo  |                          res_1_V_V                          |    pointer   |
|res_2_V_V_din         | out |    6|   ap_fifo  |                          res_2_V_V                          |    pointer   |
|res_2_V_V_full_n      |  in |    1|   ap_fifo  |                          res_2_V_V                          |    pointer   |
|res_2_V_V_write       | out |    1|   ap_fifo  |                          res_2_V_V                          |    pointer   |
|res_3_V_V_din         | out |    6|   ap_fifo  |                          res_3_V_V                          |    pointer   |
|res_3_V_V_full_n      |  in |    1|   ap_fifo  |                          res_3_V_V                          |    pointer   |
|res_3_V_V_write       | out |    1|   ap_fifo  |                          res_3_V_V                          |    pointer   |
|res_4_V_V_din         | out |    6|   ap_fifo  |                          res_4_V_V                          |    pointer   |
|res_4_V_V_full_n      |  in |    1|   ap_fifo  |                          res_4_V_V                          |    pointer   |
|res_4_V_V_write       | out |    1|   ap_fifo  |                          res_4_V_V                          |    pointer   |
|res_5_V_V_din         | out |    6|   ap_fifo  |                          res_5_V_V                          |    pointer   |
|res_5_V_V_full_n      |  in |    1|   ap_fifo  |                          res_5_V_V                          |    pointer   |
|res_5_V_V_write       | out |    1|   ap_fifo  |                          res_5_V_V                          |    pointer   |
|res_6_V_V_din         | out |    6|   ap_fifo  |                          res_6_V_V                          |    pointer   |
|res_6_V_V_full_n      |  in |    1|   ap_fifo  |                          res_6_V_V                          |    pointer   |
|res_6_V_V_write       | out |    1|   ap_fifo  |                          res_6_V_V                          |    pointer   |
|res_7_V_V_din         | out |    6|   ap_fifo  |                          res_7_V_V                          |    pointer   |
|res_7_V_V_full_n      |  in |    1|   ap_fifo  |                          res_7_V_V                          |    pointer   |
|res_7_V_V_write       | out |    1|   ap_fifo  |                          res_7_V_V                          |    pointer   |
|res_8_V_V_din         | out |    6|   ap_fifo  |                          res_8_V_V                          |    pointer   |
|res_8_V_V_full_n      |  in |    1|   ap_fifo  |                          res_8_V_V                          |    pointer   |
|res_8_V_V_write       | out |    1|   ap_fifo  |                          res_8_V_V                          |    pointer   |
|res_9_V_V_din         | out |    6|   ap_fifo  |                          res_9_V_V                          |    pointer   |
|res_9_V_V_full_n      |  in |    1|   ap_fifo  |                          res_9_V_V                          |    pointer   |
|res_9_V_V_write       | out |    1|   ap_fifo  |                          res_9_V_V                          |    pointer   |
|res_10_V_V_din        | out |    6|   ap_fifo  |                          res_10_V_V                         |    pointer   |
|res_10_V_V_full_n     |  in |    1|   ap_fifo  |                          res_10_V_V                         |    pointer   |
|res_10_V_V_write      | out |    1|   ap_fifo  |                          res_10_V_V                         |    pointer   |
|res_11_V_V_din        | out |    6|   ap_fifo  |                          res_11_V_V                         |    pointer   |
|res_11_V_V_full_n     |  in |    1|   ap_fifo  |                          res_11_V_V                         |    pointer   |
|res_11_V_V_write      | out |    1|   ap_fifo  |                          res_11_V_V                         |    pointer   |
|res_12_V_V_din        | out |    6|   ap_fifo  |                          res_12_V_V                         |    pointer   |
|res_12_V_V_full_n     |  in |    1|   ap_fifo  |                          res_12_V_V                         |    pointer   |
|res_12_V_V_write      | out |    1|   ap_fifo  |                          res_12_V_V                         |    pointer   |
|res_13_V_V_din        | out |    6|   ap_fifo  |                          res_13_V_V                         |    pointer   |
|res_13_V_V_full_n     |  in |    1|   ap_fifo  |                          res_13_V_V                         |    pointer   |
|res_13_V_V_write      | out |    1|   ap_fifo  |                          res_13_V_V                         |    pointer   |
|res_14_V_V_din        | out |    6|   ap_fifo  |                          res_14_V_V                         |    pointer   |
|res_14_V_V_full_n     |  in |    1|   ap_fifo  |                          res_14_V_V                         |    pointer   |
|res_14_V_V_write      | out |    1|   ap_fifo  |                          res_14_V_V                         |    pointer   |
|res_15_V_V_din        | out |    6|   ap_fifo  |                          res_15_V_V                         |    pointer   |
|res_15_V_V_full_n     |  in |    1|   ap_fifo  |                          res_15_V_V                         |    pointer   |
|res_15_V_V_write      | out |    1|   ap_fifo  |                          res_15_V_V                         |    pointer   |
+----------------------+-----+-----+------------+-------------------------------------------------------------+--------------+

