

================================================================
== Vivado HLS Report for 'film_switch_ap_fixed_ap_fixed_ap_fixed_6_2_4_0_0_config53_s'
================================================================
* Date:           Fri Jan 27 15:15:30 2023

* Version:        2019.2 (Build 2704478 on Wed Nov 06 22:10:23 MST 2019)
* Project:        alveo_hls4ml
* Solution:       solution
* Product family: virtexuplus
* Target device:  xcu50-fsvh2104-2L-e


================================================================
== Performance Estimates
================================================================
+ Timing: 
    * Summary: 
    +--------+---------+----------+------------+
    |  Clock |  Target | Estimated| Uncertainty|
    +--------+---------+----------+------------+
    |ap_clk  | 4.00 ns | 2.721 ns |   0.90 ns  |
    +--------+---------+----------+------------+

+ Latency: 
    * Summary: 
    +---------+---------+-----------+-----------+-------+-------+---------+
    |  Latency (cycles) |   Latency (absolute)  |    Interval   | Pipeline|
    |   min   |   max   |    min    |    max    |  min  |  max  |   Type  |
    +---------+---------+-----------+-----------+-------+-------+---------+
    |    11782|    11782| 47.128 us | 47.128 us |  11782|  11782|   none  |
    +---------+---------+-----------+-----------+-------+-------+---------+

    + Detail: 
        * Instance: 
        N/A

        * Loop: 
        +--------------+---------+---------+----------+-----------+-----------+-------+----------+
        |              |  Latency (cycles) | Iteration|  Initiation Interval  |  Trip |          |
        |   Loop Name  |   min   |   max   |  Latency |  achieved |   target  | Count | Pipelined|
        +--------------+---------+---------+----------+-----------+-----------+-------+----------+
        |- ScalarLoop  |      128|      128|         2|          1|          1|    128|    yes   |
        |- OutLoop_L   |    11650|    11650|         4|          1|          1|  11648|    yes   |
        +--------------+---------+---------+----------+-----------+-----------+-------+----------+



================================================================
== Utilization Estimates
================================================================
* Summary: 
+---------------------+---------+-------+---------+--------+-----+
|         Name        | BRAM_18K| DSP48E|    FF   |   LUT  | URAM|
+---------------------+---------+-------+---------+--------+-----+
|DSP                  |        -|      -|        -|       -|    -|
|Expression           |        -|      0|        0|     258|    -|
|FIFO                 |        -|      -|        -|       -|    -|
|Instance             |        -|      -|        -|       -|    -|
|Memory               |        0|      -|       12|      12|    0|
|Multiplexer          |        -|      -|        -|     162|    -|
|Register             |        0|      -|      148|      32|    -|
+---------------------+---------+-------+---------+--------+-----+
|Total                |        0|      0|      160|     464|    0|
+---------------------+---------+-------+---------+--------+-----+
|Available SLR        |     1344|   2976|   871680|  435840|  320|
+---------------------+---------+-------+---------+--------+-----+
|Utilization SLR (%)  |        0|      0|    ~0   |   ~0   |    0|
+---------------------+---------+-------+---------+--------+-----+
|Available            |     2688|   5952|  1743360|  871680|  640|
+---------------------+---------+-------+---------+--------+-----+
|Utilization (%)      |        0|      0|    ~0   |   ~0   |    0|
+---------------------+---------+-------+---------+--------+-----+

+ Detail: 
    * Instance: 
    N/A

    * DSP48E: 
    N/A

    * Memory: 
    +------------+----------------------------------------------------------------------+---------+----+----+-----+------+-----+------+-------------+
    |   Memory   |                                Module                                | BRAM_18K| FF | LUT| URAM| Words| Bits| Banks| W*Bits*Banks|
    +------------+----------------------------------------------------------------------+---------+----+----+-----+------+-----+------+-------------+
    |scalar_V_U  |film_switch_ap_fixed_ap_fixed_ap_fixed_6_2_4_0_0_config53_s_scalar_V  |        0|  12|  12|    0|   128|    6|     1|          768|
    +------------+----------------------------------------------------------------------+---------+----+----+-----+------+-----+------+-------------+
    |Total       |                                                                      |        0|  12|  12|    0|   128|    6|     1|          768|
    +------------+----------------------------------------------------------------------+---------+----+----+-----+------+-----+------+-------------+

    * FIFO: 
    N/A

    * Expression: 
    +----------------------------------+----------+-------+---+----+------------+------------+
    |           Variable Name          | Operation| DSP48E| FF| LUT| Bitwidth P0| Bitwidth P1|
    +----------------------------------+----------+-------+---+----+------------+------------+
    |mul_ln731_fu_276_p2               |     *    |      0|  0|  33|           7|           6|
    |add_ln106_fu_219_p2               |     +    |      0|  0|  14|          14|           1|
    |add_ln700_fu_312_p2               |     +    |      0|  0|  11|          11|          11|
    |add_ln731_3_fu_306_p2             |     +    |      0|  0|  12|          12|          12|
    |add_ln731_fu_254_p2               |     +    |      0|  0|   7|           5|           7|
    |i_fu_202_p2                       |     +    |      0|  0|   8|           8|           1|
    |j_fu_244_p2                       |     +    |      0|  0|   7|           1|           7|
    |out_data_V_4_fu_394_p2            |     +    |      0|  0|   6|           6|           6|
    |and_ln415_fu_384_p2               |    and   |      0|  0|   2|           1|           1|
    |and_ln779_fu_472_p2               |    and   |      0|  0|   2|           1|           1|
    |and_ln781_fu_497_p2               |    and   |      0|  0|   2|           1|           1|
    |and_ln786_fu_486_p2               |    and   |      0|  0|   2|           1|           1|
    |ap_block_pp0_stage0_11001         |    and   |      0|  0|   2|           1|           1|
    |ap_block_state3_pp0_stage0_iter1  |    and   |      0|  0|   2|           1|           1|
    |ap_block_state6_pp1_stage0_iter1  |    and   |      0|  0|   2|           1|           1|
    |ap_block_state8_pp1_stage0_iter3  |    and   |      0|  0|   2|           1|           1|
    |carry_4_fu_414_p2                 |    and   |      0|  0|   2|           1|           1|
    |overflow_fu_517_p2                |    and   |      0|  0|   2|           1|           1|
    |underflow_fu_534_p2               |    and   |      0|  0|   2|           1|           1|
    |Range1_all_ones_fu_446_p2         |   icmp   |      0|  0|   8|           2|           2|
    |Range1_all_zeros_fu_452_p2        |   icmp   |      0|  0|   8|           2|           1|
    |icmp_ln101_fu_196_p2              |   icmp   |      0|  0|  13|           8|           9|
    |icmp_ln106_fu_213_p2              |   icmp   |      0|  0|  13|          14|          14|
    |icmp_ln107_fu_225_p2              |   icmp   |      0|  0|  11|           7|           8|
    |r_4_fu_356_p2                     |   icmp   |      0|  0|  13|          11|           1|
    |ap_block_pp1_stage0_01001         |    or    |      0|  0|   2|           1|           1|
    |ap_block_state1                   |    or    |      0|  0|   2|           1|           1|
    |or_ln340_7_fu_550_p2              |    or    |      0|  0|   2|           1|           1|
    |or_ln340_8_fu_545_p2              |    or    |      0|  0|   2|           1|           1|
    |or_ln340_fu_539_p2                |    or    |      0|  0|   2|           1|           1|
    |or_ln785_fu_507_p2                |    or    |      0|  0|   2|           1|           1|
    |or_ln786_fu_523_p2                |    or    |      0|  0|   2|           1|           1|
    |r_fu_370_p2                       |    or    |      0|  0|   2|           1|           1|
    |deleted_ones_fu_478_p3            |  select  |      0|  0|   2|           1|           1|
    |deleted_zeros_fu_492_p3           |  select  |      0|  0|   2|           1|           1|
    |res_V_V_din                       |  select  |      0|  0|   6|           1|           6|
    |select_ln107_fu_231_p3            |  select  |      0|  0|   7|           1|           1|
    |select_ln340_fu_556_p3            |  select  |      0|  0|   6|           1|           5|
    |select_ln388_fu_563_p3            |  select  |      0|  0|   7|           1|           7|
    |ap_enable_pp0                     |    xor   |      0|  0|   2|           1|           2|
    |ap_enable_pp1                     |    xor   |      0|  0|   2|           1|           2|
    |ap_enable_reg_pp0_iter1           |    xor   |      0|  0|   2|           2|           1|
    |ap_enable_reg_pp1_iter1           |    xor   |      0|  0|   2|           2|           1|
    |xor_ln110_fu_260_p2               |    xor   |      0|  0|   8|           7|           8|
    |xor_ln416_fu_408_p2               |    xor   |      0|  0|   2|           1|           2|
    |xor_ln779_fu_466_p2               |    xor   |      0|  0|   2|           1|           2|
    |xor_ln785_4_fu_512_p2             |    xor   |      0|  0|   2|           1|           2|
    |xor_ln785_fu_501_p2               |    xor   |      0|  0|   2|           1|           2|
    |xor_ln786_fu_528_p2               |    xor   |      0|  0|   2|           1|           2|
    +----------------------------------+----------+-------+---+----+------------+------------+
    |Total                             |          |      0|  0| 258|         151|         150|
    +----------------------------------+----------+-------+---+----+------------+------------+

    * Multiplexer: 
    +--------------------------------+----+-----------+-----+-----------+
    |              Name              | LUT| Input Size| Bits| Total Bits|
    +--------------------------------+----+-----------+-----+-----------+
    |ap_NS_fsm                       |  33|          6|    1|          6|
    |ap_done                         |   9|          2|    1|          2|
    |ap_enable_reg_pp0_iter1         |  15|          3|    1|          3|
    |ap_enable_reg_pp1_iter1         |   9|          2|    1|          2|
    |ap_enable_reg_pp1_iter3         |   9|          2|    1|          2|
    |ap_phi_mux_i_0_i_phi_fu_166_p4  |   9|          2|    8|         16|
    |data1_V_V_blk_n                 |   9|          2|    1|          2|
    |data2_V_V_blk_n                 |   9|          2|    1|          2|
    |i_0_i_reg_162                   |   9|          2|    8|         16|
    |indvar_flatten_reg_174          |   9|          2|   14|         28|
    |j_0_i_reg_185                   |   9|          2|    7|         14|
    |real_start                      |   9|          2|    1|          2|
    |res_V_V_blk_n                   |   9|          2|    1|          2|
    |scalar_V_address0               |  15|          3|    7|         21|
    +--------------------------------+----+-----------+-----+-----------+
    |Total                           | 162|         34|   53|        118|
    +--------------------------------+----+-----------+-----+-----------+

    * Register: 
    +--------------------------+----+----+-----+-----------+
    |           Name           | FF | LUT| Bits| Const Bits|
    +--------------------------+----+----+-----+-----------+
    |Range1_all_ones_reg_650   |   1|   0|    1|          0|
    |Range1_all_zeros_reg_656  |   1|   0|    1|          0|
    |add_ln731_reg_617         |   7|   0|    7|          0|
    |and_ln786_reg_661         |   1|   0|    1|          0|
    |ap_CS_fsm                 |   5|   0|    5|          0|
    |ap_done_reg               |   1|   0|    1|          0|
    |ap_enable_reg_pp0_iter0   |   1|   0|    1|          0|
    |ap_enable_reg_pp0_iter1   |   1|   0|    1|          0|
    |ap_enable_reg_pp1_iter0   |   1|   0|    1|          0|
    |ap_enable_reg_pp1_iter1   |   1|   0|    1|          0|
    |ap_enable_reg_pp1_iter2   |   1|   0|    1|          0|
    |ap_enable_reg_pp1_iter3   |   1|   0|    1|          0|
    |carry_4_reg_639           |   1|   0|    1|          0|
    |i_0_i_reg_162             |   8|   0|    8|          0|
    |i_reg_583                 |   8|   0|    8|          0|
    |icmp_ln101_reg_579        |   1|   0|    1|          0|
    |icmp_ln106_reg_588        |   1|   0|    1|          0|
    |indvar_flatten_reg_174    |  14|   0|   14|          0|
    |j_0_i_reg_185             |   7|   0|    7|          0|
    |out_data_V_4_reg_633      |   6|   0|    6|          0|
    |p_Result_18_reg_627       |   1|   0|    1|          0|
    |p_Result_20_reg_645       |   1|   0|    1|          0|
    |select_ln107_reg_597      |   7|   0|    7|          0|
    |start_once_reg            |   1|   0|    1|          0|
    |tmp_V_701_reg_612         |   6|   0|    6|          0|
    |icmp_ln106_reg_588        |  64|  32|    1|          0|
    +--------------------------+----+----+-----+-----------+
    |Total                     | 148|  32|   85|          0|
    +--------------------------+----+----+-----+-----------+



================================================================
== Interface
================================================================
* Summary: 
+-------------------+-----+-----+------------+-------------------------------------------------------------+--------------+
|     RTL Ports     | Dir | Bits|  Protocol  |                        Source Object                        |    C Type    |
+-------------------+-----+-----+------------+-------------------------------------------------------------+--------------+
|ap_clk             |  in |    1| ap_ctrl_hs | film_switch<ap_fixed,ap_fixed,ap_fixed<6,2,4,0,0>,config53> | return value |
|ap_rst             |  in |    1| ap_ctrl_hs | film_switch<ap_fixed,ap_fixed,ap_fixed<6,2,4,0,0>,config53> | return value |
|ap_start           |  in |    1| ap_ctrl_hs | film_switch<ap_fixed,ap_fixed,ap_fixed<6,2,4,0,0>,config53> | return value |
|start_full_n       |  in |    1| ap_ctrl_hs | film_switch<ap_fixed,ap_fixed,ap_fixed<6,2,4,0,0>,config53> | return value |
|ap_done            | out |    1| ap_ctrl_hs | film_switch<ap_fixed,ap_fixed,ap_fixed<6,2,4,0,0>,config53> | return value |
|ap_continue        |  in |    1| ap_ctrl_hs | film_switch<ap_fixed,ap_fixed,ap_fixed<6,2,4,0,0>,config53> | return value |
|ap_idle            | out |    1| ap_ctrl_hs | film_switch<ap_fixed,ap_fixed,ap_fixed<6,2,4,0,0>,config53> | return value |
|ap_ready           | out |    1| ap_ctrl_hs | film_switch<ap_fixed,ap_fixed,ap_fixed<6,2,4,0,0>,config53> | return value |
|start_out          | out |    1| ap_ctrl_hs | film_switch<ap_fixed,ap_fixed,ap_fixed<6,2,4,0,0>,config53> | return value |
|start_write        | out |    1| ap_ctrl_hs | film_switch<ap_fixed,ap_fixed,ap_fixed<6,2,4,0,0>,config53> | return value |
|data1_V_V_dout     |  in |    6|   ap_fifo  |                          data1_V_V                          |    pointer   |
|data1_V_V_empty_n  |  in |    1|   ap_fifo  |                          data1_V_V                          |    pointer   |
|data1_V_V_read     | out |    1|   ap_fifo  |                          data1_V_V                          |    pointer   |
|data2_V_V_dout     |  in |    6|   ap_fifo  |                          data2_V_V                          |    pointer   |
|data2_V_V_empty_n  |  in |    1|   ap_fifo  |                          data2_V_V                          |    pointer   |
|data2_V_V_read     | out |    1|   ap_fifo  |                          data2_V_V                          |    pointer   |
|res_V_V_din        | out |    6|   ap_fifo  |                           res_V_V                           |    pointer   |
|res_V_V_full_n     |  in |    1|   ap_fifo  |                           res_V_V                           |    pointer   |
|res_V_V_write      | out |    1|   ap_fifo  |                           res_V_V                           |    pointer   |
+-------------------+-----+-----+------------+-------------------------------------------------------------+--------------+

