

================================================================
== Vivado HLS Report for 'Loop_5_proc900'
================================================================
* Date:           Sun Jan 22 20:01:59 2023

* Version:        2019.2 (Build 2704478 on Wed Nov 06 22:10:23 MST 2019)
* Project:        alveo_hls4ml
* Solution:       solution
* Product family: virtexuplus
* Target device:  xcu50-fsvh2104-2L-e


================================================================
== Performance Estimates
================================================================
+ Timing: 
    * Summary: 
    +--------+---------+----------+------------+
    |  Clock |  Target | Estimated| Uncertainty|
    +--------+---------+----------+------------+
    |ap_clk  | 4.00 ns | 2.932 ns |   0.90 ns  |
    +--------+---------+----------+------------+

+ Latency: 
    * Summary: 
    +---------+---------+-----------+-----------+-----+-----+---------+
    |  Latency (cycles) |   Latency (absolute)  |  Interval | Pipeline|
    |   min   |   max   |    min    |    max    | min | max |   Type  |
    +---------+---------+-----------+-----------+-----+-----+---------+
    |       18|       18| 72.000 ns | 72.000 ns |   18|   18|   none  |
    +---------+---------+-----------+-----------+-----+-----+---------+

    + Detail: 
        * Instance: 
        N/A

        * Loop: 
        +----------+---------+---------+----------+-----------+-----------+------+----------+
        |          |  Latency (cycles) | Iteration|  Initiation Interval  | Trip |          |
        | Loop Name|   min   |   max   |  Latency |  achieved |   target  | Count| Pipelined|
        +----------+---------+---------+----------+-----------+-----------+------+----------+
        |- Loop 1  |       16|       16|         3|          1|          1|    15|    yes   |
        +----------+---------+---------+----------+-----------+-----------+------+----------+



================================================================
== Utilization Estimates
================================================================
* Summary: 
+---------------------+---------+-------+---------+--------+-----+
|         Name        | BRAM_18K| DSP48E|    FF   |   LUT  | URAM|
+---------------------+---------+-------+---------+--------+-----+
|DSP                  |        -|      -|        -|       -|    -|
|Expression           |        -|      -|        0|     152|    -|
|FIFO                 |        -|      -|        -|       -|    -|
|Instance             |        -|      -|        -|       -|    -|
|Memory               |        -|      -|        -|       -|    -|
|Multiplexer          |        -|      -|        -|      75|    -|
|Register             |        -|      -|       27|       -|    -|
+---------------------+---------+-------+---------+--------+-----+
|Total                |        0|      0|       27|     227|    0|
+---------------------+---------+-------+---------+--------+-----+
|Available SLR        |     1344|   2976|   871680|  435840|  320|
+---------------------+---------+-------+---------+--------+-----+
|Utilization SLR (%)  |        0|      0|    ~0   |   ~0   |    0|
+---------------------+---------+-------+---------+--------+-----+
|Available            |     2688|   5952|  1743360|  871680|  640|
+---------------------+---------+-------+---------+--------+-----+
|Utilization (%)      |        0|      0|    ~0   |   ~0   |    0|
+---------------------+---------+-------+---------+--------+-----+

+ Detail: 
    * Instance: 
    N/A

    * DSP48E: 
    N/A

    * Memory: 
    N/A

    * FIFO: 
    N/A

    * Expression: 
    +----------------------------------+----------+-------+---+----+------------+------------+
    |           Variable Name          | Operation| DSP48E| FF| LUT| Bitwidth P0| Bitwidth P1|
    +----------------------------------+----------+-------+---+----+------------+------------+
    |i0_fu_110_p2                      |     +    |      0|  0|   6|           4|           1|
    |tmp2_V_1_fu_184_p2                |     +    |      0|  0|   8|           8|           8|
    |and_ln415_fu_174_p2               |    and   |      0|  0|   2|           1|           1|
    |and_ln779_fu_270_p2               |    and   |      0|  0|   2|           1|           1|
    |and_ln781_fu_295_p2               |    and   |      0|  0|   2|           1|           1|
    |and_ln786_fu_284_p2               |    and   |      0|  0|   2|           1|           1|
    |ap_block_state3_pp0_stage0_iter1  |    and   |      0|  0|   2|           1|           1|
    |ap_block_state4_pp0_stage0_iter2  |    and   |      0|  0|   2|           1|           1|
    |carry_16_fu_204_p2                |    and   |      0|  0|   2|           1|           1|
    |overflow_fu_315_p2                |    and   |      0|  0|   2|           1|           1|
    |underflow_fu_332_p2               |    and   |      0|  0|   2|           1|           1|
    |Range1_all_ones_fu_244_p2         |   icmp   |      0|  0|  13|          14|           2|
    |Range1_all_zeros_fu_250_p2        |   icmp   |      0|  0|  13|          14|           1|
    |Range2_all_ones_fu_228_p2         |   icmp   |      0|  0|  13|          13|           2|
    |icmp_ln113_fu_104_p2              |   icmp   |      0|  0|   9|           4|           2|
    |r_fu_146_p2                       |   icmp   |      0|  0|  13|           9|           1|
    |ap_block_pp0_stage0_01001         |    or    |      0|  0|   2|           1|           1|
    |ap_block_state1                   |    or    |      0|  0|   2|           1|           1|
    |or_ln340_2383_fu_343_p2           |    or    |      0|  0|   2|           1|           1|
    |or_ln340_51_fu_348_p2             |    or    |      0|  0|   2|           1|           1|
    |or_ln340_fu_337_p2                |    or    |      0|  0|   2|           1|           1|
    |or_ln412_fu_152_p2                |    or    |      0|  0|   2|           1|           1|
    |or_ln785_fu_305_p2                |    or    |      0|  0|   2|           1|           1|
    |or_ln786_fu_321_p2                |    or    |      0|  0|   2|           1|           1|
    |deleted_ones_fu_276_p3            |  select  |      0|  0|   2|           1|           1|
    |deleted_zeros_fu_290_p3           |  select  |      0|  0|   2|           1|           1|
    |scalars_stream_0_V_V_din          |  select  |      0|  0|   8|           1|           8|
    |select_ln340_fu_354_p3            |  select  |      0|  0|   8|           1|           7|
    |select_ln388_fu_361_p3            |  select  |      0|  0|   9|           1|           9|
    |ap_enable_pp0                     |    xor   |      0|  0|   2|           1|           2|
    |ap_enable_reg_pp0_iter1           |    xor   |      0|  0|   2|           2|           1|
    |xor_ln416_fu_198_p2               |    xor   |      0|  0|   2|           1|           2|
    |xor_ln779_fu_264_p2               |    xor   |      0|  0|   2|           1|           2|
    |xor_ln785_26_fu_310_p2            |    xor   |      0|  0|   2|           1|           2|
    |xor_ln785_fu_299_p2               |    xor   |      0|  0|   2|           1|           2|
    |xor_ln786_fu_326_p2               |    xor   |      0|  0|   2|           1|           2|
    +----------------------------------+----------+-------+---+----+------------+------------+
    |Total                             |          |      0|  0| 152|          96|          73|
    +----------------------------------+----------+-------+---+----+------------+------------+

    * Multiplexer: 
    +----------------------------+----+-----------+-----+-----------+
    |            Name            | LUT| Input Size| Bits| Total Bits|
    +----------------------------+----+-----------+-----+-----------+
    |ap_NS_fsm                   |  21|          4|    1|          4|
    |ap_done                     |   9|          2|    1|          2|
    |ap_enable_reg_pp0_iter1     |   9|          2|    1|          2|
    |ap_enable_reg_pp0_iter2     |   9|          2|    1|          2|
    |i012_0_reg_93               |   9|          2|    4|          8|
    |scalars_buf_V_blk_n         |   9|          2|    1|          2|
    |scalars_stream_0_V_V_blk_n  |   9|          2|    1|          2|
    +----------------------------+----+-----------+-----+-----------+
    |Total                       |  75|         16|   10|         22|
    +----------------------------+----+-----------+-----+-----------+

    * Register: 
    +----------------------------------+---+----+-----+-----------+
    |               Name               | FF| LUT| Bits| Const Bits|
    +----------------------------------+---+----+-----+-----------+
    |Range1_all_ones_reg_409           |  1|   0|    1|          0|
    |Range1_all_zeros_reg_415          |  1|   0|    1|          0|
    |and_ln786_reg_420                 |  1|   0|    1|          0|
    |ap_CS_fsm                         |  3|   0|    3|          0|
    |ap_done_reg                       |  1|   0|    1|          0|
    |ap_enable_reg_pp0_iter0           |  1|   0|    1|          0|
    |ap_enable_reg_pp0_iter1           |  1|   0|    1|          0|
    |ap_enable_reg_pp0_iter2           |  1|   0|    1|          0|
    |carry_16_reg_398                  |  1|   0|    1|          0|
    |i012_0_reg_93                     |  4|   0|    4|          0|
    |icmp_ln113_reg_377                |  1|   0|    1|          0|
    |icmp_ln113_reg_377_pp0_iter1_reg  |  1|   0|    1|          0|
    |p_Result_45_reg_404               |  1|   0|    1|          0|
    |p_Result_s_reg_386                |  1|   0|    1|          0|
    |tmp2_V_1_reg_392                  |  8|   0|    8|          0|
    +----------------------------------+---+----+-----+-----------+
    |Total                             | 27|   0|   27|          0|
    +----------------------------------+---+----+-----+-----------+



================================================================
== Interface
================================================================
* Summary: 
+-----------------------------+-----+-----+------------+----------------------+--------------+
|          RTL Ports          | Dir | Bits|  Protocol  |     Source Object    |    C Type    |
+-----------------------------+-----+-----+------------+----------------------+--------------+
|ap_clk                       |  in |    1| ap_ctrl_hs |    Loop_5_proc900    | return value |
|ap_rst                       |  in |    1| ap_ctrl_hs |    Loop_5_proc900    | return value |
|ap_start                     |  in |    1| ap_ctrl_hs |    Loop_5_proc900    | return value |
|ap_done                      | out |    1| ap_ctrl_hs |    Loop_5_proc900    | return value |
|ap_continue                  |  in |    1| ap_ctrl_hs |    Loop_5_proc900    | return value |
|ap_idle                      | out |    1| ap_ctrl_hs |    Loop_5_proc900    | return value |
|ap_ready                     | out |    1| ap_ctrl_hs |    Loop_5_proc900    | return value |
|scalars_stream_0_V_V_din     | out |    8|   ap_fifo  | scalars_stream_0_V_V |    pointer   |
|scalars_stream_0_V_V_full_n  |  in |    1|   ap_fifo  | scalars_stream_0_V_V |    pointer   |
|scalars_stream_0_V_V_write   | out |    1|   ap_fifo  | scalars_stream_0_V_V |    pointer   |
|scalars_buf_V_dout           |  in |   32|   ap_fifo  |     scalars_buf_V    |    pointer   |
|scalars_buf_V_empty_n        |  in |    1|   ap_fifo  |     scalars_buf_V    |    pointer   |
|scalars_buf_V_read           | out |    1|   ap_fifo  |     scalars_buf_V    |    pointer   |
+-----------------------------+-----+-----+------------+----------------------+--------------+

