

================================================================
== Vivado HLS Report for 'Loop_4_proc'
================================================================
* Date:           Fri Feb  3 01:26:27 2023

* Version:        2019.2 (Build 2704478 on Wed Nov 06 22:10:23 MST 2019)
* Project:        alveo_hls4ml
* Solution:       solution
* Product family: virtexuplus
* Target device:  xcu50-fsvh2104-2L-e


================================================================
== Performance Estimates
================================================================
+ Timing: 
    * Summary: 
    +--------+---------+----------+------------+
    |  Clock |  Target | Estimated| Uncertainty|
    +--------+---------+----------+------------+
    |ap_clk  | 4.00 ns | 3.074 ns |   0.90 ns  |
    +--------+---------+----------+------------+

+ Latency: 
    * Summary: 
    +---------+---------+-----------+-----------+-----+-----+---------+
    |  Latency (cycles) |   Latency (absolute)  |  Interval | Pipeline|
    |   min   |   max   |    min    |    max    | min | max |   Type  |
    +---------+---------+-----------+-----------+-----+-----+---------+
    |       18|       18| 72.000 ns | 72.000 ns |   18|   18|   none  |
    +---------+---------+-----------+-----------+-----+-----+---------+

    + Detail: 
        * Instance: 
        N/A

        * Loop: 
        +----------+---------+---------+----------+-----------+-----------+------+----------+
        |          |  Latency (cycles) | Iteration|  Initiation Interval  | Trip |          |
        | Loop Name|   min   |   max   |  Latency |  achieved |   target  | Count| Pipelined|
        +----------+---------+---------+----------+-----------+-----------+------+----------+
        |- Loop 1  |       16|       16|         3|          1|          1|    15|    yes   |
        +----------+---------+---------+----------+-----------+-----------+------+----------+



================================================================
== Utilization Estimates
================================================================
* Summary: 
+---------------------+---------+-------+---------+--------+-----+
|         Name        | BRAM_18K| DSP48E|    FF   |   LUT  | URAM|
+---------------------+---------+-------+---------+--------+-----+
|DSP                  |        -|      -|        -|       -|    -|
|Expression           |        -|      -|        0|     150|    -|
|FIFO                 |        -|      -|        -|       -|    -|
|Instance             |        -|      -|        -|       -|    -|
|Memory               |        -|      -|        -|       -|    -|
|Multiplexer          |        -|      -|        -|      66|    -|
|Register             |        -|      -|       21|       -|    -|
+---------------------+---------+-------+---------+--------+-----+
|Total                |        0|      0|       21|     216|    0|
+---------------------+---------+-------+---------+--------+-----+
|Available SLR        |     1344|   2976|   871680|  435840|  320|
+---------------------+---------+-------+---------+--------+-----+
|Utilization SLR (%)  |        0|      0|    ~0   |   ~0   |    0|
+---------------------+---------+-------+---------+--------+-----+
|Available            |     2688|   5952|  1743360|  871680|  640|
+---------------------+---------+-------+---------+--------+-----+
|Utilization (%)      |        0|      0|    ~0   |   ~0   |    0|
+---------------------+---------+-------+---------+--------+-----+

+ Detail: 
    * Instance: 
    N/A

    * DSP48E: 
    N/A

    * Memory: 
    N/A

    * FIFO: 
    N/A

    * Expression: 
    +----------------------------------+----------+-------+---+----+------------+------------+
    |           Variable Name          | Operation| DSP48E| FF| LUT| Bitwidth P0| Bitwidth P1|
    +----------------------------------+----------+-------+---+----+------------+------------+
    |i0_fu_117_p2                      |     +    |      0|  0|   6|           4|           1|
    |tmp2_V_1_fu_196_p2                |     +    |      0|  0|   8|           8|           8|
    |and_ln415_256_fu_186_p2           |    and   |      0|  0|   2|           1|           1|
    |and_ln779_256_fu_290_p2           |    and   |      0|  0|   2|           1|           1|
    |and_ln781_256_fu_304_p2           |    and   |      0|  0|   2|           1|           1|
    |and_ln786_1233_fu_334_p2          |    and   |      0|  0|   2|           1|           1|
    |ap_block_pp0_stage0_01001         |    and   |      0|  0|   2|           1|           1|
    |ap_block_state4_pp0_stage0_iter2  |    and   |      0|  0|   2|           1|           1|
    |carry_18_fu_216_p2                |    and   |      0|  0|   2|           1|           1|
    |overflow_fu_328_p2                |    and   |      0|  0|   2|           1|           1|
    |underflow_fu_352_p2               |    and   |      0|  0|   2|           1|           1|
    |Range1_all_ones_fu_256_p2         |   icmp   |      0|  0|  13|          14|           2|
    |Range1_all_zeros_fu_262_p2        |   icmp   |      0|  0|  13|          14|           1|
    |Range2_all_ones_fu_240_p2         |   icmp   |      0|  0|  13|          13|           2|
    |icmp_ln106_fu_111_p2              |   icmp   |      0|  0|   9|           4|           2|
    |r_fu_158_p2                       |   icmp   |      0|  0|  13|           9|           1|
    |ap_block_state1                   |    or    |      0|  0|   2|           1|           1|
    |or_ln340_2220_fu_370_p2           |    or    |      0|  0|   2|           1|           1|
    |or_ln340_2287_fu_364_p2           |    or    |      0|  0|   2|           1|           1|
    |or_ln340_fu_358_p2                |    or    |      0|  0|   2|           1|           1|
    |or_ln412_fu_164_p2                |    or    |      0|  0|   2|           1|           1|
    |or_ln785_256_fu_316_p2            |    or    |      0|  0|   2|           1|           1|
    |or_ln786_fu_340_p2                |    or    |      0|  0|   2|           1|           1|
    |deleted_ones_fu_296_p3            |  select  |      0|  0|   2|           1|           1|
    |deleted_zeros_fu_268_p3           |  select  |      0|  0|   2|           1|           1|
    |select_ln340_256_fu_376_p3        |  select  |      0|  0|   8|           1|           7|
    |select_ln388_256_fu_384_p3        |  select  |      0|  0|   9|           1|           9|
    |tmp_V_fu_392_p3                   |  select  |      0|  0|   8|           1|           8|
    |ap_enable_pp0                     |    xor   |      0|  0|   2|           1|           2|
    |ap_enable_reg_pp0_iter1           |    xor   |      0|  0|   2|           2|           1|
    |xor_ln416_fu_210_p2               |    xor   |      0|  0|   2|           1|           2|
    |xor_ln779_fu_284_p2               |    xor   |      0|  0|   2|           1|           2|
    |xor_ln785_1240_fu_310_p2          |    xor   |      0|  0|   2|           1|           2|
    |xor_ln785_1241_fu_322_p2          |    xor   |      0|  0|   2|           1|           2|
    |xor_ln786_fu_346_p2               |    xor   |      0|  0|   2|           1|           2|
    +----------------------------------+----------+-------+---+----+------------+------------+
    |Total                             |          |      0|  0| 150|          95|          72|
    +----------------------------------+----------+-------+---+----+------------+------------+

    * Multiplexer: 
    +----------------------------+----+-----------+-----+-----------+
    |            Name            | LUT| Input Size| Bits| Total Bits|
    +----------------------------+----+-----------+-----+-----------+
    |ap_NS_fsm                   |  21|          4|    1|          4|
    |ap_done                     |   9|          2|    1|          2|
    |ap_enable_reg_pp0_iter1     |   9|          2|    1|          2|
    |ap_enable_reg_pp0_iter2     |   9|          2|    1|          2|
    |i09_0_i_reg_100             |   9|          2|    4|          8|
    |scalars_stream_0_V_V_blk_n  |   9|          2|    1|          2|
    +----------------------------+----+-----------+-----+-----------+
    |Total                       |  66|         14|    9|         20|
    +----------------------------+----+-----------+-----+-----------+

    * Register: 
    +----------------------------------+---+----+-----+-----------+
    |               Name               | FF| LUT| Bits| Const Bits|
    +----------------------------------+---+----+-----+-----------+
    |ap_CS_fsm                         |  3|   0|    3|          0|
    |ap_done_reg                       |  1|   0|    1|          0|
    |ap_enable_reg_pp0_iter0           |  1|   0|    1|          0|
    |ap_enable_reg_pp0_iter1           |  1|   0|    1|          0|
    |ap_enable_reg_pp0_iter2           |  1|   0|    1|          0|
    |i09_0_i_reg_100                   |  4|   0|    4|          0|
    |icmp_ln106_reg_400                |  1|   0|    1|          0|
    |icmp_ln106_reg_400_pp0_iter1_reg  |  1|   0|    1|          0|
    |tmp_V_reg_414                     |  8|   0|    8|          0|
    +----------------------------------+---+----+-----+-----------+
    |Total                             | 21|   0|   21|          0|
    +----------------------------------+---+----+-----+-----------+



================================================================
== Interface
================================================================
* Summary: 
+-----------------------------+-----+-----+------------+----------------------+--------------+
|          RTL Ports          | Dir | Bits|  Protocol  |     Source Object    |    C Type    |
+-----------------------------+-----+-----+------------+----------------------+--------------+
|ap_clk                       |  in |    1| ap_ctrl_hs |      Loop_4_proc     | return value |
|ap_rst                       |  in |    1| ap_ctrl_hs |      Loop_4_proc     | return value |
|ap_start                     |  in |    1| ap_ctrl_hs |      Loop_4_proc     | return value |
|ap_done                      | out |    1| ap_ctrl_hs |      Loop_4_proc     | return value |
|ap_continue                  |  in |    1| ap_ctrl_hs |      Loop_4_proc     | return value |
|ap_idle                      | out |    1| ap_ctrl_hs |      Loop_4_proc     | return value |
|ap_ready                     | out |    1| ap_ctrl_hs |      Loop_4_proc     | return value |
|scalars_stream_0_V_V_din     | out |    8|   ap_fifo  | scalars_stream_0_V_V |    pointer   |
|scalars_stream_0_V_V_full_n  |  in |    1|   ap_fifo  | scalars_stream_0_V_V |    pointer   |
|scalars_stream_0_V_V_write   | out |    1|   ap_fifo  | scalars_stream_0_V_V |    pointer   |
|scalars_buf_V_address0       | out |    4|  ap_memory |     scalars_buf_V    |     array    |
|scalars_buf_V_ce0            | out |    1|  ap_memory |     scalars_buf_V    |     array    |
|scalars_buf_V_q0             |  in |   32|  ap_memory |     scalars_buf_V    |     array    |
+-----------------------------+-----+-----+------------+----------------------+--------------+

