

================================================================
== Vivado HLS Report for 'pooling_single_ap_fixed_8_2_5_3_0_ap_fixed_8_2_5_3_0_config58_s'
================================================================
* Date:           Fri Feb  3 02:10:35 2023

* Version:        2019.2 (Build 2704478 on Wed Nov 06 22:10:23 MST 2019)
* Project:        alveo_hls4ml
* Solution:       solution
* Product family: virtexuplus
* Target device:  xcu50-fsvh2104-2L-e


================================================================
== Performance Estimates
================================================================
+ Timing: 
    * Summary: 
    +--------+---------+----------+------------+
    |  Clock |  Target | Estimated| Uncertainty|
    +--------+---------+----------+------------+
    |ap_clk  | 4.00 ns | 2.926 ns |   0.90 ns  |
    +--------+---------+----------+------------+

+ Latency: 
    * Summary: 
    +---------+---------+-----------+-----------+-------+-------+---------+
    |  Latency (cycles) |   Latency (absolute)  |    Interval   | Pipeline|
    |   min   |   max   |    min    |    max    |  min  |  max  |   Type  |
    +---------+---------+-----------+-----------+-------+-------+---------+
    |    11957|    11957| 47.828 us | 47.828 us |  11957|  11957|   none  |
    +---------+---------+-----------+-----------+-------+-------+---------+

    + Detail: 
        * Instance: 
        N/A

        * Loop: 
        +-----------------+---------+---------+----------+-----------+-----------+------+----------+
        |                 |  Latency (cycles) | Iteration|  Initiation Interval  | Trip |          |
        |    Loop Name    |   min   |   max   |  Latency |  achieved |   target  | Count| Pipelined|
        +-----------------+---------+---------+----------+-----------+-----------+------+----------+
        |- Loop 1         |    11956|    11956|      1708|          -|          -|     7|    no    |
        | + Loop 1.1      |      768|      768|         2|          1|          1|   768|    yes   |
        | + Loop 1.2      |       64|       64|         2|          1|          1|    64|    yes   |
        | + Loop 1.3      |      804|      804|       134|          -|          -|     6|    no    |
        |  ++ Loop 1.3.1  |       64|       64|         2|          1|          1|    64|    yes   |
        |  ++ Loop 1.3.2  |       65|       65|         3|          1|          1|    64|    yes   |
        | + Loop 1.4      |       64|       64|         2|          1|          1|    64|    yes   |
        +-----------------+---------+---------+----------+-----------+-----------+------+----------+



================================================================
== Utilization Estimates
================================================================
* Summary: 
+---------------------+---------+-------+---------+--------+-----+
|         Name        | BRAM_18K| DSP48E|    FF   |   LUT  | URAM|
+---------------------+---------+-------+---------+--------+-----+
|DSP                  |        -|      -|        -|       -|    -|
|Expression           |        -|      -|        0|     277|    -|
|FIFO                 |        -|      -|        -|       -|    -|
|Instance             |        -|      -|        -|       -|    -|
|Memory               |        2|      -|       16|       8|    0|
|Multiplexer          |        -|      -|        -|     317|    -|
|Register             |        -|      -|      134|       -|    -|
+---------------------+---------+-------+---------+--------+-----+
|Total                |        2|      0|      150|     602|    0|
+---------------------+---------+-------+---------+--------+-----+
|Available SLR        |     1344|   2976|   871680|  435840|  320|
+---------------------+---------+-------+---------+--------+-----+
|Utilization SLR (%)  |    ~0   |      0|    ~0   |   ~0   |    0|
+---------------------+---------+-------+---------+--------+-----+
|Available            |     2688|   5952|  1743360|  871680|  640|
+---------------------+---------+-------+---------+--------+-----+
|Utilization (%)      |    ~0   |      0|    ~0   |   ~0   |    0|
+---------------------+---------+-------+---------+--------+-----+

+ Detail: 
    * Instance: 
    N/A

    * DSP48E: 
    N/A

    * Memory: 
    +---------------+---------------------------------------------------------------------------------+---------+----+----+-----+------+-----+------+-------------+
    |     Memory    |                                      Module                                     | BRAM_18K| FF | LUT| URAM| Words| Bits| Banks| W*Bits*Banks|
    +---------------+---------------------------------------------------------------------------------+---------+----+----+-----+------+-----+------+-------------+
    |memory1_1_V_U  |concatenate1d_single_ap_fixed_ap_fixed_ap_fixed_8_2_5_3_0_config17_s_out_data_V  |        1|   0|   0|    0|   384|    8|     1|         3072|
    |memory1_0_V_U  |pooling_single_ap_fixed_8_2_4_0_0_ap_fixed_8_2_5_3_0_config36_s_memory1_0_V      |        1|   0|   0|    0|   448|    8|     1|         3584|
    |memory2_V_U    |pooling_single_ap_fixed_8_2_5_3_0_ap_fixed_8_2_5_3_0_config58_s_memory2_V        |        0|  16|   8|    0|    64|    8|     1|          512|
    +---------------+---------------------------------------------------------------------------------+---------+----+----+-----+------+-----+------+-------------+
    |Total          |                                                                                 |        2|  16|   8|    0|   896|   24|     3|         7168|
    +---------------+---------------------------------------------------------------------------------+---------+----+----+-----+------+-----+------+-------------+

    * FIFO: 
    N/A

    * Expression: 
    +-----------------------------------+----------+-------+---+----+------------+------------+
    |           Variable Name           | Operation| DSP48E| FF| LUT| Bitwidth P0| Bitwidth P1|
    +-----------------------------------+----------+-------+---+----+------------+------------+
    |add_ln203_2_fu_444_p2              |     +    |      0|  0|  10|          10|          10|
    |add_ln203_fu_358_p2                |     +    |      0|  0|  10|          10|          10|
    |add_ln757_fu_290_p2                |     +    |      0|  0|  10|          10|           1|
    |i_fu_278_p2                        |     +    |      0|  0|   4|           3|           1|
    |j_2_fu_388_p2                      |     +    |      0|  0|   4|           3|           1|
    |j_fu_296_p2                        |     +    |      0|  0|   6|           1|           4|
    |k_3_fu_338_p2                      |     +    |      0|  0|   7|           7|           1|
    |k_4_fu_500_p2                      |     +    |      0|  0|   7|           7|           1|
    |k_5_fu_400_p2                      |     +    |      0|  0|   7|           7|           1|
    |k_6_fu_429_p2                      |     +    |      0|  0|   7|           7|           1|
    |k_fu_376_p2                        |     +    |      0|  0|   7|           7|           1|
    |ap_block_pp0_stage0_11001          |    and   |      0|  0|   2|           1|           1|
    |ap_block_pp1_stage0_11001          |    and   |      0|  0|   2|           1|           1|
    |ap_block_pp2_stage0_11001          |    and   |      0|  0|   2|           1|           1|
    |ap_block_pp4_stage0_11001          |    and   |      0|  0|   2|           1|           1|
    |ap_block_state11_pp2_stage0_iter1  |    and   |      0|  0|   2|           1|           1|
    |ap_block_state14_pp3_stage0_iter1  |    and   |      0|  0|   2|           1|           1|
    |ap_block_state15_pp3_stage0_iter2  |    and   |      0|  0|   2|           1|           1|
    |ap_block_state18_pp4_stage0_iter1  |    and   |      0|  0|   2|           1|           1|
    |ap_block_state4_pp0_stage0_iter1   |    and   |      0|  0|   2|           1|           1|
    |ap_block_state7_pp1_stage0_iter1   |    and   |      0|  0|   2|           1|           1|
    |icmp_ln1494_1_fu_469_p2            |   icmp   |      0|  0|  11|           8|           8|
    |icmp_ln1494_2_fu_483_p2            |   icmp   |      0|  0|  11|           8|           8|
    |icmp_ln1494_fu_455_p2              |   icmp   |      0|  0|  11|           8|           8|
    |icmp_ln755_fu_272_p2               |   icmp   |      0|  0|   9|           3|           2|
    |icmp_ln757_fu_284_p2               |   icmp   |      0|  0|  13|          10|          10|
    |icmp_ln758_fu_302_p2               |   icmp   |      0|  0|  11|           7|           8|
    |icmp_ln764_fu_370_p2               |   icmp   |      0|  0|  11|           7|           8|
    |icmp_ln771_fu_382_p2               |   icmp   |      0|  0|   9|           3|           3|
    |icmp_ln772_fu_394_p2               |   icmp   |      0|  0|  11|           7|           8|
    |icmp_ln777_fu_423_p2               |   icmp   |      0|  0|  11|           7|           8|
    |icmp_ln792_fu_494_p2               |   icmp   |      0|  0|  11|           7|           8|
    |ap_block_pp3_stage0_01001          |    or    |      0|  0|   2|           1|           1|
    |ap_block_state1                    |    or    |      0|  0|   2|           1|           1|
    |res_V_V_din                        |  select  |      0|  0|   8|           1|           8|
    |select_ln203_2_fu_316_p3           |  select  |      0|  0|   4|           1|           4|
    |select_ln203_fu_308_p3             |  select  |      0|  0|   7|           1|           1|
    |select_ln787_3_fu_475_p3           |  select  |      0|  0|   8|           1|           8|
    |select_ln787_fu_461_p3             |  select  |      0|  0|   8|           1|           8|
    |ap_enable_pp0                      |    xor   |      0|  0|   2|           1|           2|
    |ap_enable_pp1                      |    xor   |      0|  0|   2|           1|           2|
    |ap_enable_pp2                      |    xor   |      0|  0|   2|           1|           2|
    |ap_enable_pp3                      |    xor   |      0|  0|   2|           1|           2|
    |ap_enable_pp4                      |    xor   |      0|  0|   2|           1|           2|
    |ap_enable_reg_pp0_iter1            |    xor   |      0|  0|   2|           2|           1|
    |ap_enable_reg_pp1_iter1            |    xor   |      0|  0|   2|           2|           1|
    |ap_enable_reg_pp2_iter1            |    xor   |      0|  0|   2|           2|           1|
    |ap_enable_reg_pp3_iter1            |    xor   |      0|  0|   2|           2|           1|
    |ap_enable_reg_pp4_iter1            |    xor   |      0|  0|   2|           2|           1|
    +-----------------------------------+----------+-------+---+----+------------+------------+
    |Total                              |          |      0|  0| 277|         179|         167|
    +-----------------------------------+----------+-------+---+----+------------+------------+

    * Multiplexer: 
    +-------------------------------+----+-----------+-----+-----------+
    |              Name             | LUT| Input Size| Bits| Total Bits|
    +-------------------------------+----+-----------+-----+-----------+
    |ap_NS_fsm                      |  59|         14|    1|         14|
    |ap_done                        |   9|          2|    1|          2|
    |ap_enable_reg_pp0_iter1        |  15|          3|    1|          3|
    |ap_enable_reg_pp1_iter1        |  15|          3|    1|          3|
    |ap_enable_reg_pp2_iter1        |  15|          3|    1|          3|
    |ap_enable_reg_pp3_iter1        |   9|          2|    1|          2|
    |ap_enable_reg_pp3_iter2        |   9|          2|    1|          2|
    |ap_enable_reg_pp4_iter1        |  15|          3|    1|          3|
    |ap_phi_mux_j_0_phi_fu_197_p4   |   9|          2|    4|          8|
    |ap_phi_mux_k8_0_phi_fu_242_p4  |   9|          2|    7|         14|
    |data_V_V_blk_n                 |   9|          2|    1|          2|
    |i_0_reg_171                    |   9|          2|    3|          6|
    |indvar_flatten_reg_182         |   9|          2|   10|         20|
    |j7_0_reg_226                   |   9|          2|    3|          6|
    |j_0_reg_193                    |   9|          2|    4|          8|
    |k10_0_reg_261                  |   9|          2|    7|         14|
    |k6_0_reg_215                   |   9|          2|    7|         14|
    |k8_0_reg_238                   |   9|          2|    7|         14|
    |k9_0_reg_250                   |   9|          2|    7|         14|
    |k_0_reg_204                    |   9|          2|    7|         14|
    |memory1_0_V_address0           |  15|          3|    9|         27|
    |memory1_1_V_address0           |  15|          3|    9|         27|
    |memory2_V_address0             |  15|          3|    6|         18|
    |real_start                     |   9|          2|    1|          2|
    |res_V_V_blk_n                  |   9|          2|    1|          2|
    +-------------------------------+----+-----------+-----+-----------+
    |Total                          | 317|         69|  101|        242|
    +-------------------------------+----+-----------+-----+-----------+

    * Register: 
    +----------------------------------+----+----+-----+-----------+
    |               Name               | FF | LUT| Bits| Const Bits|
    +----------------------------------+----+----+-----+-----------+
    |ap_CS_fsm                         |  13|   0|   13|          0|
    |ap_done_reg                       |   1|   0|    1|          0|
    |ap_enable_reg_pp0_iter0           |   1|   0|    1|          0|
    |ap_enable_reg_pp0_iter1           |   1|   0|    1|          0|
    |ap_enable_reg_pp1_iter0           |   1|   0|    1|          0|
    |ap_enable_reg_pp1_iter1           |   1|   0|    1|          0|
    |ap_enable_reg_pp2_iter0           |   1|   0|    1|          0|
    |ap_enable_reg_pp2_iter1           |   1|   0|    1|          0|
    |ap_enable_reg_pp3_iter0           |   1|   0|    1|          0|
    |ap_enable_reg_pp3_iter1           |   1|   0|    1|          0|
    |ap_enable_reg_pp3_iter2           |   1|   0|    1|          0|
    |ap_enable_reg_pp4_iter0           |   1|   0|    1|          0|
    |ap_enable_reg_pp4_iter1           |   1|   0|    1|          0|
    |i_0_reg_171                       |   3|   0|    3|          0|
    |i_reg_510                         |   3|   0|    3|          0|
    |icmp_ln757_reg_515                |   1|   0|    1|          0|
    |icmp_ln764_reg_548                |   1|   0|    1|          0|
    |icmp_ln772_reg_566                |   1|   0|    1|          0|
    |icmp_ln777_reg_580                |   1|   0|    1|          0|
    |icmp_ln777_reg_580_pp3_iter1_reg  |   1|   0|    1|          0|
    |icmp_ln792_reg_616                |   1|   0|    1|          0|
    |indvar_flatten_reg_182            |  10|   0|   10|          0|
    |j7_0_reg_226                      |   3|   0|    3|          0|
    |j_0_reg_193                       |   4|   0|    4|          0|
    |j_2_reg_561                       |   3|   0|    3|          0|
    |k10_0_reg_261                     |   7|   0|    7|          0|
    |k6_0_reg_215                      |   7|   0|    7|          0|
    |k8_0_reg_238                      |   7|   0|    7|          0|
    |k9_0_reg_250                      |   7|   0|    7|          0|
    |k_0_reg_204                       |   7|   0|    7|          0|
    |k_5_reg_570                       |   7|   0|    7|          0|
    |select_ln203_2_reg_529            |   4|   0|    4|          0|
    |select_ln203_reg_524              |   7|   0|    7|          0|
    |select_ln787_3_reg_610            |   8|   0|    8|          0|
    |start_once_reg                    |   1|   0|    1|          0|
    |tmp_V_reg_604                     |   8|   0|    8|          0|
    |trunc_ln203_reg_534               |   1|   0|    1|          0|
    |zext_ln203_mid2_v_reg_538         |   3|   0|    3|          0|
    |zext_ln777_reg_575                |   3|   0|   10|          7|
    +----------------------------------+----+----+-----+-----------+
    |Total                             | 134|   0|  141|          7|
    +----------------------------------+----+----+-----+-----------+



================================================================
== Interface
================================================================
* Summary: 
+------------------+-----+-----+------------+----------------------------------------------------------------------------+--------------+
|     RTL Ports    | Dir | Bits|  Protocol  |                                Source Object                               |    C Type    |
+------------------+-----+-----+------------+----------------------------------------------------------------------------+--------------+
|ap_clk            |  in |    1| ap_ctrl_hs | pooling_single<ap_fixed<8, 2, 5, 3, 0>, ap_fixed<8, 2, 5, 3, 0>, config58> | return value |
|ap_rst            |  in |    1| ap_ctrl_hs | pooling_single<ap_fixed<8, 2, 5, 3, 0>, ap_fixed<8, 2, 5, 3, 0>, config58> | return value |
|ap_start          |  in |    1| ap_ctrl_hs | pooling_single<ap_fixed<8, 2, 5, 3, 0>, ap_fixed<8, 2, 5, 3, 0>, config58> | return value |
|start_full_n      |  in |    1| ap_ctrl_hs | pooling_single<ap_fixed<8, 2, 5, 3, 0>, ap_fixed<8, 2, 5, 3, 0>, config58> | return value |
|ap_done           | out |    1| ap_ctrl_hs | pooling_single<ap_fixed<8, 2, 5, 3, 0>, ap_fixed<8, 2, 5, 3, 0>, config58> | return value |
|ap_continue       |  in |    1| ap_ctrl_hs | pooling_single<ap_fixed<8, 2, 5, 3, 0>, ap_fixed<8, 2, 5, 3, 0>, config58> | return value |
|ap_idle           | out |    1| ap_ctrl_hs | pooling_single<ap_fixed<8, 2, 5, 3, 0>, ap_fixed<8, 2, 5, 3, 0>, config58> | return value |
|ap_ready          | out |    1| ap_ctrl_hs | pooling_single<ap_fixed<8, 2, 5, 3, 0>, ap_fixed<8, 2, 5, 3, 0>, config58> | return value |
|start_out         | out |    1| ap_ctrl_hs | pooling_single<ap_fixed<8, 2, 5, 3, 0>, ap_fixed<8, 2, 5, 3, 0>, config58> | return value |
|start_write       | out |    1| ap_ctrl_hs | pooling_single<ap_fixed<8, 2, 5, 3, 0>, ap_fixed<8, 2, 5, 3, 0>, config58> | return value |
|data_V_V_dout     |  in |    8|   ap_fifo  |                                  data_V_V                                  |    pointer   |
|data_V_V_empty_n  |  in |    1|   ap_fifo  |                                  data_V_V                                  |    pointer   |
|data_V_V_read     | out |    1|   ap_fifo  |                                  data_V_V                                  |    pointer   |
|res_V_V_din       | out |    8|   ap_fifo  |                                   res_V_V                                  |    pointer   |
|res_V_V_full_n    |  in |    1|   ap_fifo  |                                   res_V_V                                  |    pointer   |
|res_V_V_write     | out |    1|   ap_fifo  |                                   res_V_V                                  |    pointer   |
+------------------+-----+-----+------------+----------------------------------------------------------------------------+--------------+

