

================================================================
== Vivado HLS Report for 'product_dense2_ap_fixed_ap_fixed_ap_fixed_ap_fixed_32_16_5_3_0_1'
================================================================
* Date:           Fri Feb  3 02:23:24 2023

* Version:        2019.2 (Build 2704478 on Wed Nov 06 22:10:23 MST 2019)
* Project:        alveo_hls4ml
* Solution:       solution
* Product family: virtexuplus
* Target device:  xcu50-fsvh2104-2L-e


================================================================
== Performance Estimates
================================================================
+ Timing: 
    * Summary: 
    +--------+---------+----------+------------+
    |  Clock |  Target | Estimated| Uncertainty|
    +--------+---------+----------+------------+
    |ap_clk  | 4.00 ns | 1.477 ns |   0.90 ns  |
    +--------+---------+----------+------------+

+ Latency: 
    * Summary: 
    +---------+---------+-----------+-----------+-----+-----+----------+
    |  Latency (cycles) |   Latency (absolute)  |  Interval | Pipeline |
    |   min   |   max   |    min    |    max    | min | max |   Type   |
    +---------+---------+-----------+-----------+-----+-----+----------+
    |        3|        3| 12.000 ns | 12.000 ns |    1|    1| function |
    +---------+---------+-----------+-----------+-----+-----+----------+

    + Detail: 
        * Instance: 
        N/A

        * Loop: 
        N/A



================================================================
== Utilization Estimates
================================================================
* Summary: 
+---------------------+---------+-------+---------+--------+-----+
|         Name        | BRAM_18K| DSP48E|    FF   |   LUT  | URAM|
+---------------------+---------+-------+---------+--------+-----+
|DSP                  |        -|      1|        -|       -|    -|
|Expression           |        -|      -|        0|       9|    -|
|FIFO                 |        -|      -|        -|       -|    -|
|Instance             |        -|      -|        -|       -|    -|
|Memory               |        -|      -|        -|       -|    -|
|Multiplexer          |        -|      -|        -|       -|    -|
|Register             |        -|      -|       32|       -|    -|
+---------------------+---------+-------+---------+--------+-----+
|Total                |        0|      1|       32|       9|    0|
+---------------------+---------+-------+---------+--------+-----+
|Available SLR        |     1344|   2976|   871680|  435840|  320|
+---------------------+---------+-------+---------+--------+-----+
|Utilization SLR (%)  |        0|   ~0  |    ~0   |   ~0   |    0|
+---------------------+---------+-------+---------+--------+-----+
|Available            |     2688|   5952|  1743360|  871680|  640|
+---------------------+---------+-------+---------+--------+-----+
|Utilization (%)      |        0|   ~0  |    ~0   |   ~0   |    0|
+---------------------+---------+-------+---------+--------+-----+

+ Detail: 
    * Instance: 
    N/A

    * DSP48E: 
    +-----------------------------------------------+-------------------------------------------+--------------+
    |                    Instance                   |                   Module                  |  Expression  |
    +-----------------------------------------------+-------------------------------------------+--------------+
    |alveo_hls4ml_mac_mul_sub_8s_9s_14s_16_4_0_U56  |alveo_hls4ml_mac_mul_sub_8s_9s_14s_16_4_0  | i0 * i1 - i2 |
    +-----------------------------------------------+-------------------------------------------+--------------+

    * Memory: 
    N/A

    * FIFO: 
    N/A

    * Expression: 
    +-----------------+----------+-------+---+----+------------+------------+
    |  Variable Name  | Operation| DSP48E| FF| LUT| Bitwidth P0| Bitwidth P1|
    +-----------------+----------+-------+---+----+------------+------------+
    |a_ex_V_fu_32_p2  |     +    |      0|  0|   9|           9|           7|
    +-----------------+----------+-------+---+----+------------+------------+
    |Total            |          |      0|  0|   9|           9|           7|
    +-----------------+----------+-------+---+----+------------+------------+

    * Multiplexer: 
    N/A

    * Register: 
    +-------------------------------+---+----+-----+-----------+
    |              Name             | FF| LUT| Bits| Const Bits|
    +-------------------------------+---+----+-----+-----------+
    |a_V_int_reg                    |  8|   0|    8|          0|
    |w_V_int_reg                    |  8|   0|    8|          0|
    |w_V_read_reg_73                |  8|   0|    8|          0|
    |w_V_read_reg_73_pp0_iter1_reg  |  8|   0|    8|          0|
    +-------------------------------+---+----+-----+-----------+
    |Total                          | 32|   0|   32|          0|
    +-------------------------------+---+----+-----+-----------+



================================================================
== Interface
================================================================
* Summary: 
+-----------+-----+-----+------------+--------------------------------------------------------------------+--------------+
| RTL Ports | Dir | Bits|  Protocol  |                            Source Object                           |    C Type    |
+-----------+-----+-----+------------+--------------------------------------------------------------------+--------------+
|ap_clk     |  in |    1| ap_ctrl_hs | product_dense2<ap_fixed,ap_fixed,ap_fixed,ap_fixed<32,16,5,3,0>>.1 | return value |
|ap_rst     |  in |    1| ap_ctrl_hs | product_dense2<ap_fixed,ap_fixed,ap_fixed,ap_fixed<32,16,5,3,0>>.1 | return value |
|ap_return  | out |   20| ap_ctrl_hs | product_dense2<ap_fixed,ap_fixed,ap_fixed,ap_fixed<32,16,5,3,0>>.1 | return value |
|a_V        |  in |    8|   ap_none  |                                 a_V                                |    scalar    |
|w_V        |  in |    8|   ap_none  |                                 w_V                                |    scalar    |
+-----------+-----+-----+------------+--------------------------------------------------------------------+--------------+

