

================================================================
== Vivado HLS Report for 'product_dense2_ap_fixed_ap_fixed_ap_fixed_ap_fixed_32_16_5_3_0_s'
================================================================
* Date:           Fri Jan 27 13:51:59 2023

* Version:        2019.2 (Build 2704478 on Wed Nov 06 22:10:23 MST 2019)
* Project:        alveo_hls4ml
* Solution:       solution
* Product family: virtexuplus
* Target device:  xcu50-fsvh2104-2L-e


================================================================
== Performance Estimates
================================================================
+ Timing: 
    * Summary: 
    +--------+---------+----------+------------+
    |  Clock |  Target | Estimated| Uncertainty|
    +--------+---------+----------+------------+
    |ap_clk  | 4.00 ns | 1.477 ns |   0.90 ns  |
    +--------+---------+----------+------------+

+ Latency: 
    * Summary: 
    +---------+---------+-----------+-----------+-----+-----+----------+
    |  Latency (cycles) |   Latency (absolute)  |  Interval | Pipeline |
    |   min   |   max   |    min    |    max    | min | max |   Type   |
    +---------+---------+-----------+-----------+-----+-----+----------+
    |        3|        3| 12.000 ns | 12.000 ns |    1|    1| function |
    +---------+---------+-----------+-----------+-----+-----+----------+

    + Detail: 
        * Instance: 
        N/A

        * Loop: 
        N/A



================================================================
== Utilization Estimates
================================================================
* Summary: 
+---------------------+---------+-------+---------+--------+-----+
|         Name        | BRAM_18K| DSP48E|    FF   |   LUT  | URAM|
+---------------------+---------+-------+---------+--------+-----+
|DSP                  |        -|      1|        -|       -|    -|
|Expression           |        -|      -|        0|       9|    -|
|FIFO                 |        -|      -|        -|       -|    -|
|Instance             |        -|      -|        -|       -|    -|
|Memory               |        -|      -|        -|       -|    -|
|Multiplexer          |        -|      -|        -|       9|    -|
|Register             |        -|      -|       39|       -|    -|
+---------------------+---------+-------+---------+--------+-----+
|Total                |        0|      1|       39|      18|    0|
+---------------------+---------+-------+---------+--------+-----+
|Available SLR        |     1344|   2976|   871680|  435840|  320|
+---------------------+---------+-------+---------+--------+-----+
|Utilization SLR (%)  |        0|   ~0  |    ~0   |   ~0   |    0|
+---------------------+---------+-------+---------+--------+-----+
|Available            |     2688|   5952|  1743360|  871680|  640|
+---------------------+---------+-------+---------+--------+-----+
|Utilization (%)      |        0|   ~0  |    ~0   |   ~0   |    0|
+---------------------+---------+-------+---------+--------+-----+

+ Detail: 
    * Instance: 
    N/A

    * DSP48E: 
    +-----------------------------------------------+-------------------------------------------+--------------+
    |                    Instance                   |                   Module                  |  Expression  |
    +-----------------------------------------------+-------------------------------------------+--------------+
    |alveo_hls4ml_mac_mul_sub_6s_9s_12s_14_4_0_U35  |alveo_hls4ml_mac_mul_sub_6s_9s_12s_14_4_0  | i0 * i1 - i2 |
    +-----------------------------------------------+-------------------------------------------+--------------+

    * Memory: 
    N/A

    * FIFO: 
    N/A

    * Expression: 
    +-----------------+----------+-------+---+----+------------+------------+
    |  Variable Name  | Operation| DSP48E| FF| LUT| Bitwidth P0| Bitwidth P1|
    +-----------------+----------+-------+---+----+------------+------------+
    |a_ex_V_fu_42_p2  |     +    |      0|  0|   9|           9|           7|
    +-----------------+----------+-------+---+----+------------+------------+
    |Total            |          |      0|  0|   9|           9|           7|
    +-----------------+----------+-------+---+----+------------+------------+

    * Multiplexer: 
    +-----------+----+-----------+-----+-----------+
    |    Name   | LUT| Input Size| Bits| Total Bits|
    +-----------+----+-----------+-----+-----------+
    |ap_return  |   9|          2|   14|         28|
    +-----------+----+-----------+-----+-----------+
    |Total      |   9|          2|   14|         28|
    +-----------+----+-----------+-----+-----------+

    * Register: 
    +-------------------------------+----+----+-----+-----------+
    |              Name             | FF | LUT| Bits| Const Bits|
    +-------------------------------+----+----+-----+-----------+
    |a_V_int_reg                    |   6|   0|    6|          0|
    |ap_ce_reg                      |   1|   0|    1|          0|
    |ap_return_int_reg              |  14|   0|   20|          6|
    |w_V_int_reg                    |   6|   0|    6|          0|
    |w_V_read_reg_83                |   6|   0|    6|          0|
    |w_V_read_reg_83_pp0_iter1_reg  |   6|   0|    6|          0|
    +-------------------------------+----+----+-----+-----------+
    |Total                          |  39|   0|   45|          6|
    +-------------------------------+----+----+-----+-----------+



================================================================
== Interface
================================================================
* Summary: 
+-----------+-----+-----+------------+------------------------------------------------------------------+--------------+
| RTL Ports | Dir | Bits|  Protocol  |                           Source Object                          |    C Type    |
+-----------+-----+-----+------------+------------------------------------------------------------------+--------------+
|ap_clk     |  in |    1| ap_ctrl_hs | product_dense2<ap_fixed,ap_fixed,ap_fixed,ap_fixed<32,16,5,3,0>> | return value |
|ap_rst     |  in |    1| ap_ctrl_hs | product_dense2<ap_fixed,ap_fixed,ap_fixed,ap_fixed<32,16,5,3,0>> | return value |
|ap_return  | out |   20| ap_ctrl_hs | product_dense2<ap_fixed,ap_fixed,ap_fixed,ap_fixed<32,16,5,3,0>> | return value |
|ap_ce      |  in |    1| ap_ctrl_hs | product_dense2<ap_fixed,ap_fixed,ap_fixed,ap_fixed<32,16,5,3,0>> | return value |
|a_V        |  in |    6|   ap_none  |                                a_V                               |    scalar    |
|w_V        |  in |    6|   ap_none  |                                w_V                               |    scalar    |
+-----------+-----+-----+------------+------------------------------------------------------------------+--------------+

