

================================================================
== Vivado HLS Report for 'relu_single_ap_fixed_8_2_4_0_0_ap_fixed_8_2_5_3_0_relu_config62_s'
================================================================
* Date:           Sat Jan 21 04:23:44 2023

* Version:        2019.2 (Build 2704478 on Wed Nov 06 22:10:23 MST 2019)
* Project:        alveo_hls4ml
* Solution:       solution
* Product family: virtexuplus
* Target device:  xcu50-fsvh2104-2L-e


================================================================
== Performance Estimates
================================================================
+ Timing: 
    * Summary: 
    +--------+---------+----------+------------+
    |  Clock |  Target | Estimated| Uncertainty|
    +--------+---------+----------+------------+
    |ap_clk  | 4.00 ns | 2.347 ns |   0.90 ns  |
    +--------+---------+----------+------------+

+ Latency: 
    * Summary: 
    +---------+---------+-----------+-----------+------+------+---------+
    |  Latency (cycles) |   Latency (absolute)  |   Interval  | Pipeline|
    |   min   |   max   |    min    |    max    |  min |  max |   Type  |
    +---------+---------+-----------+-----------+------+------+---------+
    |     5379|     5379| 21.516 us | 21.516 us |  5379|  5379|   none  |
    +---------+---------+-----------+-----------+------+------+---------+

    + Detail: 
        * Instance: 
        N/A

        * Loop: 
        +----------+---------+---------+----------+-----------+-----------+------+----------+
        |          |  Latency (cycles) | Iteration|  Initiation Interval  | Trip |          |
        | Loop Name|   min   |   max   |  Latency |  achieved |   target  | Count| Pipelined|
        +----------+---------+---------+----------+-----------+-----------+------+----------+
        |- Loop 1  |     5377|     5377|         3|          1|          1|  5376|    yes   |
        +----------+---------+---------+----------+-----------+-----------+------+----------+



================================================================
== Utilization Estimates
================================================================
* Summary: 
+---------------------+---------+-------+---------+--------+-----+
|         Name        | BRAM_18K| DSP48E|    FF   |   LUT  | URAM|
+---------------------+---------+-------+---------+--------+-----+
|DSP                  |        -|      -|        -|       -|    -|
|Expression           |        -|      -|        0|      56|    -|
|FIFO                 |        -|      -|        -|       -|    -|
|Instance             |        -|      -|        -|       -|    -|
|Memory               |        -|      -|        -|       -|    -|
|Multiplexer          |        -|      -|        -|      75|    -|
|Register             |        -|      -|       29|       -|    -|
+---------------------+---------+-------+---------+--------+-----+
|Total                |        0|      0|       29|     131|    0|
+---------------------+---------+-------+---------+--------+-----+
|Available SLR        |     1344|   2976|   871680|  435840|  320|
+---------------------+---------+-------+---------+--------+-----+
|Utilization SLR (%)  |        0|      0|    ~0   |   ~0   |    0|
+---------------------+---------+-------+---------+--------+-----+
|Available            |     2688|   5952|  1743360|  871680|  640|
+---------------------+---------+-------+---------+--------+-----+
|Utilization (%)      |        0|      0|    ~0   |   ~0   |    0|
+---------------------+---------+-------+---------+--------+-----+

+ Detail: 
    * Instance: 
    N/A

    * DSP48E: 
    N/A

    * Memory: 
    N/A

    * FIFO: 
    N/A

    * Expression: 
    +----------------------------------+----------+-------+---+----+------------+------------+
    |           Variable Name          | Operation| DSP48E| FF| LUT| Bitwidth P0| Bitwidth P1|
    +----------------------------------+----------+-------+---+----+------------+------------+
    |i_fu_78_p2                        |     +    |      0|  0|  13|          13|           1|
    |ap_block_state3_pp0_stage0_iter1  |    and   |      0|  0|   2|           1|           1|
    |ap_block_state4_pp0_stage0_iter2  |    and   |      0|  0|   2|           1|           1|
    |icmp_ln115_fu_72_p2               |   icmp   |      0|  0|  13|          13|          13|
    |icmp_ln1494_fu_88_p2              |   icmp   |      0|  0|  11|           8|           1|
    |ap_block_pp0_stage0_01001         |    or    |      0|  0|   2|           1|           1|
    |ap_block_state1                   |    or    |      0|  0|   2|           1|           1|
    |tmp_V_fu_94_p3                    |  select  |      0|  0|   7|           1|           7|
    |ap_enable_pp0                     |    xor   |      0|  0|   2|           1|           2|
    |ap_enable_reg_pp0_iter1           |    xor   |      0|  0|   2|           2|           1|
    +----------------------------------+----------+-------+---+----+------------+------------+
    |Total                             |          |      0|  0|  56|          42|          29|
    +----------------------------------+----------+-------+---+----+------------+------------+

    * Multiplexer: 
    +-------------------------+----+-----------+-----+-----------+
    |           Name          | LUT| Input Size| Bits| Total Bits|
    +-------------------------+----+-----------+-----+-----------+
    |ap_NS_fsm                |  21|          4|    1|          4|
    |ap_done                  |   9|          2|    1|          2|
    |ap_enable_reg_pp0_iter1  |   9|          2|    1|          2|
    |ap_enable_reg_pp0_iter2  |   9|          2|    1|          2|
    |data_V_V_blk_n           |   9|          2|    1|          2|
    |i_0_reg_61               |   9|          2|   13|         26|
    |res_V_V_blk_n            |   9|          2|    1|          2|
    +-------------------------+----+-----------+-----+-----------+
    |Total                    |  75|         16|   19|         40|
    +-------------------------+----+-----------+-----+-----------+

    * Register: 
    +----------------------------------+----+----+-----+-----------+
    |               Name               | FF | LUT| Bits| Const Bits|
    +----------------------------------+----+----+-----+-----------+
    |ap_CS_fsm                         |   3|   0|    3|          0|
    |ap_done_reg                       |   1|   0|    1|          0|
    |ap_enable_reg_pp0_iter0           |   1|   0|    1|          0|
    |ap_enable_reg_pp0_iter1           |   1|   0|    1|          0|
    |ap_enable_reg_pp0_iter2           |   1|   0|    1|          0|
    |i_0_reg_61                        |  13|   0|   13|          0|
    |icmp_ln115_reg_106                |   1|   0|    1|          0|
    |icmp_ln115_reg_106_pp0_iter1_reg  |   1|   0|    1|          0|
    |tmp_V_reg_115                     |   7|   0|    7|          0|
    +----------------------------------+----+----+-----+-----------+
    |Total                             |  29|   0|   29|          0|
    +----------------------------------+----+----+-----+-----------+



================================================================
== Interface
================================================================
* Summary: 
+------------------+-----+-----+------------+------------------------------------------------------------------------------+--------------+
|     RTL Ports    | Dir | Bits|  Protocol  |                                 Source Object                                |    C Type    |
+------------------+-----+-----+------------+------------------------------------------------------------------------------+--------------+
|ap_clk            |  in |    1| ap_ctrl_hs | relu_single<ap_fixed<8, 2, 4, 0, 0>, ap_fixed<8, 2, 5, 3, 0>, relu_config62> | return value |
|ap_rst            |  in |    1| ap_ctrl_hs | relu_single<ap_fixed<8, 2, 4, 0, 0>, ap_fixed<8, 2, 5, 3, 0>, relu_config62> | return value |
|ap_start          |  in |    1| ap_ctrl_hs | relu_single<ap_fixed<8, 2, 4, 0, 0>, ap_fixed<8, 2, 5, 3, 0>, relu_config62> | return value |
|ap_done           | out |    1| ap_ctrl_hs | relu_single<ap_fixed<8, 2, 4, 0, 0>, ap_fixed<8, 2, 5, 3, 0>, relu_config62> | return value |
|ap_continue       |  in |    1| ap_ctrl_hs | relu_single<ap_fixed<8, 2, 4, 0, 0>, ap_fixed<8, 2, 5, 3, 0>, relu_config62> | return value |
|ap_idle           | out |    1| ap_ctrl_hs | relu_single<ap_fixed<8, 2, 4, 0, 0>, ap_fixed<8, 2, 5, 3, 0>, relu_config62> | return value |
|ap_ready          | out |    1| ap_ctrl_hs | relu_single<ap_fixed<8, 2, 4, 0, 0>, ap_fixed<8, 2, 5, 3, 0>, relu_config62> | return value |
|data_V_V_dout     |  in |    8|   ap_fifo  |                                   data_V_V                                   |    pointer   |
|data_V_V_empty_n  |  in |    1|   ap_fifo  |                                   data_V_V                                   |    pointer   |
|data_V_V_read     | out |    1|   ap_fifo  |                                   data_V_V                                   |    pointer   |
|res_V_V_din       | out |    8|   ap_fifo  |                                    res_V_V                                   |    pointer   |
|res_V_V_full_n    |  in |    1|   ap_fifo  |                                    res_V_V                                   |    pointer   |
|res_V_V_write     | out |    1|   ap_fifo  |                                    res_V_V                                   |    pointer   |
+------------------+-----+-----+------------+------------------------------------------------------------------------------+--------------+

