

================================================================
== Vivado HLS Report for 'relu_switch_ap_fixed_8_2_4_0_0_ap_fixed_8_2_5_3_0_relu_config46_s'
================================================================
* Date:           Fri Feb  3 03:01:16 2023

* Version:        2019.2 (Build 2704478 on Wed Nov 06 22:10:23 MST 2019)
* Project:        alveo_hls4ml
* Solution:       solution
* Product family: virtexuplus
* Target device:  xcu50-fsvh2104-2L-e


================================================================
== Performance Estimates
================================================================
+ Timing: 
    * Summary: 
    +--------+---------+----------+------------+
    |  Clock |  Target | Estimated| Uncertainty|
    +--------+---------+----------+------------+
    |ap_clk  | 4.00 ns | 2.347 ns |   0.90 ns  |
    +--------+---------+----------+------------+

+ Latency: 
    * Summary: 
    +---------+---------+----------+----------+-----+-----+---------+
    |  Latency (cycles) |  Latency (absolute) |  Interval | Pipeline|
    |   min   |   max   |    min   |    max   | min | max |   Type  |
    +---------+---------+----------+----------+-----+-----+---------+
    |      759|      759| 3.036 us | 3.036 us |  759|  759|   none  |
    +---------+---------+----------+----------+-----+-----+---------+

    + Detail: 
        * Instance: 
        N/A

        * Loop: 
        +---------------+---------+---------+----------+-----------+-----------+------+----------+
        |               |  Latency (cycles) | Iteration|  Initiation Interval  | Trip |          |
        |   Loop Name   |   min   |   max   |  Latency |  achieved |   target  | Count| Pipelined|
        +---------------+---------+---------+----------+-----------+-----------+------+----------+
        |- ReLUActLoop  |      757|      757|         3|          1|          1|   756|    yes   |
        +---------------+---------+---------+----------+-----------+-----------+------+----------+



================================================================
== Utilization Estimates
================================================================
* Summary: 
+---------------------+---------+-------+---------+--------+-----+
|         Name        | BRAM_18K| DSP48E|    FF   |   LUT  | URAM|
+---------------------+---------+-------+---------+--------+-----+
|DSP                  |        -|      -|        -|       -|    -|
|Expression           |        -|      -|        0|     611|    -|
|FIFO                 |        -|      -|        -|       -|    -|
|Instance             |        -|      -|        -|       -|    -|
|Memory               |        -|      -|        -|       -|    -|
|Multiplexer          |        -|      -|        -|     642|    -|
|Register             |        -|      -|      244|       -|    -|
+---------------------+---------+-------+---------+--------+-----+
|Total                |        0|      0|      244|    1253|    0|
+---------------------+---------+-------+---------+--------+-----+
|Available SLR        |     1344|   2976|   871680|  435840|  320|
+---------------------+---------+-------+---------+--------+-----+
|Utilization SLR (%)  |        0|      0|    ~0   |   ~0   |    0|
+---------------------+---------+-------+---------+--------+-----+
|Available            |     2688|   5952|  1743360|  871680|  640|
+---------------------+---------+-------+---------+--------+-----+
|Utilization (%)      |        0|      0|    ~0   |   ~0   |    0|
+---------------------+---------+-------+---------+--------+-----+

+ Detail: 
    * Instance: 
    N/A

    * DSP48E: 
    N/A

    * Memory: 
    N/A

    * FIFO: 
    N/A

    * Expression: 
    +----------------------------------+----------+-------+---+----+------------+------------+
    |           Variable Name          | Operation| DSP48E| FF| LUT| Bitwidth P0| Bitwidth P1|
    +----------------------------------+----------+-------+---+----+------------+------------+
    |i_fu_605_p2                       |     +    |      0|  0|  10|          10|           1|
    |icmp_ln1494_10_fu_879_p2          |   icmp   |      0|  0|  11|           8|           1|
    |icmp_ln1494_11_fu_893_p2          |   icmp   |      0|  0|  11|           8|           1|
    |icmp_ln1494_12_fu_907_p2          |   icmp   |      0|  0|  11|           8|           1|
    |icmp_ln1494_13_fu_921_p2          |   icmp   |      0|  0|  11|           8|           1|
    |icmp_ln1494_14_fu_935_p2          |   icmp   |      0|  0|  11|           8|           1|
    |icmp_ln1494_15_fu_949_p2          |   icmp   |      0|  0|  11|           8|           1|
    |icmp_ln1494_16_fu_963_p2          |   icmp   |      0|  0|  11|           8|           1|
    |icmp_ln1494_17_fu_977_p2          |   icmp   |      0|  0|  11|           8|           1|
    |icmp_ln1494_18_fu_991_p2          |   icmp   |      0|  0|  11|           8|           1|
    |icmp_ln1494_19_fu_1005_p2         |   icmp   |      0|  0|  11|           8|           1|
    |icmp_ln1494_1_fu_753_p2           |   icmp   |      0|  0|  11|           8|           1|
    |icmp_ln1494_20_fu_1019_p2         |   icmp   |      0|  0|  11|           8|           1|
    |icmp_ln1494_21_fu_1033_p2         |   icmp   |      0|  0|  11|           8|           1|
    |icmp_ln1494_22_fu_1047_p2         |   icmp   |      0|  0|  11|           8|           1|
    |icmp_ln1494_23_fu_1061_p2         |   icmp   |      0|  0|  11|           8|           1|
    |icmp_ln1494_24_fu_1075_p2         |   icmp   |      0|  0|  11|           8|           1|
    |icmp_ln1494_25_fu_1089_p2         |   icmp   |      0|  0|  11|           8|           1|
    |icmp_ln1494_26_fu_1103_p2         |   icmp   |      0|  0|  11|           8|           1|
    |icmp_ln1494_27_fu_1117_p2         |   icmp   |      0|  0|  11|           8|           1|
    |icmp_ln1494_28_fu_1131_p2         |   icmp   |      0|  0|  11|           8|           1|
    |icmp_ln1494_29_fu_1145_p2         |   icmp   |      0|  0|  11|           8|           1|
    |icmp_ln1494_2_fu_767_p2           |   icmp   |      0|  0|  11|           8|           1|
    |icmp_ln1494_30_fu_1159_p2         |   icmp   |      0|  0|  11|           8|           1|
    |icmp_ln1494_31_fu_1173_p2         |   icmp   |      0|  0|  11|           8|           1|
    |icmp_ln1494_3_fu_781_p2           |   icmp   |      0|  0|  11|           8|           1|
    |icmp_ln1494_4_fu_795_p2           |   icmp   |      0|  0|  11|           8|           1|
    |icmp_ln1494_5_fu_809_p2           |   icmp   |      0|  0|  11|           8|           1|
    |icmp_ln1494_6_fu_823_p2           |   icmp   |      0|  0|  11|           8|           1|
    |icmp_ln1494_7_fu_837_p2           |   icmp   |      0|  0|  11|           8|           1|
    |icmp_ln1494_8_fu_851_p2           |   icmp   |      0|  0|  11|           8|           1|
    |icmp_ln1494_9_fu_865_p2           |   icmp   |      0|  0|  11|           8|           1|
    |icmp_ln1494_fu_739_p2             |   icmp   |      0|  0|  11|           8|           1|
    |icmp_ln164_fu_599_p2              |   icmp   |      0|  0|  13|          10|          10|
    |ap_block_pp0_stage0_01001         |    or    |      0|  0|   2|           1|           1|
    |ap_block_state1                   |    or    |      0|  0|   2|           1|           1|
    |ap_block_state3_pp0_stage0_iter1  |    or    |      0|  0|   2|           1|           1|
    |ap_block_state4_pp0_stage0_iter2  |    or    |      0|  0|   2|           1|           1|
    |tmp_V_142_fu_759_p3               |  select  |      0|  0|   7|           1|           7|
    |tmp_V_144_fu_773_p3               |  select  |      0|  0|   7|           1|           7|
    |tmp_V_146_fu_787_p3               |  select  |      0|  0|   7|           1|           7|
    |tmp_V_148_fu_801_p3               |  select  |      0|  0|   7|           1|           7|
    |tmp_V_150_fu_815_p3               |  select  |      0|  0|   7|           1|           7|
    |tmp_V_152_fu_829_p3               |  select  |      0|  0|   7|           1|           7|
    |tmp_V_154_fu_843_p3               |  select  |      0|  0|   7|           1|           7|
    |tmp_V_156_fu_857_p3               |  select  |      0|  0|   7|           1|           7|
    |tmp_V_158_fu_871_p3               |  select  |      0|  0|   7|           1|           7|
    |tmp_V_160_fu_885_p3               |  select  |      0|  0|   7|           1|           7|
    |tmp_V_162_fu_899_p3               |  select  |      0|  0|   7|           1|           7|
    |tmp_V_164_fu_913_p3               |  select  |      0|  0|   7|           1|           7|
    |tmp_V_166_fu_927_p3               |  select  |      0|  0|   7|           1|           7|
    |tmp_V_168_fu_941_p3               |  select  |      0|  0|   7|           1|           7|
    |tmp_V_170_fu_955_p3               |  select  |      0|  0|   7|           1|           7|
    |tmp_V_172_fu_969_p3               |  select  |      0|  0|   7|           1|           7|
    |tmp_V_174_fu_983_p3               |  select  |      0|  0|   7|           1|           7|
    |tmp_V_176_fu_997_p3               |  select  |      0|  0|   7|           1|           7|
    |tmp_V_178_fu_1011_p3              |  select  |      0|  0|   7|           1|           7|
    |tmp_V_180_fu_1025_p3              |  select  |      0|  0|   7|           1|           7|
    |tmp_V_182_fu_1039_p3              |  select  |      0|  0|   7|           1|           7|
    |tmp_V_184_fu_1053_p3              |  select  |      0|  0|   7|           1|           7|
    |tmp_V_186_fu_1067_p3              |  select  |      0|  0|   7|           1|           7|
    |tmp_V_188_fu_1081_p3              |  select  |      0|  0|   7|           1|           7|
    |tmp_V_190_fu_1095_p3              |  select  |      0|  0|   7|           1|           7|
    |tmp_V_192_fu_1109_p3              |  select  |      0|  0|   7|           1|           7|
    |tmp_V_194_fu_1123_p3              |  select  |      0|  0|   7|           1|           7|
    |tmp_V_196_fu_1137_p3              |  select  |      0|  0|   7|           1|           7|
    |tmp_V_198_fu_1151_p3              |  select  |      0|  0|   7|           1|           7|
    |tmp_V_200_fu_1165_p3              |  select  |      0|  0|   7|           1|           7|
    |tmp_V_202_fu_1179_p3              |  select  |      0|  0|   7|           1|           7|
    |tmp_V_fu_745_p3                   |  select  |      0|  0|   7|           1|           7|
    |ap_enable_pp0                     |    xor   |      0|  0|   2|           1|           2|
    |ap_enable_reg_pp0_iter1           |    xor   |      0|  0|   2|           2|           1|
    +----------------------------------+----------+-------+---+----+------------+------------+
    |Total                             |          |      0|  0| 611|         315|         274|
    +----------------------------------+----------+-------+---+----+------------+------------+

    * Multiplexer: 
    +-------------------------+----+-----------+-----+-----------+
    |           Name          | LUT| Input Size| Bits| Total Bits|
    +-------------------------+----+-----------+-----+-----------+
    |ap_NS_fsm                |  21|          4|    1|          4|
    |ap_done                  |   9|          2|    1|          2|
    |ap_enable_reg_pp0_iter1  |   9|          2|    1|          2|
    |ap_enable_reg_pp0_iter2  |   9|          2|    1|          2|
    |data_0_V_V_blk_n         |   9|          2|    1|          2|
    |data_10_V_V_blk_n        |   9|          2|    1|          2|
    |data_11_V_V_blk_n        |   9|          2|    1|          2|
    |data_12_V_V_blk_n        |   9|          2|    1|          2|
    |data_13_V_V_blk_n        |   9|          2|    1|          2|
    |data_14_V_V_blk_n        |   9|          2|    1|          2|
    |data_15_V_V_blk_n        |   9|          2|    1|          2|
    |data_16_V_V_blk_n        |   9|          2|    1|          2|
    |data_17_V_V_blk_n        |   9|          2|    1|          2|
    |data_18_V_V_blk_n        |   9|          2|    1|          2|
    |data_19_V_V_blk_n        |   9|          2|    1|          2|
    |data_1_V_V_blk_n         |   9|          2|    1|          2|
    |data_20_V_V_blk_n        |   9|          2|    1|          2|
    |data_21_V_V_blk_n        |   9|          2|    1|          2|
    |data_22_V_V_blk_n        |   9|          2|    1|          2|
    |data_23_V_V_blk_n        |   9|          2|    1|          2|
    |data_24_V_V_blk_n        |   9|          2|    1|          2|
    |data_25_V_V_blk_n        |   9|          2|    1|          2|
    |data_26_V_V_blk_n        |   9|          2|    1|          2|
    |data_27_V_V_blk_n        |   9|          2|    1|          2|
    |data_28_V_V_blk_n        |   9|          2|    1|          2|
    |data_29_V_V_blk_n        |   9|          2|    1|          2|
    |data_2_V_V_blk_n         |   9|          2|    1|          2|
    |data_30_V_V_blk_n        |   9|          2|    1|          2|
    |data_31_V_V_blk_n        |   9|          2|    1|          2|
    |data_3_V_V_blk_n         |   9|          2|    1|          2|
    |data_4_V_V_blk_n         |   9|          2|    1|          2|
    |data_5_V_V_blk_n         |   9|          2|    1|          2|
    |data_6_V_V_blk_n         |   9|          2|    1|          2|
    |data_7_V_V_blk_n         |   9|          2|    1|          2|
    |data_8_V_V_blk_n         |   9|          2|    1|          2|
    |data_9_V_V_blk_n         |   9|          2|    1|          2|
    |i_0_i_reg_588            |   9|          2|   10|         20|
    |real_start               |   9|          2|    1|          2|
    |res_0_V_V_blk_n          |   9|          2|    1|          2|
    |res_10_V_V_blk_n         |   9|          2|    1|          2|
    |res_11_V_V_blk_n         |   9|          2|    1|          2|
    |res_12_V_V_blk_n         |   9|          2|    1|          2|
    |res_13_V_V_blk_n         |   9|          2|    1|          2|
    |res_14_V_V_blk_n         |   9|          2|    1|          2|
    |res_15_V_V_blk_n         |   9|          2|    1|          2|
    |res_16_V_V_blk_n         |   9|          2|    1|          2|
    |res_17_V_V_blk_n         |   9|          2|    1|          2|
    |res_18_V_V_blk_n         |   9|          2|    1|          2|
    |res_19_V_V_blk_n         |   9|          2|    1|          2|
    |res_1_V_V_blk_n          |   9|          2|    1|          2|
    |res_20_V_V_blk_n         |   9|          2|    1|          2|
    |res_21_V_V_blk_n         |   9|          2|    1|          2|
    |res_22_V_V_blk_n         |   9|          2|    1|          2|
    |res_23_V_V_blk_n         |   9|          2|    1|          2|
    |res_24_V_V_blk_n         |   9|          2|    1|          2|
    |res_25_V_V_blk_n         |   9|          2|    1|          2|
    |res_26_V_V_blk_n         |   9|          2|    1|          2|
    |res_27_V_V_blk_n         |   9|          2|    1|          2|
    |res_28_V_V_blk_n         |   9|          2|    1|          2|
    |res_29_V_V_blk_n         |   9|          2|    1|          2|
    |res_2_V_V_blk_n          |   9|          2|    1|          2|
    |res_30_V_V_blk_n         |   9|          2|    1|          2|
    |res_31_V_V_blk_n         |   9|          2|    1|          2|
    |res_3_V_V_blk_n          |   9|          2|    1|          2|
    |res_4_V_V_blk_n          |   9|          2|    1|          2|
    |res_5_V_V_blk_n          |   9|          2|    1|          2|
    |res_6_V_V_blk_n          |   9|          2|    1|          2|
    |res_7_V_V_blk_n          |   9|          2|    1|          2|
    |res_8_V_V_blk_n          |   9|          2|    1|          2|
    |res_9_V_V_blk_n          |   9|          2|    1|          2|
    +-------------------------+----+-----------+-----+-----------+
    |Total                    | 642|        142|   79|        160|
    +-------------------------+----+-----------+-----+-----------+

    * Register: 
    +-----------------------------------+----+----+-----+-----------+
    |                Name               | FF | LUT| Bits| Const Bits|
    +-----------------------------------+----+----+-----+-----------+
    |ap_CS_fsm                          |   3|   0|    3|          0|
    |ap_done_reg                        |   1|   0|    1|          0|
    |ap_enable_reg_pp0_iter0            |   1|   0|    1|          0|
    |ap_enable_reg_pp0_iter1            |   1|   0|    1|          0|
    |ap_enable_reg_pp0_iter2            |   1|   0|    1|          0|
    |i_0_i_reg_588                      |  10|   0|   10|          0|
    |icmp_ln164_reg_1315                |   1|   0|    1|          0|
    |icmp_ln164_reg_1315_pp0_iter1_reg  |   1|   0|    1|          0|
    |start_once_reg                     |   1|   0|    1|          0|
    |tmp_V_142_reg_1329                 |   7|   0|    7|          0|
    |tmp_V_144_reg_1334                 |   7|   0|    7|          0|
    |tmp_V_146_reg_1339                 |   7|   0|    7|          0|
    |tmp_V_148_reg_1344                 |   7|   0|    7|          0|
    |tmp_V_150_reg_1349                 |   7|   0|    7|          0|
    |tmp_V_152_reg_1354                 |   7|   0|    7|          0|
    |tmp_V_154_reg_1359                 |   7|   0|    7|          0|
    |tmp_V_156_reg_1364                 |   7|   0|    7|          0|
    |tmp_V_158_reg_1369                 |   7|   0|    7|          0|
    |tmp_V_160_reg_1374                 |   7|   0|    7|          0|
    |tmp_V_162_reg_1379                 |   7|   0|    7|          0|
    |tmp_V_164_reg_1384                 |   7|   0|    7|          0|
    |tmp_V_166_reg_1389                 |   7|   0|    7|          0|
    |tmp_V_168_reg_1394                 |   7|   0|    7|          0|
    |tmp_V_170_reg_1399                 |   7|   0|    7|          0|
    |tmp_V_172_reg_1404                 |   7|   0|    7|          0|
    |tmp_V_174_reg_1409                 |   7|   0|    7|          0|
    |tmp_V_176_reg_1414                 |   7|   0|    7|          0|
    |tmp_V_178_reg_1419                 |   7|   0|    7|          0|
    |tmp_V_180_reg_1424                 |   7|   0|    7|          0|
    |tmp_V_182_reg_1429                 |   7|   0|    7|          0|
    |tmp_V_184_reg_1434                 |   7|   0|    7|          0|
    |tmp_V_186_reg_1439                 |   7|   0|    7|          0|
    |tmp_V_188_reg_1444                 |   7|   0|    7|          0|
    |tmp_V_190_reg_1449                 |   7|   0|    7|          0|
    |tmp_V_192_reg_1454                 |   7|   0|    7|          0|
    |tmp_V_194_reg_1459                 |   7|   0|    7|          0|
    |tmp_V_196_reg_1464                 |   7|   0|    7|          0|
    |tmp_V_198_reg_1469                 |   7|   0|    7|          0|
    |tmp_V_200_reg_1474                 |   7|   0|    7|          0|
    |tmp_V_202_reg_1479                 |   7|   0|    7|          0|
    |tmp_V_reg_1324                     |   7|   0|    7|          0|
    +-----------------------------------+----+----+-----+-----------+
    |Total                              | 244|   0|  244|          0|
    +-----------------------------------+----+----+-----+-----------+



================================================================
== Interface
================================================================
* Summary: 
+---------------------+-----+-----+------------+------------------------------------------------------------------------------+--------------+
|      RTL Ports      | Dir | Bits|  Protocol  |                                 Source Object                                |    C Type    |
+---------------------+-----+-----+------------+------------------------------------------------------------------------------+--------------+
|ap_clk               |  in |    1| ap_ctrl_hs | relu_switch<ap_fixed<8, 2, 4, 0, 0>, ap_fixed<8, 2, 5, 3, 0>, relu_config46> | return value |
|ap_rst               |  in |    1| ap_ctrl_hs | relu_switch<ap_fixed<8, 2, 4, 0, 0>, ap_fixed<8, 2, 5, 3, 0>, relu_config46> | return value |
|ap_start             |  in |    1| ap_ctrl_hs | relu_switch<ap_fixed<8, 2, 4, 0, 0>, ap_fixed<8, 2, 5, 3, 0>, relu_config46> | return value |
|start_full_n         |  in |    1| ap_ctrl_hs | relu_switch<ap_fixed<8, 2, 4, 0, 0>, ap_fixed<8, 2, 5, 3, 0>, relu_config46> | return value |
|ap_done              | out |    1| ap_ctrl_hs | relu_switch<ap_fixed<8, 2, 4, 0, 0>, ap_fixed<8, 2, 5, 3, 0>, relu_config46> | return value |
|ap_continue          |  in |    1| ap_ctrl_hs | relu_switch<ap_fixed<8, 2, 4, 0, 0>, ap_fixed<8, 2, 5, 3, 0>, relu_config46> | return value |
|ap_idle              | out |    1| ap_ctrl_hs | relu_switch<ap_fixed<8, 2, 4, 0, 0>, ap_fixed<8, 2, 5, 3, 0>, relu_config46> | return value |
|ap_ready             | out |    1| ap_ctrl_hs | relu_switch<ap_fixed<8, 2, 4, 0, 0>, ap_fixed<8, 2, 5, 3, 0>, relu_config46> | return value |
|start_out            | out |    1| ap_ctrl_hs | relu_switch<ap_fixed<8, 2, 4, 0, 0>, ap_fixed<8, 2, 5, 3, 0>, relu_config46> | return value |
|start_write          | out |    1| ap_ctrl_hs | relu_switch<ap_fixed<8, 2, 4, 0, 0>, ap_fixed<8, 2, 5, 3, 0>, relu_config46> | return value |
|data_0_V_V_dout      |  in |    8|   ap_fifo  |                                  data_0_V_V                                  |    pointer   |
|data_0_V_V_empty_n   |  in |    1|   ap_fifo  |                                  data_0_V_V                                  |    pointer   |
|data_0_V_V_read      | out |    1|   ap_fifo  |                                  data_0_V_V                                  |    pointer   |
|data_1_V_V_dout      |  in |    8|   ap_fifo  |                                  data_1_V_V                                  |    pointer   |
|data_1_V_V_empty_n   |  in |    1|   ap_fifo  |                                  data_1_V_V                                  |    pointer   |
|data_1_V_V_read      | out |    1|   ap_fifo  |                                  data_1_V_V                                  |    pointer   |
|data_2_V_V_dout      |  in |    8|   ap_fifo  |                                  data_2_V_V                                  |    pointer   |
|data_2_V_V_empty_n   |  in |    1|   ap_fifo  |                                  data_2_V_V                                  |    pointer   |
|data_2_V_V_read      | out |    1|   ap_fifo  |                                  data_2_V_V                                  |    pointer   |
|data_3_V_V_dout      |  in |    8|   ap_fifo  |                                  data_3_V_V                                  |    pointer   |
|data_3_V_V_empty_n   |  in |    1|   ap_fifo  |                                  data_3_V_V                                  |    pointer   |
|data_3_V_V_read      | out |    1|   ap_fifo  |                                  data_3_V_V                                  |    pointer   |
|data_4_V_V_dout      |  in |    8|   ap_fifo  |                                  data_4_V_V                                  |    pointer   |
|data_4_V_V_empty_n   |  in |    1|   ap_fifo  |                                  data_4_V_V                                  |    pointer   |
|data_4_V_V_read      | out |    1|   ap_fifo  |                                  data_4_V_V                                  |    pointer   |
|data_5_V_V_dout      |  in |    8|   ap_fifo  |                                  data_5_V_V                                  |    pointer   |
|data_5_V_V_empty_n   |  in |    1|   ap_fifo  |                                  data_5_V_V                                  |    pointer   |
|data_5_V_V_read      | out |    1|   ap_fifo  |                                  data_5_V_V                                  |    pointer   |
|data_6_V_V_dout      |  in |    8|   ap_fifo  |                                  data_6_V_V                                  |    pointer   |
|data_6_V_V_empty_n   |  in |    1|   ap_fifo  |                                  data_6_V_V                                  |    pointer   |
|data_6_V_V_read      | out |    1|   ap_fifo  |                                  data_6_V_V                                  |    pointer   |
|data_7_V_V_dout      |  in |    8|   ap_fifo  |                                  data_7_V_V                                  |    pointer   |
|data_7_V_V_empty_n   |  in |    1|   ap_fifo  |                                  data_7_V_V                                  |    pointer   |
|data_7_V_V_read      | out |    1|   ap_fifo  |                                  data_7_V_V                                  |    pointer   |
|data_8_V_V_dout      |  in |    8|   ap_fifo  |                                  data_8_V_V                                  |    pointer   |
|data_8_V_V_empty_n   |  in |    1|   ap_fifo  |                                  data_8_V_V                                  |    pointer   |
|data_8_V_V_read      | out |    1|   ap_fifo  |                                  data_8_V_V                                  |    pointer   |
|data_9_V_V_dout      |  in |    8|   ap_fifo  |                                  data_9_V_V                                  |    pointer   |
|data_9_V_V_empty_n   |  in |    1|   ap_fifo  |                                  data_9_V_V                                  |    pointer   |
|data_9_V_V_read      | out |    1|   ap_fifo  |                                  data_9_V_V                                  |    pointer   |
|data_10_V_V_dout     |  in |    8|   ap_fifo  |                                  data_10_V_V                                 |    pointer   |
|data_10_V_V_empty_n  |  in |    1|   ap_fifo  |                                  data_10_V_V                                 |    pointer   |
|data_10_V_V_read     | out |    1|   ap_fifo  |                                  data_10_V_V                                 |    pointer   |
|data_11_V_V_dout     |  in |    8|   ap_fifo  |                                  data_11_V_V                                 |    pointer   |
|data_11_V_V_empty_n  |  in |    1|   ap_fifo  |                                  data_11_V_V                                 |    pointer   |
|data_11_V_V_read     | out |    1|   ap_fifo  |                                  data_11_V_V                                 |    pointer   |
|data_12_V_V_dout     |  in |    8|   ap_fifo  |                                  data_12_V_V                                 |    pointer   |
|data_12_V_V_empty_n  |  in |    1|   ap_fifo  |                                  data_12_V_V                                 |    pointer   |
|data_12_V_V_read     | out |    1|   ap_fifo  |                                  data_12_V_V                                 |    pointer   |
|data_13_V_V_dout     |  in |    8|   ap_fifo  |                                  data_13_V_V                                 |    pointer   |
|data_13_V_V_empty_n  |  in |    1|   ap_fifo  |                                  data_13_V_V                                 |    pointer   |
|data_13_V_V_read     | out |    1|   ap_fifo  |                                  data_13_V_V                                 |    pointer   |
|data_14_V_V_dout     |  in |    8|   ap_fifo  |                                  data_14_V_V                                 |    pointer   |
|data_14_V_V_empty_n  |  in |    1|   ap_fifo  |                                  data_14_V_V                                 |    pointer   |
|data_14_V_V_read     | out |    1|   ap_fifo  |                                  data_14_V_V                                 |    pointer   |
|data_15_V_V_dout     |  in |    8|   ap_fifo  |                                  data_15_V_V                                 |    pointer   |
|data_15_V_V_empty_n  |  in |    1|   ap_fifo  |                                  data_15_V_V                                 |    pointer   |
|data_15_V_V_read     | out |    1|   ap_fifo  |                                  data_15_V_V                                 |    pointer   |
|data_16_V_V_dout     |  in |    8|   ap_fifo  |                                  data_16_V_V                                 |    pointer   |
|data_16_V_V_empty_n  |  in |    1|   ap_fifo  |                                  data_16_V_V                                 |    pointer   |
|data_16_V_V_read     | out |    1|   ap_fifo  |                                  data_16_V_V                                 |    pointer   |
|data_17_V_V_dout     |  in |    8|   ap_fifo  |                                  data_17_V_V                                 |    pointer   |
|data_17_V_V_empty_n  |  in |    1|   ap_fifo  |                                  data_17_V_V                                 |    pointer   |
|data_17_V_V_read     | out |    1|   ap_fifo  |                                  data_17_V_V                                 |    pointer   |
|data_18_V_V_dout     |  in |    8|   ap_fifo  |                                  data_18_V_V                                 |    pointer   |
|data_18_V_V_empty_n  |  in |    1|   ap_fifo  |                                  data_18_V_V                                 |    pointer   |
|data_18_V_V_read     | out |    1|   ap_fifo  |                                  data_18_V_V                                 |    pointer   |
|data_19_V_V_dout     |  in |    8|   ap_fifo  |                                  data_19_V_V                                 |    pointer   |
|data_19_V_V_empty_n  |  in |    1|   ap_fifo  |                                  data_19_V_V                                 |    pointer   |
|data_19_V_V_read     | out |    1|   ap_fifo  |                                  data_19_V_V                                 |    pointer   |
|data_20_V_V_dout     |  in |    8|   ap_fifo  |                                  data_20_V_V                                 |    pointer   |
|data_20_V_V_empty_n  |  in |    1|   ap_fifo  |                                  data_20_V_V                                 |    pointer   |
|data_20_V_V_read     | out |    1|   ap_fifo  |                                  data_20_V_V                                 |    pointer   |
|data_21_V_V_dout     |  in |    8|   ap_fifo  |                                  data_21_V_V                                 |    pointer   |
|data_21_V_V_empty_n  |  in |    1|   ap_fifo  |                                  data_21_V_V                                 |    pointer   |
|data_21_V_V_read     | out |    1|   ap_fifo  |                                  data_21_V_V                                 |    pointer   |
|data_22_V_V_dout     |  in |    8|   ap_fifo  |                                  data_22_V_V                                 |    pointer   |
|data_22_V_V_empty_n  |  in |    1|   ap_fifo  |                                  data_22_V_V                                 |    pointer   |
|data_22_V_V_read     | out |    1|   ap_fifo  |                                  data_22_V_V                                 |    pointer   |
|data_23_V_V_dout     |  in |    8|   ap_fifo  |                                  data_23_V_V                                 |    pointer   |
|data_23_V_V_empty_n  |  in |    1|   ap_fifo  |                                  data_23_V_V                                 |    pointer   |
|data_23_V_V_read     | out |    1|   ap_fifo  |                                  data_23_V_V                                 |    pointer   |
|data_24_V_V_dout     |  in |    8|   ap_fifo  |                                  data_24_V_V                                 |    pointer   |
|data_24_V_V_empty_n  |  in |    1|   ap_fifo  |                                  data_24_V_V                                 |    pointer   |
|data_24_V_V_read     | out |    1|   ap_fifo  |                                  data_24_V_V                                 |    pointer   |
|data_25_V_V_dout     |  in |    8|   ap_fifo  |                                  data_25_V_V                                 |    pointer   |
|data_25_V_V_empty_n  |  in |    1|   ap_fifo  |                                  data_25_V_V                                 |    pointer   |
|data_25_V_V_read     | out |    1|   ap_fifo  |                                  data_25_V_V                                 |    pointer   |
|data_26_V_V_dout     |  in |    8|   ap_fifo  |                                  data_26_V_V                                 |    pointer   |
|data_26_V_V_empty_n  |  in |    1|   ap_fifo  |                                  data_26_V_V                                 |    pointer   |
|data_26_V_V_read     | out |    1|   ap_fifo  |                                  data_26_V_V                                 |    pointer   |
|data_27_V_V_dout     |  in |    8|   ap_fifo  |                                  data_27_V_V                                 |    pointer   |
|data_27_V_V_empty_n  |  in |    1|   ap_fifo  |                                  data_27_V_V                                 |    pointer   |
|data_27_V_V_read     | out |    1|   ap_fifo  |                                  data_27_V_V                                 |    pointer   |
|data_28_V_V_dout     |  in |    8|   ap_fifo  |                                  data_28_V_V                                 |    pointer   |
|data_28_V_V_empty_n  |  in |    1|   ap_fifo  |                                  data_28_V_V                                 |    pointer   |
|data_28_V_V_read     | out |    1|   ap_fifo  |                                  data_28_V_V                                 |    pointer   |
|data_29_V_V_dout     |  in |    8|   ap_fifo  |                                  data_29_V_V                                 |    pointer   |
|data_29_V_V_empty_n  |  in |    1|   ap_fifo  |                                  data_29_V_V                                 |    pointer   |
|data_29_V_V_read     | out |    1|   ap_fifo  |                                  data_29_V_V                                 |    pointer   |
|data_30_V_V_dout     |  in |    8|   ap_fifo  |                                  data_30_V_V                                 |    pointer   |
|data_30_V_V_empty_n  |  in |    1|   ap_fifo  |                                  data_30_V_V                                 |    pointer   |
|data_30_V_V_read     | out |    1|   ap_fifo  |                                  data_30_V_V                                 |    pointer   |
|data_31_V_V_dout     |  in |    8|   ap_fifo  |                                  data_31_V_V                                 |    pointer   |
|data_31_V_V_empty_n  |  in |    1|   ap_fifo  |                                  data_31_V_V                                 |    pointer   |
|data_31_V_V_read     | out |    1|   ap_fifo  |                                  data_31_V_V                                 |    pointer   |
|res_0_V_V_din        | out |    8|   ap_fifo  |                                   res_0_V_V                                  |    pointer   |
|res_0_V_V_full_n     |  in |    1|   ap_fifo  |                                   res_0_V_V                                  |    pointer   |
|res_0_V_V_write      | out |    1|   ap_fifo  |                                   res_0_V_V                                  |    pointer   |
|res_1_V_V_din        | out |    8|   ap_fifo  |                                   res_1_V_V                                  |    pointer   |
|res_1_V_V_full_n     |  in |    1|   ap_fifo  |                                   res_1_V_V                                  |    pointer   |
|res_1_V_V_write      | out |    1|   ap_fifo  |                                   res_1_V_V                                  |    pointer   |
|res_2_V_V_din        | out |    8|   ap_fifo  |                                   res_2_V_V                                  |    pointer   |
|res_2_V_V_full_n     |  in |    1|   ap_fifo  |                                   res_2_V_V                                  |    pointer   |
|res_2_V_V_write      | out |    1|   ap_fifo  |                                   res_2_V_V                                  |    pointer   |
|res_3_V_V_din        | out |    8|   ap_fifo  |                                   res_3_V_V                                  |    pointer   |
|res_3_V_V_full_n     |  in |    1|   ap_fifo  |                                   res_3_V_V                                  |    pointer   |
|res_3_V_V_write      | out |    1|   ap_fifo  |                                   res_3_V_V                                  |    pointer   |
|res_4_V_V_din        | out |    8|   ap_fifo  |                                   res_4_V_V                                  |    pointer   |
|res_4_V_V_full_n     |  in |    1|   ap_fifo  |                                   res_4_V_V                                  |    pointer   |
|res_4_V_V_write      | out |    1|   ap_fifo  |                                   res_4_V_V                                  |    pointer   |
|res_5_V_V_din        | out |    8|   ap_fifo  |                                   res_5_V_V                                  |    pointer   |
|res_5_V_V_full_n     |  in |    1|   ap_fifo  |                                   res_5_V_V                                  |    pointer   |
|res_5_V_V_write      | out |    1|   ap_fifo  |                                   res_5_V_V                                  |    pointer   |
|res_6_V_V_din        | out |    8|   ap_fifo  |                                   res_6_V_V                                  |    pointer   |
|res_6_V_V_full_n     |  in |    1|   ap_fifo  |                                   res_6_V_V                                  |    pointer   |
|res_6_V_V_write      | out |    1|   ap_fifo  |                                   res_6_V_V                                  |    pointer   |
|res_7_V_V_din        | out |    8|   ap_fifo  |                                   res_7_V_V                                  |    pointer   |
|res_7_V_V_full_n     |  in |    1|   ap_fifo  |                                   res_7_V_V                                  |    pointer   |
|res_7_V_V_write      | out |    1|   ap_fifo  |                                   res_7_V_V                                  |    pointer   |
|res_8_V_V_din        | out |    8|   ap_fifo  |                                   res_8_V_V                                  |    pointer   |
|res_8_V_V_full_n     |  in |    1|   ap_fifo  |                                   res_8_V_V                                  |    pointer   |
|res_8_V_V_write      | out |    1|   ap_fifo  |                                   res_8_V_V                                  |    pointer   |
|res_9_V_V_din        | out |    8|   ap_fifo  |                                   res_9_V_V                                  |    pointer   |
|res_9_V_V_full_n     |  in |    1|   ap_fifo  |                                   res_9_V_V                                  |    pointer   |
|res_9_V_V_write      | out |    1|   ap_fifo  |                                   res_9_V_V                                  |    pointer   |
|res_10_V_V_din       | out |    8|   ap_fifo  |                                  res_10_V_V                                  |    pointer   |
|res_10_V_V_full_n    |  in |    1|   ap_fifo  |                                  res_10_V_V                                  |    pointer   |
|res_10_V_V_write     | out |    1|   ap_fifo  |                                  res_10_V_V                                  |    pointer   |
|res_11_V_V_din       | out |    8|   ap_fifo  |                                  res_11_V_V                                  |    pointer   |
|res_11_V_V_full_n    |  in |    1|   ap_fifo  |                                  res_11_V_V                                  |    pointer   |
|res_11_V_V_write     | out |    1|   ap_fifo  |                                  res_11_V_V                                  |    pointer   |
|res_12_V_V_din       | out |    8|   ap_fifo  |                                  res_12_V_V                                  |    pointer   |
|res_12_V_V_full_n    |  in |    1|   ap_fifo  |                                  res_12_V_V                                  |    pointer   |
|res_12_V_V_write     | out |    1|   ap_fifo  |                                  res_12_V_V                                  |    pointer   |
|res_13_V_V_din       | out |    8|   ap_fifo  |                                  res_13_V_V                                  |    pointer   |
|res_13_V_V_full_n    |  in |    1|   ap_fifo  |                                  res_13_V_V                                  |    pointer   |
|res_13_V_V_write     | out |    1|   ap_fifo  |                                  res_13_V_V                                  |    pointer   |
|res_14_V_V_din       | out |    8|   ap_fifo  |                                  res_14_V_V                                  |    pointer   |
|res_14_V_V_full_n    |  in |    1|   ap_fifo  |                                  res_14_V_V                                  |    pointer   |
|res_14_V_V_write     | out |    1|   ap_fifo  |                                  res_14_V_V                                  |    pointer   |
|res_15_V_V_din       | out |    8|   ap_fifo  |                                  res_15_V_V                                  |    pointer   |
|res_15_V_V_full_n    |  in |    1|   ap_fifo  |                                  res_15_V_V                                  |    pointer   |
|res_15_V_V_write     | out |    1|   ap_fifo  |                                  res_15_V_V                                  |    pointer   |
|res_16_V_V_din       | out |    8|   ap_fifo  |                                  res_16_V_V                                  |    pointer   |
|res_16_V_V_full_n    |  in |    1|   ap_fifo  |                                  res_16_V_V                                  |    pointer   |
|res_16_V_V_write     | out |    1|   ap_fifo  |                                  res_16_V_V                                  |    pointer   |
|res_17_V_V_din       | out |    8|   ap_fifo  |                                  res_17_V_V                                  |    pointer   |
|res_17_V_V_full_n    |  in |    1|   ap_fifo  |                                  res_17_V_V                                  |    pointer   |
|res_17_V_V_write     | out |    1|   ap_fifo  |                                  res_17_V_V                                  |    pointer   |
|res_18_V_V_din       | out |    8|   ap_fifo  |                                  res_18_V_V                                  |    pointer   |
|res_18_V_V_full_n    |  in |    1|   ap_fifo  |                                  res_18_V_V                                  |    pointer   |
|res_18_V_V_write     | out |    1|   ap_fifo  |                                  res_18_V_V                                  |    pointer   |
|res_19_V_V_din       | out |    8|   ap_fifo  |                                  res_19_V_V                                  |    pointer   |
|res_19_V_V_full_n    |  in |    1|   ap_fifo  |                                  res_19_V_V                                  |    pointer   |
|res_19_V_V_write     | out |    1|   ap_fifo  |                                  res_19_V_V                                  |    pointer   |
|res_20_V_V_din       | out |    8|   ap_fifo  |                                  res_20_V_V                                  |    pointer   |
|res_20_V_V_full_n    |  in |    1|   ap_fifo  |                                  res_20_V_V                                  |    pointer   |
|res_20_V_V_write     | out |    1|   ap_fifo  |                                  res_20_V_V                                  |    pointer   |
|res_21_V_V_din       | out |    8|   ap_fifo  |                                  res_21_V_V                                  |    pointer   |
|res_21_V_V_full_n    |  in |    1|   ap_fifo  |                                  res_21_V_V                                  |    pointer   |
|res_21_V_V_write     | out |    1|   ap_fifo  |                                  res_21_V_V                                  |    pointer   |
|res_22_V_V_din       | out |    8|   ap_fifo  |                                  res_22_V_V                                  |    pointer   |
|res_22_V_V_full_n    |  in |    1|   ap_fifo  |                                  res_22_V_V                                  |    pointer   |
|res_22_V_V_write     | out |    1|   ap_fifo  |                                  res_22_V_V                                  |    pointer   |
|res_23_V_V_din       | out |    8|   ap_fifo  |                                  res_23_V_V                                  |    pointer   |
|res_23_V_V_full_n    |  in |    1|   ap_fifo  |                                  res_23_V_V                                  |    pointer   |
|res_23_V_V_write     | out |    1|   ap_fifo  |                                  res_23_V_V                                  |    pointer   |
|res_24_V_V_din       | out |    8|   ap_fifo  |                                  res_24_V_V                                  |    pointer   |
|res_24_V_V_full_n    |  in |    1|   ap_fifo  |                                  res_24_V_V                                  |    pointer   |
|res_24_V_V_write     | out |    1|   ap_fifo  |                                  res_24_V_V                                  |    pointer   |
|res_25_V_V_din       | out |    8|   ap_fifo  |                                  res_25_V_V                                  |    pointer   |
|res_25_V_V_full_n    |  in |    1|   ap_fifo  |                                  res_25_V_V                                  |    pointer   |
|res_25_V_V_write     | out |    1|   ap_fifo  |                                  res_25_V_V                                  |    pointer   |
|res_26_V_V_din       | out |    8|   ap_fifo  |                                  res_26_V_V                                  |    pointer   |
|res_26_V_V_full_n    |  in |    1|   ap_fifo  |                                  res_26_V_V                                  |    pointer   |
|res_26_V_V_write     | out |    1|   ap_fifo  |                                  res_26_V_V                                  |    pointer   |
|res_27_V_V_din       | out |    8|   ap_fifo  |                                  res_27_V_V                                  |    pointer   |
|res_27_V_V_full_n    |  in |    1|   ap_fifo  |                                  res_27_V_V                                  |    pointer   |
|res_27_V_V_write     | out |    1|   ap_fifo  |                                  res_27_V_V                                  |    pointer   |
|res_28_V_V_din       | out |    8|   ap_fifo  |                                  res_28_V_V                                  |    pointer   |
|res_28_V_V_full_n    |  in |    1|   ap_fifo  |                                  res_28_V_V                                  |    pointer   |
|res_28_V_V_write     | out |    1|   ap_fifo  |                                  res_28_V_V                                  |    pointer   |
|res_29_V_V_din       | out |    8|   ap_fifo  |                                  res_29_V_V                                  |    pointer   |
|res_29_V_V_full_n    |  in |    1|   ap_fifo  |                                  res_29_V_V                                  |    pointer   |
|res_29_V_V_write     | out |    1|   ap_fifo  |                                  res_29_V_V                                  |    pointer   |
|res_30_V_V_din       | out |    8|   ap_fifo  |                                  res_30_V_V                                  |    pointer   |
|res_30_V_V_full_n    |  in |    1|   ap_fifo  |                                  res_30_V_V                                  |    pointer   |
|res_30_V_V_write     | out |    1|   ap_fifo  |                                  res_30_V_V                                  |    pointer   |
|res_31_V_V_din       | out |    8|   ap_fifo  |                                  res_31_V_V                                  |    pointer   |
|res_31_V_V_full_n    |  in |    1|   ap_fifo  |                                  res_31_V_V                                  |    pointer   |
|res_31_V_V_write     | out |    1|   ap_fifo  |                                  res_31_V_V                                  |    pointer   |
+---------------------+-----+-----+------------+------------------------------------------------------------------------------+--------------+

