

================================================================
== Vivado HLS Report for 'zeropad2d_cl_switch_ap_fixed_6_2_5_3_0_ap_fixed_6_2_5_3_0_config95_s'
================================================================
* Date:           Fri Jan 27 15:08:20 2023

* Version:        2019.2 (Build 2704478 on Wed Nov 06 22:10:23 MST 2019)
* Project:        alveo_hls4ml
* Solution:       solution
* Product family: virtexuplus
* Target device:  xcu50-fsvh2104-2L-e


================================================================
== Performance Estimates
================================================================
+ Timing: 
    * Summary: 
    +--------+---------+----------+------------+
    |  Clock |  Target | Estimated| Uncertainty|
    +--------+---------+----------+------------+
    |ap_clk  | 4.00 ns | 2.916 ns |   0.90 ns  |
    +--------+---------+----------+------------+

+ Latency: 
    * Summary: 
    +---------+---------+----------+----------+-----+-----+---------+
    |  Latency (cycles) |  Latency (absolute) |  Interval | Pipeline|
    |   min   |   max   |    min   |    max   | min | max |   Type  |
    +---------+---------+----------+----------+-----+-----+---------+
    |      439|      439| 1.756 us | 1.756 us |  439|  439|   none  |
    +---------+---------+----------+----------+-----+-----+---------+

    + Detail: 
        * Instance: 
        N/A

        * Loop: 
        +------------------+---------+---------+----------+-----------+-----------+------+----------+
        |                  |  Latency (cycles) | Iteration|  Initiation Interval  | Trip |          |
        |     Loop Name    |   min   |   max   |  Latency |  achieved |   target  | Count| Pipelined|
        +------------------+---------+---------+----------+-----------+-----------+------+----------+
        |- PadTopWidth     |       15|       15|         1|          -|          -|    15|    no    |
        |- PadMain         |      406|      406|        29|          -|          -|    14|    no    |
        | + CopyMain       |       26|       26|         3|          2|          1|    13|    yes   |
        |- PadBottomWidth  |       15|       15|         1|          -|          -|    15|    no    |
        +------------------+---------+---------+----------+-----------+-----------+------+----------+



================================================================
== Utilization Estimates
================================================================
* Summary: 
+---------------------+---------+-------+---------+--------+-----+
|         Name        | BRAM_18K| DSP48E|    FF   |   LUT  | URAM|
+---------------------+---------+-------+---------+--------+-----+
|DSP                  |        -|      -|        -|       -|    -|
|Expression           |        -|      -|        0|      87|    -|
|FIFO                 |        -|      -|        -|       -|    -|
|Instance             |        -|      -|        -|       -|    -|
|Memory               |        -|      -|        -|       -|    -|
|Multiplexer          |        -|      -|        -|    1169|    -|
|Register             |        -|      -|       37|       -|    -|
+---------------------+---------+-------+---------+--------+-----+
|Total                |        0|      0|       37|    1256|    0|
+---------------------+---------+-------+---------+--------+-----+
|Available SLR        |     1344|   2976|   871680|  435840|  320|
+---------------------+---------+-------+---------+--------+-----+
|Utilization SLR (%)  |        0|      0|    ~0   |   ~0   |    0|
+---------------------+---------+-------+---------+--------+-----+
|Available            |     2688|   5952|  1743360|  871680|  640|
+---------------------+---------+-------+---------+--------+-----+
|Utilization (%)      |        0|      0|    ~0   |   ~0   |    0|
+---------------------+---------+-------+---------+--------+-----+

+ Detail: 
    * Instance: 
    N/A

    * DSP48E: 
    N/A

    * Memory: 
    N/A

    * FIFO: 
    N/A

    * Expression: 
    +----------------------------------+----------+-------+---+----+------------+------------+
    |           Variable Name          | Operation| DSP48E| FF| LUT| Bitwidth P0| Bitwidth P1|
    +----------------------------------+----------+-------+---+----+------------+------------+
    |i_fu_734_p2                       |     +    |      0|  0|   6|           4|           1|
    |j_1_fu_763_p2                     |     +    |      0|  0|   6|           4|           1|
    |j_2_fu_746_p2                     |     +    |      0|  0|   6|           4|           1|
    |j_fu_722_p2                       |     +    |      0|  0|   6|           4|           1|
    |ap_block_pp0_stage0_01001         |    and   |      0|  0|   2|           1|           1|
    |ap_block_pp0_stage1_01001         |    and   |      0|  0|   2|           1|           1|
    |icmp_ln231_fu_716_p2              |   icmp   |      0|  0|   9|           4|           2|
    |icmp_ln236_fu_728_p2              |   icmp   |      0|  0|   9|           4|           3|
    |icmp_ln240_fu_740_p2              |   icmp   |      0|  0|   9|           4|           3|
    |icmp_ln249_fu_757_p2              |   icmp   |      0|  0|   9|           4|           2|
    |ifzero_fu_752_p2                  |   icmp   |      0|  0|   9|           4|           3|
    |ap_block_state1                   |    or    |      0|  0|   2|           1|           1|
    |ap_block_state2                   |    or    |      0|  0|   2|           1|           1|
    |ap_block_state3                   |    or    |      0|  0|   2|           1|           1|
    |ap_block_state5_pp0_stage1_iter0  |    or    |      0|  0|   2|           1|           1|
    |ap_block_state6_pp0_stage0_iter1  |    or    |      0|  0|   2|           1|           1|
    |ap_block_state8                   |    or    |      0|  0|   2|           1|           1|
    |ap_enable_pp0                     |    xor   |      0|  0|   2|           1|           2|
    +----------------------------------+----------+-------+---+----+------------+------------+
    |Total                             |          |      0|  0|  87|          45|          27|
    +----------------------------------+----------+-------+---+----+------------+------------+

    * Multiplexer: 
    +---------------------------------+----+-----------+-----+-----------+
    |               Name              | LUT| Input Size| Bits| Total Bits|
    +---------------------------------+----+-----------+-----+-----------+
    |ap_NS_fsm                        |  41|          8|    1|          8|
    |ap_done                          |   9|          2|    1|          2|
    |ap_enable_reg_pp0_iter1          |   9|          2|    1|          2|
    |ap_phi_mux_j3_0_i_phi_fu_698_p4  |   9|          2|    4|          8|
    |data_0_V_V_blk_n                 |   9|          2|    1|          2|
    |data_10_V_V_blk_n                |   9|          2|    1|          2|
    |data_11_V_V_blk_n                |   9|          2|    1|          2|
    |data_12_V_V_blk_n                |   9|          2|    1|          2|
    |data_13_V_V_blk_n                |   9|          2|    1|          2|
    |data_14_V_V_blk_n                |   9|          2|    1|          2|
    |data_15_V_V_blk_n                |   9|          2|    1|          2|
    |data_16_V_V_blk_n                |   9|          2|    1|          2|
    |data_17_V_V_blk_n                |   9|          2|    1|          2|
    |data_18_V_V_blk_n                |   9|          2|    1|          2|
    |data_19_V_V_blk_n                |   9|          2|    1|          2|
    |data_1_V_V_blk_n                 |   9|          2|    1|          2|
    |data_20_V_V_blk_n                |   9|          2|    1|          2|
    |data_21_V_V_blk_n                |   9|          2|    1|          2|
    |data_22_V_V_blk_n                |   9|          2|    1|          2|
    |data_23_V_V_blk_n                |   9|          2|    1|          2|
    |data_24_V_V_blk_n                |   9|          2|    1|          2|
    |data_25_V_V_blk_n                |   9|          2|    1|          2|
    |data_26_V_V_blk_n                |   9|          2|    1|          2|
    |data_27_V_V_blk_n                |   9|          2|    1|          2|
    |data_28_V_V_blk_n                |   9|          2|    1|          2|
    |data_29_V_V_blk_n                |   9|          2|    1|          2|
    |data_2_V_V_blk_n                 |   9|          2|    1|          2|
    |data_30_V_V_blk_n                |   9|          2|    1|          2|
    |data_31_V_V_blk_n                |   9|          2|    1|          2|
    |data_3_V_V_blk_n                 |   9|          2|    1|          2|
    |data_4_V_V_blk_n                 |   9|          2|    1|          2|
    |data_5_V_V_blk_n                 |   9|          2|    1|          2|
    |data_6_V_V_blk_n                 |   9|          2|    1|          2|
    |data_7_V_V_blk_n                 |   9|          2|    1|          2|
    |data_8_V_V_blk_n                 |   9|          2|    1|          2|
    |data_9_V_V_blk_n                 |   9|          2|    1|          2|
    |i1_0_i_reg_683                   |   9|          2|    4|          8|
    |j3_0_i_reg_694                   |   9|          2|    4|          8|
    |j6_0_i_reg_705                   |   9|          2|    4|          8|
    |j_0_i_reg_672                    |   9|          2|    4|          8|
    |real_start                       |   9|          2|    1|          2|
    |res_0_V_V_blk_n                  |   9|          2|    1|          2|
    |res_0_V_V_din                    |  15|          3|    6|         18|
    |res_10_V_V_blk_n                 |   9|          2|    1|          2|
    |res_10_V_V_din                   |  15|          3|    6|         18|
    |res_11_V_V_blk_n                 |   9|          2|    1|          2|
    |res_11_V_V_din                   |  15|          3|    6|         18|
    |res_12_V_V_blk_n                 |   9|          2|    1|          2|
    |res_12_V_V_din                   |  15|          3|    6|         18|
    |res_13_V_V_blk_n                 |   9|          2|    1|          2|
    |res_13_V_V_din                   |  15|          3|    6|         18|
    |res_14_V_V_blk_n                 |   9|          2|    1|          2|
    |res_14_V_V_din                   |  15|          3|    6|         18|
    |res_15_V_V_blk_n                 |   9|          2|    1|          2|
    |res_15_V_V_din                   |  15|          3|    6|         18|
    |res_16_V_V_blk_n                 |   9|          2|    1|          2|
    |res_16_V_V_din                   |  15|          3|    6|         18|
    |res_17_V_V_blk_n                 |   9|          2|    1|          2|
    |res_17_V_V_din                   |  15|          3|    6|         18|
    |res_18_V_V_blk_n                 |   9|          2|    1|          2|
    |res_18_V_V_din                   |  15|          3|    6|         18|
    |res_19_V_V_blk_n                 |   9|          2|    1|          2|
    |res_19_V_V_din                   |  15|          3|    6|         18|
    |res_1_V_V_blk_n                  |   9|          2|    1|          2|
    |res_1_V_V_din                    |  15|          3|    6|         18|
    |res_20_V_V_blk_n                 |   9|          2|    1|          2|
    |res_20_V_V_din                   |  15|          3|    6|         18|
    |res_21_V_V_blk_n                 |   9|          2|    1|          2|
    |res_21_V_V_din                   |  15|          3|    6|         18|
    |res_22_V_V_blk_n                 |   9|          2|    1|          2|
    |res_22_V_V_din                   |  15|          3|    6|         18|
    |res_23_V_V_blk_n                 |   9|          2|    1|          2|
    |res_23_V_V_din                   |  15|          3|    6|         18|
    |res_24_V_V_blk_n                 |   9|          2|    1|          2|
    |res_24_V_V_din                   |  15|          3|    6|         18|
    |res_25_V_V_blk_n                 |   9|          2|    1|          2|
    |res_25_V_V_din                   |  15|          3|    6|         18|
    |res_26_V_V_blk_n                 |   9|          2|    1|          2|
    |res_26_V_V_din                   |  15|          3|    6|         18|
    |res_27_V_V_blk_n                 |   9|          2|    1|          2|
    |res_27_V_V_din                   |  15|          3|    6|         18|
    |res_28_V_V_blk_n                 |   9|          2|    1|          2|
    |res_28_V_V_din                   |  15|          3|    6|         18|
    |res_29_V_V_blk_n                 |   9|          2|    1|          2|
    |res_29_V_V_din                   |  15|          3|    6|         18|
    |res_2_V_V_blk_n                  |   9|          2|    1|          2|
    |res_2_V_V_din                    |  15|          3|    6|         18|
    |res_30_V_V_blk_n                 |   9|          2|    1|          2|
    |res_30_V_V_din                   |  15|          3|    6|         18|
    |res_31_V_V_blk_n                 |   9|          2|    1|          2|
    |res_31_V_V_din                   |  15|          3|    6|         18|
    |res_3_V_V_blk_n                  |   9|          2|    1|          2|
    |res_3_V_V_din                    |  15|          3|    6|         18|
    |res_4_V_V_blk_n                  |   9|          2|    1|          2|
    |res_4_V_V_din                    |  15|          3|    6|         18|
    |res_5_V_V_blk_n                  |   9|          2|    1|          2|
    |res_5_V_V_din                    |  15|          3|    6|         18|
    |res_6_V_V_blk_n                  |   9|          2|    1|          2|
    |res_6_V_V_din                    |  15|          3|    6|         18|
    |res_7_V_V_blk_n                  |   9|          2|    1|          2|
    |res_7_V_V_din                    |  15|          3|    6|         18|
    |res_8_V_V_blk_n                  |   9|          2|    1|          2|
    |res_8_V_V_din                    |  15|          3|    6|         18|
    |res_9_V_V_blk_n                  |   9|          2|    1|          2|
    |res_9_V_V_din                    |  15|          3|    6|         18|
    +---------------------------------+----+-----------+-----+-----------+
    |Total                            |1169|        248|  280|        758|
    +---------------------------------+----+-----------+-----+-----------+

    * Register: 
    +-------------------------+---+----+-----+-----------+
    |           Name          | FF| LUT| Bits| Const Bits|
    +-------------------------+---+----+-----+-----------+
    |ap_CS_fsm                |  7|   0|    7|          0|
    |ap_done_reg              |  1|   0|    1|          0|
    |ap_enable_reg_pp0_iter0  |  1|   0|    1|          0|
    |ap_enable_reg_pp0_iter1  |  1|   0|    1|          0|
    |i1_0_i_reg_683           |  4|   0|    4|          0|
    |i_reg_781                |  4|   0|    4|          0|
    |icmp_ln240_reg_786       |  1|   0|    1|          0|
    |ifzero_reg_796           |  1|   0|    1|          0|
    |j3_0_i_reg_694           |  4|   0|    4|          0|
    |j6_0_i_reg_705           |  4|   0|    4|          0|
    |j_0_i_reg_672            |  4|   0|    4|          0|
    |j_2_reg_790              |  4|   0|    4|          0|
    |start_once_reg           |  1|   0|    1|          0|
    +-------------------------+---+----+-----+-----------+
    |Total                    | 37|   0|   37|          0|
    +-------------------------+---+----+-----+-----------+



================================================================
== Interface
================================================================
* Summary: 
+---------------------+-----+-----+------------+---------------------------------------------------------------------------------+--------------+
|      RTL Ports      | Dir | Bits|  Protocol  |                                  Source Object                                  |    C Type    |
+---------------------+-----+-----+------------+---------------------------------------------------------------------------------+--------------+
|ap_clk               |  in |    1| ap_ctrl_hs | zeropad2d_cl_switch<ap_fixed<6, 2, 5, 3, 0>, ap_fixed<6, 2, 5, 3, 0>, config95> | return value |
|ap_rst               |  in |    1| ap_ctrl_hs | zeropad2d_cl_switch<ap_fixed<6, 2, 5, 3, 0>, ap_fixed<6, 2, 5, 3, 0>, config95> | return value |
|ap_start             |  in |    1| ap_ctrl_hs | zeropad2d_cl_switch<ap_fixed<6, 2, 5, 3, 0>, ap_fixed<6, 2, 5, 3, 0>, config95> | return value |
|start_full_n         |  in |    1| ap_ctrl_hs | zeropad2d_cl_switch<ap_fixed<6, 2, 5, 3, 0>, ap_fixed<6, 2, 5, 3, 0>, config95> | return value |
|ap_done              | out |    1| ap_ctrl_hs | zeropad2d_cl_switch<ap_fixed<6, 2, 5, 3, 0>, ap_fixed<6, 2, 5, 3, 0>, config95> | return value |
|ap_continue          |  in |    1| ap_ctrl_hs | zeropad2d_cl_switch<ap_fixed<6, 2, 5, 3, 0>, ap_fixed<6, 2, 5, 3, 0>, config95> | return value |
|ap_idle              | out |    1| ap_ctrl_hs | zeropad2d_cl_switch<ap_fixed<6, 2, 5, 3, 0>, ap_fixed<6, 2, 5, 3, 0>, config95> | return value |
|ap_ready             | out |    1| ap_ctrl_hs | zeropad2d_cl_switch<ap_fixed<6, 2, 5, 3, 0>, ap_fixed<6, 2, 5, 3, 0>, config95> | return value |
|start_out            | out |    1| ap_ctrl_hs | zeropad2d_cl_switch<ap_fixed<6, 2, 5, 3, 0>, ap_fixed<6, 2, 5, 3, 0>, config95> | return value |
|start_write          | out |    1| ap_ctrl_hs | zeropad2d_cl_switch<ap_fixed<6, 2, 5, 3, 0>, ap_fixed<6, 2, 5, 3, 0>, config95> | return value |
|data_0_V_V_dout      |  in |    6|   ap_fifo  |                                    data_0_V_V                                   |    pointer   |
|data_0_V_V_empty_n   |  in |    1|   ap_fifo  |                                    data_0_V_V                                   |    pointer   |
|data_0_V_V_read      | out |    1|   ap_fifo  |                                    data_0_V_V                                   |    pointer   |
|data_1_V_V_dout      |  in |    6|   ap_fifo  |                                    data_1_V_V                                   |    pointer   |
|data_1_V_V_empty_n   |  in |    1|   ap_fifo  |                                    data_1_V_V                                   |    pointer   |
|data_1_V_V_read      | out |    1|   ap_fifo  |                                    data_1_V_V                                   |    pointer   |
|data_2_V_V_dout      |  in |    6|   ap_fifo  |                                    data_2_V_V                                   |    pointer   |
|data_2_V_V_empty_n   |  in |    1|   ap_fifo  |                                    data_2_V_V                                   |    pointer   |
|data_2_V_V_read      | out |    1|   ap_fifo  |                                    data_2_V_V                                   |    pointer   |
|data_3_V_V_dout      |  in |    6|   ap_fifo  |                                    data_3_V_V                                   |    pointer   |
|data_3_V_V_empty_n   |  in |    1|   ap_fifo  |                                    data_3_V_V                                   |    pointer   |
|data_3_V_V_read      | out |    1|   ap_fifo  |                                    data_3_V_V                                   |    pointer   |
|data_4_V_V_dout      |  in |    6|   ap_fifo  |                                    data_4_V_V                                   |    pointer   |
|data_4_V_V_empty_n   |  in |    1|   ap_fifo  |                                    data_4_V_V                                   |    pointer   |
|data_4_V_V_read      | out |    1|   ap_fifo  |                                    data_4_V_V                                   |    pointer   |
|data_5_V_V_dout      |  in |    6|   ap_fifo  |                                    data_5_V_V                                   |    pointer   |
|data_5_V_V_empty_n   |  in |    1|   ap_fifo  |                                    data_5_V_V                                   |    pointer   |
|data_5_V_V_read      | out |    1|   ap_fifo  |                                    data_5_V_V                                   |    pointer   |
|data_6_V_V_dout      |  in |    6|   ap_fifo  |                                    data_6_V_V                                   |    pointer   |
|data_6_V_V_empty_n   |  in |    1|   ap_fifo  |                                    data_6_V_V                                   |    pointer   |
|data_6_V_V_read      | out |    1|   ap_fifo  |                                    data_6_V_V                                   |    pointer   |
|data_7_V_V_dout      |  in |    6|   ap_fifo  |                                    data_7_V_V                                   |    pointer   |
|data_7_V_V_empty_n   |  in |    1|   ap_fifo  |                                    data_7_V_V                                   |    pointer   |
|data_7_V_V_read      | out |    1|   ap_fifo  |                                    data_7_V_V                                   |    pointer   |
|data_8_V_V_dout      |  in |    6|   ap_fifo  |                                    data_8_V_V                                   |    pointer   |
|data_8_V_V_empty_n   |  in |    1|   ap_fifo  |                                    data_8_V_V                                   |    pointer   |
|data_8_V_V_read      | out |    1|   ap_fifo  |                                    data_8_V_V                                   |    pointer   |
|data_9_V_V_dout      |  in |    6|   ap_fifo  |                                    data_9_V_V                                   |    pointer   |
|data_9_V_V_empty_n   |  in |    1|   ap_fifo  |                                    data_9_V_V                                   |    pointer   |
|data_9_V_V_read      | out |    1|   ap_fifo  |                                    data_9_V_V                                   |    pointer   |
|data_10_V_V_dout     |  in |    6|   ap_fifo  |                                   data_10_V_V                                   |    pointer   |
|data_10_V_V_empty_n  |  in |    1|   ap_fifo  |                                   data_10_V_V                                   |    pointer   |
|data_10_V_V_read     | out |    1|   ap_fifo  |                                   data_10_V_V                                   |    pointer   |
|data_11_V_V_dout     |  in |    6|   ap_fifo  |                                   data_11_V_V                                   |    pointer   |
|data_11_V_V_empty_n  |  in |    1|   ap_fifo  |                                   data_11_V_V                                   |    pointer   |
|data_11_V_V_read     | out |    1|   ap_fifo  |                                   data_11_V_V                                   |    pointer   |
|data_12_V_V_dout     |  in |    6|   ap_fifo  |                                   data_12_V_V                                   |    pointer   |
|data_12_V_V_empty_n  |  in |    1|   ap_fifo  |                                   data_12_V_V                                   |    pointer   |
|data_12_V_V_read     | out |    1|   ap_fifo  |                                   data_12_V_V                                   |    pointer   |
|data_13_V_V_dout     |  in |    6|   ap_fifo  |                                   data_13_V_V                                   |    pointer   |
|data_13_V_V_empty_n  |  in |    1|   ap_fifo  |                                   data_13_V_V                                   |    pointer   |
|data_13_V_V_read     | out |    1|   ap_fifo  |                                   data_13_V_V                                   |    pointer   |
|data_14_V_V_dout     |  in |    6|   ap_fifo  |                                   data_14_V_V                                   |    pointer   |
|data_14_V_V_empty_n  |  in |    1|   ap_fifo  |                                   data_14_V_V                                   |    pointer   |
|data_14_V_V_read     | out |    1|   ap_fifo  |                                   data_14_V_V                                   |    pointer   |
|data_15_V_V_dout     |  in |    6|   ap_fifo  |                                   data_15_V_V                                   |    pointer   |
|data_15_V_V_empty_n  |  in |    1|   ap_fifo  |                                   data_15_V_V                                   |    pointer   |
|data_15_V_V_read     | out |    1|   ap_fifo  |                                   data_15_V_V                                   |    pointer   |
|data_16_V_V_dout     |  in |    6|   ap_fifo  |                                   data_16_V_V                                   |    pointer   |
|data_16_V_V_empty_n  |  in |    1|   ap_fifo  |                                   data_16_V_V                                   |    pointer   |
|data_16_V_V_read     | out |    1|   ap_fifo  |                                   data_16_V_V                                   |    pointer   |
|data_17_V_V_dout     |  in |    6|   ap_fifo  |                                   data_17_V_V                                   |    pointer   |
|data_17_V_V_empty_n  |  in |    1|   ap_fifo  |                                   data_17_V_V                                   |    pointer   |
|data_17_V_V_read     | out |    1|   ap_fifo  |                                   data_17_V_V                                   |    pointer   |
|data_18_V_V_dout     |  in |    6|   ap_fifo  |                                   data_18_V_V                                   |    pointer   |
|data_18_V_V_empty_n  |  in |    1|   ap_fifo  |                                   data_18_V_V                                   |    pointer   |
|data_18_V_V_read     | out |    1|   ap_fifo  |                                   data_18_V_V                                   |    pointer   |
|data_19_V_V_dout     |  in |    6|   ap_fifo  |                                   data_19_V_V                                   |    pointer   |
|data_19_V_V_empty_n  |  in |    1|   ap_fifo  |                                   data_19_V_V                                   |    pointer   |
|data_19_V_V_read     | out |    1|   ap_fifo  |                                   data_19_V_V                                   |    pointer   |
|data_20_V_V_dout     |  in |    6|   ap_fifo  |                                   data_20_V_V                                   |    pointer   |
|data_20_V_V_empty_n  |  in |    1|   ap_fifo  |                                   data_20_V_V                                   |    pointer   |
|data_20_V_V_read     | out |    1|   ap_fifo  |                                   data_20_V_V                                   |    pointer   |
|data_21_V_V_dout     |  in |    6|   ap_fifo  |                                   data_21_V_V                                   |    pointer   |
|data_21_V_V_empty_n  |  in |    1|   ap_fifo  |                                   data_21_V_V                                   |    pointer   |
|data_21_V_V_read     | out |    1|   ap_fifo  |                                   data_21_V_V                                   |    pointer   |
|data_22_V_V_dout     |  in |    6|   ap_fifo  |                                   data_22_V_V                                   |    pointer   |
|data_22_V_V_empty_n  |  in |    1|   ap_fifo  |                                   data_22_V_V                                   |    pointer   |
|data_22_V_V_read     | out |    1|   ap_fifo  |                                   data_22_V_V                                   |    pointer   |
|data_23_V_V_dout     |  in |    6|   ap_fifo  |                                   data_23_V_V                                   |    pointer   |
|data_23_V_V_empty_n  |  in |    1|   ap_fifo  |                                   data_23_V_V                                   |    pointer   |
|data_23_V_V_read     | out |    1|   ap_fifo  |                                   data_23_V_V                                   |    pointer   |
|data_24_V_V_dout     |  in |    6|   ap_fifo  |                                   data_24_V_V                                   |    pointer   |
|data_24_V_V_empty_n  |  in |    1|   ap_fifo  |                                   data_24_V_V                                   |    pointer   |
|data_24_V_V_read     | out |    1|   ap_fifo  |                                   data_24_V_V                                   |    pointer   |
|data_25_V_V_dout     |  in |    6|   ap_fifo  |                                   data_25_V_V                                   |    pointer   |
|data_25_V_V_empty_n  |  in |    1|   ap_fifo  |                                   data_25_V_V                                   |    pointer   |
|data_25_V_V_read     | out |    1|   ap_fifo  |                                   data_25_V_V                                   |    pointer   |
|data_26_V_V_dout     |  in |    6|   ap_fifo  |                                   data_26_V_V                                   |    pointer   |
|data_26_V_V_empty_n  |  in |    1|   ap_fifo  |                                   data_26_V_V                                   |    pointer   |
|data_26_V_V_read     | out |    1|   ap_fifo  |                                   data_26_V_V                                   |    pointer   |
|data_27_V_V_dout     |  in |    6|   ap_fifo  |                                   data_27_V_V                                   |    pointer   |
|data_27_V_V_empty_n  |  in |    1|   ap_fifo  |                                   data_27_V_V                                   |    pointer   |
|data_27_V_V_read     | out |    1|   ap_fifo  |                                   data_27_V_V                                   |    pointer   |
|data_28_V_V_dout     |  in |    6|   ap_fifo  |                                   data_28_V_V                                   |    pointer   |
|data_28_V_V_empty_n  |  in |    1|   ap_fifo  |                                   data_28_V_V                                   |    pointer   |
|data_28_V_V_read     | out |    1|   ap_fifo  |                                   data_28_V_V                                   |    pointer   |
|data_29_V_V_dout     |  in |    6|   ap_fifo  |                                   data_29_V_V                                   |    pointer   |
|data_29_V_V_empty_n  |  in |    1|   ap_fifo  |                                   data_29_V_V                                   |    pointer   |
|data_29_V_V_read     | out |    1|   ap_fifo  |                                   data_29_V_V                                   |    pointer   |
|data_30_V_V_dout     |  in |    6|   ap_fifo  |                                   data_30_V_V                                   |    pointer   |
|data_30_V_V_empty_n  |  in |    1|   ap_fifo  |                                   data_30_V_V                                   |    pointer   |
|data_30_V_V_read     | out |    1|   ap_fifo  |                                   data_30_V_V                                   |    pointer   |
|data_31_V_V_dout     |  in |    6|   ap_fifo  |                                   data_31_V_V                                   |    pointer   |
|data_31_V_V_empty_n  |  in |    1|   ap_fifo  |                                   data_31_V_V                                   |    pointer   |
|data_31_V_V_read     | out |    1|   ap_fifo  |                                   data_31_V_V                                   |    pointer   |
|res_0_V_V_din        | out |    6|   ap_fifo  |                                    res_0_V_V                                    |    pointer   |
|res_0_V_V_full_n     |  in |    1|   ap_fifo  |                                    res_0_V_V                                    |    pointer   |
|res_0_V_V_write      | out |    1|   ap_fifo  |                                    res_0_V_V                                    |    pointer   |
|res_1_V_V_din        | out |    6|   ap_fifo  |                                    res_1_V_V                                    |    pointer   |
|res_1_V_V_full_n     |  in |    1|   ap_fifo  |                                    res_1_V_V                                    |    pointer   |
|res_1_V_V_write      | out |    1|   ap_fifo  |                                    res_1_V_V                                    |    pointer   |
|res_2_V_V_din        | out |    6|   ap_fifo  |                                    res_2_V_V                                    |    pointer   |
|res_2_V_V_full_n     |  in |    1|   ap_fifo  |                                    res_2_V_V                                    |    pointer   |
|res_2_V_V_write      | out |    1|   ap_fifo  |                                    res_2_V_V                                    |    pointer   |
|res_3_V_V_din        | out |    6|   ap_fifo  |                                    res_3_V_V                                    |    pointer   |
|res_3_V_V_full_n     |  in |    1|   ap_fifo  |                                    res_3_V_V                                    |    pointer   |
|res_3_V_V_write      | out |    1|   ap_fifo  |                                    res_3_V_V                                    |    pointer   |
|res_4_V_V_din        | out |    6|   ap_fifo  |                                    res_4_V_V                                    |    pointer   |
|res_4_V_V_full_n     |  in |    1|   ap_fifo  |                                    res_4_V_V                                    |    pointer   |
|res_4_V_V_write      | out |    1|   ap_fifo  |                                    res_4_V_V                                    |    pointer   |
|res_5_V_V_din        | out |    6|   ap_fifo  |                                    res_5_V_V                                    |    pointer   |
|res_5_V_V_full_n     |  in |    1|   ap_fifo  |                                    res_5_V_V                                    |    pointer   |
|res_5_V_V_write      | out |    1|   ap_fifo  |                                    res_5_V_V                                    |    pointer   |
|res_6_V_V_din        | out |    6|   ap_fifo  |                                    res_6_V_V                                    |    pointer   |
|res_6_V_V_full_n     |  in |    1|   ap_fifo  |                                    res_6_V_V                                    |    pointer   |
|res_6_V_V_write      | out |    1|   ap_fifo  |                                    res_6_V_V                                    |    pointer   |
|res_7_V_V_din        | out |    6|   ap_fifo  |                                    res_7_V_V                                    |    pointer   |
|res_7_V_V_full_n     |  in |    1|   ap_fifo  |                                    res_7_V_V                                    |    pointer   |
|res_7_V_V_write      | out |    1|   ap_fifo  |                                    res_7_V_V                                    |    pointer   |
|res_8_V_V_din        | out |    6|   ap_fifo  |                                    res_8_V_V                                    |    pointer   |
|res_8_V_V_full_n     |  in |    1|   ap_fifo  |                                    res_8_V_V                                    |    pointer   |
|res_8_V_V_write      | out |    1|   ap_fifo  |                                    res_8_V_V                                    |    pointer   |
|res_9_V_V_din        | out |    6|   ap_fifo  |                                    res_9_V_V                                    |    pointer   |
|res_9_V_V_full_n     |  in |    1|   ap_fifo  |                                    res_9_V_V                                    |    pointer   |
|res_9_V_V_write      | out |    1|   ap_fifo  |                                    res_9_V_V                                    |    pointer   |
|res_10_V_V_din       | out |    6|   ap_fifo  |                                    res_10_V_V                                   |    pointer   |
|res_10_V_V_full_n    |  in |    1|   ap_fifo  |                                    res_10_V_V                                   |    pointer   |
|res_10_V_V_write     | out |    1|   ap_fifo  |                                    res_10_V_V                                   |    pointer   |
|res_11_V_V_din       | out |    6|   ap_fifo  |                                    res_11_V_V                                   |    pointer   |
|res_11_V_V_full_n    |  in |    1|   ap_fifo  |                                    res_11_V_V                                   |    pointer   |
|res_11_V_V_write     | out |    1|   ap_fifo  |                                    res_11_V_V                                   |    pointer   |
|res_12_V_V_din       | out |    6|   ap_fifo  |                                    res_12_V_V                                   |    pointer   |
|res_12_V_V_full_n    |  in |    1|   ap_fifo  |                                    res_12_V_V                                   |    pointer   |
|res_12_V_V_write     | out |    1|   ap_fifo  |                                    res_12_V_V                                   |    pointer   |
|res_13_V_V_din       | out |    6|   ap_fifo  |                                    res_13_V_V                                   |    pointer   |
|res_13_V_V_full_n    |  in |    1|   ap_fifo  |                                    res_13_V_V                                   |    pointer   |
|res_13_V_V_write     | out |    1|   ap_fifo  |                                    res_13_V_V                                   |    pointer   |
|res_14_V_V_din       | out |    6|   ap_fifo  |                                    res_14_V_V                                   |    pointer   |
|res_14_V_V_full_n    |  in |    1|   ap_fifo  |                                    res_14_V_V                                   |    pointer   |
|res_14_V_V_write     | out |    1|   ap_fifo  |                                    res_14_V_V                                   |    pointer   |
|res_15_V_V_din       | out |    6|   ap_fifo  |                                    res_15_V_V                                   |    pointer   |
|res_15_V_V_full_n    |  in |    1|   ap_fifo  |                                    res_15_V_V                                   |    pointer   |
|res_15_V_V_write     | out |    1|   ap_fifo  |                                    res_15_V_V                                   |    pointer   |
|res_16_V_V_din       | out |    6|   ap_fifo  |                                    res_16_V_V                                   |    pointer   |
|res_16_V_V_full_n    |  in |    1|   ap_fifo  |                                    res_16_V_V                                   |    pointer   |
|res_16_V_V_write     | out |    1|   ap_fifo  |                                    res_16_V_V                                   |    pointer   |
|res_17_V_V_din       | out |    6|   ap_fifo  |                                    res_17_V_V                                   |    pointer   |
|res_17_V_V_full_n    |  in |    1|   ap_fifo  |                                    res_17_V_V                                   |    pointer   |
|res_17_V_V_write     | out |    1|   ap_fifo  |                                    res_17_V_V                                   |    pointer   |
|res_18_V_V_din       | out |    6|   ap_fifo  |                                    res_18_V_V                                   |    pointer   |
|res_18_V_V_full_n    |  in |    1|   ap_fifo  |                                    res_18_V_V                                   |    pointer   |
|res_18_V_V_write     | out |    1|   ap_fifo  |                                    res_18_V_V                                   |    pointer   |
|res_19_V_V_din       | out |    6|   ap_fifo  |                                    res_19_V_V                                   |    pointer   |
|res_19_V_V_full_n    |  in |    1|   ap_fifo  |                                    res_19_V_V                                   |    pointer   |
|res_19_V_V_write     | out |    1|   ap_fifo  |                                    res_19_V_V                                   |    pointer   |
|res_20_V_V_din       | out |    6|   ap_fifo  |                                    res_20_V_V                                   |    pointer   |
|res_20_V_V_full_n    |  in |    1|   ap_fifo  |                                    res_20_V_V                                   |    pointer   |
|res_20_V_V_write     | out |    1|   ap_fifo  |                                    res_20_V_V                                   |    pointer   |
|res_21_V_V_din       | out |    6|   ap_fifo  |                                    res_21_V_V                                   |    pointer   |
|res_21_V_V_full_n    |  in |    1|   ap_fifo  |                                    res_21_V_V                                   |    pointer   |
|res_21_V_V_write     | out |    1|   ap_fifo  |                                    res_21_V_V                                   |    pointer   |
|res_22_V_V_din       | out |    6|   ap_fifo  |                                    res_22_V_V                                   |    pointer   |
|res_22_V_V_full_n    |  in |    1|   ap_fifo  |                                    res_22_V_V                                   |    pointer   |
|res_22_V_V_write     | out |    1|   ap_fifo  |                                    res_22_V_V                                   |    pointer   |
|res_23_V_V_din       | out |    6|   ap_fifo  |                                    res_23_V_V                                   |    pointer   |
|res_23_V_V_full_n    |  in |    1|   ap_fifo  |                                    res_23_V_V                                   |    pointer   |
|res_23_V_V_write     | out |    1|   ap_fifo  |                                    res_23_V_V                                   |    pointer   |
|res_24_V_V_din       | out |    6|   ap_fifo  |                                    res_24_V_V                                   |    pointer   |
|res_24_V_V_full_n    |  in |    1|   ap_fifo  |                                    res_24_V_V                                   |    pointer   |
|res_24_V_V_write     | out |    1|   ap_fifo  |                                    res_24_V_V                                   |    pointer   |
|res_25_V_V_din       | out |    6|   ap_fifo  |                                    res_25_V_V                                   |    pointer   |
|res_25_V_V_full_n    |  in |    1|   ap_fifo  |                                    res_25_V_V                                   |    pointer   |
|res_25_V_V_write     | out |    1|   ap_fifo  |                                    res_25_V_V                                   |    pointer   |
|res_26_V_V_din       | out |    6|   ap_fifo  |                                    res_26_V_V                                   |    pointer   |
|res_26_V_V_full_n    |  in |    1|   ap_fifo  |                                    res_26_V_V                                   |    pointer   |
|res_26_V_V_write     | out |    1|   ap_fifo  |                                    res_26_V_V                                   |    pointer   |
|res_27_V_V_din       | out |    6|   ap_fifo  |                                    res_27_V_V                                   |    pointer   |
|res_27_V_V_full_n    |  in |    1|   ap_fifo  |                                    res_27_V_V                                   |    pointer   |
|res_27_V_V_write     | out |    1|   ap_fifo  |                                    res_27_V_V                                   |    pointer   |
|res_28_V_V_din       | out |    6|   ap_fifo  |                                    res_28_V_V                                   |    pointer   |
|res_28_V_V_full_n    |  in |    1|   ap_fifo  |                                    res_28_V_V                                   |    pointer   |
|res_28_V_V_write     | out |    1|   ap_fifo  |                                    res_28_V_V                                   |    pointer   |
|res_29_V_V_din       | out |    6|   ap_fifo  |                                    res_29_V_V                                   |    pointer   |
|res_29_V_V_full_n    |  in |    1|   ap_fifo  |                                    res_29_V_V                                   |    pointer   |
|res_29_V_V_write     | out |    1|   ap_fifo  |                                    res_29_V_V                                   |    pointer   |
|res_30_V_V_din       | out |    6|   ap_fifo  |                                    res_30_V_V                                   |    pointer   |
|res_30_V_V_full_n    |  in |    1|   ap_fifo  |                                    res_30_V_V                                   |    pointer   |
|res_30_V_V_write     | out |    1|   ap_fifo  |                                    res_30_V_V                                   |    pointer   |
|res_31_V_V_din       | out |    6|   ap_fifo  |                                    res_31_V_V                                   |    pointer   |
|res_31_V_V_full_n    |  in |    1|   ap_fifo  |                                    res_31_V_V                                   |    pointer   |
|res_31_V_V_write     | out |    1|   ap_fifo  |                                    res_31_V_V                                   |    pointer   |
+---------------------+-----+-----+------------+---------------------------------------------------------------------------------+--------------+

