

================================================================
== Vivado HLS Report for 'zeropad2d_cl_single_ap_fixed_8_2_5_3_0_ap_fixed_8_2_5_3_0_config97_s'
================================================================
* Date:           Fri Feb  3 02:10:52 2023

* Version:        2019.2 (Build 2704478 on Wed Nov 06 22:10:23 MST 2019)
* Project:        alveo_hls4ml
* Solution:       solution
* Product family: virtexuplus
* Target device:  xcu50-fsvh2104-2L-e


================================================================
== Performance Estimates
================================================================
+ Timing: 
    * Summary: 
    +--------+---------+----------+------------+
    |  Clock |  Target | Estimated| Uncertainty|
    +--------+---------+----------+------------+
    |ap_clk  | 4.00 ns | 2.916 ns |   0.90 ns  |
    +--------+---------+----------+------------+

+ Latency: 
    * Summary: 
    +---------+---------+-----------+-----------+------+------+---------+
    |  Latency (cycles) |   Latency (absolute)  |   Interval  | Pipeline|
    |   min   |   max   |    min    |    max    |  min |  max |   Type  |
    +---------+---------+-----------+-----------+------+------+---------+
    |     4662|     4662| 18.648 us | 18.648 us |  4662|  4662|   none  |
    +---------+---------+-----------+-----------+------+------+---------+

    + Detail: 
        * Instance: 
        N/A

        * Loop: 
        +--------------------+---------+---------+----------+-----------+-----------+------+----------+
        |                    |  Latency (cycles) | Iteration|  Initiation Interval  | Trip |          |
        |      Loop Name     |   min   |   max   |  Latency |  achieved |   target  | Count| Pipelined|
        +--------------------+---------+---------+----------+-----------+-----------+------+----------+
        |- PadTopWidth_L     |      512|      512|         2|          1|          1|   512|    yes   |
        |- PadMain           |     3633|     3633|       519|          -|          -|     7|    no    |
        | + PadMain.1        |       64|       64|         2|          1|          1|    64|    yes   |
        | + CopyMain_L       |      384|      384|         2|          1|          1|   384|    yes   |
        | + PadMain.3        |       64|       64|         2|          1|          1|    64|    yes   |
        |- PadBottomWidth_L  |      512|      512|         2|          1|          1|   512|    yes   |
        +--------------------+---------+---------+----------+-----------+-----------+------+----------+



================================================================
== Utilization Estimates
================================================================
* Summary: 
+---------------------+---------+-------+---------+--------+-----+
|         Name        | BRAM_18K| DSP48E|    FF   |   LUT  | URAM|
+---------------------+---------+-------+---------+--------+-----+
|DSP                  |        -|      -|        -|       -|    -|
|Expression           |        -|      -|        0|     159|    -|
|FIFO                 |        -|      -|        -|       -|    -|
|Instance             |        -|      -|        -|       -|    -|
|Memory               |        -|      -|        -|       -|    -|
|Multiplexer          |        -|      -|        -|     236|    -|
|Register             |        -|      -|       78|       -|    -|
+---------------------+---------+-------+---------+--------+-----+
|Total                |        0|      0|       78|     395|    0|
+---------------------+---------+-------+---------+--------+-----+
|Available SLR        |     1344|   2976|   871680|  435840|  320|
+---------------------+---------+-------+---------+--------+-----+
|Utilization SLR (%)  |        0|      0|    ~0   |   ~0   |    0|
+---------------------+---------+-------+---------+--------+-----+
|Available            |     2688|   5952|  1743360|  871680|  640|
+---------------------+---------+-------+---------+--------+-----+
|Utilization (%)      |        0|      0|    ~0   |   ~0   |    0|
+---------------------+---------+-------+---------+--------+-----+

+ Detail: 
    * Instance: 
    N/A

    * DSP48E: 
    N/A

    * Memory: 
    N/A

    * FIFO: 
    N/A

    * Expression: 
    +-----------------------------------+----------+-------+---+----+------------+------------+
    |           Variable Name           | Operation| DSP48E| FF| LUT| Bitwidth P0| Bitwidth P1|
    +-----------------------------------+----------+-------+---+----+------------+------------+
    |add_ln168_fu_175_p2                |     +    |      0|  0|  10|          10|           1|
    |add_ln177_fu_211_p2                |     +    |      0|  0|   9|           9|           1|
    |add_ln186_fu_235_p2                |     +    |      0|  0|  10|          10|           1|
    |c_2_fu_223_p2                      |     +    |      0|  0|   7|           7|           1|
    |c_fu_199_p2                        |     +    |      0|  0|   7|           7|           1|
    |i_fu_187_p2                        |     +    |      0|  0|   4|           3|           1|
    |ap_block_pp0_stage0_01001          |    and   |      0|  0|   2|           1|           1|
    |ap_block_pp1_stage0_01001          |    and   |      0|  0|   2|           1|           1|
    |ap_block_pp2_stage0_01001          |    and   |      0|  0|   2|           1|           1|
    |ap_block_pp3_stage0_01001          |    and   |      0|  0|   2|           1|           1|
    |ap_block_pp4_stage0_01001          |    and   |      0|  0|   2|           1|           1|
    |ap_block_state13_pp3_stage0_iter1  |    and   |      0|  0|   2|           1|           1|
    |ap_block_state16_pp4_stage0_iter1  |    and   |      0|  0|   2|           1|           1|
    |ap_block_state3_pp0_stage0_iter1   |    and   |      0|  0|   2|           1|           1|
    |ap_block_state7_pp1_stage0_iter1   |    and   |      0|  0|   2|           1|           1|
    |icmp_ln168_fu_169_p2               |   icmp   |      0|  0|  13|          10|          11|
    |icmp_ln173_fu_181_p2               |   icmp   |      0|  0|   9|           3|           2|
    |icmp_ln177_fu_205_p2               |   icmp   |      0|  0|  13|           9|           9|
    |icmp_ln186_fu_229_p2               |   icmp   |      0|  0|  13|          10|          11|
    |icmp_ln35_2_fu_217_p2              |   icmp   |      0|  0|  11|           7|           8|
    |icmp_ln35_fu_193_p2                |   icmp   |      0|  0|  11|           7|           8|
    |ap_block_state1                    |    or    |      0|  0|   2|           1|           1|
    |ap_block_state10_pp2_stage0_iter1  |    or    |      0|  0|   2|           1|           1|
    |ap_enable_pp0                      |    xor   |      0|  0|   2|           1|           2|
    |ap_enable_pp1                      |    xor   |      0|  0|   2|           1|           2|
    |ap_enable_pp2                      |    xor   |      0|  0|   2|           1|           2|
    |ap_enable_pp3                      |    xor   |      0|  0|   2|           1|           2|
    |ap_enable_pp4                      |    xor   |      0|  0|   2|           1|           2|
    |ap_enable_reg_pp0_iter1            |    xor   |      0|  0|   2|           2|           1|
    |ap_enable_reg_pp1_iter1            |    xor   |      0|  0|   2|           2|           1|
    |ap_enable_reg_pp2_iter1            |    xor   |      0|  0|   2|           2|           1|
    |ap_enable_reg_pp3_iter1            |    xor   |      0|  0|   2|           2|           1|
    |ap_enable_reg_pp4_iter1            |    xor   |      0|  0|   2|           2|           1|
    +-----------------------------------+----------+-------+---+----+------------+------------+
    |Total                              |          |      0|  0| 159|         118|          81|
    +-----------------------------------+----------+-------+---+----+------------+------------+

    * Multiplexer: 
    +--------------------------+----+-----------+-----+-----------+
    |           Name           | LUT| Input Size| Bits| Total Bits|
    +--------------------------+----+-----------+-----+-----------+
    |ap_NS_fsm                 |  56|         13|    1|         13|
    |ap_done                   |   9|          2|    1|          2|
    |ap_enable_reg_pp0_iter1   |  15|          3|    1|          3|
    |ap_enable_reg_pp1_iter1   |  15|          3|    1|          3|
    |ap_enable_reg_pp2_iter1   |  15|          3|    1|          3|
    |ap_enable_reg_pp3_iter1   |  15|          3|    1|          3|
    |ap_enable_reg_pp4_iter1   |  15|          3|    1|          3|
    |c_0_i22_reg_147           |   9|          2|    7|         14|
    |c_0_i28_reg_125           |   9|          2|    7|         14|
    |data_V_V_blk_n            |   9|          2|    1|          2|
    |i1_0_reg_114              |   9|          2|    3|          6|
    |indvar_flatten11_reg_136  |   9|          2|    9|         18|
    |indvar_flatten23_reg_158  |   9|          2|   10|         20|
    |indvar_flatten_reg_103    |   9|          2|   10|         20|
    |real_start                |   9|          2|    1|          2|
    |res_V_V_blk_n             |   9|          2|    1|          2|
    |res_V_V_din               |  15|          3|    8|         24|
    +--------------------------+----+-----------+-----+-----------+
    |Total                     | 236|         51|   64|        152|
    +--------------------------+----+-----------+-----+-----------+

    * Register: 
    +--------------------------+----+----+-----+-----------+
    |           Name           | FF | LUT| Bits| Const Bits|
    +--------------------------+----+----+-----+-----------+
    |ap_CS_fsm                 |  12|   0|   12|          0|
    |ap_done_reg               |   1|   0|    1|          0|
    |ap_enable_reg_pp0_iter0   |   1|   0|    1|          0|
    |ap_enable_reg_pp0_iter1   |   1|   0|    1|          0|
    |ap_enable_reg_pp1_iter0   |   1|   0|    1|          0|
    |ap_enable_reg_pp1_iter1   |   1|   0|    1|          0|
    |ap_enable_reg_pp2_iter0   |   1|   0|    1|          0|
    |ap_enable_reg_pp2_iter1   |   1|   0|    1|          0|
    |ap_enable_reg_pp3_iter0   |   1|   0|    1|          0|
    |ap_enable_reg_pp3_iter1   |   1|   0|    1|          0|
    |ap_enable_reg_pp4_iter0   |   1|   0|    1|          0|
    |ap_enable_reg_pp4_iter1   |   1|   0|    1|          0|
    |c_0_i22_reg_147           |   7|   0|    7|          0|
    |c_0_i28_reg_125           |   7|   0|    7|          0|
    |i1_0_reg_114              |   3|   0|    3|          0|
    |i_reg_254                 |   3|   0|    3|          0|
    |icmp_ln168_reg_241        |   1|   0|    1|          0|
    |icmp_ln177_reg_268        |   1|   0|    1|          0|
    |icmp_ln186_reg_286        |   1|   0|    1|          0|
    |icmp_ln35_2_reg_277       |   1|   0|    1|          0|
    |icmp_ln35_reg_259         |   1|   0|    1|          0|
    |indvar_flatten11_reg_136  |   9|   0|    9|          0|
    |indvar_flatten23_reg_158  |  10|   0|   10|          0|
    |indvar_flatten_reg_103    |  10|   0|   10|          0|
    |start_once_reg            |   1|   0|    1|          0|
    +--------------------------+----+----+-----+-----------+
    |Total                     |  78|   0|   78|          0|
    +--------------------------+----+----+-----+-----------+



================================================================
== Interface
================================================================
* Summary: 
+------------------+-----+-----+------------+---------------------------------------------------------------------------------+--------------+
|     RTL Ports    | Dir | Bits|  Protocol  |                                  Source Object                                  |    C Type    |
+------------------+-----+-----+------------+---------------------------------------------------------------------------------+--------------+
|ap_clk            |  in |    1| ap_ctrl_hs | zeropad2d_cl_single<ap_fixed<8, 2, 5, 3, 0>, ap_fixed<8, 2, 5, 3, 0>, config97> | return value |
|ap_rst            |  in |    1| ap_ctrl_hs | zeropad2d_cl_single<ap_fixed<8, 2, 5, 3, 0>, ap_fixed<8, 2, 5, 3, 0>, config97> | return value |
|ap_start          |  in |    1| ap_ctrl_hs | zeropad2d_cl_single<ap_fixed<8, 2, 5, 3, 0>, ap_fixed<8, 2, 5, 3, 0>, config97> | return value |
|start_full_n      |  in |    1| ap_ctrl_hs | zeropad2d_cl_single<ap_fixed<8, 2, 5, 3, 0>, ap_fixed<8, 2, 5, 3, 0>, config97> | return value |
|ap_done           | out |    1| ap_ctrl_hs | zeropad2d_cl_single<ap_fixed<8, 2, 5, 3, 0>, ap_fixed<8, 2, 5, 3, 0>, config97> | return value |
|ap_continue       |  in |    1| ap_ctrl_hs | zeropad2d_cl_single<ap_fixed<8, 2, 5, 3, 0>, ap_fixed<8, 2, 5, 3, 0>, config97> | return value |
|ap_idle           | out |    1| ap_ctrl_hs | zeropad2d_cl_single<ap_fixed<8, 2, 5, 3, 0>, ap_fixed<8, 2, 5, 3, 0>, config97> | return value |
|ap_ready          | out |    1| ap_ctrl_hs | zeropad2d_cl_single<ap_fixed<8, 2, 5, 3, 0>, ap_fixed<8, 2, 5, 3, 0>, config97> | return value |
|start_out         | out |    1| ap_ctrl_hs | zeropad2d_cl_single<ap_fixed<8, 2, 5, 3, 0>, ap_fixed<8, 2, 5, 3, 0>, config97> | return value |
|start_write       | out |    1| ap_ctrl_hs | zeropad2d_cl_single<ap_fixed<8, 2, 5, 3, 0>, ap_fixed<8, 2, 5, 3, 0>, config97> | return value |
|data_V_V_dout     |  in |    8|   ap_fifo  |                                     data_V_V                                    |    pointer   |
|data_V_V_empty_n  |  in |    1|   ap_fifo  |                                     data_V_V                                    |    pointer   |
|data_V_V_read     | out |    1|   ap_fifo  |                                     data_V_V                                    |    pointer   |
|res_V_V_din       | out |    8|   ap_fifo  |                                     res_V_V                                     |    pointer   |
|res_V_V_full_n    |  in |    1|   ap_fifo  |                                     res_V_V                                     |    pointer   |
|res_V_V_write     | out |    1|   ap_fifo  |                                     res_V_V                                     |    pointer   |
+------------------+-----+-----+------------+---------------------------------------------------------------------------------+--------------+

